running egg_info
writing ../../build/tracking_service/tracking_service.egg-info/PKG-INFO
writing dependency_links to ../../build/tracking_service/tracking_service.egg-info/dependency_links.txt
writing entry points to ../../build/tracking_service/tracking_service.egg-info/entry_points.txt
writing requirements to ../../build/tracking_service/tracking_service.egg-info/requires.txt
writing top-level names to ../../build/tracking_service/tracking_service.egg-info/top_level.txt
reading manifest file '../../build/tracking_service/tracking_service.egg-info/SOURCES.txt'
writing manifest file '../../build/tracking_service/tracking_service.egg-info/SOURCES.txt'
running build
running build_py
copying tracking_service/gripper_tracking.py -> /home/prakt3/praktikum_ws/build/tracking_service/build/lib/tracking_service
copying tracking_service/test_client.py -> /home/prakt3/praktikum_ws/build/tracking_service/build/lib/tracking_service
running install
running install_lib
copying /home/prakt3/praktikum_ws/build/tracking_service/build/lib/tracking_service/gripper_tracking.py -> /home/prakt3/praktikum_ws/install/tracking_service/lib/python3.8/site-packages/tracking_service
copying /home/prakt3/praktikum_ws/build/tracking_service/build/lib/tracking_service/test_client.py -> /home/prakt3/praktikum_ws/install/tracking_service/lib/python3.8/site-packages/tracking_service
byte-compiling /home/prakt3/praktikum_ws/install/tracking_service/lib/python3.8/site-packages/tracking_service/gripper_tracking.py to gripper_tracking.cpython-38.pyc
byte-compiling /home/prakt3/praktikum_ws/install/tracking_service/lib/python3.8/site-packages/tracking_service/test_client.py to test_client.cpython-38.pyc
running install_data
running install_egg_info
removing '/home/prakt3/praktikum_ws/install/tracking_service/lib/python3.8/site-packages/tracking_service-0.0.0-py3.8.egg-info' (and everything under it)
Copying ../../build/tracking_service/tracking_service.egg-info to /home/prakt3/praktikum_ws/install/tracking_service/lib/python3.8/site-packages/tracking_service-0.0.0-py3.8.egg-info
running install_scripts
Installing gripper script to /home/prakt3/praktikum_ws/install/tracking_service/lib/tracking_service
Installing whiteboard script to /home/prakt3/praktikum_ws/install/tracking_service/lib/tracking_service
writing list of installed files to '/home/prakt3/praktikum_ws/build/tracking_service/install.log'
