[1.192s] Invoking command in '/home/prakt3/praktikum_ws/src/tracking_service': PYTHONPATH=/home/prakt3/praktikum_ws/build/tracking_service/prefix_override:/home/prakt3/praktikum_ws/install/tracking_service/lib/python3.8/site-packages:${PYTHONPATH} /usr/bin/python3 setup.py egg_info --egg-base ../../build/tracking_service build --build-base /home/prakt3/praktikum_ws/build/tracking_service/build install --record /home/prakt3/praktikum_ws/build/tracking_service/install.log --single-version-externally-managed
[1.394s] running egg_info
[1.394s] writing ../../build/tracking_service/tracking_service.egg-info/PKG-INFO
[1.394s] writing dependency_links to ../../build/tracking_service/tracking_service.egg-info/dependency_links.txt
[1.394s] writing entry points to ../../build/tracking_service/tracking_service.egg-info/entry_points.txt
[1.394s] writing requirements to ../../build/tracking_service/tracking_service.egg-info/requires.txt
[1.394s] writing top-level names to ../../build/tracking_service/tracking_service.egg-info/top_level.txt
[1.416s] reading manifest file '../../build/tracking_service/tracking_service.egg-info/SOURCES.txt'
[1.416s] writing manifest file '../../build/tracking_service/tracking_service.egg-info/SOURCES.txt'
[1.416s] running build
[1.416s] running build_py
[1.416s] copying tracking_service/gripper_tracking.py -> /home/prakt3/praktikum_ws/build/tracking_service/build/lib/tracking_service
[1.417s] copying tracking_service/test_client.py -> /home/prakt3/praktikum_ws/build/tracking_service/build/lib/tracking_service
[1.417s] running install
[1.417s] running install_lib
[1.418s] copying /home/prakt3/praktikum_ws/build/tracking_service/build/lib/tracking_service/gripper_tracking.py -> /home/prakt3/praktikum_ws/install/tracking_service/lib/python3.8/site-packages/tracking_service
[1.418s] copying /home/prakt3/praktikum_ws/build/tracking_service/build/lib/tracking_service/test_client.py -> /home/prakt3/praktikum_ws/install/tracking_service/lib/python3.8/site-packages/tracking_service
[1.418s] byte-compiling /home/prakt3/praktikum_ws/install/tracking_service/lib/python3.8/site-packages/tracking_service/gripper_tracking.py to gripper_tracking.cpython-38.pyc
[1.419s] byte-compiling /home/prakt3/praktikum_ws/install/tracking_service/lib/python3.8/site-packages/tracking_service/test_client.py to test_client.cpython-38.pyc
[1.419s] running install_data
[1.420s] running install_egg_info
[1.420s] removing '/home/prakt3/praktikum_ws/install/tracking_service/lib/python3.8/site-packages/tracking_service-0.0.0-py3.8.egg-info' (and everything under it)
[1.421s] Copying ../../build/tracking_service/tracking_service.egg-info to /home/prakt3/praktikum_ws/install/tracking_service/lib/python3.8/site-packages/tracking_service-0.0.0-py3.8.egg-info
[1.421s] running install_scripts
[1.431s] Installing gripper script to /home/prakt3/praktikum_ws/install/tracking_service/lib/tracking_service
[1.431s] Installing whiteboard script to /home/prakt3/praktikum_ws/install/tracking_service/lib/tracking_service
[1.432s] writing list of installed files to '/home/prakt3/praktikum_ws/build/tracking_service/install.log'
[1.497s] Invoked command in '/home/prakt3/praktikum_ws/src/tracking_service' returned '0': PYTHONPATH=/home/prakt3/praktikum_ws/build/tracking_service/prefix_override:/home/prakt3/praktikum_ws/install/tracking_service/lib/python3.8/site-packages:${PYTHONPATH} /usr/bin/python3 setup.py egg_info --egg-base ../../build/tracking_service build --build-base /home/prakt3/praktikum_ws/build/tracking_service/build install --record /home/prakt3/praktikum_ws/build/tracking_service/install.log --single-version-externally-managed
