running egg_info
creating ../../build/move_it_service_python/move_it_service_python.egg-info
writing ../../build/move_it_service_python/move_it_service_python.egg-info/PKG-INFO
writing dependency_links to ../../build/move_it_service_python/move_it_service_python.egg-info/dependency_links.txt
writing entry points to ../../build/move_it_service_python/move_it_service_python.egg-info/entry_points.txt
writing requirements to ../../build/move_it_service_python/move_it_service_python.egg-info/requires.txt
writing top-level names to ../../build/move_it_service_python/move_it_service_python.egg-info/top_level.txt
writing manifest file '../../build/move_it_service_python/move_it_service_python.egg-info/SOURCES.txt'
reading manifest file '../../build/move_it_service_python/move_it_service_python.egg-info/SOURCES.txt'
writing manifest file '../../build/move_it_service_python/move_it_service_python.egg-info/SOURCES.txt'
running build
running build_py
creating /home/prakt3/praktikum_ws/build/move_it_service_python/build
creating /home/prakt3/praktikum_ws/build/move_it_service_python/build/lib
creating /home/prakt3/praktikum_ws/build/move_it_service_python/build/lib/move_it_service_python
copying move_it_service_python/ex_pose_goal_ur.py -> /home/prakt3/praktikum_ws/build/move_it_service_python/build/lib/move_it_service_python
copying move_it_service_python/__init__.py -> /home/prakt3/praktikum_ws/build/move_it_service_python/build/lib/move_it_service_python
copying move_it_service_python/move_it_service.py -> /home/prakt3/praktikum_ws/build/move_it_service_python/build/lib/move_it_service_python
running install
running install_lib
creating /home/prakt3/praktikum_ws/install/move_it_service_python/lib/python3.8/site-packages/move_it_service_python
copying /home/prakt3/praktikum_ws/build/move_it_service_python/build/lib/move_it_service_python/ex_pose_goal_ur.py -> /home/prakt3/praktikum_ws/install/move_it_service_python/lib/python3.8/site-packages/move_it_service_python
copying /home/prakt3/praktikum_ws/build/move_it_service_python/build/lib/move_it_service_python/__init__.py -> /home/prakt3/praktikum_ws/install/move_it_service_python/lib/python3.8/site-packages/move_it_service_python
copying /home/prakt3/praktikum_ws/build/move_it_service_python/build/lib/move_it_service_python/move_it_service.py -> /home/prakt3/praktikum_ws/install/move_it_service_python/lib/python3.8/site-packages/move_it_service_python
byte-compiling /home/prakt3/praktikum_ws/install/move_it_service_python/lib/python3.8/site-packages/move_it_service_python/ex_pose_goal_ur.py to ex_pose_goal_ur.cpython-38.pyc
byte-compiling /home/prakt3/praktikum_ws/install/move_it_service_python/lib/python3.8/site-packages/move_it_service_python/__init__.py to __init__.cpython-38.pyc
byte-compiling /home/prakt3/praktikum_ws/install/move_it_service_python/lib/python3.8/site-packages/move_it_service_python/move_it_service.py to move_it_service.cpython-38.pyc
running install_data
creating /home/prakt3/praktikum_ws/install/move_it_service_python/share/ament_index
creating /home/prakt3/praktikum_ws/install/move_it_service_python/share/ament_index/resource_index
creating /home/prakt3/praktikum_ws/install/move_it_service_python/share/ament_index/resource_index/packages
copying resource/move_it_service_python -> /home/prakt3/praktikum_ws/install/move_it_service_python/share/ament_index/resource_index/packages
copying package.xml -> /home/prakt3/praktikum_ws/install/move_it_service_python/share/move_it_service_python
running install_egg_info
Copying ../../build/move_it_service_python/move_it_service_python.egg-info to /home/prakt3/praktikum_ws/install/move_it_service_python/lib/python3.8/site-packages/move_it_service_python-0.0.0-py3.8.egg-info
running install_scripts
Installing ralf script to /home/prakt3/praktikum_ws/install/move_it_service_python/lib/move_it_service_python
Installing service script to /home/prakt3/praktikum_ws/install/move_it_service_python/lib/move_it_service_python
Installing spirale script to /home/prakt3/praktikum_ws/install/move_it_service_python/lib/move_it_service_python
writing list of installed files to '/home/prakt3/praktikum_ws/build/move_it_service_python/install.log'
