[0.127s] Invoking command in '/home/prakt3/praktikum_ws/build/moveit_resources_panda_moveit_config': AMENT_PREFIX_PATH=/home/prakt3/praktikum_ws/install/moveit_resources_panda_description:${AMENT_PREFIX_PATH} CMAKE_PREFIX_PATH=/home/prakt3/praktikum_ws/install/moveit_resources_panda_description:/opt/ros/galactic /usr/bin/cmake --build /home/prakt3/praktikum_ws/build/moveit_resources_panda_moveit_config -- -j12 -l12
[0.295s] Invoked command in '/home/prakt3/praktikum_ws/build/moveit_resources_panda_moveit_config' returned '0': AMENT_PREFIX_PATH=/home/prakt3/praktikum_ws/install/moveit_resources_panda_description:${AMENT_PREFIX_PATH} CMAKE_PREFIX_PATH=/home/prakt3/praktikum_ws/install/moveit_resources_panda_description:/opt/ros/galactic /usr/bin/cmake --build /home/prakt3/praktikum_ws/build/moveit_resources_panda_moveit_config -- -j12 -l12
[0.356s] Invoking command in '/home/prakt3/praktikum_ws/build/moveit_resources_panda_moveit_config': AMENT_PREFIX_PATH=/home/prakt3/praktikum_ws/install/moveit_resources_panda_description:${AMENT_PREFIX_PATH} CMAKE_PREFIX_PATH=/home/prakt3/praktikum_ws/install/moveit_resources_panda_description:/opt/ros/galactic /usr/bin/cmake --install /home/prakt3/praktikum_ws/build/moveit_resources_panda_moveit_config
[0.590s] -- Install configuration: ""
[0.590s] -- Up-to-date: /home/prakt3/praktikum_ws/install/moveit_resources_panda_moveit_config/share/ament_index/resource_index/package_run_dependencies/moveit_resources_panda_moveit_config
[0.590s] -- Up-to-date: /home/prakt3/praktikum_ws/install/moveit_resources_panda_moveit_config/share/ament_index/resource_index/parent_prefix_path/moveit_resources_panda_moveit_config
[0.590s] -- Up-to-date: /home/prakt3/praktikum_ws/install/moveit_resources_panda_moveit_config/share/moveit_resources_panda_moveit_config/environment/ament_prefix_path.sh
[0.590s] -- Up-to-date: /home/prakt3/praktikum_ws/install/moveit_resources_panda_moveit_config/share/moveit_resources_panda_moveit_config/environment/ament_prefix_path.dsv
[0.590s] -- Up-to-date: /home/prakt3/praktikum_ws/install/moveit_resources_panda_moveit_config/share/moveit_resources_panda_moveit_config/environment/path.sh
[0.590s] -- Up-to-date: /home/prakt3/praktikum_ws/install/moveit_resources_panda_moveit_config/share/moveit_resources_panda_moveit_config/environment/path.dsv
[0.591s] -- Up-to-date: /home/prakt3/praktikum_ws/install/moveit_resources_panda_moveit_config/share/moveit_resources_panda_moveit_config/local_setup.bash
[0.591s] -- Up-to-date: /home/prakt3/praktikum_ws/install/moveit_resources_panda_moveit_config/share/moveit_resources_panda_moveit_config/local_setup.sh
[0.591s] -- Up-to-date: /home/prakt3/praktikum_ws/install/moveit_resources_panda_moveit_config/share/moveit_resources_panda_moveit_config/local_setup.zsh
[0.591s] -- Up-to-date: /home/prakt3/praktikum_ws/install/moveit_resources_panda_moveit_config/share/moveit_resources_panda_moveit_config/local_setup.dsv
[0.591s] -- Installing: /home/prakt3/praktikum_ws/install/moveit_resources_panda_moveit_config/share/moveit_resources_panda_moveit_config/package.dsv
[0.591s] -- Up-to-date: /home/prakt3/praktikum_ws/install/moveit_resources_panda_moveit_config/share/ament_index/resource_index/packages/moveit_resources_panda_moveit_config
[0.591s] -- Up-to-date: /home/prakt3/praktikum_ws/install/moveit_resources_panda_moveit_config/share/moveit_resources_panda_moveit_config/cmake/moveit_resources_panda_moveit_configConfig.cmake
[0.591s] -- Up-to-date: /home/prakt3/praktikum_ws/install/moveit_resources_panda_moveit_config/share/moveit_resources_panda_moveit_config/cmake/moveit_resources_panda_moveit_configConfig-version.cmake
[0.591s] -- Up-to-date: /home/prakt3/praktikum_ws/install/moveit_resources_panda_moveit_config/share/moveit_resources_panda_moveit_config/package.xml
[0.591s] -- Up-to-date: /home/prakt3/praktikum_ws/install/moveit_resources_panda_moveit_config/share/moveit_resources_panda_moveit_config/launch
[0.592s] -- Up-to-date: /home/prakt3/praktikum_ws/install/moveit_resources_panda_moveit_config/share/moveit_resources_panda_moveit_config/launch/panda_moveit.launch
[0.593s] -- Up-to-date: /home/prakt3/praktikum_ws/install/moveit_resources_panda_moveit_config/share/moveit_resources_panda_moveit_config/launch/moveit_rviz.launch.py
[0.593s] -- Up-to-date: /home/prakt3/praktikum_ws/install/moveit_resources_panda_moveit_config/share/moveit_resources_panda_moveit_config/launch/warehouse_settings.launch.xml
[0.593s] -- Up-to-date: /home/prakt3/praktikum_ws/install/moveit_resources_panda_moveit_config/share/moveit_resources_panda_moveit_config/launch/run_benchmark_ompl.launch
[0.593s] -- Up-to-date: /home/prakt3/praktikum_ws/install/moveit_resources_panda_moveit_config/share/moveit_resources_panda_moveit_config/launch/joystick_control.launch
[0.593s] -- Up-to-date: /home/prakt3/praktikum_ws/install/moveit_resources_panda_moveit_config/share/moveit_resources_panda_moveit_config/launch/demo_chomp.launch
[0.593s] -- Up-to-date: /home/prakt3/praktikum_ws/install/moveit_resources_panda_moveit_config/share/moveit_resources_panda_moveit_config/launch/moveit.rviz
[0.593s] -- Up-to-date: /home/prakt3/praktikum_ws/install/moveit_resources_panda_moveit_config/share/moveit_resources_panda_moveit_config/launch/demo.launch.py
[0.593s] -- Up-to-date: /home/prakt3/praktikum_ws/install/moveit_resources_panda_moveit_config/share/moveit_resources_panda_moveit_config/launch/moveit_empty.rviz
[0.594s] -- Up-to-date: /home/prakt3/praktikum_ws/install/moveit_resources_panda_moveit_config/share/moveit_resources_panda_moveit_config/launch/warehouse.launch
[0.594s] -- Up-to-date: /home/prakt3/praktikum_ws/install/moveit_resources_panda_moveit_config/share/moveit_resources_panda_moveit_config/launch/panda_moveit_sensor_manager.launch.xml
[0.594s] -- Up-to-date: /home/prakt3/praktikum_ws/install/moveit_resources_panda_moveit_config/share/moveit_resources_panda_moveit_config/launch/run_benchmark_trajopt.launch
[0.594s] -- Up-to-date: /home/prakt3/praktikum_ws/install/moveit_resources_panda_moveit_config/share/moveit_resources_panda_moveit_config/launch/test_environment.launch
[0.594s] -- Up-to-date: /home/prakt3/praktikum_ws/install/moveit_resources_panda_moveit_config/share/moveit_resources_panda_moveit_config/launch/move_group.launch
[0.594s] -- Up-to-date: /home/prakt3/praktikum_ws/install/moveit_resources_panda_moveit_config/share/moveit_resources_panda_moveit_config/launch/moveit_rviz.launch
[0.594s] -- Up-to-date: /home/prakt3/praktikum_ws/install/moveit_resources_panda_moveit_config/share/moveit_resources_panda_moveit_config/launch/ompl-chomp_planning_pipeline.launch.xml
[0.594s] -- Up-to-date: /home/prakt3/praktikum_ws/install/moveit_resources_panda_moveit_config/share/moveit_resources_panda_moveit_config/launch/sensor_manager.launch.xml
[0.594s] -- Up-to-date: /home/prakt3/praktikum_ws/install/moveit_resources_panda_moveit_config/share/moveit_resources_panda_moveit_config/launch/default_warehouse_db.launch
[0.594s] -- Up-to-date: /home/prakt3/praktikum_ws/install/moveit_resources_panda_moveit_config/share/moveit_resources_panda_moveit_config/config
[0.594s] -- Up-to-date: /home/prakt3/praktikum_ws/install/moveit_resources_panda_moveit_config/share/moveit_resources_panda_moveit_config/config/trajopt_planning.yaml
[0.594s] -- Up-to-date: /home/prakt3/praktikum_ws/install/moveit_resources_panda_moveit_config/share/moveit_resources_panda_moveit_config/config/panda_arm_hand.srdf.xacro
[0.594s] -- Up-to-date: /home/prakt3/praktikum_ws/install/moveit_resources_panda_moveit_config/share/moveit_resources_panda_moveit_config/config/panda.srdf
[0.594s] -- Up-to-date: /home/prakt3/praktikum_ws/install/moveit_resources_panda_moveit_config/share/moveit_resources_panda_moveit_config/config/cartesian_limits.yaml
[0.594s] -- Up-to-date: /home/prakt3/praktikum_ws/install/moveit_resources_panda_moveit_config/share/moveit_resources_panda_moveit_config/config/ompl_planning.yaml
[0.594s] -- Up-to-date: /home/prakt3/praktikum_ws/install/moveit_resources_panda_moveit_config/share/moveit_resources_panda_moveit_config/config/sensors_kinect_depthmap.yaml
[0.594s] -- Up-to-date: /home/prakt3/praktikum_ws/install/moveit_resources_panda_moveit_config/share/moveit_resources_panda_moveit_config/config/initial_positions.yaml
[0.594s] -- Up-to-date: /home/prakt3/praktikum_ws/install/moveit_resources_panda_moveit_config/share/moveit_resources_panda_moveit_config/config/hand.xacro
[0.594s] -- Up-to-date: /home/prakt3/praktikum_ws/install/moveit_resources_panda_moveit_config/share/moveit_resources_panda_moveit_config/config/panda.urdf.xacro
[0.594s] -- Up-to-date: /home/prakt3/praktikum_ws/install/moveit_resources_panda_moveit_config/share/moveit_resources_panda_moveit_config/config/panda_arm.xacro
[0.594s] -- Up-to-date: /home/prakt3/praktikum_ws/install/moveit_resources_panda_moveit_config/share/moveit_resources_panda_moveit_config/config/panda_arm.srdf.xacro
[0.594s] -- Up-to-date: /home/prakt3/praktikum_ws/install/moveit_resources_panda_moveit_config/share/moveit_resources_panda_moveit_config/config/panda.ros2_control.xacro
[0.594s] -- Up-to-date: /home/prakt3/praktikum_ws/install/moveit_resources_panda_moveit_config/share/moveit_resources_panda_moveit_config/config/joint_limits.yaml
[0.594s] -- Up-to-date: /home/prakt3/praktikum_ws/install/moveit_resources_panda_moveit_config/share/moveit_resources_panda_moveit_config/config/lerp_planning.yaml
[0.594s] -- Up-to-date: /home/prakt3/praktikum_ws/install/moveit_resources_panda_moveit_config/share/moveit_resources_panda_moveit_config/config/kinematics.yaml
[0.595s] -- Up-to-date: /home/prakt3/praktikum_ws/install/moveit_resources_panda_moveit_config/share/moveit_resources_panda_moveit_config/config/sensors_kinect_pointcloud.yaml
[0.595s] -- Up-to-date: /home/prakt3/praktikum_ws/install/moveit_resources_panda_moveit_config/share/moveit_resources_panda_moveit_config/config/panda_hand.ros2_control.xacro
[0.595s] -- Up-to-date: /home/prakt3/praktikum_ws/install/moveit_resources_panda_moveit_config/share/moveit_resources_panda_moveit_config/config/chomp_planning.yaml
[0.595s] -- Up-to-date: /home/prakt3/praktikum_ws/install/moveit_resources_panda_moveit_config/share/moveit_resources_panda_moveit_config/config/panda_gripper_controllers.yaml
[0.595s] -- Up-to-date: /home/prakt3/praktikum_ws/install/moveit_resources_panda_moveit_config/share/moveit_resources_panda_moveit_config/config/stomp_planning.yaml
[0.595s] -- Up-to-date: /home/prakt3/praktikum_ws/install/moveit_resources_panda_moveit_config/share/moveit_resources_panda_moveit_config/config/panda_ros_controllers.yaml
[0.595s] -- Up-to-date: /home/prakt3/praktikum_ws/install/moveit_resources_panda_moveit_config/share/moveit_resources_panda_moveit_config/config/fake_controllers.yaml
[0.595s] -- Up-to-date: /home/prakt3/praktikum_ws/install/moveit_resources_panda_moveit_config/share/moveit_resources_panda_moveit_config/config/panda_controllers.yaml
[0.595s] -- Up-to-date: /home/prakt3/praktikum_ws/install/moveit_resources_panda_moveit_config/share/moveit_resources_panda_moveit_config/.setup_assistant
[0.611s] Invoked command in '/home/prakt3/praktikum_ws/build/moveit_resources_panda_moveit_config' returned '0': AMENT_PREFIX_PATH=/home/prakt3/praktikum_ws/install/moveit_resources_panda_description:${AMENT_PREFIX_PATH} CMAKE_PREFIX_PATH=/home/prakt3/praktikum_ws/install/moveit_resources_panda_description:/opt/ros/galactic /usr/bin/cmake --install /home/prakt3/praktikum_ws/build/moveit_resources_panda_moveit_config
