running egg_info
writing ../../build/move_it_service_python/move_it_service_python.egg-info/PKG-INFO
writing dependency_links to ../../build/move_it_service_python/move_it_service_python.egg-info/dependency_links.txt
writing entry points to ../../build/move_it_service_python/move_it_service_python.egg-info/entry_points.txt
writing requirements to ../../build/move_it_service_python/move_it_service_python.egg-info/requires.txt
writing top-level names to ../../build/move_it_service_python/move_it_service_python.egg-info/top_level.txt
reading manifest file '../../build/move_it_service_python/move_it_service_python.egg-info/SOURCES.txt'
writing manifest file '../../build/move_it_service_python/move_it_service_python.egg-info/SOURCES.txt'
running build
running build_py
copying move_it_service_python/add_collision_objetcs.py -> /home/prakt3/praktikum_ws/build/move_it_service_python/build/lib/move_it_service_python
running install
running install_lib
copying /home/prakt3/praktikum_ws/build/move_it_service_python/build/lib/move_it_service_python/add_collision_objetcs.py -> /home/prakt3/praktikum_ws/install/move_it_service_python/lib/python3.8/site-packages/move_it_service_python
byte-compiling /home/prakt3/praktikum_ws/install/move_it_service_python/lib/python3.8/site-packages/move_it_service_python/add_collision_objetcs.py to add_collision_objetcs.cpython-38.pyc
running install_data
running install_egg_info
removing '/home/prakt3/praktikum_ws/install/move_it_service_python/lib/python3.8/site-packages/move_it_service_python-0.0.0-py3.8.egg-info' (and everything under it)
Copying ../../build/move_it_service_python/move_it_service_python.egg-info to /home/prakt3/praktikum_ws/install/move_it_service_python/lib/python3.8/site-packages/move_it_service_python-0.0.0-py3.8.egg-info
running install_scripts
Installing ralf script to /home/prakt3/praktikum_ws/install/move_it_service_python/lib/move_it_service_python
Installing service script to /home/prakt3/praktikum_ws/install/move_it_service_python/lib/move_it_service_python
Installing spirale script to /home/prakt3/praktikum_ws/install/move_it_service_python/lib/move_it_service_python
Installing tf script to /home/prakt3/praktikum_ws/install/move_it_service_python/lib/move_it_service_python
writing list of installed files to '/home/prakt3/praktikum_ws/build/move_it_service_python/install.log'
