/home/prakt3/praktikum_ws/install/tracking_service/lib/python3.8/site-packages/tracking_service/gripper_tracking.py
/home/prakt3/praktikum_ws/install/tracking_service/lib/python3.8/site-packages/tracking_service/whiteboard_tracking.py
/home/prakt3/praktikum_ws/install/tracking_service/lib/python3.8/site-packages/tracking_service/penhold_tracking.py
/home/prakt3/praktikum_ws/install/tracking_service/lib/python3.8/site-packages/tracking_service/test_client.py
/home/prakt3/praktikum_ws/install/tracking_service/lib/python3.8/site-packages/tracking_service/__init__.py
/home/prakt3/praktikum_ws/install/tracking_service/lib/python3.8/site-packages/tracking_service/__pycache__/gripper_tracking.cpython-38.pyc
/home/prakt3/praktikum_ws/install/tracking_service/lib/python3.8/site-packages/tracking_service/__pycache__/whiteboard_tracking.cpython-38.pyc
/home/prakt3/praktikum_ws/install/tracking_service/lib/python3.8/site-packages/tracking_service/__pycache__/penhold_tracking.cpython-38.pyc
/home/prakt3/praktikum_ws/install/tracking_service/lib/python3.8/site-packages/tracking_service/__pycache__/test_client.cpython-38.pyc
/home/prakt3/praktikum_ws/install/tracking_service/lib/python3.8/site-packages/tracking_service/__pycache__/__init__.cpython-38.pyc
/home/prakt3/praktikum_ws/install/tracking_service/share/ament_index/resource_index/packages/tracking_service
/home/prakt3/praktikum_ws/install/tracking_service/share/tracking_service/package.xml
/home/prakt3/praktikum_ws/install/tracking_service/lib/python3.8/site-packages/tracking_service-0.0.0-py3.8.egg-info/PKG-INFO
/home/prakt3/praktikum_ws/install/tracking_service/lib/python3.8/site-packages/tracking_service-0.0.0-py3.8.egg-info/entry_points.txt
/home/prakt3/praktikum_ws/install/tracking_service/lib/python3.8/site-packages/tracking_service-0.0.0-py3.8.egg-info/dependency_links.txt
/home/prakt3/praktikum_ws/install/tracking_service/lib/python3.8/site-packages/tracking_service-0.0.0-py3.8.egg-info/SOURCES.txt
/home/prakt3/praktikum_ws/install/tracking_service/lib/python3.8/site-packages/tracking_service-0.0.0-py3.8.egg-info/top_level.txt
/home/prakt3/praktikum_ws/install/tracking_service/lib/python3.8/site-packages/tracking_service-0.0.0-py3.8.egg-info/requires.txt
/home/prakt3/praktikum_ws/install/tracking_service/lib/python3.8/site-packages/tracking_service-0.0.0-py3.8.egg-info/zip-safe
/home/prakt3/praktikum_ws/install/tracking_service/lib/tracking_service/client
/home/prakt3/praktikum_ws/install/tracking_service/lib/tracking_service/gripper
/home/prakt3/praktikum_ws/install/tracking_service/lib/tracking_service/penhold
/home/prakt3/praktikum_ws/install/tracking_service/lib/tracking_service/whiteboard
