[1.090s] Invoking command in '/home/prakt3/praktikum_ws/src/launch_param_builder': PYTHONPATH=/home/prakt3/praktikum_ws/build/launch_param_builder/prefix_override:/home/prakt3/praktikum_ws/install/launch_param_builder/lib/python3.8/site-packages:${PYTHONPATH} /usr/bin/python3 setup.py egg_info --egg-base ../../build/launch_param_builder build --build-base /home/prakt3/praktikum_ws/build/launch_param_builder/build install --record /home/prakt3/praktikum_ws/build/launch_param_builder/install.log --single-version-externally-managed
[1.253s] running egg_info
[1.254s] writing ../../build/launch_param_builder/launch_param_builder.egg-info/PKG-INFO
[1.254s] writing dependency_links to ../../build/launch_param_builder/launch_param_builder.egg-info/dependency_links.txt
[1.254s] writing entry points to ../../build/launch_param_builder/launch_param_builder.egg-info/entry_points.txt
[1.254s] writing requirements to ../../build/launch_param_builder/launch_param_builder.egg-info/requires.txt
[1.254s] writing top-level names to ../../build/launch_param_builder/launch_param_builder.egg-info/top_level.txt
[1.289s] reading manifest file '../../build/launch_param_builder/launch_param_builder.egg-info/SOURCES.txt'
[1.290s] writing manifest file '../../build/launch_param_builder/launch_param_builder.egg-info/SOURCES.txt'
[1.290s] running build
[1.290s] running build_py
[1.291s] running install
[1.291s] running install_lib
[1.292s] running install_data
[1.293s] running install_egg_info
[1.294s] removing '/home/prakt3/praktikum_ws/install/launch_param_builder/lib/python3.8/site-packages/launch_param_builder-0.1.1-py3.8.egg-info' (and everything under it)
[1.295s] Copying ../../build/launch_param_builder/launch_param_builder.egg-info to /home/prakt3/praktikum_ws/install/launch_param_builder/lib/python3.8/site-packages/launch_param_builder-0.1.1-py3.8.egg-info
[1.295s] running install_scripts
[1.311s] writing list of installed files to '/home/prakt3/praktikum_ws/build/launch_param_builder/install.log'
[1.401s] Invoked command in '/home/prakt3/praktikum_ws/src/launch_param_builder' returned '0': PYTHONPATH=/home/prakt3/praktikum_ws/build/launch_param_builder/prefix_override:/home/prakt3/praktikum_ws/install/launch_param_builder/lib/python3.8/site-packages:${PYTHONPATH} /usr/bin/python3 setup.py egg_info --egg-base ../../build/launch_param_builder build --build-base /home/prakt3/praktikum_ws/build/launch_param_builder/build install --record /home/prakt3/praktikum_ws/build/launch_param_builder/install.log --single-version-externally-managed
