[0.228s] Invoking command in '/home/prakt3/praktikum_ws/build/moveit_visual_tools': AMENT_PREFIX_PATH=/home/prakt3/praktikum_ws/install/rviz_visual_tools:${AMENT_PREFIX_PATH} CMAKE_PREFIX_PATH=/home/prakt3/praktikum_ws/install/rviz_visual_tools:/opt/ros/galactic LD_LIBRARY_PATH=/home/prakt3/praktikum_ws/install/rviz_visual_tools/lib:${LD_LIBRARY_PATH} /usr/bin/cmake --build /home/prakt3/praktikum_ws/build/moveit_visual_tools -- -j12 -l12
[0.304s] [ 66%] Built target moveit_visual_tools
[0.337s] [100%] Built target moveit_visual_tools_demo
[0.619s] Invoked command in '/home/prakt3/praktikum_ws/build/moveit_visual_tools' returned '0': AMENT_PREFIX_PATH=/home/prakt3/praktikum_ws/install/rviz_visual_tools:${AMENT_PREFIX_PATH} CMAKE_PREFIX_PATH=/home/prakt3/praktikum_ws/install/rviz_visual_tools:/opt/ros/galactic LD_LIBRARY_PATH=/home/prakt3/praktikum_ws/install/rviz_visual_tools/lib:${LD_LIBRARY_PATH} /usr/bin/cmake --build /home/prakt3/praktikum_ws/build/moveit_visual_tools -- -j12 -l12
[0.770s] Invoking command in '/home/prakt3/praktikum_ws/build/moveit_visual_tools': AMENT_PREFIX_PATH=/home/prakt3/praktikum_ws/install/rviz_visual_tools:${AMENT_PREFIX_PATH} CMAKE_PREFIX_PATH=/home/prakt3/praktikum_ws/install/rviz_visual_tools:/opt/ros/galactic LD_LIBRARY_PATH=/home/prakt3/praktikum_ws/install/rviz_visual_tools/lib:${LD_LIBRARY_PATH} /usr/bin/cmake --install /home/prakt3/praktikum_ws/build/moveit_visual_tools
[0.779s] -- Install configuration: "Release"
[0.779s] -- Up-to-date: /home/prakt3/praktikum_ws/install/moveit_visual_tools/share/moveit_visual_tools/environment/library_path.sh
[0.780s] -- Up-to-date: /home/prakt3/praktikum_ws/install/moveit_visual_tools/share/moveit_visual_tools/environment/library_path.dsv
[0.780s] -- Up-to-date: /home/prakt3/praktikum_ws/install/moveit_visual_tools/lib/libmoveit_visual_tools.so
[0.780s] -- Up-to-date: /home/prakt3/praktikum_ws/install/moveit_visual_tools/lib/moveit_visual_tools/moveit_visual_tools_demo
[0.780s] -- Up-to-date: /home/prakt3/praktikum_ws/install/moveit_visual_tools/include
[0.780s] -- Up-to-date: /home/prakt3/praktikum_ws/install/moveit_visual_tools/include/moveit_visual_tools
[0.780s] -- Up-to-date: /home/prakt3/praktikum_ws/install/moveit_visual_tools/include/moveit_visual_tools/imarker_robot_state.h
[0.780s] -- Up-to-date: /home/prakt3/praktikum_ws/install/moveit_visual_tools/include/moveit_visual_tools/moveit_visual_tools.h
[0.780s] -- Up-to-date: /home/prakt3/praktikum_ws/install/moveit_visual_tools/include/moveit_visual_tools/imarker_end_effector.h
[0.780s] -- Up-to-date: /home/prakt3/praktikum_ws/install/moveit_visual_tools/share/moveit_visual_tools/launch
[0.780s] -- Up-to-date: /home/prakt3/praktikum_ws/install/moveit_visual_tools/share/moveit_visual_tools/launch/demo_rviz.launch.py
[0.780s] -- Up-to-date: /home/prakt3/praktikum_ws/install/moveit_visual_tools/share/moveit_visual_tools/launch/demo.rviz
[0.780s] -- Up-to-date: /home/prakt3/praktikum_ws/install/moveit_visual_tools/share/moveit_visual_tools/resources
[0.780s] -- Up-to-date: /home/prakt3/praktikum_ws/install/moveit_visual_tools/share/moveit_visual_tools/resources/rrbot.urdf
[0.780s] -- Up-to-date: /home/prakt3/praktikum_ws/install/moveit_visual_tools/share/moveit_visual_tools/resources/rrbot.srdf
[0.780s] -- Up-to-date: /home/prakt3/praktikum_ws/install/moveit_visual_tools/share/moveit_visual_tools/resources/demo_mesh.stl
[0.780s] -- Up-to-date: /home/prakt3/praktikum_ws/install/moveit_visual_tools/share/moveit_visual_tools/resources/screenshot.png
[0.780s] -- Up-to-date: /home/prakt3/praktikum_ws/install/moveit_visual_tools/share/moveit_visual_tools/resources/demo.png
[0.780s] -- Up-to-date: /home/prakt3/praktikum_ws/install/moveit_visual_tools/share/ament_index/resource_index/package_run_dependencies/moveit_visual_tools
[0.780s] -- Up-to-date: /home/prakt3/praktikum_ws/install/moveit_visual_tools/share/ament_index/resource_index/parent_prefix_path/moveit_visual_tools
[0.780s] -- Up-to-date: /home/prakt3/praktikum_ws/install/moveit_visual_tools/share/moveit_visual_tools/environment/ament_prefix_path.sh
[0.781s] -- Up-to-date: /home/prakt3/praktikum_ws/install/moveit_visual_tools/share/moveit_visual_tools/environment/ament_prefix_path.dsv
[0.781s] -- Up-to-date: /home/prakt3/praktikum_ws/install/moveit_visual_tools/share/moveit_visual_tools/environment/path.sh
[0.781s] -- Up-to-date: /home/prakt3/praktikum_ws/install/moveit_visual_tools/share/moveit_visual_tools/environment/path.dsv
[0.781s] -- Up-to-date: /home/prakt3/praktikum_ws/install/moveit_visual_tools/share/moveit_visual_tools/local_setup.bash
[0.781s] -- Up-to-date: /home/prakt3/praktikum_ws/install/moveit_visual_tools/share/moveit_visual_tools/local_setup.sh
[0.781s] -- Up-to-date: /home/prakt3/praktikum_ws/install/moveit_visual_tools/share/moveit_visual_tools/local_setup.zsh
[0.781s] -- Up-to-date: /home/prakt3/praktikum_ws/install/moveit_visual_tools/share/moveit_visual_tools/local_setup.dsv
[0.781s] -- Installing: /home/prakt3/praktikum_ws/install/moveit_visual_tools/share/moveit_visual_tools/package.dsv
[0.781s] -- Up-to-date: /home/prakt3/praktikum_ws/install/moveit_visual_tools/share/ament_index/resource_index/packages/moveit_visual_tools
[0.781s] -- Up-to-date: /home/prakt3/praktikum_ws/install/moveit_visual_tools/share/moveit_visual_tools/cmake/export_moveit_visual_toolsExport.cmake
[0.781s] -- Up-to-date: /home/prakt3/praktikum_ws/install/moveit_visual_tools/share/moveit_visual_tools/cmake/export_moveit_visual_toolsExport-release.cmake
[0.781s] -- Up-to-date: /home/prakt3/praktikum_ws/install/moveit_visual_tools/share/moveit_visual_tools/cmake/ament_cmake_export_targets-extras.cmake
[0.783s] -- Up-to-date: /home/prakt3/praktikum_ws/install/moveit_visual_tools/share/moveit_visual_tools/cmake/ament_cmake_export_dependencies-extras.cmake
[0.783s] -- Up-to-date: /home/prakt3/praktikum_ws/install/moveit_visual_tools/share/moveit_visual_tools/cmake/moveit_visual_toolsConfig.cmake
[0.783s] -- Up-to-date: /home/prakt3/praktikum_ws/install/moveit_visual_tools/share/moveit_visual_tools/cmake/moveit_visual_toolsConfig-version.cmake
[0.783s] -- Up-to-date: /home/prakt3/praktikum_ws/install/moveit_visual_tools/share/moveit_visual_tools/package.xml
[0.800s] Invoked command in '/home/prakt3/praktikum_ws/build/moveit_visual_tools' returned '0': AMENT_PREFIX_PATH=/home/prakt3/praktikum_ws/install/rviz_visual_tools:${AMENT_PREFIX_PATH} CMAKE_PREFIX_PATH=/home/prakt3/praktikum_ws/install/rviz_visual_tools:/opt/ros/galactic LD_LIBRARY_PATH=/home/prakt3/praktikum_ws/install/rviz_visual_tools/lib:${LD_LIBRARY_PATH} /usr/bin/cmake --install /home/prakt3/praktikum_ws/build/moveit_visual_tools
