[0.077s] Invoking command in '/home/prakt3/praktikum_ws/build/interfaces': CMAKE_PREFIX_PATH=${CMAKE_PREFIX_PATH}:/home/prakt3/praktikum_ws/install/trajectory:/home/prakt3/praktikum_ws/install/tracking_service:/home/prakt3/praktikum_ws/install/robprakt:/home/prakt3/praktikum_ws/install/picture_to_points_service:/home/prakt3/praktikum_ws/install/move_it_service_python:/home/prakt3/praktikum_ws/install/move_client:/home/prakt3/praktikum_ws/install/launch_param_builder:/opt/ros/galactic /usr/bin/cmake --build /home/prakt3/praktikum_ws/build/interfaces -- -j12 -l12
[0.756s] [  1%] Built target interfaces__cpp
[0.757s] [ 12%] Built target interfaces__rosidl_generator_c
[0.758s] [ 32%] Built target interfaces__rosidl_typesupport_introspection_cpp
[0.758s] [ 35%] Built target interfaces__rosidl_typesupport_cpp
[0.758s] [ 58%] Built target interfaces__rosidl_typesupport_c
[0.758s] [ 58%] Built target interfaces__rosidl_typesupport_introspection_c
[0.758s] [ 70%] Built target interfaces__rosidl_typesupport_fastrtps_cpp
[0.758s] [ 81%] Built target interfaces__rosidl_typesupport_fastrtps_c
[0.758s] [ 81%] Built target interfaces
[0.758s] [ 82%] Built target interfaces__py
[0.758s] [ 93%] Built target interfaces__python
[0.758s] [ 95%] Built target interfaces__rosidl_typesupport_c__pyext
[0.758s] [ 97%] Built target interfaces__rosidl_typesupport_introspection_c__pyext
[0.758s] [100%] Built target interfaces__rosidl_typesupport_fastrtps_c__pyext
[0.764s] Invoked command in '/home/prakt3/praktikum_ws/build/interfaces' returned '0': CMAKE_PREFIX_PATH=${CMAKE_PREFIX_PATH}:/home/prakt3/praktikum_ws/install/trajectory:/home/prakt3/praktikum_ws/install/tracking_service:/home/prakt3/praktikum_ws/install/robprakt:/home/prakt3/praktikum_ws/install/picture_to_points_service:/home/prakt3/praktikum_ws/install/move_it_service_python:/home/prakt3/praktikum_ws/install/move_client:/home/prakt3/praktikum_ws/install/launch_param_builder:/opt/ros/galactic /usr/bin/cmake --build /home/prakt3/praktikum_ws/build/interfaces -- -j12 -l12
[0.958s] Invoking command in '/home/prakt3/praktikum_ws/build/interfaces': CMAKE_PREFIX_PATH=${CMAKE_PREFIX_PATH}:/home/prakt3/praktikum_ws/install/trajectory:/home/prakt3/praktikum_ws/install/tracking_service:/home/prakt3/praktikum_ws/install/robprakt:/home/prakt3/praktikum_ws/install/picture_to_points_service:/home/prakt3/praktikum_ws/install/move_it_service_python:/home/prakt3/praktikum_ws/install/move_client:/home/prakt3/praktikum_ws/install/launch_param_builder:/opt/ros/galactic /usr/bin/cmake --install /home/prakt3/praktikum_ws/build/interfaces
[0.987s] -- Install configuration: ""
[0.988s] -- Up-to-date: /home/prakt3/praktikum_ws/install/interfaces/share/ament_index/resource_index/rosidl_interfaces/interfaces
[0.988s] -- Up-to-date: /home/prakt3/praktikum_ws/install/interfaces/include/interfaces
[0.988s] -- Up-to-date: /home/prakt3/praktikum_ws/install/interfaces/include/interfaces/srv
[0.988s] -- Up-to-date: /home/prakt3/praktikum_ws/install/interfaces/include/interfaces/srv/picturetopoints.h
[0.988s] -- Up-to-date: /home/prakt3/praktikum_ws/install/interfaces/include/interfaces/srv/move.h
[0.988s] -- Up-to-date: /home/prakt3/praktikum_ws/install/interfaces/include/interfaces/srv/set_ur_io.h
[0.988s] -- Up-to-date: /home/prakt3/praktikum_ws/install/interfaces/include/interfaces/srv/detail
[0.988s] -- Up-to-date: /home/prakt3/praktikum_ws/install/interfaces/include/interfaces/srv/detail/set_ur_io__functions.c
[0.990s] -- Up-to-date: /home/prakt3/praktikum_ws/install/interfaces/include/interfaces/srv/detail/move__type_support.h
[0.992s] -- Up-to-date: /home/prakt3/praktikum_ws/install/interfaces/include/interfaces/srv/detail/set_ur_io__struct.h
[0.993s] -- Up-to-date: /home/prakt3/praktikum_ws/install/interfaces/include/interfaces/srv/detail/set_ur_io__functions.h
[0.993s] -- Up-to-date: /home/prakt3/praktikum_ws/install/interfaces/include/interfaces/srv/detail/picturetopoints__type_support.h
[0.993s] -- Up-to-date: /home/prakt3/praktikum_ws/install/interfaces/include/interfaces/srv/detail/getpose__functions.h
[0.993s] -- Up-to-date: /home/prakt3/praktikum_ws/install/interfaces/include/interfaces/srv/detail/picturetopoints__struct.h
[0.993s] -- Up-to-date: /home/prakt3/praktikum_ws/install/interfaces/include/interfaces/srv/detail/picturetopoints__functions.c
[0.993s] -- Up-to-date: /home/prakt3/praktikum_ws/install/interfaces/include/interfaces/srv/detail/move__functions.h
[0.993s] -- Up-to-date: /home/prakt3/praktikum_ws/install/interfaces/include/interfaces/srv/detail/getpose__struct.h
[0.993s] -- Up-to-date: /home/prakt3/praktikum_ws/install/interfaces/include/interfaces/srv/detail/picturetopoints__functions.h
[0.993s] -- Up-to-date: /home/prakt3/praktikum_ws/install/interfaces/include/interfaces/srv/detail/getpose__functions.c
[0.993s] -- Up-to-date: /home/prakt3/praktikum_ws/install/interfaces/include/interfaces/srv/detail/getpose__type_support.h
[0.993s] -- Up-to-date: /home/prakt3/praktikum_ws/install/interfaces/include/interfaces/srv/detail/move__struct.h
[0.993s] -- Up-to-date: /home/prakt3/praktikum_ws/install/interfaces/include/interfaces/srv/detail/move__functions.c
[0.993s] -- Up-to-date: /home/prakt3/praktikum_ws/install/interfaces/include/interfaces/srv/detail/set_ur_io__type_support.h
[0.993s] -- Up-to-date: /home/prakt3/praktikum_ws/install/interfaces/include/interfaces/srv/getpose.h
[0.993s] -- Up-to-date: /home/prakt3/praktikum_ws/install/interfaces/include/interfaces/msg
[0.994s] -- Up-to-date: /home/prakt3/praktikum_ws/install/interfaces/include/interfaces/msg/waypoints.h
[0.994s] -- Up-to-date: /home/prakt3/praktikum_ws/install/interfaces/include/interfaces/msg/pointcoords.h
[0.994s] -- Up-to-date: /home/prakt3/praktikum_ws/install/interfaces/include/interfaces/msg/point_orientation3_d.h
[0.994s] -- Up-to-date: /home/prakt3/praktikum_ws/install/interfaces/include/interfaces/msg/point_translation3_d.h
[0.994s] -- Up-to-date: /home/prakt3/praktikum_ws/install/interfaces/include/interfaces/msg/detail
[0.994s] -- Up-to-date: /home/prakt3/praktikum_ws/install/interfaces/include/interfaces/msg/detail/point_translation3_d__functions.h
[0.994s] -- Up-to-date: /home/prakt3/praktikum_ws/install/interfaces/include/interfaces/msg/detail/point_orientation3_d__struct.h
[0.994s] -- Up-to-date: /home/prakt3/praktikum_ws/install/interfaces/include/interfaces/msg/detail/point_orientation3_d__functions.h
[0.994s] -- Up-to-date: /home/prakt3/praktikum_ws/install/interfaces/include/interfaces/msg/detail/pointcoords__functions.c
[0.994s] -- Up-to-date: /home/prakt3/praktikum_ws/install/interfaces/include/interfaces/msg/detail/waypoints__type_support.h
[0.994s] -- Up-to-date: /home/prakt3/praktikum_ws/install/interfaces/include/interfaces/msg/detail/pointcoords__functions.h
[0.994s] -- Up-to-date: /home/prakt3/praktikum_ws/install/interfaces/include/interfaces/msg/detail/waypoints__struct.h
[0.995s] -- Up-to-date: /home/prakt3/praktikum_ws/install/interfaces/include/interfaces/msg/detail/pointcoords__type_support.h
[0.995s] -- Up-to-date: /home/prakt3/praktikum_ws/install/interfaces/include/interfaces/msg/detail/point_translation3_d__functions.c
[0.995s] -- Up-to-date: /home/prakt3/praktikum_ws/install/interfaces/include/interfaces/msg/detail/point_orientation3_d__functions.c
[0.995s] -- Up-to-date: /home/prakt3/praktikum_ws/install/interfaces/include/interfaces/msg/detail/point_translation3_d__struct.h
[0.995s] -- Up-to-date: /home/prakt3/praktikum_ws/install/interfaces/include/interfaces/msg/detail/point_orientation3_d__type_support.h
[0.995s] -- Up-to-date: /home/prakt3/praktikum_ws/install/interfaces/include/interfaces/msg/detail/waypoints__functions.h
[0.995s] -- Up-to-date: /home/prakt3/praktikum_ws/install/interfaces/include/interfaces/msg/detail/point_translation3_d__type_support.h
[0.995s] -- Up-to-date: /home/prakt3/praktikum_ws/install/interfaces/include/interfaces/msg/detail/pointcoords__struct.h
[0.995s] -- Up-to-date: /home/prakt3/praktikum_ws/install/interfaces/include/interfaces/msg/detail/waypoints__functions.c
[0.995s] -- Up-to-date: /home/prakt3/praktikum_ws/install/interfaces/include/interfaces/msg/rosidl_generator_c__visibility_control.h
[0.995s] -- Up-to-date: /home/prakt3/praktikum_ws/install/interfaces/share/interfaces/environment/library_path.sh
[0.995s] -- Up-to-date: /home/prakt3/praktikum_ws/install/interfaces/share/interfaces/environment/library_path.dsv
[0.996s] -- Up-to-date: /home/prakt3/praktikum_ws/install/interfaces/lib/libinterfaces__rosidl_generator_c.so
[0.996s] -- Up-to-date: /home/prakt3/praktikum_ws/install/interfaces/include/interfaces
[0.996s] -- Up-to-date: /home/prakt3/praktikum_ws/install/interfaces/include/interfaces/srv
[0.996s] -- Up-to-date: /home/prakt3/praktikum_ws/install/interfaces/include/interfaces/srv/detail
[0.996s] -- Up-to-date: /home/prakt3/praktikum_ws/install/interfaces/include/interfaces/srv/detail/move__rosidl_typesupport_fastrtps_c.h
[0.996s] -- Up-to-date: /home/prakt3/praktikum_ws/install/interfaces/include/interfaces/srv/detail/getpose__rosidl_typesupport_fastrtps_c.h
[0.996s] -- Up-to-date: /home/prakt3/praktikum_ws/install/interfaces/include/interfaces/srv/detail/set_ur_io__rosidl_typesupport_fastrtps_c.h
[0.996s] -- Up-to-date: /home/prakt3/praktikum_ws/install/interfaces/include/interfaces/srv/detail/picturetopoints__rosidl_typesupport_fastrtps_c.h
[0.996s] -- Up-to-date: /home/prakt3/praktikum_ws/install/interfaces/include/interfaces/msg
[0.996s] -- Up-to-date: /home/prakt3/praktikum_ws/install/interfaces/include/interfaces/msg/rosidl_typesupport_fastrtps_c__visibility_control.h
[0.996s] -- Up-to-date: /home/prakt3/praktikum_ws/install/interfaces/include/interfaces/msg/detail
[0.996s] -- Up-to-date: /home/prakt3/praktikum_ws/install/interfaces/include/interfaces/msg/detail/point_translation3_d__rosidl_typesupport_fastrtps_c.h
[0.996s] -- Up-to-date: /home/prakt3/praktikum_ws/install/interfaces/include/interfaces/msg/detail/pointcoords__rosidl_typesupport_fastrtps_c.h
[0.996s] -- Up-to-date: /home/prakt3/praktikum_ws/install/interfaces/include/interfaces/msg/detail/waypoints__rosidl_typesupport_fastrtps_c.h
[0.996s] -- Up-to-date: /home/prakt3/praktikum_ws/install/interfaces/include/interfaces/msg/detail/point_orientation3_d__rosidl_typesupport_fastrtps_c.h
[0.996s] -- Up-to-date: /home/prakt3/praktikum_ws/install/interfaces/lib/libinterfaces__rosidl_typesupport_fastrtps_c.so
[0.996s] -- Up-to-date: /home/prakt3/praktikum_ws/install/interfaces/include/interfaces
[0.996s] -- Up-to-date: /home/prakt3/praktikum_ws/install/interfaces/include/interfaces/srv
[0.997s] -- Up-to-date: /home/prakt3/praktikum_ws/install/interfaces/include/interfaces/srv/detail
[0.997s] -- Up-to-date: /home/prakt3/praktikum_ws/install/interfaces/include/interfaces/srv/detail/move__rosidl_typesupport_fastrtps_cpp.hpp
[0.997s] -- Up-to-date: /home/prakt3/praktikum_ws/install/interfaces/include/interfaces/srv/detail/set_ur_io__rosidl_typesupport_fastrtps_cpp.hpp
[0.997s] -- Up-to-date: /home/prakt3/praktikum_ws/install/interfaces/include/interfaces/srv/detail/getpose__rosidl_typesupport_fastrtps_cpp.hpp
[0.997s] -- Up-to-date: /home/prakt3/praktikum_ws/install/interfaces/include/interfaces/srv/detail/dds_fastrtps
[0.997s] -- Up-to-date: /home/prakt3/praktikum_ws/install/interfaces/include/interfaces/srv/detail/picturetopoints__rosidl_typesupport_fastrtps_cpp.hpp
[0.997s] -- Up-to-date: /home/prakt3/praktikum_ws/install/interfaces/include/interfaces/msg
[0.997s] -- Up-to-date: /home/prakt3/praktikum_ws/install/interfaces/include/interfaces/msg/rosidl_typesupport_fastrtps_cpp__visibility_control.h
[0.997s] -- Up-to-date: /home/prakt3/praktikum_ws/install/interfaces/include/interfaces/msg/detail
[0.997s] -- Up-to-date: /home/prakt3/praktikum_ws/install/interfaces/include/interfaces/msg/detail/pointcoords__rosidl_typesupport_fastrtps_cpp.hpp
[0.997s] -- Up-to-date: /home/prakt3/praktikum_ws/install/interfaces/include/interfaces/msg/detail/point_orientation3_d__rosidl_typesupport_fastrtps_cpp.hpp
[0.997s] -- Up-to-date: /home/prakt3/praktikum_ws/install/interfaces/include/interfaces/msg/detail/waypoints__rosidl_typesupport_fastrtps_cpp.hpp
[0.997s] -- Up-to-date: /home/prakt3/praktikum_ws/install/interfaces/include/interfaces/msg/detail/point_translation3_d__rosidl_typesupport_fastrtps_cpp.hpp
[0.997s] -- Up-to-date: /home/prakt3/praktikum_ws/install/interfaces/include/interfaces/msg/detail/dds_fastrtps
[0.997s] -- Up-to-date: /home/prakt3/praktikum_ws/install/interfaces/lib/libinterfaces__rosidl_typesupport_fastrtps_cpp.so
[0.997s] -- Up-to-date: /home/prakt3/praktikum_ws/install/interfaces/include/interfaces
[0.997s] -- Up-to-date: /home/prakt3/praktikum_ws/install/interfaces/include/interfaces/srv
[0.997s] -- Up-to-date: /home/prakt3/praktikum_ws/install/interfaces/include/interfaces/srv/detail
[0.997s] -- Up-to-date: /home/prakt3/praktikum_ws/install/interfaces/include/interfaces/srv/detail/move__rosidl_typesupport_introspection_c.h
[0.998s] -- Up-to-date: /home/prakt3/praktikum_ws/install/interfaces/include/interfaces/srv/detail/move__type_support.c
[0.998s] -- Up-to-date: /home/prakt3/praktikum_ws/install/interfaces/include/interfaces/srv/detail/picturetopoints__type_support.c
[0.998s] -- Up-to-date: /home/prakt3/praktikum_ws/install/interfaces/include/interfaces/srv/detail/getpose__type_support.c
[0.998s] -- Up-to-date: /home/prakt3/praktikum_ws/install/interfaces/include/interfaces/srv/detail/set_ur_io__rosidl_typesupport_introspection_c.h
[0.998s] -- Up-to-date: /home/prakt3/praktikum_ws/install/interfaces/include/interfaces/srv/detail/set_ur_io__type_support.c
[0.998s] -- Up-to-date: /home/prakt3/praktikum_ws/install/interfaces/include/interfaces/srv/detail/getpose__rosidl_typesupport_introspection_c.h
[0.998s] -- Up-to-date: /home/prakt3/praktikum_ws/install/interfaces/include/interfaces/srv/detail/picturetopoints__rosidl_typesupport_introspection_c.h
[0.998s] -- Up-to-date: /home/prakt3/praktikum_ws/install/interfaces/include/interfaces/msg
[0.998s] -- Up-to-date: /home/prakt3/praktikum_ws/install/interfaces/include/interfaces/msg/detail
[0.998s] -- Up-to-date: /home/prakt3/praktikum_ws/install/interfaces/include/interfaces/msg/detail/point_orientation3_d__type_support.c
[0.998s] -- Up-to-date: /home/prakt3/praktikum_ws/install/interfaces/include/interfaces/msg/detail/waypoints__type_support.c
[0.998s] -- Up-to-date: /home/prakt3/praktikum_ws/install/interfaces/include/interfaces/msg/detail/waypoints__rosidl_typesupport_introspection_c.h
[0.998s] -- Up-to-date: /home/prakt3/praktikum_ws/install/interfaces/include/interfaces/msg/detail/pointcoords__rosidl_typesupport_introspection_c.h
[0.998s] -- Up-to-date: /home/prakt3/praktikum_ws/install/interfaces/include/interfaces/msg/detail/point_orientation3_d__rosidl_typesupport_introspection_c.h
[0.998s] -- Up-to-date: /home/prakt3/praktikum_ws/install/interfaces/include/interfaces/msg/detail/point_translation3_d__type_support.c
[0.998s] -- Up-to-date: /home/prakt3/praktikum_ws/install/interfaces/include/interfaces/msg/detail/point_translation3_d__rosidl_typesupport_introspection_c.h
[0.998s] -- Up-to-date: /home/prakt3/praktikum_ws/install/interfaces/include/interfaces/msg/detail/pointcoords__type_support.c
[0.998s] -- Up-to-date: /home/prakt3/praktikum_ws/install/interfaces/include/interfaces/msg/rosidl_typesupport_introspection_c__visibility_control.h
[0.998s] -- Up-to-date: /home/prakt3/praktikum_ws/install/interfaces/lib/libinterfaces__rosidl_typesupport_introspection_c.so
[0.998s] -- Up-to-date: /home/prakt3/praktikum_ws/install/interfaces/lib/libinterfaces__rosidl_typesupport_c.so
[0.999s] -- Up-to-date: /home/prakt3/praktikum_ws/install/interfaces/include/interfaces
[0.999s] -- Up-to-date: /home/prakt3/praktikum_ws/install/interfaces/include/interfaces/srv
[0.999s] -- Up-to-date: /home/prakt3/praktikum_ws/install/interfaces/include/interfaces/srv/getpose.hpp
[0.999s] -- Up-to-date: /home/prakt3/praktikum_ws/install/interfaces/include/interfaces/srv/picturetopoints.hpp
[0.999s] -- Up-to-date: /home/prakt3/praktikum_ws/install/interfaces/include/interfaces/srv/detail
[0.999s] -- Up-to-date: /home/prakt3/praktikum_ws/install/interfaces/include/interfaces/srv/detail/set_ur_io__struct.hpp
[0.999s] -- Up-to-date: /home/prakt3/praktikum_ws/install/interfaces/include/interfaces/srv/detail/getpose__builder.hpp
[0.999s] -- Up-to-date: /home/prakt3/praktikum_ws/install/interfaces/include/interfaces/srv/detail/move__struct.hpp
[0.999s] -- Up-to-date: /home/prakt3/praktikum_ws/install/interfaces/include/interfaces/srv/detail/getpose__traits.hpp
[1.000s] -- Up-to-date: /home/prakt3/praktikum_ws/install/interfaces/include/interfaces/srv/detail/picturetopoints__builder.hpp
[1.000s] -- Up-to-date: /home/prakt3/praktikum_ws/install/interfaces/include/interfaces/srv/detail/picturetopoints__struct.hpp
[1.000s] -- Up-to-date: /home/prakt3/praktikum_ws/install/interfaces/include/interfaces/srv/detail/getpose__struct.hpp
[1.000s] -- Up-to-date: /home/prakt3/praktikum_ws/install/interfaces/include/interfaces/srv/detail/move__traits.hpp
[1.000s] -- Up-to-date: /home/prakt3/praktikum_ws/install/interfaces/include/interfaces/srv/detail/picturetopoints__traits.hpp
[1.000s] -- Up-to-date: /home/prakt3/praktikum_ws/install/interfaces/include/interfaces/srv/detail/move__builder.hpp
[1.000s] -- Up-to-date: /home/prakt3/praktikum_ws/install/interfaces/include/interfaces/srv/detail/set_ur_io__traits.hpp
[1.000s] -- Up-to-date: /home/prakt3/praktikum_ws/install/interfaces/include/interfaces/srv/detail/set_ur_io__builder.hpp
[1.000s] -- Up-to-date: /home/prakt3/praktikum_ws/install/interfaces/include/interfaces/srv/set_ur_io.hpp
[1.000s] -- Up-to-date: /home/prakt3/praktikum_ws/install/interfaces/include/interfaces/srv/move.hpp
[1.000s] -- Up-to-date: /home/prakt3/praktikum_ws/install/interfaces/include/interfaces/msg
[1.000s] -- Up-to-date: /home/prakt3/praktikum_ws/install/interfaces/include/interfaces/msg/point_translation3_d.hpp
[1.000s] -- Up-to-date: /home/prakt3/praktikum_ws/install/interfaces/include/interfaces/msg/point_orientation3_d.hpp
[1.000s] -- Up-to-date: /home/prakt3/praktikum_ws/install/interfaces/include/interfaces/msg/detail
[1.000s] -- Up-to-date: /home/prakt3/praktikum_ws/install/interfaces/include/interfaces/msg/detail/waypoints__builder.hpp
[1.001s] -- Up-to-date: /home/prakt3/praktikum_ws/install/interfaces/include/interfaces/msg/detail/point_translation3_d__builder.hpp
[1.001s] -- Up-to-date: /home/prakt3/praktikum_ws/install/interfaces/include/interfaces/msg/detail/point_orientation3_d__traits.hpp
[1.001s] -- Up-to-date: /home/prakt3/praktikum_ws/install/interfaces/include/interfaces/msg/detail/point_translation3_d__struct.hpp
[1.001s] -- Up-to-date: /home/prakt3/praktikum_ws/install/interfaces/include/interfaces/msg/detail/waypoints__traits.hpp
[1.001s] -- Up-to-date: /home/prakt3/praktikum_ws/install/interfaces/include/interfaces/msg/detail/waypoints__struct.hpp
[1.001s] -- Up-to-date: /home/prakt3/praktikum_ws/install/interfaces/include/interfaces/msg/detail/point_orientation3_d__builder.hpp
[1.001s] -- Up-to-date: /home/prakt3/praktikum_ws/install/interfaces/include/interfaces/msg/detail/point_translation3_d__traits.hpp
[1.001s] -- Up-to-date: /home/prakt3/praktikum_ws/install/interfaces/include/interfaces/msg/detail/pointcoords__builder.hpp
[1.001s] -- Up-to-date: /home/prakt3/praktikum_ws/install/interfaces/include/interfaces/msg/detail/point_orientation3_d__struct.hpp
[1.001s] -- Up-to-date: /home/prakt3/praktikum_ws/install/interfaces/include/interfaces/msg/detail/pointcoords__traits.hpp
[1.001s] -- Up-to-date: /home/prakt3/praktikum_ws/install/interfaces/include/interfaces/msg/detail/pointcoords__struct.hpp
[1.001s] -- Up-to-date: /home/prakt3/praktikum_ws/install/interfaces/include/interfaces/msg/waypoints.hpp
[1.001s] -- Up-to-date: /home/prakt3/praktikum_ws/install/interfaces/include/interfaces/msg/pointcoords.hpp
[1.001s] -- Up-to-date: /home/prakt3/praktikum_ws/install/interfaces/include/interfaces
[1.002s] -- Up-to-date: /home/prakt3/praktikum_ws/install/interfaces/include/interfaces/srv
[1.002s] -- Up-to-date: /home/prakt3/praktikum_ws/install/interfaces/include/interfaces/srv/detail
[1.002s] -- Up-to-date: /home/prakt3/praktikum_ws/install/interfaces/include/interfaces/srv/detail/picturetopoints__type_support.cpp
[1.002s] -- Up-to-date: /home/prakt3/praktikum_ws/install/interfaces/include/interfaces/srv/detail/set_ur_io__rosidl_typesupport_introspection_cpp.hpp
[1.002s] -- Up-to-date: /home/prakt3/praktikum_ws/install/interfaces/include/interfaces/srv/detail/getpose__type_support.cpp
[1.002s] -- Up-to-date: /home/prakt3/praktikum_ws/install/interfaces/include/interfaces/srv/detail/picturetopoints__rosidl_typesupport_introspection_cpp.hpp
[1.002s] -- Up-to-date: /home/prakt3/praktikum_ws/install/interfaces/include/interfaces/srv/detail/move__rosidl_typesupport_introspection_cpp.hpp
[1.002s] -- Up-to-date: /home/prakt3/praktikum_ws/install/interfaces/include/interfaces/srv/detail/set_ur_io__type_support.cpp
[1.002s] -- Up-to-date: /home/prakt3/praktikum_ws/install/interfaces/include/interfaces/srv/detail/getpose__rosidl_typesupport_introspection_cpp.hpp
[1.002s] -- Up-to-date: /home/prakt3/praktikum_ws/install/interfaces/include/interfaces/srv/detail/move__type_support.cpp
[1.002s] -- Up-to-date: /home/prakt3/praktikum_ws/install/interfaces/include/interfaces/msg
[1.002s] -- Up-to-date: /home/prakt3/praktikum_ws/install/interfaces/include/interfaces/msg/detail
[1.002s] -- Up-to-date: /home/prakt3/praktikum_ws/install/interfaces/include/interfaces/msg/detail/point_translation3_d__rosidl_typesupport_introspection_cpp.hpp
[1.003s] -- Up-to-date: /home/prakt3/praktikum_ws/install/interfaces/include/interfaces/msg/detail/waypoints__type_support.cpp
[1.003s] -- Up-to-date: /home/prakt3/praktikum_ws/install/interfaces/include/interfaces/msg/detail/point_orientation3_d__rosidl_typesupport_introspection_cpp.hpp
[1.003s] -- Up-to-date: /home/prakt3/praktikum_ws/install/interfaces/include/interfaces/msg/detail/pointcoords__rosidl_typesupport_introspection_cpp.hpp
[1.003s] -- Up-to-date: /home/prakt3/praktikum_ws/install/interfaces/include/interfaces/msg/detail/point_translation3_d__type_support.cpp
[1.003s] -- Up-to-date: /home/prakt3/praktikum_ws/install/interfaces/include/interfaces/msg/detail/waypoints__rosidl_typesupport_introspection_cpp.hpp
[1.003s] -- Up-to-date: /home/prakt3/praktikum_ws/install/interfaces/include/interfaces/msg/detail/point_orientation3_d__type_support.cpp
[1.003s] -- Up-to-date: /home/prakt3/praktikum_ws/install/interfaces/include/interfaces/msg/detail/pointcoords__type_support.cpp
[1.003s] -- Up-to-date: /home/prakt3/praktikum_ws/install/interfaces/lib/libinterfaces__rosidl_typesupport_introspection_cpp.so
[1.003s] -- Up-to-date: /home/prakt3/praktikum_ws/install/interfaces/lib/libinterfaces__rosidl_typesupport_cpp.so
[1.003s] -- Up-to-date: /home/prakt3/praktikum_ws/install/interfaces/share/interfaces/environment/pythonpath.sh
[1.003s] -- Up-to-date: /home/prakt3/praktikum_ws/install/interfaces/share/interfaces/environment/pythonpath.dsv
[1.003s] -- Up-to-date: /home/prakt3/praktikum_ws/install/interfaces/lib/python3.8/site-packages/interfaces/__init__.py
[1.025s] -- Up-to-date: /home/prakt3/praktikum_ws/install/interfaces/lib/python3.8/site-packages/interfaces/msg
[1.025s] -- Up-to-date: /home/prakt3/praktikum_ws/install/interfaces/lib/python3.8/site-packages/interfaces/msg/_waypoints_s.c
[1.025s] -- Up-to-date: /home/prakt3/praktikum_ws/install/interfaces/lib/python3.8/site-packages/interfaces/msg/_point_orientation3_d_s.c
[1.025s] -- Up-to-date: /home/prakt3/praktikum_ws/install/interfaces/lib/python3.8/site-packages/interfaces/msg/_point_translation3_d_s.c
[1.025s] -- Up-to-date: /home/prakt3/praktikum_ws/install/interfaces/lib/python3.8/site-packages/interfaces/msg/_point_orientation3_d.py
[1.026s] -- Up-to-date: /home/prakt3/praktikum_ws/install/interfaces/lib/python3.8/site-packages/interfaces/msg/_waypoints.py
[1.029s] -- Up-to-date: /home/prakt3/praktikum_ws/install/interfaces/lib/python3.8/site-packages/interfaces/msg/__init__.py
[1.029s] -- Up-to-date: /home/prakt3/praktikum_ws/install/interfaces/lib/python3.8/site-packages/interfaces/msg/_pointcoords_s.c
[1.029s] -- Up-to-date: /home/prakt3/praktikum_ws/install/interfaces/lib/python3.8/site-packages/interfaces/msg/_pointcoords.py
[1.029s] -- Up-to-date: /home/prakt3/praktikum_ws/install/interfaces/lib/python3.8/site-packages/interfaces/msg/_point_translation3_d.py
[1.029s] -- Up-to-date: /home/prakt3/praktikum_ws/install/interfaces/lib/python3.8/site-packages/interfaces/srv
[1.029s] -- Up-to-date: /home/prakt3/praktikum_ws/install/interfaces/lib/python3.8/site-packages/interfaces/srv/_move_s.c
[1.030s] -- Up-to-date: /home/prakt3/praktikum_ws/install/interfaces/lib/python3.8/site-packages/interfaces/srv/_set_ur_io_s.c
[1.030s] -- Up-to-date: /home/prakt3/praktikum_ws/install/interfaces/lib/python3.8/site-packages/interfaces/srv/_picturetopoints.py
[1.030s] -- Up-to-date: /home/prakt3/praktikum_ws/install/interfaces/lib/python3.8/site-packages/interfaces/srv/_set_ur_io.py
[1.030s] -- Up-to-date: /home/prakt3/praktikum_ws/install/interfaces/lib/python3.8/site-packages/interfaces/srv/_picturetopoints_s.c
[1.030s] -- Up-to-date: /home/prakt3/praktikum_ws/install/interfaces/lib/python3.8/site-packages/interfaces/srv/__init__.py
[1.030s] -- Up-to-date: /home/prakt3/praktikum_ws/install/interfaces/lib/python3.8/site-packages/interfaces/srv/_move.py
[1.030s] -- Up-to-date: /home/prakt3/praktikum_ws/install/interfaces/lib/python3.8/site-packages/interfaces/srv/_getpose_s.c
[1.030s] -- Up-to-date: /home/prakt3/praktikum_ws/install/interfaces/lib/python3.8/site-packages/interfaces/srv/_getpose.py
[1.030s] -- Up-to-date: /home/prakt3/praktikum_ws/install/interfaces/lib/python3.8/site-packages/interfaces/interfaces_s__rosidl_typesupport_fastrtps_c.cpython-38-x86_64-linux-gnu.so
[1.030s] -- Up-to-date: /home/prakt3/praktikum_ws/install/interfaces/lib/python3.8/site-packages/interfaces/interfaces_s__rosidl_typesupport_introspection_c.cpython-38-x86_64-linux-gnu.so
[1.030s] -- Up-to-date: /home/prakt3/praktikum_ws/install/interfaces/lib/python3.8/site-packages/interfaces/interfaces_s__rosidl_typesupport_c.cpython-38-x86_64-linux-gnu.so
[1.030s] -- Up-to-date: /home/prakt3/praktikum_ws/install/interfaces/lib/libinterfaces__python.so
[1.030s] -- Up-to-date: /home/prakt3/praktikum_ws/install/interfaces/share/interfaces/msg/Pointcoords.idl
[1.030s] -- Up-to-date: /home/prakt3/praktikum_ws/install/interfaces/share/interfaces/msg/Waypoints.idl
[1.030s] -- Up-to-date: /home/prakt3/praktikum_ws/install/interfaces/share/interfaces/msg/PointTranslation3D.idl
[1.030s] -- Up-to-date: /home/prakt3/praktikum_ws/install/interfaces/share/interfaces/srv/Move.idl
[1.031s] -- Up-to-date: /home/prakt3/praktikum_ws/install/interfaces/share/interfaces/msg/PointOrientation3D.idl
[1.031s] -- Up-to-date: /home/prakt3/praktikum_ws/install/interfaces/share/interfaces/srv/Picturetopoints.idl
[1.031s] -- Up-to-date: /home/prakt3/praktikum_ws/install/interfaces/share/interfaces/srv/Getpose.idl
[1.031s] -- Up-to-date: /home/prakt3/praktikum_ws/install/interfaces/share/interfaces/srv/SetUrIo.idl
[1.031s] -- Up-to-date: /home/prakt3/praktikum_ws/install/interfaces/share/interfaces/msg/Pointcoords.msg
[1.031s] -- Up-to-date: /home/prakt3/praktikum_ws/install/interfaces/share/interfaces/msg/Waypoints.msg
[1.031s] -- Up-to-date: /home/prakt3/praktikum_ws/install/interfaces/share/interfaces/msg/PointTranslation3D.msg
[1.031s] -- Up-to-date: /home/prakt3/praktikum_ws/install/interfaces/share/interfaces/srv/Move.srv
[1.031s] -- Up-to-date: /home/prakt3/praktikum_ws/install/interfaces/share/interfaces/srv/Move_Request.msg
[1.031s] -- Up-to-date: /home/prakt3/praktikum_ws/install/interfaces/share/interfaces/srv/Move_Response.msg
[1.031s] -- Up-to-date: /home/prakt3/praktikum_ws/install/interfaces/share/interfaces/msg/PointOrientation3D.msg
[1.031s] -- Up-to-date: /home/prakt3/praktikum_ws/install/interfaces/share/interfaces/srv/Picturetopoints.srv
[1.031s] -- Up-to-date: /home/prakt3/praktikum_ws/install/interfaces/share/interfaces/srv/Picturetopoints_Request.msg
[1.031s] -- Up-to-date: /home/prakt3/praktikum_ws/install/interfaces/share/interfaces/srv/Picturetopoints_Response.msg
[1.031s] -- Up-to-date: /home/prakt3/praktikum_ws/install/interfaces/share/interfaces/srv/Getpose.srv
[1.031s] -- Up-to-date: /home/prakt3/praktikum_ws/install/interfaces/share/interfaces/srv/Getpose_Request.msg
[1.031s] -- Up-to-date: /home/prakt3/praktikum_ws/install/interfaces/share/interfaces/srv/Getpose_Response.msg
[1.031s] -- Up-to-date: /home/prakt3/praktikum_ws/install/interfaces/share/interfaces/srv/SetUrIo.srv
[1.031s] -- Up-to-date: /home/prakt3/praktikum_ws/install/interfaces/share/interfaces/srv/SetUrIo_Request.msg
[1.031s] -- Up-to-date: /home/prakt3/praktikum_ws/install/interfaces/share/interfaces/srv/SetUrIo_Response.msg
[1.031s] -- Up-to-date: /home/prakt3/praktikum_ws/install/interfaces/share/ament_index/resource_index/package_run_dependencies/interfaces
[1.031s] -- Up-to-date: /home/prakt3/praktikum_ws/install/interfaces/share/ament_index/resource_index/parent_prefix_path/interfaces
[1.031s] -- Up-to-date: /home/prakt3/praktikum_ws/install/interfaces/share/interfaces/environment/ament_prefix_path.sh
[1.032s] -- Up-to-date: /home/prakt3/praktikum_ws/install/interfaces/share/interfaces/environment/ament_prefix_path.dsv
[1.032s] -- Up-to-date: /home/prakt3/praktikum_ws/install/interfaces/share/interfaces/environment/path.sh
[1.032s] -- Up-to-date: /home/prakt3/praktikum_ws/install/interfaces/share/interfaces/environment/path.dsv
[1.032s] -- Up-to-date: /home/prakt3/praktikum_ws/install/interfaces/share/interfaces/local_setup.bash
[1.032s] -- Up-to-date: /home/prakt3/praktikum_ws/install/interfaces/share/interfaces/local_setup.sh
[1.032s] -- Up-to-date: /home/prakt3/praktikum_ws/install/interfaces/share/interfaces/local_setup.zsh
[1.032s] -- Up-to-date: /home/prakt3/praktikum_ws/install/interfaces/share/interfaces/local_setup.dsv
[1.032s] -- Installing: /home/prakt3/praktikum_ws/install/interfaces/share/interfaces/package.dsv
[1.032s] -- Up-to-date: /home/prakt3/praktikum_ws/install/interfaces/share/ament_index/resource_index/packages/interfaces
[1.032s] -- Up-to-date: /home/prakt3/praktikum_ws/install/interfaces/share/interfaces/cmake/interfaces__rosidl_generator_cExport.cmake
[1.032s] -- Up-to-date: /home/prakt3/praktikum_ws/install/interfaces/share/interfaces/cmake/interfaces__rosidl_generator_cExport-noconfig.cmake
[1.032s] -- Up-to-date: /home/prakt3/praktikum_ws/install/interfaces/share/interfaces/cmake/interfaces__rosidl_typesupport_introspection_cExport.cmake
[1.032s] -- Up-to-date: /home/prakt3/praktikum_ws/install/interfaces/share/interfaces/cmake/interfaces__rosidl_typesupport_introspection_cExport-noconfig.cmake
[1.032s] -- Up-to-date: /home/prakt3/praktikum_ws/install/interfaces/share/interfaces/cmake/interfaces__rosidl_typesupport_cExport.cmake
[1.032s] -- Up-to-date: /home/prakt3/praktikum_ws/install/interfaces/share/interfaces/cmake/interfaces__rosidl_typesupport_cExport-noconfig.cmake
[1.032s] -- Up-to-date: /home/prakt3/praktikum_ws/install/interfaces/share/interfaces/cmake/interfaces__rosidl_generator_cppExport.cmake
[1.032s] -- Up-to-date: /home/prakt3/praktikum_ws/install/interfaces/share/interfaces/cmake/interfaces__rosidl_typesupport_introspection_cppExport.cmake
[1.032s] -- Up-to-date: /home/prakt3/praktikum_ws/install/interfaces/share/interfaces/cmake/interfaces__rosidl_typesupport_introspection_cppExport-noconfig.cmake
[1.032s] -- Up-to-date: /home/prakt3/praktikum_ws/install/interfaces/share/interfaces/cmake/interfaces__rosidl_typesupport_cppExport.cmake
[1.032s] -- Up-to-date: /home/prakt3/praktikum_ws/install/interfaces/share/interfaces/cmake/interfaces__rosidl_typesupport_cppExport-noconfig.cmake
[1.032s] -- Up-to-date: /home/prakt3/praktikum_ws/install/interfaces/share/interfaces/cmake/rosidl_cmake-extras.cmake
[1.032s] -- Up-to-date: /home/prakt3/praktikum_ws/install/interfaces/share/interfaces/cmake/ament_cmake_export_dependencies-extras.cmake
[1.032s] -- Up-to-date: /home/prakt3/praktikum_ws/install/interfaces/share/interfaces/cmake/ament_cmake_export_libraries-extras.cmake
[1.032s] -- Up-to-date: /home/prakt3/praktikum_ws/install/interfaces/share/interfaces/cmake/ament_cmake_export_targets-extras.cmake
[1.032s] -- Up-to-date: /home/prakt3/praktikum_ws/install/interfaces/share/interfaces/cmake/ament_cmake_export_include_directories-extras.cmake
[1.032s] -- Up-to-date: /home/prakt3/praktikum_ws/install/interfaces/share/interfaces/cmake/rosidl_cmake_export_typesupport_libraries-extras.cmake
[1.032s] -- Up-to-date: /home/prakt3/praktikum_ws/install/interfaces/share/interfaces/cmake/rosidl_cmake_export_typesupport_targets-extras.cmake
[1.032s] -- Up-to-date: /home/prakt3/praktikum_ws/install/interfaces/share/interfaces/cmake/interfacesConfig.cmake
[1.032s] -- Up-to-date: /home/prakt3/praktikum_ws/install/interfaces/share/interfaces/cmake/interfacesConfig-version.cmake
[1.033s] -- Up-to-date: /home/prakt3/praktikum_ws/install/interfaces/share/interfaces/package.xml
[1.093s] Invoked command in '/home/prakt3/praktikum_ws/build/interfaces' returned '0': CMAKE_PREFIX_PATH=${CMAKE_PREFIX_PATH}:/home/prakt3/praktikum_ws/install/trajectory:/home/prakt3/praktikum_ws/install/tracking_service:/home/prakt3/praktikum_ws/install/robprakt:/home/prakt3/praktikum_ws/install/picture_to_points_service:/home/prakt3/praktikum_ws/install/move_it_service_python:/home/prakt3/praktikum_ws/install/move_client:/home/prakt3/praktikum_ws/install/launch_param_builder:/opt/ros/galactic /usr/bin/cmake --install /home/prakt3/praktikum_ws/build/interfaces
