[0.052s] Invoking command in '/home/prakt3/praktikum_ws/build/moveit_resources_fanuc_description': CMAKE_PREFIX_PATH=${CMAKE_PREFIX_PATH}:/opt/ros/galactic /usr/bin/cmake /home/prakt3/praktikum_ws/src/moveit_resources/fanuc_description -DCMAKE_INSTALL_PREFIX=/home/prakt3/praktikum_ws/install/moveit_resources_fanuc_description
[0.731s] -- The C compiler identification is GNU 9.4.0
[0.731s] -- The CXX compiler identification is GNU 9.4.0
[0.731s] -- Check for working C compiler: /usr/bin/cc
[0.731s] -- Check for working C compiler: /usr/bin/cc -- works
[0.731s] -- Detecting C compiler ABI info
[0.731s] -- Detecting C compiler ABI info - done
[0.731s] -- Detecting C compile features
[0.731s] -- Detecting C compile features - done
[0.731s] -- Check for working CXX compiler: /usr/bin/c++
[0.731s] -- Check for working CXX compiler: /usr/bin/c++ -- works
[0.731s] -- Detecting CXX compiler ABI info
[0.731s] -- Detecting CXX compiler ABI info - done
[0.731s] -- Detecting CXX compile features
[0.731s] -- Detecting CXX compile features - done
[0.731s] -- Found ament_cmake: 1.1.6 (/opt/ros/galactic/share/ament_cmake/cmake)
[0.731s] -- Found PythonInterp: /usr/bin/python3 (found suitable version "3.8.10", minimum required is "3") 
[0.731s] -- Using PYTHON_EXECUTABLE: /usr/bin/python3
[0.731s] -- Configuring done
[0.731s] -- Generating done
[0.731s] -- Build files have been written to: /home/prakt3/praktikum_ws/build/moveit_resources_fanuc_description
[0.739s] Invoked command in '/home/prakt3/praktikum_ws/build/moveit_resources_fanuc_description' returned '0': CMAKE_PREFIX_PATH=${CMAKE_PREFIX_PATH}:/opt/ros/galactic /usr/bin/cmake /home/prakt3/praktikum_ws/src/moveit_resources/fanuc_description -DCMAKE_INSTALL_PREFIX=/home/prakt3/praktikum_ws/install/moveit_resources_fanuc_description
[0.741s] Invoking command in '/home/prakt3/praktikum_ws/build/moveit_resources_fanuc_description': CMAKE_PREFIX_PATH=${CMAKE_PREFIX_PATH}:/opt/ros/galactic /usr/bin/cmake --build /home/prakt3/praktikum_ws/build/moveit_resources_fanuc_description -- -j12 -l12
[0.782s] Invoked command in '/home/prakt3/praktikum_ws/build/moveit_resources_fanuc_description' returned '0': CMAKE_PREFIX_PATH=${CMAKE_PREFIX_PATH}:/opt/ros/galactic /usr/bin/cmake --build /home/prakt3/praktikum_ws/build/moveit_resources_fanuc_description -- -j12 -l12
[0.806s] Invoking command in '/home/prakt3/praktikum_ws/build/moveit_resources_fanuc_description': CMAKE_PREFIX_PATH=${CMAKE_PREFIX_PATH}:/opt/ros/galactic /usr/bin/cmake --install /home/prakt3/praktikum_ws/build/moveit_resources_fanuc_description
[0.825s] -- Install configuration: ""
[0.825s] -- Installing: /home/prakt3/praktikum_ws/install/moveit_resources_fanuc_description/share/ament_index/resource_index/package_run_dependencies/moveit_resources_fanuc_description
[0.825s] -- Installing: /home/prakt3/praktikum_ws/install/moveit_resources_fanuc_description/share/ament_index/resource_index/parent_prefix_path/moveit_resources_fanuc_description
[0.825s] -- Installing: /home/prakt3/praktikum_ws/install/moveit_resources_fanuc_description/share/moveit_resources_fanuc_description/environment/ament_prefix_path.sh
[0.825s] -- Installing: /home/prakt3/praktikum_ws/install/moveit_resources_fanuc_description/share/moveit_resources_fanuc_description/environment/ament_prefix_path.dsv
[0.825s] -- Installing: /home/prakt3/praktikum_ws/install/moveit_resources_fanuc_description/share/moveit_resources_fanuc_description/environment/path.sh
[0.825s] -- Installing: /home/prakt3/praktikum_ws/install/moveit_resources_fanuc_description/share/moveit_resources_fanuc_description/environment/path.dsv
[0.825s] -- Installing: /home/prakt3/praktikum_ws/install/moveit_resources_fanuc_description/share/moveit_resources_fanuc_description/local_setup.bash
[0.825s] -- Installing: /home/prakt3/praktikum_ws/install/moveit_resources_fanuc_description/share/moveit_resources_fanuc_description/local_setup.sh
[0.825s] -- Installing: /home/prakt3/praktikum_ws/install/moveit_resources_fanuc_description/share/moveit_resources_fanuc_description/local_setup.zsh
[0.825s] -- Installing: /home/prakt3/praktikum_ws/install/moveit_resources_fanuc_description/share/moveit_resources_fanuc_description/local_setup.dsv
[0.825s] -- Installing: /home/prakt3/praktikum_ws/install/moveit_resources_fanuc_description/share/moveit_resources_fanuc_description/package.dsv
[0.825s] -- Installing: /home/prakt3/praktikum_ws/install/moveit_resources_fanuc_description/share/ament_index/resource_index/packages/moveit_resources_fanuc_description
[0.826s] -- Installing: /home/prakt3/praktikum_ws/install/moveit_resources_fanuc_description/share/moveit_resources_fanuc_description/cmake/moveit_resources_fanuc_descriptionConfig.cmake
[0.826s] -- Installing: /home/prakt3/praktikum_ws/install/moveit_resources_fanuc_description/share/moveit_resources_fanuc_description/cmake/moveit_resources_fanuc_descriptionConfig-version.cmake
[0.826s] -- Installing: /home/prakt3/praktikum_ws/install/moveit_resources_fanuc_description/share/moveit_resources_fanuc_description/package.xml
[0.826s] -- Installing: /home/prakt3/praktikum_ws/install/moveit_resources_fanuc_description/share/moveit_resources_fanuc_description/meshes
[0.826s] -- Installing: /home/prakt3/praktikum_ws/install/moveit_resources_fanuc_description/share/moveit_resources_fanuc_description/meshes/visual
[0.826s] -- Installing: /home/prakt3/praktikum_ws/install/moveit_resources_fanuc_description/share/moveit_resources_fanuc_description/meshes/visual/link_6.stl
[0.826s] -- Installing: /home/prakt3/praktikum_ws/install/moveit_resources_fanuc_description/share/moveit_resources_fanuc_description/meshes/visual/link_4.stl
[0.826s] -- Installing: /home/prakt3/praktikum_ws/install/moveit_resources_fanuc_description/share/moveit_resources_fanuc_description/meshes/visual/link_1.stl
[0.826s] -- Installing: /home/prakt3/praktikum_ws/install/moveit_resources_fanuc_description/share/moveit_resources_fanuc_description/meshes/visual/link_3.stl
[0.826s] -- Installing: /home/prakt3/praktikum_ws/install/moveit_resources_fanuc_description/share/moveit_resources_fanuc_description/meshes/visual/link_5.stl
[0.826s] -- Installing: /home/prakt3/praktikum_ws/install/moveit_resources_fanuc_description/share/moveit_resources_fanuc_description/meshes/visual/base_link.stl
[0.826s] -- Installing: /home/prakt3/praktikum_ws/install/moveit_resources_fanuc_description/share/moveit_resources_fanuc_description/meshes/visual/link_2.stl
[0.826s] -- Installing: /home/prakt3/praktikum_ws/install/moveit_resources_fanuc_description/share/moveit_resources_fanuc_description/meshes/collision
[0.826s] -- Installing: /home/prakt3/praktikum_ws/install/moveit_resources_fanuc_description/share/moveit_resources_fanuc_description/meshes/collision/link_6.stl
[0.826s] -- Installing: /home/prakt3/praktikum_ws/install/moveit_resources_fanuc_description/share/moveit_resources_fanuc_description/meshes/collision/link_4.stl
[0.826s] -- Installing: /home/prakt3/praktikum_ws/install/moveit_resources_fanuc_description/share/moveit_resources_fanuc_description/meshes/collision/link_1.stl
[0.826s] -- Installing: /home/prakt3/praktikum_ws/install/moveit_resources_fanuc_description/share/moveit_resources_fanuc_description/meshes/collision/link_3.stl
[0.826s] -- Installing: /home/prakt3/praktikum_ws/install/moveit_resources_fanuc_description/share/moveit_resources_fanuc_description/meshes/collision/link_5.stl
[0.826s] -- Installing: /home/prakt3/praktikum_ws/install/moveit_resources_fanuc_description/share/moveit_resources_fanuc_description/meshes/collision/base_link.stl
[0.826s] -- Installing: /home/prakt3/praktikum_ws/install/moveit_resources_fanuc_description/share/moveit_resources_fanuc_description/meshes/collision/link_2.stl
[0.826s] -- Installing: /home/prakt3/praktikum_ws/install/moveit_resources_fanuc_description/share/moveit_resources_fanuc_description/urdf
[0.827s] -- Installing: /home/prakt3/praktikum_ws/install/moveit_resources_fanuc_description/share/moveit_resources_fanuc_description/urdf/fanuc.urdf
[0.866s] Invoked command in '/home/prakt3/praktikum_ws/build/moveit_resources_fanuc_description' returned '0': CMAKE_PREFIX_PATH=${CMAKE_PREFIX_PATH}:/opt/ros/galactic /usr/bin/cmake --install /home/prakt3/praktikum_ws/build/moveit_resources_fanuc_description
