[1.199s] Invoking command in '/home/prakt3/praktikum_ws/src/launch_param_builder': PYTHONPATH=/home/prakt3/praktikum_ws/build/launch_param_builder/prefix_override:/home/prakt3/praktikum_ws/install/launch_param_builder/lib/python3.8/site-packages:${PYTHONPATH} /usr/bin/python3 setup.py egg_info --egg-base ../../build/launch_param_builder build --build-base /home/prakt3/praktikum_ws/build/launch_param_builder/build install --record /home/prakt3/praktikum_ws/build/launch_param_builder/install.log --single-version-externally-managed
[1.405s] running egg_info
[1.405s] writing ../../build/launch_param_builder/launch_param_builder.egg-info/PKG-INFO
[1.405s] writing dependency_links to ../../build/launch_param_builder/launch_param_builder.egg-info/dependency_links.txt
[1.405s] writing entry points to ../../build/launch_param_builder/launch_param_builder.egg-info/entry_points.txt
[1.405s] writing requirements to ../../build/launch_param_builder/launch_param_builder.egg-info/requires.txt
[1.405s] writing top-level names to ../../build/launch_param_builder/launch_param_builder.egg-info/top_level.txt
[1.427s] reading manifest file '../../build/launch_param_builder/launch_param_builder.egg-info/SOURCES.txt'
[1.427s] writing manifest file '../../build/launch_param_builder/launch_param_builder.egg-info/SOURCES.txt'
[1.427s] running build
[1.427s] running build_py
[1.428s] running install
[1.428s] running install_lib
[1.429s] running install_data
[1.430s] running install_egg_info
[1.431s] removing '/home/prakt3/praktikum_ws/install/launch_param_builder/lib/python3.8/site-packages/launch_param_builder-0.1.1-py3.8.egg-info' (and everything under it)
[1.431s] Copying ../../build/launch_param_builder/launch_param_builder.egg-info to /home/prakt3/praktikum_ws/install/launch_param_builder/lib/python3.8/site-packages/launch_param_builder-0.1.1-py3.8.egg-info
[1.431s] running install_scripts
[1.443s] writing list of installed files to '/home/prakt3/praktikum_ws/build/launch_param_builder/install.log'
[1.532s] Invoked command in '/home/prakt3/praktikum_ws/src/launch_param_builder' returned '0': PYTHONPATH=/home/prakt3/praktikum_ws/build/launch_param_builder/prefix_override:/home/prakt3/praktikum_ws/install/launch_param_builder/lib/python3.8/site-packages:${PYTHONPATH} /usr/bin/python3 setup.py egg_info --egg-base ../../build/launch_param_builder build --build-base /home/prakt3/praktikum_ws/build/launch_param_builder/build install --record /home/prakt3/praktikum_ws/build/launch_param_builder/install.log --single-version-externally-managed
