[0.049s] Invoking command in '/home/prakt3/praktikum_ws/build/rviz_visual_tools': CMAKE_PREFIX_PATH=${CMAKE_PREFIX_PATH}:/opt/ros/galactic /usr/bin/cmake /home/prakt3/praktikum_ws/src/rviz_visual_tools -DCMAKE_INSTALL_PREFIX=/home/prakt3/praktikum_ws/install/rviz_visual_tools
[0.703s] -- The C compiler identification is GNU 9.4.0
[0.703s] -- The CXX compiler identification is GNU 9.4.0
[0.703s] -- Check for working C compiler: /usr/bin/cc
[0.703s] -- Check for working C compiler: /usr/bin/cc -- works
[0.703s] -- Detecting C compiler ABI info
[0.703s] -- Detecting C compiler ABI info - done
[0.703s] -- Detecting C compile features
[0.703s] -- Detecting C compile features - done
[0.703s] -- Check for working CXX compiler: /usr/bin/c++
[0.703s] -- Check for working CXX compiler: /usr/bin/c++ -- works
[0.703s] -- Detecting CXX compiler ABI info
[0.704s] -- Detecting CXX compiler ABI info - done
[0.704s] -- Detecting CXX compile features
[0.704s] -- Detecting CXX compile features - done
[0.704s] -- Found ament_cmake: 1.1.6 (/opt/ros/galactic/share/ament_cmake/cmake)
[0.704s] -- Found PythonInterp: /usr/bin/python3 (found suitable version "3.8.10", minimum required is "3") 
[0.704s] -- Using PYTHON_EXECUTABLE: /usr/bin/python3
[0.704s] -- Found rclcpp: 9.2.2 (/opt/ros/galactic/share/rclcpp/cmake)
[0.704s] -- Using all available rosidl_typesupport_c: rosidl_typesupport_fastrtps_c;rosidl_typesupport_introspection_c
[0.704s] -- Found rosidl_adapter: 2.2.3 (/opt/ros/galactic/share/rosidl_adapter/cmake)
[0.704s] -- Found OpenSSL: /usr/lib/x86_64-linux-gnu/libcrypto.so (found version "1.1.1f")  
[0.704s] -- Found FastRTPS: /opt/ros/galactic/include  
[0.704s] -- Using all available rosidl_typesupport_cpp: rosidl_typesupport_fastrtps_cpp;rosidl_typesupport_introspection_cpp
[0.713s] -- Found rmw_implementation_cmake: 3.3.1 (/opt/ros/galactic/share/rmw_implementation_cmake/cmake)
[0.714s] -- Found rmw_cyclonedds_cpp: 0.22.6 (/opt/ros/galactic/share/rmw_cyclonedds_cpp/cmake)
[0.734s] -- Using RMW implementation 'rmw_cyclonedds_cpp' as default
[0.735s] -- Looking for pthread.h
[0.818s] -- Looking for pthread.h - found
[0.818s] -- Performing Test CMAKE_HAVE_LIBC_PTHREAD
[0.876s] -- Performing Test CMAKE_HAVE_LIBC_PTHREAD - Failed
[0.876s] -- Looking for pthread_create in pthreads
[0.913s] -- Looking for pthread_create in pthreads - not found
[0.913s] -- Looking for pthread_create in pthread
[0.979s] -- Looking for pthread_create in pthread - found
[0.979s] -- Found Threads: TRUE  
[1.136s] -- Found rclcpp_components: 9.2.2 (/opt/ros/galactic/share/rclcpp_components/cmake)
[1.195s] -- Found rviz_ogre_vendor: 8.5.2 (/opt/ros/galactic/share/rviz_ogre_vendor/cmake)
[1.195s] -- Setting OGRE_DIR to: '/opt/ros/galactic/share/rviz_ogre_vendor/cmake/../../../opt/rviz_ogre_vendor/lib/OGRE/cmake'
[1.197s] -- Found OGRE
[1.197s] --   static     : OFF
[1.197s] --   components : HLMS;MeshLodGenerator;Overlay;Paging;Property;RTShaderSystem;Terrain;Volume
[1.197s] --   plugins    : Plugin_BSPSceneManager;Plugin_OctreeSceneManager;Plugin_PCZSceneManager;Plugin_ParticleFX;RenderSystem_GL;RenderSystem_GL3Plus;Codec_STBI
[1.197s] --   media      : /opt/ros/galactic/opt/rviz_ogre_vendor/share/OGRE/Media
[1.197s] -- OGRE_LIBRARIES: OgreHLMS;OgreMeshLodGenerator;OgreOverlay;OgrePaging;OgreProperty;OgreRTShaderSystem;OgreTerrain;OgreVolume;OgreMain
[1.197s] -- OGRE_LIBRARY_DIRS: /opt/ros/galactic/opt/rviz_ogre_vendor/lib
[1.198s] -- OGRE_PLUGINS: Plugin_BSPSceneManager;Plugin_OctreeSceneManager;Plugin_PCZSceneManager;Plugin_ParticleFX;RenderSystem_GL;RenderSystem_GL3Plus;Codec_STBI
[1.198s] -- OGRE_PLUGIN_DIR: /opt/ros/galactic/opt/rviz_ogre_vendor/lib/OGRE
[1.198s] -- rviz_ogre_vendor::OgreOverlay for IMPORTED_LOCATION_RELEASE: /opt/ros/galactic/opt/rviz_ogre_vendor/lib/libOgreOverlay.so
[1.198s] -- rviz_ogre_vendor::OgreOverlay for IMPORTED_LOCATION_DEBUG: /opt/ros/galactic/opt/rviz_ogre_vendor/lib/libOgreOverlay.so
[1.198s] -- rviz_ogre_vendor::OgreMain for IMPORTED_LOCATION_RELEASE: /opt/ros/galactic/opt/rviz_ogre_vendor/lib/libOgreMain.so
[1.198s] -- rviz_ogre_vendor::OgreMain for IMPORTED_LOCATION_DEBUG: /opt/ros/galactic/opt/rviz_ogre_vendor/lib/libOgreMain.so
[1.200s] -- Could not find freeimage library
[1.218s] -- Found ZLIB: /usr/lib/x86_64-linux-gnu/libz.so (found version "1.2.11") 
[1.222s] -- Found OpenGL: /usr/lib/x86_64-linux-gnu/libOpenGL.so   
[1.329s] -- Found X11: /usr/include   
[1.329s] -- Looking for XOpenDisplay in /usr/lib/x86_64-linux-gnu/libX11.so;/usr/lib/x86_64-linux-gnu/libXext.so
[1.440s] -- Looking for XOpenDisplay in /usr/lib/x86_64-linux-gnu/libX11.so;/usr/lib/x86_64-linux-gnu/libXext.so - found
[1.440s] -- Looking for gethostbyname
[1.561s] -- Looking for gethostbyname - found
[1.561s] -- Looking for connect
[1.690s] -- Looking for connect - found
[1.690s] -- Looking for remove
[1.789s] -- Looking for remove - found
[1.794s] -- Looking for shmat
[1.911s] -- Looking for shmat - found
[1.911s] -- Looking for IceConnectionNumber in ICE
[2.029s] -- Looking for IceConnectionNumber in ICE - found
[2.029s] -- rviz_ogre_vendor::RenderSystem_GL for IMPORTED_LOCATION_RELEASE: _render_system_gl_static_library_abs-NOTFOUND
[2.029s] -- rviz_ogre_vendor::RenderSystem_GL for IMPORTED_LOCATION_DEBUG: _render_system_gl_static_library_abs-NOTFOUND
[2.029s] -- Found sensor_msgs: 2.2.4 (/opt/ros/galactic/share/sensor_msgs/cmake)
[2.188s] -- Found shape_msgs: 2.2.4 (/opt/ros/galactic/share/shape_msgs/cmake)
[2.264s] -- Found visualization_msgs: 2.2.4 (/opt/ros/galactic/share/visualization_msgs/cmake)
[2.346s] -- Found trajectory_msgs: 2.2.4 (/opt/ros/galactic/share/trajectory_msgs/cmake)
[2.424s] -- Found eigen3_cmake_module: 0.1.1 (/opt/ros/galactic/share/eigen3_cmake_module/cmake)
[2.426s] -- Found eigen_stl_containers: 1.0.0 (/opt/ros/galactic/share/eigen_stl_containers/cmake)
[2.430s] -- Found Eigen3: TRUE (found version "3.3.7") 
[2.440s] -- Found PkgConfig: /usr/bin/pkg-config (found version "0.29.1") 
[2.442s] -- Found tf2: 0.17.5 (/opt/ros/galactic/share/tf2/cmake)
[2.454s] -- Found tf2_eigen: 0.17.5 (/opt/ros/galactic/share/tf2_eigen/cmake)
[2.781s] -- Found tf2_geometry_msgs: 0.17.5 (/opt/ros/galactic/share/tf2_geometry_msgs/cmake)
[2.820s] -- Found pluginlib: 5.0.1 (/opt/ros/galactic/share/pluginlib/cmake)
[2.840s] -- Found interactive_markers: 2.2.0 (/opt/ros/galactic/share/interactive_markers/cmake)
[2.866s] -- Found rviz_common: 8.5.2 (/opt/ros/galactic/share/rviz_common/cmake)
[2.888s] -- library: libassimp.so.5
[3.356s] -- library: /usr/lib/x86_64-linux-gnu/libcurl.so
[3.555s] -- Found rviz_default_plugins: 8.5.2 (/opt/ros/galactic/share/rviz_default_plugins/cmake)
[4.244s] -- Found ament_cmake_gtest: 1.1.6 (/opt/ros/galactic/share/ament_cmake_gtest/cmake)
[4.247s] -- Found gtest sources under '/opt/ros/galactic/src/gtest_vendor': C++ tests using 'Google Test' will be built
[4.251s] -- Check if compiler accepts -pthread
[4.399s] -- Check if compiler accepts -pthread - yes
[4.510s] -- Configuring done
[4.688s] -- Generating done
[4.693s] -- Build files have been written to: /home/prakt3/praktikum_ws/build/rviz_visual_tools
[4.710s] Invoked command in '/home/prakt3/praktikum_ws/build/rviz_visual_tools' returned '0': CMAKE_PREFIX_PATH=${CMAKE_PREFIX_PATH}:/opt/ros/galactic /usr/bin/cmake /home/prakt3/praktikum_ws/src/rviz_visual_tools -DCMAKE_INSTALL_PREFIX=/home/prakt3/praktikum_ws/install/rviz_visual_tools
[4.711s] Invoking command in '/home/prakt3/praktikum_ws/build/rviz_visual_tools': CMAKE_PREFIX_PATH=${CMAKE_PREFIX_PATH}:/opt/ros/galactic /usr/bin/cmake --build /home/prakt3/praktikum_ws/build/rviz_visual_tools -- -j12 -l12
[4.812s] [35m[1mScanning dependencies of target rviz_visual_tools_remote_control_autogen[0m
[4.823s] [35m[1mScanning dependencies of target gtest_autogen[0m
[4.831s] [35m[1mScanning dependencies of target rviz_visual_tools_gui_autogen[0m
[4.842s] [35m[1mScanning dependencies of target gtest_main_autogen[0m
[4.851s] [  2%] [34m[1mAutomatic MOC for target rviz_visual_tools_remote_control[0m
[4.860s] [  5%] [34m[1mAutomatic MOC for target rviz_visual_tools_gui[0m
[4.872s] [  7%] [34m[1mAutomatic MOC for target gtest[0m
[4.894s] [ 10%] [34m[1mAutomatic MOC for target gtest_main[0m
[4.901s] [ 10%] Built target rviz_visual_tools_remote_control_autogen
[4.941s] [35m[1mScanning dependencies of target rviz_visual_tools_remote_control[0m
[4.974s] [ 10%] Built target gtest_autogen
[4.981s] [ 10%] Built target gtest_main_autogen
[5.032s] [ 12%] [32mBuilding CXX object CMakeFiles/rviz_visual_tools_remote_control.dir/rviz_visual_tools_remote_control_autogen/mocs_compilation.cpp.o[0m
[5.032s] [ 15%] [32mBuilding CXX object CMakeFiles/rviz_visual_tools_remote_control.dir/src/remote_control.cpp.o[0m
[5.033s] [35m[1mScanning dependencies of target gtest[0m
[5.037s] [35m[1mScanning dependencies of target gtest_main[0m
[5.075s] [ 15%] Built target rviz_visual_tools_gui_autogen
[5.083s] [ 20%] [32mBuilding CXX object gtest/CMakeFiles/gtest.dir/src/gtest-all.cc.o[0m
[5.087s] [ 20%] [32mBuilding CXX object gtest/CMakeFiles/gtest.dir/gtest_autogen/mocs_compilation.cpp.o[0m
[5.088s] [ 23%] [32mBuilding CXX object gtest/CMakeFiles/gtest_main.dir/src/gtest_main.cc.o[0m
[5.093s] [ 25%] [32mBuilding CXX object gtest/CMakeFiles/gtest_main.dir/gtest_main_autogen/mocs_compilation.cpp.o[0m
[5.096s] [35m[1mScanning dependencies of target rviz_visual_tools_gui[0m
[5.250s] [ 28%] [32mBuilding CXX object CMakeFiles/rviz_visual_tools_gui.dir/src/rviz_visual_tools_gui.cpp.o[0m
[5.256s] [ 30%] [32mBuilding CXX object CMakeFiles/rviz_visual_tools_gui.dir/rviz_visual_tools_gui_autogen/mocs_compilation.cpp.o[0m
[5.272s] [ 33%] [32mBuilding CXX object CMakeFiles/rviz_visual_tools_gui.dir/src/key_tool.cpp.o[0m
[5.286s] [ 35%] [32mBuilding CXX object CMakeFiles/rviz_visual_tools_gui.dir/src/remote_control.cpp.o[0m
[6.231s] [ 38%] [32m[1mLinking CXX static library libgtest_main.a[0m
[6.383s] [ 38%] Built target gtest_main
[8.880s] [ 41%] [32m[1mLinking CXX static library libgtest.a[0m
[8.969s] [ 41%] Built target gtest
[11.767s] [ 43%] [32m[1mLinking CXX shared library librviz_visual_tools_remote_control.so[0m
[12.383s] [ 43%] Built target rviz_visual_tools_remote_control
[12.434s] [35m[1mScanning dependencies of target rviz_visual_tools_autogen[0m
[12.499s] [ 46%] [34m[1mAutomatic MOC for target rviz_visual_tools[0m
[12.591s] [ 46%] Built target rviz_visual_tools_autogen
[12.639s] [35m[1mScanning dependencies of target rviz_visual_tools[0m
[12.799s] [ 48%] [32mBuilding CXX object CMakeFiles/rviz_visual_tools.dir/rviz_visual_tools_autogen/mocs_compilation.cpp.o[0m
[12.824s] [ 51%] [32mBuilding CXX object CMakeFiles/rviz_visual_tools.dir/src/rviz_visual_tools.cpp.o[0m
[12.837s] [ 53%] [32mBuilding CXX object CMakeFiles/rviz_visual_tools.dir/src/tf_visual_tools.cpp.o[0m
[12.860s] [ 56%] [32m[1mLinking CXX shared library librviz_visual_tools_gui.so[0m
[15.117s] [ 56%] Built target rviz_visual_tools_gui
[29.258s] [ 58%] [32m[1mLinking CXX shared library librviz_visual_tools.so[0m
[30.195s] [ 58%] Built target rviz_visual_tools
[30.204s] [35m[1mScanning dependencies of target rviz_visual_tools_demo_autogen[0m
[30.205s] [35m[1mScanning dependencies of target rviz_visual_tools_rvt_test_autogen[0m
[30.206s] [35m[1mScanning dependencies of target rviz_visual_tools_imarker_simple_autogen[0m
[30.214s] [ 66%] [34m[1mAutomatic MOC for target rviz_visual_tools_rvt_test[0m
[30.214s] [ 66%] [34m[1mAutomatic MOC for target rviz_visual_tools_imarker_simple[0m
[30.214s] [ 66%] [34m[1mAutomatic MOC for target rviz_visual_tools_demo[0m
[30.233s] [ 66%] Built target rviz_visual_tools_demo_autogen
[30.233s] [ 66%] Built target rviz_visual_tools_rvt_test_autogen
[30.234s] [ 66%] Built target rviz_visual_tools_imarker_simple_autogen
[30.243s] [35m[1mScanning dependencies of target rviz_visual_tools_imarker_simple[0m
[30.243s] [35m[1mScanning dependencies of target rviz_visual_tools_rvt_test[0m
[30.243s] [35m[1mScanning dependencies of target rviz_visual_tools_demo[0m
[30.304s] [ 69%] [32mBuilding CXX object CMakeFiles/rviz_visual_tools_demo.dir/rviz_visual_tools_demo_autogen/mocs_compilation.cpp.o[0m
[30.309s] [ 71%] [32mBuilding CXX object CMakeFiles/rviz_visual_tools_demo.dir/src/rviz_visual_tools_demo.cpp.o[0m
[30.310s] [ 74%] [32mBuilding CXX object CMakeFiles/rviz_visual_tools_imarker_simple.dir/rviz_visual_tools_imarker_simple_autogen/mocs_compilation.cpp.o[0m
[30.310s] [ 76%] [32mBuilding CXX object CMakeFiles/rviz_visual_tools_rvt_test.dir/tests/rvt_test.cpp.o[0m
[30.312s] [ 79%] [32mBuilding CXX object CMakeFiles/rviz_visual_tools_imarker_simple.dir/src/imarker_simple.cpp.o[0m
[30.316s] [ 82%] [32mBuilding CXX object CMakeFiles/rviz_visual_tools_rvt_test.dir/rviz_visual_tools_rvt_test_autogen/mocs_compilation.cpp.o[0m
[32.452s] [ 84%] [32m[1mLinking CXX shared library librviz_visual_tools_imarker_simple.so[0m
[32.669s] [ 84%] Built target rviz_visual_tools_imarker_simple
[32.675s] [35m[1mScanning dependencies of target rviz_visual_tools_imarker_simple_demo_autogen[0m
[32.682s] [ 87%] [34m[1mAutomatic MOC for target rviz_visual_tools_imarker_simple_demo[0m
[32.692s] [ 87%] Built target rviz_visual_tools_imarker_simple_demo_autogen
[32.698s] [35m[1mScanning dependencies of target rviz_visual_tools_imarker_simple_demo[0m
[32.732s] [ 89%] [32mBuilding CXX object CMakeFiles/rviz_visual_tools_imarker_simple_demo.dir/rviz_visual_tools_imarker_simple_demo_autogen/mocs_compilation.cpp.o[0m
[32.737s] [ 92%] [32mBuilding CXX object CMakeFiles/rviz_visual_tools_imarker_simple_demo.dir/src/imarker_simple_demo.cpp.o[0m
[32.818s] [ 94%] [32m[1mLinking CXX executable rviz_visual_tools_demo[0m
[33.075s] [ 94%] Built target rviz_visual_tools_demo
[34.099s] [ 97%] [32m[1mLinking CXX executable rviz_visual_tools_rvt_test[0m
[34.422s] [ 97%] Built target rviz_visual_tools_rvt_test
[34.706s] [100%] [32m[1mLinking CXX executable rviz_visual_tools_imarker_simple_demo[0m
[34.989s] [100%] Built target rviz_visual_tools_imarker_simple_demo
