[0.101s] Invoking command in '/home/prakt3/praktikum_ws/build/moveit_resources_fanuc_moveit_config': AMENT_PREFIX_PATH=/home/prakt3/praktikum_ws/install/moveit_resources_fanuc_description:${AMENT_PREFIX_PATH} CMAKE_PREFIX_PATH=/home/prakt3/praktikum_ws/install/moveit_resources_fanuc_description:/opt/ros/galactic /usr/bin/cmake --build /home/prakt3/praktikum_ws/build/moveit_resources_fanuc_moveit_config -- -j12 -l12
[0.349s] Invoked command in '/home/prakt3/praktikum_ws/build/moveit_resources_fanuc_moveit_config' returned '0': AMENT_PREFIX_PATH=/home/prakt3/praktikum_ws/install/moveit_resources_fanuc_description:${AMENT_PREFIX_PATH} CMAKE_PREFIX_PATH=/home/prakt3/praktikum_ws/install/moveit_resources_fanuc_description:/opt/ros/galactic /usr/bin/cmake --build /home/prakt3/praktikum_ws/build/moveit_resources_fanuc_moveit_config -- -j12 -l12
[0.417s] Invoking command in '/home/prakt3/praktikum_ws/build/moveit_resources_fanuc_moveit_config': AMENT_PREFIX_PATH=/home/prakt3/praktikum_ws/install/moveit_resources_fanuc_description:${AMENT_PREFIX_PATH} CMAKE_PREFIX_PATH=/home/prakt3/praktikum_ws/install/moveit_resources_fanuc_description:/opt/ros/galactic /usr/bin/cmake --install /home/prakt3/praktikum_ws/build/moveit_resources_fanuc_moveit_config
[0.628s] -- Install configuration: ""
[0.628s] -- Up-to-date: /home/prakt3/praktikum_ws/install/moveit_resources_fanuc_moveit_config/share/ament_index/resource_index/package_run_dependencies/moveit_resources_fanuc_moveit_config
[0.628s] -- Up-to-date: /home/prakt3/praktikum_ws/install/moveit_resources_fanuc_moveit_config/share/ament_index/resource_index/parent_prefix_path/moveit_resources_fanuc_moveit_config
[0.628s] -- Up-to-date: /home/prakt3/praktikum_ws/install/moveit_resources_fanuc_moveit_config/share/moveit_resources_fanuc_moveit_config/environment/ament_prefix_path.sh
[0.628s] -- Up-to-date: /home/prakt3/praktikum_ws/install/moveit_resources_fanuc_moveit_config/share/moveit_resources_fanuc_moveit_config/environment/ament_prefix_path.dsv
[0.628s] -- Up-to-date: /home/prakt3/praktikum_ws/install/moveit_resources_fanuc_moveit_config/share/moveit_resources_fanuc_moveit_config/environment/path.sh
[0.628s] -- Up-to-date: /home/prakt3/praktikum_ws/install/moveit_resources_fanuc_moveit_config/share/moveit_resources_fanuc_moveit_config/environment/path.dsv
[0.628s] -- Up-to-date: /home/prakt3/praktikum_ws/install/moveit_resources_fanuc_moveit_config/share/moveit_resources_fanuc_moveit_config/local_setup.bash
[0.628s] -- Up-to-date: /home/prakt3/praktikum_ws/install/moveit_resources_fanuc_moveit_config/share/moveit_resources_fanuc_moveit_config/local_setup.sh
[0.628s] -- Up-to-date: /home/prakt3/praktikum_ws/install/moveit_resources_fanuc_moveit_config/share/moveit_resources_fanuc_moveit_config/local_setup.zsh
[0.628s] -- Up-to-date: /home/prakt3/praktikum_ws/install/moveit_resources_fanuc_moveit_config/share/moveit_resources_fanuc_moveit_config/local_setup.dsv
[0.628s] -- Installing: /home/prakt3/praktikum_ws/install/moveit_resources_fanuc_moveit_config/share/moveit_resources_fanuc_moveit_config/package.dsv
[0.629s] -- Up-to-date: /home/prakt3/praktikum_ws/install/moveit_resources_fanuc_moveit_config/share/ament_index/resource_index/packages/moveit_resources_fanuc_moveit_config
[0.629s] -- Up-to-date: /home/prakt3/praktikum_ws/install/moveit_resources_fanuc_moveit_config/share/moveit_resources_fanuc_moveit_config/cmake/moveit_resources_fanuc_moveit_configConfig.cmake
[0.629s] -- Up-to-date: /home/prakt3/praktikum_ws/install/moveit_resources_fanuc_moveit_config/share/moveit_resources_fanuc_moveit_config/cmake/moveit_resources_fanuc_moveit_configConfig-version.cmake
[0.629s] -- Up-to-date: /home/prakt3/praktikum_ws/install/moveit_resources_fanuc_moveit_config/share/moveit_resources_fanuc_moveit_config/package.xml
[0.629s] -- Up-to-date: /home/prakt3/praktikum_ws/install/moveit_resources_fanuc_moveit_config/share/moveit_resources_fanuc_moveit_config/launch
[0.629s] -- Up-to-date: /home/prakt3/praktikum_ws/install/moveit_resources_fanuc_moveit_config/share/moveit_resources_fanuc_moveit_config/launch/fanuc_moveit_sensor_manager.launch.xml
[0.629s] -- Up-to-date: /home/prakt3/praktikum_ws/install/moveit_resources_fanuc_moveit_config/share/moveit_resources_fanuc_moveit_config/launch/warehouse_settings.launch.xml
[0.629s] -- Up-to-date: /home/prakt3/praktikum_ws/install/moveit_resources_fanuc_moveit_config/share/moveit_resources_fanuc_moveit_config/launch/ompl_planning_pipeline.launch.xml
[0.629s] -- Up-to-date: /home/prakt3/praktikum_ws/install/moveit_resources_fanuc_moveit_config/share/moveit_resources_fanuc_moveit_config/launch/run_benchmark_ompl.launch
[0.629s] -- Up-to-date: /home/prakt3/praktikum_ws/install/moveit_resources_fanuc_moveit_config/share/moveit_resources_fanuc_moveit_config/launch/fanuc_moveit_controller_manager.launch.xml
[0.629s] -- Up-to-date: /home/prakt3/praktikum_ws/install/moveit_resources_fanuc_moveit_config/share/moveit_resources_fanuc_moveit_config/launch/joystick_control.launch
[0.629s] -- Up-to-date: /home/prakt3/praktikum_ws/install/moveit_resources_fanuc_moveit_config/share/moveit_resources_fanuc_moveit_config/launch/ros_controllers.launch
[0.629s] -- Up-to-date: /home/prakt3/praktikum_ws/install/moveit_resources_fanuc_moveit_config/share/moveit_resources_fanuc_moveit_config/launch/demo_chomp.launch
[0.629s] -- Up-to-date: /home/prakt3/praktikum_ws/install/moveit_resources_fanuc_moveit_config/share/moveit_resources_fanuc_moveit_config/launch/moveit.rviz
[0.629s] -- Up-to-date: /home/prakt3/praktikum_ws/install/moveit_resources_fanuc_moveit_config/share/moveit_resources_fanuc_moveit_config/launch/demo.launch
[0.629s] -- Up-to-date: /home/prakt3/praktikum_ws/install/moveit_resources_fanuc_moveit_config/share/moveit_resources_fanuc_moveit_config/launch/warehouse.launch
[0.629s] -- Up-to-date: /home/prakt3/praktikum_ws/install/moveit_resources_fanuc_moveit_config/share/moveit_resources_fanuc_moveit_config/launch/gazebo.launch
[0.629s] -- Up-to-date: /home/prakt3/praktikum_ws/install/moveit_resources_fanuc_moveit_config/share/moveit_resources_fanuc_moveit_config/launch/planning_pipeline.launch.xml
[0.629s] -- Up-to-date: /home/prakt3/praktikum_ws/install/moveit_resources_fanuc_moveit_config/share/moveit_resources_fanuc_moveit_config/launch/test_environment.launch
[0.629s] -- Up-to-date: /home/prakt3/praktikum_ws/install/moveit_resources_fanuc_moveit_config/share/moveit_resources_fanuc_moveit_config/launch/fake_moveit_controller_manager.launch.xml
[0.629s] -- Up-to-date: /home/prakt3/praktikum_ws/install/moveit_resources_fanuc_moveit_config/share/moveit_resources_fanuc_moveit_config/launch/move_group.launch
[0.629s] -- Up-to-date: /home/prakt3/praktikum_ws/install/moveit_resources_fanuc_moveit_config/share/moveit_resources_fanuc_moveit_config/launch/planning_context.launch
[0.629s] -- Up-to-date: /home/prakt3/praktikum_ws/install/moveit_resources_fanuc_moveit_config/share/moveit_resources_fanuc_moveit_config/launch/moveit_rviz.launch
[0.629s] -- Up-to-date: /home/prakt3/praktikum_ws/install/moveit_resources_fanuc_moveit_config/share/moveit_resources_fanuc_moveit_config/launch/sensor_manager.launch.xml
[0.630s] -- Up-to-date: /home/prakt3/praktikum_ws/install/moveit_resources_fanuc_moveit_config/share/moveit_resources_fanuc_moveit_config/launch/demo_gazebo.launch
[0.630s] -- Up-to-date: /home/prakt3/praktikum_ws/install/moveit_resources_fanuc_moveit_config/share/moveit_resources_fanuc_moveit_config/launch/default_warehouse_db.launch
[0.630s] -- Up-to-date: /home/prakt3/praktikum_ws/install/moveit_resources_fanuc_moveit_config/share/moveit_resources_fanuc_moveit_config/launch/chomp_planning_pipeline.launch.xml
[0.630s] -- Up-to-date: /home/prakt3/praktikum_ws/install/moveit_resources_fanuc_moveit_config/share/moveit_resources_fanuc_moveit_config/launch/trajectory_execution.launch.xml
[0.630s] -- Up-to-date: /home/prakt3/praktikum_ws/install/moveit_resources_fanuc_moveit_config/share/moveit_resources_fanuc_moveit_config/config
[0.630s] -- Up-to-date: /home/prakt3/praktikum_ws/install/moveit_resources_fanuc_moveit_config/share/moveit_resources_fanuc_moveit_config/config/cartesian_limits.yaml
[0.630s] -- Up-to-date: /home/prakt3/praktikum_ws/install/moveit_resources_fanuc_moveit_config/share/moveit_resources_fanuc_moveit_config/config/ompl_planning.yaml
[0.630s] -- Up-to-date: /home/prakt3/praktikum_ws/install/moveit_resources_fanuc_moveit_config/share/moveit_resources_fanuc_moveit_config/config/fanuc.srdf
[0.630s] -- Up-to-date: /home/prakt3/praktikum_ws/install/moveit_resources_fanuc_moveit_config/share/moveit_resources_fanuc_moveit_config/config/sensors_3d.yaml
[0.630s] -- Up-to-date: /home/prakt3/praktikum_ws/install/moveit_resources_fanuc_moveit_config/share/moveit_resources_fanuc_moveit_config/config/joint_limits.yaml
[0.630s] -- Up-to-date: /home/prakt3/praktikum_ws/install/moveit_resources_fanuc_moveit_config/share/moveit_resources_fanuc_moveit_config/config/kinematics.yaml
[0.630s] -- Up-to-date: /home/prakt3/praktikum_ws/install/moveit_resources_fanuc_moveit_config/share/moveit_resources_fanuc_moveit_config/config/chomp_planning.yaml
[0.630s] -- Up-to-date: /home/prakt3/praktikum_ws/install/moveit_resources_fanuc_moveit_config/share/moveit_resources_fanuc_moveit_config/config/fake_controllers.yaml
[0.630s] -- Up-to-date: /home/prakt3/praktikum_ws/install/moveit_resources_fanuc_moveit_config/share/moveit_resources_fanuc_moveit_config/config/ros_controllers.yaml
[0.630s] -- Up-to-date: /home/prakt3/praktikum_ws/install/moveit_resources_fanuc_moveit_config/share/moveit_resources_fanuc_moveit_config/.setup_assistant
[0.784s] Invoked command in '/home/prakt3/praktikum_ws/build/moveit_resources_fanuc_moveit_config' returned '0': AMENT_PREFIX_PATH=/home/prakt3/praktikum_ws/install/moveit_resources_fanuc_description:${AMENT_PREFIX_PATH} CMAKE_PREFIX_PATH=/home/prakt3/praktikum_ws/install/moveit_resources_fanuc_description:/opt/ros/galactic /usr/bin/cmake --install /home/prakt3/praktikum_ws/build/moveit_resources_fanuc_moveit_config
