[0.042s] Invoking command in '/home/prakt3/praktikum_ws/build/vrpn_client_ros': CMAKE_PREFIX_PATH=${CMAKE_PREFIX_PATH}:/home/prakt3/praktikum_ws/install/trajectory:/home/prakt3/praktikum_ws/install/tracking_service:/home/prakt3/praktikum_ws/install/robprakt:/home/prakt3/praktikum_ws/install/picture_to_points_service:/home/prakt3/praktikum_ws/install/move_it_service_python:/home/prakt3/praktikum_ws/install/move_client:/home/prakt3/praktikum_ws/install/launch_param_builder:/opt/ros/galactic /usr/bin/cmake --build /home/prakt3/praktikum_ws/build/vrpn_client_ros -- -j12 -l12
[0.152s] [ 42%] Built target vrpn_client_ros
[0.195s] [ 71%] Built target vrpn_tracker_node
[0.199s] [100%] Built target vrpn_client_node
[0.362s] Invoked command in '/home/prakt3/praktikum_ws/build/vrpn_client_ros' returned '0': CMAKE_PREFIX_PATH=${CMAKE_PREFIX_PATH}:/home/prakt3/praktikum_ws/install/trajectory:/home/prakt3/praktikum_ws/install/tracking_service:/home/prakt3/praktikum_ws/install/robprakt:/home/prakt3/praktikum_ws/install/picture_to_points_service:/home/prakt3/praktikum_ws/install/move_it_service_python:/home/prakt3/praktikum_ws/install/move_client:/home/prakt3/praktikum_ws/install/launch_param_builder:/opt/ros/galactic /usr/bin/cmake --build /home/prakt3/praktikum_ws/build/vrpn_client_ros -- -j12 -l12
[0.437s] Invoking command in '/home/prakt3/praktikum_ws/build/vrpn_client_ros': CMAKE_PREFIX_PATH=${CMAKE_PREFIX_PATH}:/home/prakt3/praktikum_ws/install/trajectory:/home/prakt3/praktikum_ws/install/tracking_service:/home/prakt3/praktikum_ws/install/robprakt:/home/prakt3/praktikum_ws/install/picture_to_points_service:/home/prakt3/praktikum_ws/install/move_it_service_python:/home/prakt3/praktikum_ws/install/move_client:/home/prakt3/praktikum_ws/install/launch_param_builder:/opt/ros/galactic /usr/bin/cmake --install /home/prakt3/praktikum_ws/build/vrpn_client_ros
[0.493s] -- Install configuration: ""
[0.493s] -- Up-to-date: /home/prakt3/praktikum_ws/install/vrpn_client_ros/share/vrpn_client_ros//launch
[0.494s] -- Up-to-date: /home/prakt3/praktikum_ws/install/vrpn_client_ros/share/vrpn_client_ros//launch/sample.launch.py
[0.494s] -- Up-to-date: /home/prakt3/praktikum_ws/install/vrpn_client_ros/share/vrpn_client_ros//config
[0.494s] -- Up-to-date: /home/prakt3/praktikum_ws/install/vrpn_client_ros/share/vrpn_client_ros//config/sample.params.yaml
[0.494s] -- Up-to-date: /home/prakt3/praktikum_ws/install/vrpn_client_ros/share/vrpn_client_ros//config/sample.params.yaml~
[0.494s] -- Up-to-date: /home/prakt3/praktikum_ws/install/vrpn_client_ros/share/vrpn_client_ros//config/rob_optitrack.params.yaml
[0.494s] -- Up-to-date: /home/prakt3/praktikum_ws/install/vrpn_client_ros/lib/libvrpn_client_ros.a
[0.494s] -- Up-to-date: /home/prakt3/praktikum_ws/install/vrpn_client_ros/lib/vrpn_client_ros/vrpn_tracker_node
[0.494s] -- Up-to-date: /home/prakt3/praktikum_ws/install/vrpn_client_ros/lib/vrpn_client_ros/vrpn_client_node
[0.494s] -- Up-to-date: /home/prakt3/praktikum_ws/install/vrpn_client_ros/share/ament_index/resource_index/package_run_dependencies/vrpn_client_ros
[0.494s] -- Up-to-date: /home/prakt3/praktikum_ws/install/vrpn_client_ros/share/ament_index/resource_index/parent_prefix_path/vrpn_client_ros
[0.494s] -- Up-to-date: /home/prakt3/praktikum_ws/install/vrpn_client_ros/share/vrpn_client_ros/environment/ament_prefix_path.sh
[0.494s] -- Up-to-date: /home/prakt3/praktikum_ws/install/vrpn_client_ros/share/vrpn_client_ros/environment/ament_prefix_path.dsv
[0.494s] -- Up-to-date: /home/prakt3/praktikum_ws/install/vrpn_client_ros/share/vrpn_client_ros/environment/path.sh
[0.494s] -- Up-to-date: /home/prakt3/praktikum_ws/install/vrpn_client_ros/share/vrpn_client_ros/environment/path.dsv
[0.494s] -- Up-to-date: /home/prakt3/praktikum_ws/install/vrpn_client_ros/share/vrpn_client_ros/local_setup.bash
[0.494s] -- Up-to-date: /home/prakt3/praktikum_ws/install/vrpn_client_ros/share/vrpn_client_ros/local_setup.sh
[0.494s] -- Up-to-date: /home/prakt3/praktikum_ws/install/vrpn_client_ros/share/vrpn_client_ros/local_setup.zsh
[0.494s] -- Up-to-date: /home/prakt3/praktikum_ws/install/vrpn_client_ros/share/vrpn_client_ros/local_setup.dsv
[0.494s] -- Installing: /home/prakt3/praktikum_ws/install/vrpn_client_ros/share/vrpn_client_ros/package.dsv
[0.494s] -- Up-to-date: /home/prakt3/praktikum_ws/install/vrpn_client_ros/share/ament_index/resource_index/packages/vrpn_client_ros
[0.494s] -- Up-to-date: /home/prakt3/praktikum_ws/install/vrpn_client_ros/share/vrpn_client_ros/cmake/vrpn_client_rosConfig.cmake
[0.494s] -- Up-to-date: /home/prakt3/praktikum_ws/install/vrpn_client_ros/share/vrpn_client_ros/cmake/vrpn_client_rosConfig-version.cmake
[0.495s] -- Up-to-date: /home/prakt3/praktikum_ws/install/vrpn_client_ros/share/vrpn_client_ros/package.xml
[0.619s] Invoked command in '/home/prakt3/praktikum_ws/build/vrpn_client_ros' returned '0': CMAKE_PREFIX_PATH=${CMAKE_PREFIX_PATH}:/home/prakt3/praktikum_ws/install/trajectory:/home/prakt3/praktikum_ws/install/tracking_service:/home/prakt3/praktikum_ws/install/robprakt:/home/prakt3/praktikum_ws/install/picture_to_points_service:/home/prakt3/praktikum_ws/install/move_it_service_python:/home/prakt3/praktikum_ws/install/move_client:/home/prakt3/praktikum_ws/install/launch_param_builder:/opt/ros/galactic /usr/bin/cmake --install /home/prakt3/praktikum_ws/build/vrpn_client_ros
