[0.018s] Invoking command in '/home/prakt3/praktikum_ws/build/moveit2_tutorials': CMAKE_PREFIX_PATH=/home/prakt3/praktikum_ws/install/moveit_visual_tools:/home/prakt3/praktikum_ws/install/moveit_resources_panda_moveit_config:/home/prakt3/praktikum_ws/install/rviz_visual_tools:/home/prakt3/praktikum_ws/install/moveit_resources_panda_description:/home/prakt3/praktikum_ws/install/geometric_shapes:/home/prakt3/praktikum_ws/install/vrpn_client_ros:/home/prakt3/praktikum_ws/install/vrpn:/home/prakt3/praktikum_ws/install/ur5e_bringup:/home/prakt3/praktikum_ws/install/moveit2_tutorials:/home/prakt3/praktikum_ws/install/robprakt_interfaces:/home/prakt3/praktikum_ws/install/pymoveit2:/home/prakt3/praktikum_ws/install/moveit_resources:/home/prakt3/praktikum_ws/install/moveit_resources_pr2_description:/home/prakt3/praktikum_ws/install/moveit_resources_fanuc_moveit_config:/home/prakt3/praktikum_ws/install/moveit_resources_fanuc_description:/home/prakt3/praktikum_ws/install/move_it_service:/home/prakt3/praktikum_ws/install/moveit_msgs:/home/prakt3/praktikum_ws/install/interfaces:/home/prakt3/praktikum_ws/install/trajectory:/home/prakt3/praktikum_ws/install/tracking_service:/home/prakt3/praktikum_ws/install/robprakt:/home/prakt3/praktikum_ws/install/picture_to_points_service:/home/prakt3/praktikum_ws/install/move_it_service_python:/home/prakt3/praktikum_ws/install/move_client:/home/prakt3/praktikum_ws/install/launch_param_builder:/opt/ros/galactic LD_LIBRARY_PATH=/home/prakt3/praktikum_ws/install/moveit_visual_tools/lib:/home/prakt3/praktikum_ws/install/rviz_visual_tools/lib:/home/prakt3/praktikum_ws/install/geometric_shapes/lib:/home/prakt3/praktikum_ws/install/robprakt_interfaces/lib:/home/prakt3/praktikum_ws/install/moveit_msgs/lib:/home/prakt3/praktikum_ws/install/interfaces/lib:/opt/ros/galactic/opt/yaml_cpp_vendor/lib:/opt/ros/galactic/opt/rviz_ogre_vendor/lib:/opt/ros/galactic/lib/x86_64-linux-gnu:/opt/ros/galactic/lib /usr/bin/cmake --build /home/prakt3/praktikum_ws/build/moveit2_tutorials -- -j12 -l12
[0.101s] [ 12%] Built target servo_keyboard_input
[0.103s] [ 25%] Built target planning_scene_ros_api_tutorial
[0.109s] [ 37%] Built target motion_planning_api_tutorial
[0.110s] [ 50%] Built target moveit_cpp_tutorial
[0.110s] [ 62%] Built target robot_model_and_robot_state_tutorial
[0.114s] [ 75%] Built target servo_cpp_interface_demo
[0.114s] [ 87%] Built target planning_scene_tutorial
[0.128s] [100%] Built target move_group_interface_tutorial
[0.137s] Invoked command in '/home/prakt3/praktikum_ws/build/moveit2_tutorials' returned '0': CMAKE_PREFIX_PATH=/home/prakt3/praktikum_ws/install/moveit_visual_tools:/home/prakt3/praktikum_ws/install/moveit_resources_panda_moveit_config:/home/prakt3/praktikum_ws/install/rviz_visual_tools:/home/prakt3/praktikum_ws/install/moveit_resources_panda_description:/home/prakt3/praktikum_ws/install/geometric_shapes:/home/prakt3/praktikum_ws/install/vrpn_client_ros:/home/prakt3/praktikum_ws/install/vrpn:/home/prakt3/praktikum_ws/install/ur5e_bringup:/home/prakt3/praktikum_ws/install/moveit2_tutorials:/home/prakt3/praktikum_ws/install/robprakt_interfaces:/home/prakt3/praktikum_ws/install/pymoveit2:/home/prakt3/praktikum_ws/install/moveit_resources:/home/prakt3/praktikum_ws/install/moveit_resources_pr2_description:/home/prakt3/praktikum_ws/install/moveit_resources_fanuc_moveit_config:/home/prakt3/praktikum_ws/install/moveit_resources_fanuc_description:/home/prakt3/praktikum_ws/install/move_it_service:/home/prakt3/praktikum_ws/install/moveit_msgs:/home/prakt3/praktikum_ws/install/interfaces:/home/prakt3/praktikum_ws/install/trajectory:/home/prakt3/praktikum_ws/install/tracking_service:/home/prakt3/praktikum_ws/install/robprakt:/home/prakt3/praktikum_ws/install/picture_to_points_service:/home/prakt3/praktikum_ws/install/move_it_service_python:/home/prakt3/praktikum_ws/install/move_client:/home/prakt3/praktikum_ws/install/launch_param_builder:/opt/ros/galactic LD_LIBRARY_PATH=/home/prakt3/praktikum_ws/install/moveit_visual_tools/lib:/home/prakt3/praktikum_ws/install/rviz_visual_tools/lib:/home/prakt3/praktikum_ws/install/geometric_shapes/lib:/home/prakt3/praktikum_ws/install/robprakt_interfaces/lib:/home/prakt3/praktikum_ws/install/moveit_msgs/lib:/home/prakt3/praktikum_ws/install/interfaces/lib:/opt/ros/galactic/opt/yaml_cpp_vendor/lib:/opt/ros/galactic/opt/rviz_ogre_vendor/lib:/opt/ros/galactic/lib/x86_64-linux-gnu:/opt/ros/galactic/lib /usr/bin/cmake --build /home/prakt3/praktikum_ws/build/moveit2_tutorials -- -j12 -l12
[0.158s] Invoking command in '/home/prakt3/praktikum_ws/build/moveit2_tutorials': CMAKE_PREFIX_PATH=/home/prakt3/praktikum_ws/install/moveit_visual_tools:/home/prakt3/praktikum_ws/install/moveit_resources_panda_moveit_config:/home/prakt3/praktikum_ws/install/rviz_visual_tools:/home/prakt3/praktikum_ws/install/moveit_resources_panda_description:/home/prakt3/praktikum_ws/install/geometric_shapes:/home/prakt3/praktikum_ws/install/vrpn_client_ros:/home/prakt3/praktikum_ws/install/vrpn:/home/prakt3/praktikum_ws/install/ur5e_bringup:/home/prakt3/praktikum_ws/install/moveit2_tutorials:/home/prakt3/praktikum_ws/install/robprakt_interfaces:/home/prakt3/praktikum_ws/install/pymoveit2:/home/prakt3/praktikum_ws/install/moveit_resources:/home/prakt3/praktikum_ws/install/moveit_resources_pr2_description:/home/prakt3/praktikum_ws/install/moveit_resources_fanuc_moveit_config:/home/prakt3/praktikum_ws/install/moveit_resources_fanuc_description:/home/prakt3/praktikum_ws/install/move_it_service:/home/prakt3/praktikum_ws/install/moveit_msgs:/home/prakt3/praktikum_ws/install/interfaces:/home/prakt3/praktikum_ws/install/trajectory:/home/prakt3/praktikum_ws/install/tracking_service:/home/prakt3/praktikum_ws/install/robprakt:/home/prakt3/praktikum_ws/install/picture_to_points_service:/home/prakt3/praktikum_ws/install/move_it_service_python:/home/prakt3/praktikum_ws/install/move_client:/home/prakt3/praktikum_ws/install/launch_param_builder:/opt/ros/galactic LD_LIBRARY_PATH=/home/prakt3/praktikum_ws/install/moveit_visual_tools/lib:/home/prakt3/praktikum_ws/install/rviz_visual_tools/lib:/home/prakt3/praktikum_ws/install/geometric_shapes/lib:/home/prakt3/praktikum_ws/install/robprakt_interfaces/lib:/home/prakt3/praktikum_ws/install/moveit_msgs/lib:/home/prakt3/praktikum_ws/install/interfaces/lib:/opt/ros/galactic/opt/yaml_cpp_vendor/lib:/opt/ros/galactic/opt/rviz_ogre_vendor/lib:/opt/ros/galactic/lib/x86_64-linux-gnu:/opt/ros/galactic/lib /usr/bin/cmake --install /home/prakt3/praktikum_ws/build/moveit2_tutorials
[0.166s] -- Install configuration: "Release"
[0.166s] -- Up-to-date: /home/prakt3/praktikum_ws/install/moveit2_tutorials/share/ament_index/resource_index/package_run_dependencies/moveit2_tutorials
[0.166s] -- Up-to-date: /home/prakt3/praktikum_ws/install/moveit2_tutorials/share/ament_index/resource_index/parent_prefix_path/moveit2_tutorials
[0.166s] -- Up-to-date: /home/prakt3/praktikum_ws/install/moveit2_tutorials/share/moveit2_tutorials/environment/ament_prefix_path.sh
[0.166s] -- Up-to-date: /home/prakt3/praktikum_ws/install/moveit2_tutorials/share/moveit2_tutorials/environment/ament_prefix_path.dsv
[0.166s] -- Up-to-date: /home/prakt3/praktikum_ws/install/moveit2_tutorials/share/moveit2_tutorials/environment/path.sh
[0.167s] -- Up-to-date: /home/prakt3/praktikum_ws/install/moveit2_tutorials/share/moveit2_tutorials/environment/path.dsv
[0.167s] -- Up-to-date: /home/prakt3/praktikum_ws/install/moveit2_tutorials/share/moveit2_tutorials/local_setup.bash
[0.167s] -- Up-to-date: /home/prakt3/praktikum_ws/install/moveit2_tutorials/share/moveit2_tutorials/local_setup.sh
[0.167s] -- Up-to-date: /home/prakt3/praktikum_ws/install/moveit2_tutorials/share/moveit2_tutorials/local_setup.zsh
[0.167s] -- Up-to-date: /home/prakt3/praktikum_ws/install/moveit2_tutorials/share/moveit2_tutorials/local_setup.dsv
[0.167s] -- Installing: /home/prakt3/praktikum_ws/install/moveit2_tutorials/share/moveit2_tutorials/package.dsv
[0.167s] -- Up-to-date: /home/prakt3/praktikum_ws/install/moveit2_tutorials/share/ament_index/resource_index/packages/moveit2_tutorials
[0.167s] -- Up-to-date: /home/prakt3/praktikum_ws/install/moveit2_tutorials/share/moveit2_tutorials/cmake/ament_cmake_export_dependencies-extras.cmake
[0.167s] -- Up-to-date: /home/prakt3/praktikum_ws/install/moveit2_tutorials/share/moveit2_tutorials/cmake/ament_cmake_export_include_directories-extras.cmake
[0.167s] -- Up-to-date: /home/prakt3/praktikum_ws/install/moveit2_tutorials/share/moveit2_tutorials/cmake/moveit2_tutorialsConfig.cmake
[0.167s] -- Up-to-date: /home/prakt3/praktikum_ws/install/moveit2_tutorials/share/moveit2_tutorials/cmake/moveit2_tutorialsConfig-version.cmake
[0.167s] -- Up-to-date: /home/prakt3/praktikum_ws/install/moveit2_tutorials/share/moveit2_tutorials/package.xml
[0.167s] -- Up-to-date: /home/prakt3/praktikum_ws/install/moveit2_tutorials/share/moveit2_tutorials/launch
[0.168s] -- Up-to-date: /home/prakt3/praktikum_ws/install/moveit2_tutorials/share/moveit2_tutorials/launch/panda_moveit_config_demo_empty.rviz
[0.168s] -- Up-to-date: /home/prakt3/praktikum_ws/install/moveit2_tutorials/share/moveit2_tutorials/launch/demo.launch.py
[0.168s] -- Up-to-date: /home/prakt3/praktikum_ws/install/moveit2_tutorials/share/moveit2_tutorials/launch/panda_moveit_config_demo.rviz
[0.168s] -- Up-to-date: /home/prakt3/praktikum_ws/install/moveit2_tutorials/lib/moveit2_tutorials/motion_planning_api_tutorial
[0.168s] -- Up-to-date: /home/prakt3/praktikum_ws/install/moveit2_tutorials/share/moveit2_tutorials/launch
[0.168s] -- Up-to-date: /home/prakt3/praktikum_ws/install/moveit2_tutorials/share/moveit2_tutorials/launch/motion_planning_api_tutorial.launch.py
[0.168s] -- Up-to-date: /home/prakt3/praktikum_ws/install/moveit2_tutorials/lib/moveit2_tutorials/move_group_interface_tutorial
[0.168s] -- Up-to-date: /home/prakt3/praktikum_ws/install/moveit2_tutorials/share/moveit2_tutorials/launch
[0.168s] -- Up-to-date: /home/prakt3/praktikum_ws/install/moveit2_tutorials/share/moveit2_tutorials/launch/move_group.launch.py
[0.168s] -- Up-to-date: /home/prakt3/praktikum_ws/install/moveit2_tutorials/share/moveit2_tutorials/launch/move_group.rviz
[0.168s] -- Up-to-date: /home/prakt3/praktikum_ws/install/moveit2_tutorials/share/moveit2_tutorials/launch/move_group_interface_tutorial.launch.py
[0.168s] -- Up-to-date: /home/prakt3/praktikum_ws/install/moveit2_tutorials/lib/moveit2_tutorials/planning_scene_tutorial
[0.168s] -- Up-to-date: /home/prakt3/praktikum_ws/install/moveit2_tutorials/share/moveit2_tutorials/launch
[0.168s] -- Up-to-date: /home/prakt3/praktikum_ws/install/moveit2_tutorials/share/moveit2_tutorials/launch/planning_scene_tutorial.launch.py
[0.169s] -- Up-to-date: /home/prakt3/praktikum_ws/install/moveit2_tutorials/lib/moveit2_tutorials/planning_scene_ros_api_tutorial
[0.169s] -- Up-to-date: /home/prakt3/praktikum_ws/install/moveit2_tutorials/share/moveit2_tutorials/launch
[0.169s] -- Up-to-date: /home/prakt3/praktikum_ws/install/moveit2_tutorials/share/moveit2_tutorials/launch/planning_scene_ros_api_tutorial.launch.py
[0.169s] -- Up-to-date: /home/prakt3/praktikum_ws/install/moveit2_tutorials/lib/moveit2_tutorials/robot_model_and_robot_state_tutorial
[0.169s] -- Up-to-date: /home/prakt3/praktikum_ws/install/moveit2_tutorials/share/moveit2_tutorials/launch
[0.169s] -- Up-to-date: /home/prakt3/praktikum_ws/install/moveit2_tutorials/share/moveit2_tutorials/launch/robot_model_and_robot_state_tutorial.launch.py
[0.169s] -- Up-to-date: /home/prakt3/praktikum_ws/install/moveit2_tutorials/lib/moveit2_tutorials/moveit_cpp_tutorial
[0.170s] -- Up-to-date: /home/prakt3/praktikum_ws/install/moveit2_tutorials/share/moveit2_tutorials/launch
[0.170s] -- Up-to-date: /home/prakt3/praktikum_ws/install/moveit2_tutorials/share/moveit2_tutorials/launch/moveit_cpp_tutorial.launch.py
[0.170s] -- Up-to-date: /home/prakt3/praktikum_ws/install/moveit2_tutorials/share/moveit2_tutorials/launch/moveit_cpp_tutorial.rviz
[0.170s] -- Up-to-date: /home/prakt3/praktikum_ws/install/moveit2_tutorials/share/moveit2_tutorials/config
[0.170s] -- Up-to-date: /home/prakt3/praktikum_ws/install/moveit2_tutorials/share/moveit2_tutorials/config/moveit_cpp.yaml
[0.170s] -- Up-to-date: /home/prakt3/praktikum_ws/install/moveit2_tutorials/lib/moveit2_tutorials/servo_keyboard_input
[0.170s] -- Up-to-date: /home/prakt3/praktikum_ws/install/moveit2_tutorials/lib/moveit2_tutorials/servo_cpp_interface_demo
[0.170s] -- Up-to-date: /home/prakt3/praktikum_ws/install/moveit2_tutorials/share/moveit2_tutorials/launch
[0.171s] -- Up-to-date: /home/prakt3/praktikum_ws/install/moveit2_tutorials/share/moveit2_tutorials/launch/servo_cpp_interface_demo.launch.py
[0.171s] -- Up-to-date: /home/prakt3/praktikum_ws/install/moveit2_tutorials/share/moveit2_tutorials/config
[0.171s] -- Up-to-date: /home/prakt3/praktikum_ws/install/moveit2_tutorials/share/moveit2_tutorials/config/demo_rviz_config.rviz
[0.175s] Invoked command in '/home/prakt3/praktikum_ws/build/moveit2_tutorials' returned '0': CMAKE_PREFIX_PATH=/home/prakt3/praktikum_ws/install/moveit_visual_tools:/home/prakt3/praktikum_ws/install/moveit_resources_panda_moveit_config:/home/prakt3/praktikum_ws/install/rviz_visual_tools:/home/prakt3/praktikum_ws/install/moveit_resources_panda_description:/home/prakt3/praktikum_ws/install/geometric_shapes:/home/prakt3/praktikum_ws/install/vrpn_client_ros:/home/prakt3/praktikum_ws/install/vrpn:/home/prakt3/praktikum_ws/install/ur5e_bringup:/home/prakt3/praktikum_ws/install/moveit2_tutorials:/home/prakt3/praktikum_ws/install/robprakt_interfaces:/home/prakt3/praktikum_ws/install/pymoveit2:/home/prakt3/praktikum_ws/install/moveit_resources:/home/prakt3/praktikum_ws/install/moveit_resources_pr2_description:/home/prakt3/praktikum_ws/install/moveit_resources_fanuc_moveit_config:/home/prakt3/praktikum_ws/install/moveit_resources_fanuc_description:/home/prakt3/praktikum_ws/install/move_it_service:/home/prakt3/praktikum_ws/install/moveit_msgs:/home/prakt3/praktikum_ws/install/interfaces:/home/prakt3/praktikum_ws/install/trajectory:/home/prakt3/praktikum_ws/install/tracking_service:/home/prakt3/praktikum_ws/install/robprakt:/home/prakt3/praktikum_ws/install/picture_to_points_service:/home/prakt3/praktikum_ws/install/move_it_service_python:/home/prakt3/praktikum_ws/install/move_client:/home/prakt3/praktikum_ws/install/launch_param_builder:/opt/ros/galactic LD_LIBRARY_PATH=/home/prakt3/praktikum_ws/install/moveit_visual_tools/lib:/home/prakt3/praktikum_ws/install/rviz_visual_tools/lib:/home/prakt3/praktikum_ws/install/geometric_shapes/lib:/home/prakt3/praktikum_ws/install/robprakt_interfaces/lib:/home/prakt3/praktikum_ws/install/moveit_msgs/lib:/home/prakt3/praktikum_ws/install/interfaces/lib:/opt/ros/galactic/opt/yaml_cpp_vendor/lib:/opt/ros/galactic/opt/rviz_ogre_vendor/lib:/opt/ros/galactic/lib/x86_64-linux-gnu:/opt/ros/galactic/lib /usr/bin/cmake --install /home/prakt3/praktikum_ws/build/moveit2_tutorials
