[1.265s] Invoking command in '/home/prakt3/praktikum_ws/src/move_it_service_python': PYTHONPATH=/home/prakt3/praktikum_ws/build/move_it_service_python/prefix_override:/home/prakt3/praktikum_ws/install/move_it_service_python/lib/python3.8/site-packages:${PYTHONPATH} /usr/bin/python3 setup.py egg_info --egg-base ../../build/move_it_service_python build --build-base /home/prakt3/praktikum_ws/build/move_it_service_python/build install --record /home/prakt3/praktikum_ws/build/move_it_service_python/install.log --single-version-externally-managed
[1.462s] running egg_info
[1.462s] writing ../../build/move_it_service_python/move_it_service_python.egg-info/PKG-INFO
[1.463s] writing dependency_links to ../../build/move_it_service_python/move_it_service_python.egg-info/dependency_links.txt
[1.463s] writing entry points to ../../build/move_it_service_python/move_it_service_python.egg-info/entry_points.txt
[1.463s] writing requirements to ../../build/move_it_service_python/move_it_service_python.egg-info/requires.txt
[1.463s] writing top-level names to ../../build/move_it_service_python/move_it_service_python.egg-info/top_level.txt
[1.487s] reading manifest file '../../build/move_it_service_python/move_it_service_python.egg-info/SOURCES.txt'
[1.488s] writing manifest file '../../build/move_it_service_python/move_it_service_python.egg-info/SOURCES.txt'
[1.488s] running build
[1.488s] running build_py
[1.488s] running install
[1.489s] running install_lib
[1.491s] running install_data
[1.492s] running install_egg_info
[1.493s] removing '/home/prakt3/praktikum_ws/install/move_it_service_python/lib/python3.8/site-packages/move_it_service_python-0.0.0-py3.8.egg-info' (and everything under it)
[1.497s] Copying ../../build/move_it_service_python/move_it_service_python.egg-info to /home/prakt3/praktikum_ws/install/move_it_service_python/lib/python3.8/site-packages/move_it_service_python-0.0.0-py3.8.egg-info
[1.498s] running install_scripts
[1.513s] Installing ralf script to /home/prakt3/praktikum_ws/install/move_it_service_python/lib/move_it_service_python
[1.513s] Installing service script to /home/prakt3/praktikum_ws/install/move_it_service_python/lib/move_it_service_python
[1.513s] Installing spirale script to /home/prakt3/praktikum_ws/install/move_it_service_python/lib/move_it_service_python
[1.513s] Installing tf script to /home/prakt3/praktikum_ws/install/move_it_service_python/lib/move_it_service_python
[1.513s] writing list of installed files to '/home/prakt3/praktikum_ws/build/move_it_service_python/install.log'
[1.644s] Invoked command in '/home/prakt3/praktikum_ws/src/move_it_service_python' returned '0': PYTHONPATH=/home/prakt3/praktikum_ws/build/move_it_service_python/prefix_override:/home/prakt3/praktikum_ws/install/move_it_service_python/lib/python3.8/site-packages:${PYTHONPATH} /usr/bin/python3 setup.py egg_info --egg-base ../../build/move_it_service_python build --build-base /home/prakt3/praktikum_ws/build/move_it_service_python/build install --record /home/prakt3/praktikum_ws/build/move_it_service_python/install.log --single-version-externally-managed
