[  1%] Built target interfaces__cpp
[ 12%] Built target interfaces__rosidl_generator_c
[ 24%] Built target interfaces__rosidl_typesupport_cpp
[ 35%] Built target interfaces__rosidl_typesupport_c
[ 47%] Built target interfaces__rosidl_typesupport_introspection_cpp
[ 58%] Built target interfaces__rosidl_typesupport_introspection_c
[ 70%] Built target interfaces__rosidl_typesupport_fastrtps_cpp
[ 81%] Built target interfaces__rosidl_typesupport_fastrtps_c
[ 81%] Built target interfaces
[ 82%] Built target interfaces__py
[ 93%] Built target interfaces__python
[ 95%] Built target interfaces__rosidl_typesupport_fastrtps_c__pyext
[ 97%] Built target interfaces__rosidl_typesupport_introspection_c__pyext
[100%] Built target interfaces__rosidl_typesupport_c__pyext
-- Install configuration: ""
-- Up-to-date: /home/prakt3/praktikum_ws/install/interfaces/share/ament_index/resource_index/rosidl_interfaces/interfaces
-- Up-to-date: /home/prakt3/praktikum_ws/install/interfaces/include/interfaces
-- Up-to-date: /home/prakt3/praktikum_ws/install/interfaces/include/interfaces/srv
-- Up-to-date: /home/prakt3/praktikum_ws/install/interfaces/include/interfaces/srv/picturetopoints.h
-- Up-to-date: /home/prakt3/praktikum_ws/install/interfaces/include/interfaces/srv/move.h
-- Up-to-date: /home/prakt3/praktikum_ws/install/interfaces/include/interfaces/srv/set_ur_io.h
-- Up-to-date: /home/prakt3/praktikum_ws/install/interfaces/include/interfaces/srv/detail
-- Up-to-date: /home/prakt3/praktikum_ws/install/interfaces/include/interfaces/srv/detail/set_ur_io__functions.c
-- Up-to-date: /home/prakt3/praktikum_ws/install/interfaces/include/interfaces/srv/detail/move__type_support.h
-- Up-to-date: /home/prakt3/praktikum_ws/install/interfaces/include/interfaces/srv/detail/set_ur_io__struct.h
-- Up-to-date: /home/prakt3/praktikum_ws/install/interfaces/include/interfaces/srv/detail/set_ur_io__functions.h
-- Up-to-date: /home/prakt3/praktikum_ws/install/interfaces/include/interfaces/srv/detail/picturetopoints__type_support.h
-- Up-to-date: /home/prakt3/praktikum_ws/install/interfaces/include/interfaces/srv/detail/getpose__functions.h
-- Up-to-date: /home/prakt3/praktikum_ws/install/interfaces/include/interfaces/srv/detail/picturetopoints__struct.h
-- Up-to-date: /home/prakt3/praktikum_ws/install/interfaces/include/interfaces/srv/detail/picturetopoints__functions.c
-- Up-to-date: /home/prakt3/praktikum_ws/install/interfaces/include/interfaces/srv/detail/move__functions.h
-- Up-to-date: /home/prakt3/praktikum_ws/install/interfaces/include/interfaces/srv/detail/getpose__struct.h
-- Up-to-date: /home/prakt3/praktikum_ws/install/interfaces/include/interfaces/srv/detail/picturetopoints__functions.h
-- Up-to-date: /home/prakt3/praktikum_ws/install/interfaces/include/interfaces/srv/detail/getpose__functions.c
-- Up-to-date: /home/prakt3/praktikum_ws/install/interfaces/include/interfaces/srv/detail/getpose__type_support.h
-- Up-to-date: /home/prakt3/praktikum_ws/install/interfaces/include/interfaces/srv/detail/move__struct.h
-- Up-to-date: /home/prakt3/praktikum_ws/install/interfaces/include/interfaces/srv/detail/move__functions.c
-- Up-to-date: /home/prakt3/praktikum_ws/install/interfaces/include/interfaces/srv/detail/set_ur_io__type_support.h
-- Up-to-date: /home/prakt3/praktikum_ws/install/interfaces/include/interfaces/srv/getpose.h
-- Up-to-date: /home/prakt3/praktikum_ws/install/interfaces/include/interfaces/msg
-- Up-to-date: /home/prakt3/praktikum_ws/install/interfaces/include/interfaces/msg/waypoints.h
-- Up-to-date: /home/prakt3/praktikum_ws/install/interfaces/include/interfaces/msg/pointcoords.h
-- Up-to-date: /home/prakt3/praktikum_ws/install/interfaces/include/interfaces/msg/point_orientation3_d.h
-- Up-to-date: /home/prakt3/praktikum_ws/install/interfaces/include/interfaces/msg/point_translation3_d.h
-- Up-to-date: /home/prakt3/praktikum_ws/install/interfaces/include/interfaces/msg/detail
-- Up-to-date: /home/prakt3/praktikum_ws/install/interfaces/include/interfaces/msg/detail/point_translation3_d__functions.h
-- Up-to-date: /home/prakt3/praktikum_ws/install/interfaces/include/interfaces/msg/detail/point_orientation3_d__struct.h
-- Up-to-date: /home/prakt3/praktikum_ws/install/interfaces/include/interfaces/msg/detail/point_orientation3_d__functions.h
-- Up-to-date: /home/prakt3/praktikum_ws/install/interfaces/include/interfaces/msg/detail/pointcoords__functions.c
-- Up-to-date: /home/prakt3/praktikum_ws/install/interfaces/include/interfaces/msg/detail/waypoints__type_support.h
-- Up-to-date: /home/prakt3/praktikum_ws/install/interfaces/include/interfaces/msg/detail/pointcoords__functions.h
-- Up-to-date: /home/prakt3/praktikum_ws/install/interfaces/include/interfaces/msg/detail/waypoints__struct.h
-- Up-to-date: /home/prakt3/praktikum_ws/install/interfaces/include/interfaces/msg/detail/pointcoords__type_support.h
-- Up-to-date: /home/prakt3/praktikum_ws/install/interfaces/include/interfaces/msg/detail/point_translation3_d__functions.c
-- Up-to-date: /home/prakt3/praktikum_ws/install/interfaces/include/interfaces/msg/detail/point_orientation3_d__functions.c
-- Up-to-date: /home/prakt3/praktikum_ws/install/interfaces/include/interfaces/msg/detail/point_translation3_d__struct.h
-- Up-to-date: /home/prakt3/praktikum_ws/install/interfaces/include/interfaces/msg/detail/point_orientation3_d__type_support.h
-- Up-to-date: /home/prakt3/praktikum_ws/install/interfaces/include/interfaces/msg/detail/waypoints__functions.h
-- Up-to-date: /home/prakt3/praktikum_ws/install/interfaces/include/interfaces/msg/detail/point_translation3_d__type_support.h
-- Up-to-date: /home/prakt3/praktikum_ws/install/interfaces/include/interfaces/msg/detail/pointcoords__struct.h
-- Up-to-date: /home/prakt3/praktikum_ws/install/interfaces/include/interfaces/msg/detail/waypoints__functions.c
-- Up-to-date: /home/prakt3/praktikum_ws/install/interfaces/include/interfaces/msg/rosidl_generator_c__visibility_control.h
-- Up-to-date: /home/prakt3/praktikum_ws/install/interfaces/share/interfaces/environment/library_path.sh
-- Up-to-date: /home/prakt3/praktikum_ws/install/interfaces/share/interfaces/environment/library_path.dsv
-- Up-to-date: /home/prakt3/praktikum_ws/install/interfaces/lib/libinterfaces__rosidl_generator_c.so
-- Up-to-date: /home/prakt3/praktikum_ws/install/interfaces/include/interfaces
-- Up-to-date: /home/prakt3/praktikum_ws/install/interfaces/include/interfaces/srv
-- Up-to-date: /home/prakt3/praktikum_ws/install/interfaces/include/interfaces/srv/detail
-- Up-to-date: /home/prakt3/praktikum_ws/install/interfaces/include/interfaces/srv/detail/move__rosidl_typesupport_fastrtps_c.h
-- Up-to-date: /home/prakt3/praktikum_ws/install/interfaces/include/interfaces/srv/detail/getpose__rosidl_typesupport_fastrtps_c.h
-- Up-to-date: /home/prakt3/praktikum_ws/install/interfaces/include/interfaces/srv/detail/set_ur_io__rosidl_typesupport_fastrtps_c.h
-- Up-to-date: /home/prakt3/praktikum_ws/install/interfaces/include/interfaces/srv/detail/picturetopoints__rosidl_typesupport_fastrtps_c.h
-- Up-to-date: /home/prakt3/praktikum_ws/install/interfaces/include/interfaces/msg
-- Up-to-date: /home/prakt3/praktikum_ws/install/interfaces/include/interfaces/msg/rosidl_typesupport_fastrtps_c__visibility_control.h
-- Up-to-date: /home/prakt3/praktikum_ws/install/interfaces/include/interfaces/msg/detail
-- Up-to-date: /home/prakt3/praktikum_ws/install/interfaces/include/interfaces/msg/detail/point_translation3_d__rosidl_typesupport_fastrtps_c.h
-- Up-to-date: /home/prakt3/praktikum_ws/install/interfaces/include/interfaces/msg/detail/pointcoords__rosidl_typesupport_fastrtps_c.h
-- Up-to-date: /home/prakt3/praktikum_ws/install/interfaces/include/interfaces/msg/detail/waypoints__rosidl_typesupport_fastrtps_c.h
-- Up-to-date: /home/prakt3/praktikum_ws/install/interfaces/include/interfaces/msg/detail/point_orientation3_d__rosidl_typesupport_fastrtps_c.h
-- Up-to-date: /home/prakt3/praktikum_ws/install/interfaces/lib/libinterfaces__rosidl_typesupport_fastrtps_c.so
-- Up-to-date: /home/prakt3/praktikum_ws/install/interfaces/include/interfaces
-- Up-to-date: /home/prakt3/praktikum_ws/install/interfaces/include/interfaces/srv
-- Up-to-date: /home/prakt3/praktikum_ws/install/interfaces/include/interfaces/srv/detail
-- Up-to-date: /home/prakt3/praktikum_ws/install/interfaces/include/interfaces/srv/detail/move__rosidl_typesupport_fastrtps_cpp.hpp
-- Up-to-date: /home/prakt3/praktikum_ws/install/interfaces/include/interfaces/srv/detail/set_ur_io__rosidl_typesupport_fastrtps_cpp.hpp
-- Up-to-date: /home/prakt3/praktikum_ws/install/interfaces/include/interfaces/srv/detail/getpose__rosidl_typesupport_fastrtps_cpp.hpp
-- Up-to-date: /home/prakt3/praktikum_ws/install/interfaces/include/interfaces/srv/detail/dds_fastrtps
-- Up-to-date: /home/prakt3/praktikum_ws/install/interfaces/include/interfaces/srv/detail/picturetopoints__rosidl_typesupport_fastrtps_cpp.hpp
-- Up-to-date: /home/prakt3/praktikum_ws/install/interfaces/include/interfaces/msg
-- Up-to-date: /home/prakt3/praktikum_ws/install/interfaces/include/interfaces/msg/rosidl_typesupport_fastrtps_cpp__visibility_control.h
-- Up-to-date: /home/prakt3/praktikum_ws/install/interfaces/include/interfaces/msg/detail
-- Up-to-date: /home/prakt3/praktikum_ws/install/interfaces/include/interfaces/msg/detail/pointcoords__rosidl_typesupport_fastrtps_cpp.hpp
-- Up-to-date: /home/prakt3/praktikum_ws/install/interfaces/include/interfaces/msg/detail/point_orientation3_d__rosidl_typesupport_fastrtps_cpp.hpp
-- Up-to-date: /home/prakt3/praktikum_ws/install/interfaces/include/interfaces/msg/detail/waypoints__rosidl_typesupport_fastrtps_cpp.hpp
-- Up-to-date: /home/prakt3/praktikum_ws/install/interfaces/include/interfaces/msg/detail/point_translation3_d__rosidl_typesupport_fastrtps_cpp.hpp
-- Up-to-date: /home/prakt3/praktikum_ws/install/interfaces/include/interfaces/msg/detail/dds_fastrtps
-- Up-to-date: /home/prakt3/praktikum_ws/install/interfaces/lib/libinterfaces__rosidl_typesupport_fastrtps_cpp.so
-- Up-to-date: /home/prakt3/praktikum_ws/install/interfaces/include/interfaces
-- Up-to-date: /home/prakt3/praktikum_ws/install/interfaces/include/interfaces/srv
-- Up-to-date: /home/prakt3/praktikum_ws/install/interfaces/include/interfaces/srv/detail
-- Up-to-date: /home/prakt3/praktikum_ws/install/interfaces/include/interfaces/srv/detail/move__rosidl_typesupport_introspection_c.h
-- Up-to-date: /home/prakt3/praktikum_ws/install/interfaces/include/interfaces/srv/detail/move__type_support.c
-- Up-to-date: /home/prakt3/praktikum_ws/install/interfaces/include/interfaces/srv/detail/picturetopoints__type_support.c
-- Up-to-date: /home/prakt3/praktikum_ws/install/interfaces/include/interfaces/srv/detail/getpose__type_support.c
-- Up-to-date: /home/prakt3/praktikum_ws/install/interfaces/include/interfaces/srv/detail/set_ur_io__rosidl_typesupport_introspection_c.h
-- Up-to-date: /home/prakt3/praktikum_ws/install/interfaces/include/interfaces/srv/detail/set_ur_io__type_support.c
-- Up-to-date: /home/prakt3/praktikum_ws/install/interfaces/include/interfaces/srv/detail/getpose__rosidl_typesupport_introspection_c.h
-- Up-to-date: /home/prakt3/praktikum_ws/install/interfaces/include/interfaces/srv/detail/picturetopoints__rosidl_typesupport_introspection_c.h
-- Up-to-date: /home/prakt3/praktikum_ws/install/interfaces/include/interfaces/msg
-- Up-to-date: /home/prakt3/praktikum_ws/install/interfaces/include/interfaces/msg/detail
-- Up-to-date: /home/prakt3/praktikum_ws/install/interfaces/include/interfaces/msg/detail/point_orientation3_d__type_support.c
-- Up-to-date: /home/prakt3/praktikum_ws/install/interfaces/include/interfaces/msg/detail/waypoints__type_support.c
-- Up-to-date: /home/prakt3/praktikum_ws/install/interfaces/include/interfaces/msg/detail/waypoints__rosidl_typesupport_introspection_c.h
-- Up-to-date: /home/prakt3/praktikum_ws/install/interfaces/include/interfaces/msg/detail/pointcoords__rosidl_typesupport_introspection_c.h
-- Up-to-date: /home/prakt3/praktikum_ws/install/interfaces/include/interfaces/msg/detail/point_orientation3_d__rosidl_typesupport_introspection_c.h
-- Up-to-date: /home/prakt3/praktikum_ws/install/interfaces/include/interfaces/msg/detail/point_translation3_d__type_support.c
-- Up-to-date: /home/prakt3/praktikum_ws/install/interfaces/include/interfaces/msg/detail/point_translation3_d__rosidl_typesupport_introspection_c.h
-- Up-to-date: /home/prakt3/praktikum_ws/install/interfaces/include/interfaces/msg/detail/pointcoords__type_support.c
-- Up-to-date: /home/prakt3/praktikum_ws/install/interfaces/include/interfaces/msg/rosidl_typesupport_introspection_c__visibility_control.h
-- Up-to-date: /home/prakt3/praktikum_ws/install/interfaces/lib/libinterfaces__rosidl_typesupport_introspection_c.so
-- Up-to-date: /home/prakt3/praktikum_ws/install/interfaces/lib/libinterfaces__rosidl_typesupport_c.so
-- Up-to-date: /home/prakt3/praktikum_ws/install/interfaces/include/interfaces
-- Up-to-date: /home/prakt3/praktikum_ws/install/interfaces/include/interfaces/srv
-- Up-to-date: /home/prakt3/praktikum_ws/install/interfaces/include/interfaces/srv/getpose.hpp
-- Up-to-date: /home/prakt3/praktikum_ws/install/interfaces/include/interfaces/srv/picturetopoints.hpp
-- Up-to-date: /home/prakt3/praktikum_ws/install/interfaces/include/interfaces/srv/detail
-- Up-to-date: /home/prakt3/praktikum_ws/install/interfaces/include/interfaces/srv/detail/set_ur_io__struct.hpp
-- Up-to-date: /home/prakt3/praktikum_ws/install/interfaces/include/interfaces/srv/detail/getpose__builder.hpp
-- Up-to-date: /home/prakt3/praktikum_ws/install/interfaces/include/interfaces/srv/detail/move__struct.hpp
-- Up-to-date: /home/prakt3/praktikum_ws/install/interfaces/include/interfaces/srv/detail/getpose__traits.hpp
-- Up-to-date: /home/prakt3/praktikum_ws/install/interfaces/include/interfaces/srv/detail/picturetopoints__builder.hpp
-- Up-to-date: /home/prakt3/praktikum_ws/install/interfaces/include/interfaces/srv/detail/picturetopoints__struct.hpp
-- Up-to-date: /home/prakt3/praktikum_ws/install/interfaces/include/interfaces/srv/detail/getpose__struct.hpp
-- Up-to-date: /home/prakt3/praktikum_ws/install/interfaces/include/interfaces/srv/detail/move__traits.hpp
-- Up-to-date: /home/prakt3/praktikum_ws/install/interfaces/include/interfaces/srv/detail/picturetopoints__traits.hpp
-- Up-to-date: /home/prakt3/praktikum_ws/install/interfaces/include/interfaces/srv/detail/move__builder.hpp
-- Up-to-date: /home/prakt3/praktikum_ws/install/interfaces/include/interfaces/srv/detail/set_ur_io__traits.hpp
-- Up-to-date: /home/prakt3/praktikum_ws/install/interfaces/include/interfaces/srv/detail/set_ur_io__builder.hpp
-- Up-to-date: /home/prakt3/praktikum_ws/install/interfaces/include/interfaces/srv/set_ur_io.hpp
-- Up-to-date: /home/prakt3/praktikum_ws/install/interfaces/include/interfaces/srv/move.hpp
-- Up-to-date: /home/prakt3/praktikum_ws/install/interfaces/include/interfaces/msg
-- Up-to-date: /home/prakt3/praktikum_ws/install/interfaces/include/interfaces/msg/point_translation3_d.hpp
-- Up-to-date: /home/prakt3/praktikum_ws/install/interfaces/include/interfaces/msg/point_orientation3_d.hpp
-- Up-to-date: /home/prakt3/praktikum_ws/install/interfaces/include/interfaces/msg/detail
-- Up-to-date: /home/prakt3/praktikum_ws/install/interfaces/include/interfaces/msg/detail/waypoints__builder.hpp
-- Up-to-date: /home/prakt3/praktikum_ws/install/interfaces/include/interfaces/msg/detail/point_translation3_d__builder.hpp
-- Up-to-date: /home/prakt3/praktikum_ws/install/interfaces/include/interfaces/msg/detail/point_orientation3_d__traits.hpp
-- Up-to-date: /home/prakt3/praktikum_ws/install/interfaces/include/interfaces/msg/detail/point_translation3_d__struct.hpp
-- Up-to-date: /home/prakt3/praktikum_ws/install/interfaces/include/interfaces/msg/detail/waypoints__traits.hpp
-- Up-to-date: /home/prakt3/praktikum_ws/install/interfaces/include/interfaces/msg/detail/waypoints__struct.hpp
-- Up-to-date: /home/prakt3/praktikum_ws/install/interfaces/include/interfaces/msg/detail/point_orientation3_d__builder.hpp
-- Up-to-date: /home/prakt3/praktikum_ws/install/interfaces/include/interfaces/msg/detail/point_translation3_d__traits.hpp
-- Up-to-date: /home/prakt3/praktikum_ws/install/interfaces/include/interfaces/msg/detail/pointcoords__builder.hpp
-- Up-to-date: /home/prakt3/praktikum_ws/install/interfaces/include/interfaces/msg/detail/point_orientation3_d__struct.hpp
-- Up-to-date: /home/prakt3/praktikum_ws/install/interfaces/include/interfaces/msg/detail/pointcoords__traits.hpp
-- Up-to-date: /home/prakt3/praktikum_ws/install/interfaces/include/interfaces/msg/detail/pointcoords__struct.hpp
-- Up-to-date: /home/prakt3/praktikum_ws/install/interfaces/include/interfaces/msg/waypoints.hpp
-- Up-to-date: /home/prakt3/praktikum_ws/install/interfaces/include/interfaces/msg/pointcoords.hpp
-- Up-to-date: /home/prakt3/praktikum_ws/install/interfaces/include/interfaces
-- Up-to-date: /home/prakt3/praktikum_ws/install/interfaces/include/interfaces/srv
-- Up-to-date: /home/prakt3/praktikum_ws/install/interfaces/include/interfaces/srv/detail
-- Up-to-date: /home/prakt3/praktikum_ws/install/interfaces/include/interfaces/srv/detail/picturetopoints__type_support.cpp
-- Up-to-date: /home/prakt3/praktikum_ws/install/interfaces/include/interfaces/srv/detail/set_ur_io__rosidl_typesupport_introspection_cpp.hpp
-- Up-to-date: /home/prakt3/praktikum_ws/install/interfaces/include/interfaces/srv/detail/getpose__type_support.cpp
-- Up-to-date: /home/prakt3/praktikum_ws/install/interfaces/include/interfaces/srv/detail/picturetopoints__rosidl_typesupport_introspection_cpp.hpp
-- Up-to-date: /home/prakt3/praktikum_ws/install/interfaces/include/interfaces/srv/detail/move__rosidl_typesupport_introspection_cpp.hpp
-- Up-to-date: /home/prakt3/praktikum_ws/install/interfaces/include/interfaces/srv/detail/set_ur_io__type_support.cpp
-- Up-to-date: /home/prakt3/praktikum_ws/install/interfaces/include/interfaces/srv/detail/getpose__rosidl_typesupport_introspection_cpp.hpp
-- Up-to-date: /home/prakt3/praktikum_ws/install/interfaces/include/interfaces/srv/detail/move__type_support.cpp
-- Up-to-date: /home/prakt3/praktikum_ws/install/interfaces/include/interfaces/msg
-- Up-to-date: /home/prakt3/praktikum_ws/install/interfaces/include/interfaces/msg/detail
-- Up-to-date: /home/prakt3/praktikum_ws/install/interfaces/include/interfaces/msg/detail/point_translation3_d__rosidl_typesupport_introspection_cpp.hpp
-- Up-to-date: /home/prakt3/praktikum_ws/install/interfaces/include/interfaces/msg/detail/waypoints__type_support.cpp
-- Up-to-date: /home/prakt3/praktikum_ws/install/interfaces/include/interfaces/msg/detail/point_orientation3_d__rosidl_typesupport_introspection_cpp.hpp
-- Up-to-date: /home/prakt3/praktikum_ws/install/interfaces/include/interfaces/msg/detail/pointcoords__rosidl_typesupport_introspection_cpp.hpp
-- Up-to-date: /home/prakt3/praktikum_ws/install/interfaces/include/interfaces/msg/detail/point_translation3_d__type_support.cpp
-- Up-to-date: /home/prakt3/praktikum_ws/install/interfaces/include/interfaces/msg/detail/waypoints__rosidl_typesupport_introspection_cpp.hpp
-- Up-to-date: /home/prakt3/praktikum_ws/install/interfaces/include/interfaces/msg/detail/point_orientation3_d__type_support.cpp
-- Up-to-date: /home/prakt3/praktikum_ws/install/interfaces/include/interfaces/msg/detail/pointcoords__type_support.cpp
-- Up-to-date: /home/prakt3/praktikum_ws/install/interfaces/lib/libinterfaces__rosidl_typesupport_introspection_cpp.so
-- Up-to-date: /home/prakt3/praktikum_ws/install/interfaces/lib/libinterfaces__rosidl_typesupport_cpp.so
-- Up-to-date: /home/prakt3/praktikum_ws/install/interfaces/share/interfaces/environment/pythonpath.sh
-- Up-to-date: /home/prakt3/praktikum_ws/install/interfaces/share/interfaces/environment/pythonpath.dsv
-- Up-to-date: /home/prakt3/praktikum_ws/install/interfaces/lib/python3.8/site-packages/interfaces/__init__.py
-- Up-to-date: /home/prakt3/praktikum_ws/install/interfaces/lib/python3.8/site-packages/interfaces/msg
-- Up-to-date: /home/prakt3/praktikum_ws/install/interfaces/lib/python3.8/site-packages/interfaces/msg/_waypoints_s.c
-- Up-to-date: /home/prakt3/praktikum_ws/install/interfaces/lib/python3.8/site-packages/interfaces/msg/_point_orientation3_d_s.c
-- Up-to-date: /home/prakt3/praktikum_ws/install/interfaces/lib/python3.8/site-packages/interfaces/msg/_point_translation3_d_s.c
-- Up-to-date: /home/prakt3/praktikum_ws/install/interfaces/lib/python3.8/site-packages/interfaces/msg/_point_orientation3_d.py
-- Up-to-date: /home/prakt3/praktikum_ws/install/interfaces/lib/python3.8/site-packages/interfaces/msg/_waypoints.py
-- Up-to-date: /home/prakt3/praktikum_ws/install/interfaces/lib/python3.8/site-packages/interfaces/msg/__init__.py
-- Up-to-date: /home/prakt3/praktikum_ws/install/interfaces/lib/python3.8/site-packages/interfaces/msg/_pointcoords_s.c
-- Up-to-date: /home/prakt3/praktikum_ws/install/interfaces/lib/python3.8/site-packages/interfaces/msg/_pointcoords.py
-- Up-to-date: /home/prakt3/praktikum_ws/install/interfaces/lib/python3.8/site-packages/interfaces/msg/_point_translation3_d.py
-- Up-to-date: /home/prakt3/praktikum_ws/install/interfaces/lib/python3.8/site-packages/interfaces/srv
-- Up-to-date: /home/prakt3/praktikum_ws/install/interfaces/lib/python3.8/site-packages/interfaces/srv/_move_s.c
-- Up-to-date: /home/prakt3/praktikum_ws/install/interfaces/lib/python3.8/site-packages/interfaces/srv/_set_ur_io_s.c
-- Up-to-date: /home/prakt3/praktikum_ws/install/interfaces/lib/python3.8/site-packages/interfaces/srv/_picturetopoints.py
-- Up-to-date: /home/prakt3/praktikum_ws/install/interfaces/lib/python3.8/site-packages/interfaces/srv/_set_ur_io.py
-- Up-to-date: /home/prakt3/praktikum_ws/install/interfaces/lib/python3.8/site-packages/interfaces/srv/_picturetopoints_s.c
-- Up-to-date: /home/prakt3/praktikum_ws/install/interfaces/lib/python3.8/site-packages/interfaces/srv/__init__.py
-- Up-to-date: /home/prakt3/praktikum_ws/install/interfaces/lib/python3.8/site-packages/interfaces/srv/_move.py
-- Up-to-date: /home/prakt3/praktikum_ws/install/interfaces/lib/python3.8/site-packages/interfaces/srv/_getpose_s.c
-- Up-to-date: /home/prakt3/praktikum_ws/install/interfaces/lib/python3.8/site-packages/interfaces/srv/_getpose.py
-- Up-to-date: /home/prakt3/praktikum_ws/install/interfaces/lib/python3.8/site-packages/interfaces/interfaces_s__rosidl_typesupport_fastrtps_c.cpython-38-x86_64-linux-gnu.so
-- Up-to-date: /home/prakt3/praktikum_ws/install/interfaces/lib/python3.8/site-packages/interfaces/interfaces_s__rosidl_typesupport_introspection_c.cpython-38-x86_64-linux-gnu.so
-- Up-to-date: /home/prakt3/praktikum_ws/install/interfaces/lib/python3.8/site-packages/interfaces/interfaces_s__rosidl_typesupport_c.cpython-38-x86_64-linux-gnu.so
-- Up-to-date: /home/prakt3/praktikum_ws/install/interfaces/lib/libinterfaces__python.so
-- Up-to-date: /home/prakt3/praktikum_ws/install/interfaces/share/interfaces/msg/Pointcoords.idl
-- Up-to-date: /home/prakt3/praktikum_ws/install/interfaces/share/interfaces/msg/Waypoints.idl
-- Up-to-date: /home/prakt3/praktikum_ws/install/interfaces/share/interfaces/msg/PointTranslation3D.idl
-- Up-to-date: /home/prakt3/praktikum_ws/install/interfaces/share/interfaces/srv/Move.idl
-- Up-to-date: /home/prakt3/praktikum_ws/install/interfaces/share/interfaces/msg/PointOrientation3D.idl
-- Up-to-date: /home/prakt3/praktikum_ws/install/interfaces/share/interfaces/srv/Picturetopoints.idl
-- Up-to-date: /home/prakt3/praktikum_ws/install/interfaces/share/interfaces/srv/Getpose.idl
-- Up-to-date: /home/prakt3/praktikum_ws/install/interfaces/share/interfaces/srv/SetUrIo.idl
-- Up-to-date: /home/prakt3/praktikum_ws/install/interfaces/share/interfaces/msg/Pointcoords.msg
-- Up-to-date: /home/prakt3/praktikum_ws/install/interfaces/share/interfaces/msg/Waypoints.msg
-- Up-to-date: /home/prakt3/praktikum_ws/install/interfaces/share/interfaces/msg/PointTranslation3D.msg
-- Up-to-date: /home/prakt3/praktikum_ws/install/interfaces/share/interfaces/srv/Move.srv
-- Up-to-date: /home/prakt3/praktikum_ws/install/interfaces/share/interfaces/srv/Move_Request.msg
-- Up-to-date: /home/prakt3/praktikum_ws/install/interfaces/share/interfaces/srv/Move_Response.msg
-- Up-to-date: /home/prakt3/praktikum_ws/install/interfaces/share/interfaces/msg/PointOrientation3D.msg
-- Up-to-date: /home/prakt3/praktikum_ws/install/interfaces/share/interfaces/srv/Picturetopoints.srv
-- Up-to-date: /home/prakt3/praktikum_ws/install/interfaces/share/interfaces/srv/Picturetopoints_Request.msg
-- Up-to-date: /home/prakt3/praktikum_ws/install/interfaces/share/interfaces/srv/Picturetopoints_Response.msg
-- Up-to-date: /home/prakt3/praktikum_ws/install/interfaces/share/interfaces/srv/Getpose.srv
-- Up-to-date: /home/prakt3/praktikum_ws/install/interfaces/share/interfaces/srv/Getpose_Request.msg
-- Up-to-date: /home/prakt3/praktikum_ws/install/interfaces/share/interfaces/srv/Getpose_Response.msg
-- Up-to-date: /home/prakt3/praktikum_ws/install/interfaces/share/interfaces/srv/SetUrIo.srv
-- Up-to-date: /home/prakt3/praktikum_ws/install/interfaces/share/interfaces/srv/SetUrIo_Request.msg
-- Up-to-date: /home/prakt3/praktikum_ws/install/interfaces/share/interfaces/srv/SetUrIo_Response.msg
-- Up-to-date: /home/prakt3/praktikum_ws/install/interfaces/share/ament_index/resource_index/package_run_dependencies/interfaces
-- Up-to-date: /home/prakt3/praktikum_ws/install/interfaces/share/ament_index/resource_index/parent_prefix_path/interfaces
-- Up-to-date: /home/prakt3/praktikum_ws/install/interfaces/share/interfaces/environment/ament_prefix_path.sh
-- Up-to-date: /home/prakt3/praktikum_ws/install/interfaces/share/interfaces/environment/ament_prefix_path.dsv
-- Up-to-date: /home/prakt3/praktikum_ws/install/interfaces/share/interfaces/environment/path.sh
-- Up-to-date: /home/prakt3/praktikum_ws/install/interfaces/share/interfaces/environment/path.dsv
-- Up-to-date: /home/prakt3/praktikum_ws/install/interfaces/share/interfaces/local_setup.bash
-- Up-to-date: /home/prakt3/praktikum_ws/install/interfaces/share/interfaces/local_setup.sh
-- Up-to-date: /home/prakt3/praktikum_ws/install/interfaces/share/interfaces/local_setup.zsh
-- Up-to-date: /home/prakt3/praktikum_ws/install/interfaces/share/interfaces/local_setup.dsv
-- Installing: /home/prakt3/praktikum_ws/install/interfaces/share/interfaces/package.dsv
-- Up-to-date: /home/prakt3/praktikum_ws/install/interfaces/share/ament_index/resource_index/packages/interfaces
-- Up-to-date: /home/prakt3/praktikum_ws/install/interfaces/share/interfaces/cmake/interfaces__rosidl_generator_cExport.cmake
-- Up-to-date: /home/prakt3/praktikum_ws/install/interfaces/share/interfaces/cmake/interfaces__rosidl_generator_cExport-noconfig.cmake
-- Up-to-date: /home/prakt3/praktikum_ws/install/interfaces/share/interfaces/cmake/interfaces__rosidl_typesupport_introspection_cExport.cmake
-- Up-to-date: /home/prakt3/praktikum_ws/install/interfaces/share/interfaces/cmake/interfaces__rosidl_typesupport_introspection_cExport-noconfig.cmake
-- Up-to-date: /home/prakt3/praktikum_ws/install/interfaces/share/interfaces/cmake/interfaces__rosidl_typesupport_cExport.cmake
-- Up-to-date: /home/prakt3/praktikum_ws/install/interfaces/share/interfaces/cmake/interfaces__rosidl_typesupport_cExport-noconfig.cmake
-- Up-to-date: /home/prakt3/praktikum_ws/install/interfaces/share/interfaces/cmake/interfaces__rosidl_generator_cppExport.cmake
-- Up-to-date: /home/prakt3/praktikum_ws/install/interfaces/share/interfaces/cmake/interfaces__rosidl_typesupport_introspection_cppExport.cmake
-- Up-to-date: /home/prakt3/praktikum_ws/install/interfaces/share/interfaces/cmake/interfaces__rosidl_typesupport_introspection_cppExport-noconfig.cmake
-- Up-to-date: /home/prakt3/praktikum_ws/install/interfaces/share/interfaces/cmake/interfaces__rosidl_typesupport_cppExport.cmake
-- Up-to-date: /home/prakt3/praktikum_ws/install/interfaces/share/interfaces/cmake/interfaces__rosidl_typesupport_cppExport-noconfig.cmake
-- Up-to-date: /home/prakt3/praktikum_ws/install/interfaces/share/interfaces/cmake/rosidl_cmake-extras.cmake
-- Up-to-date: /home/prakt3/praktikum_ws/install/interfaces/share/interfaces/cmake/ament_cmake_export_dependencies-extras.cmake
-- Up-to-date: /home/prakt3/praktikum_ws/install/interfaces/share/interfaces/cmake/ament_cmake_export_libraries-extras.cmake
-- Up-to-date: /home/prakt3/praktikum_ws/install/interfaces/share/interfaces/cmake/ament_cmake_export_targets-extras.cmake
-- Up-to-date: /home/prakt3/praktikum_ws/install/interfaces/share/interfaces/cmake/ament_cmake_export_include_directories-extras.cmake
-- Up-to-date: /home/prakt3/praktikum_ws/install/interfaces/share/interfaces/cmake/rosidl_cmake_export_typesupport_libraries-extras.cmake
-- Up-to-date: /home/prakt3/praktikum_ws/install/interfaces/share/interfaces/cmake/rosidl_cmake_export_typesupport_targets-extras.cmake
-- Up-to-date: /home/prakt3/praktikum_ws/install/interfaces/share/interfaces/cmake/interfacesConfig.cmake
-- Up-to-date: /home/prakt3/praktikum_ws/install/interfaces/share/interfaces/cmake/interfacesConfig-version.cmake
-- Up-to-date: /home/prakt3/praktikum_ws/install/interfaces/share/interfaces/package.xml
