/home/prakt3/praktikum_ws/install/robprakt/lib/python3.8/site-packages/robprakt/vacuum_control.py
/home/prakt3/praktikum_ws/install/robprakt/lib/python3.8/site-packages/robprakt/vacuum_client.py
/home/prakt3/praktikum_ws/install/robprakt/lib/python3.8/site-packages/robprakt/get_matrices.py
/home/prakt3/praktikum_ws/install/robprakt/lib/python3.8/site-packages/robprakt/__init__.py
/home/prakt3/praktikum_ws/install/robprakt/lib/python3.8/site-packages/robprakt/__pycache__/vacuum_control.cpython-38.pyc
/home/prakt3/praktikum_ws/install/robprakt/lib/python3.8/site-packages/robprakt/__pycache__/vacuum_client.cpython-38.pyc
/home/prakt3/praktikum_ws/install/robprakt/lib/python3.8/site-packages/robprakt/__pycache__/get_matrices.cpython-38.pyc
/home/prakt3/praktikum_ws/install/robprakt/lib/python3.8/site-packages/robprakt/__pycache__/__init__.cpython-38.pyc
/home/prakt3/praktikum_ws/install/robprakt/share/ament_index/resource_index/packages/robprakt
/home/prakt3/praktikum_ws/install/robprakt/share/robprakt/package.xml
/home/prakt3/praktikum_ws/install/robprakt/lib/python3.8/site-packages/robprakt-0.0.0-py3.8.egg-info/PKG-INFO
/home/prakt3/praktikum_ws/install/robprakt/lib/python3.8/site-packages/robprakt-0.0.0-py3.8.egg-info/entry_points.txt
/home/prakt3/praktikum_ws/install/robprakt/lib/python3.8/site-packages/robprakt-0.0.0-py3.8.egg-info/dependency_links.txt
/home/prakt3/praktikum_ws/install/robprakt/lib/python3.8/site-packages/robprakt-0.0.0-py3.8.egg-info/SOURCES.txt
/home/prakt3/praktikum_ws/install/robprakt/lib/python3.8/site-packages/robprakt-0.0.0-py3.8.egg-info/top_level.txt
/home/prakt3/praktikum_ws/install/robprakt/lib/python3.8/site-packages/robprakt-0.0.0-py3.8.egg-info/requires.txt
/home/prakt3/praktikum_ws/install/robprakt/lib/python3.8/site-packages/robprakt-0.0.0-py3.8.egg-info/zip-safe
/home/prakt3/praktikum_ws/install/robprakt/lib/robprakt/client
/home/prakt3/praktikum_ws/install/robprakt/lib/robprakt/get_matrices
/home/prakt3/praktikum_ws/install/robprakt/lib/robprakt/vacuum_control
