[1.232s] Invoking command in '/home/prakt3/praktikum_ws/src/tracking_service': PYTHONPATH=/home/prakt3/praktikum_ws/build/tracking_service/prefix_override:/home/prakt3/praktikum_ws/install/tracking_service/lib/python3.8/site-packages:${PYTHONPATH} /usr/bin/python3 setup.py egg_info --egg-base ../../build/tracking_service build --build-base /home/prakt3/praktikum_ws/build/tracking_service/build install --record /home/prakt3/praktikum_ws/build/tracking_service/install.log --single-version-externally-managed
[1.416s] running egg_info
[1.416s] writing ../../build/tracking_service/tracking_service.egg-info/PKG-INFO
[1.416s] writing dependency_links to ../../build/tracking_service/tracking_service.egg-info/dependency_links.txt
[1.417s] writing entry points to ../../build/tracking_service/tracking_service.egg-info/entry_points.txt
[1.417s] writing requirements to ../../build/tracking_service/tracking_service.egg-info/requires.txt
[1.417s] writing top-level names to ../../build/tracking_service/tracking_service.egg-info/top_level.txt
[1.443s] reading manifest file '../../build/tracking_service/tracking_service.egg-info/SOURCES.txt'
[1.444s] writing manifest file '../../build/tracking_service/tracking_service.egg-info/SOURCES.txt'
[1.444s] running build
[1.444s] running build_py
[1.445s] running install
[1.446s] running install_lib
[1.447s] running install_data
[1.447s] running install_egg_info
[1.449s] removing '/home/prakt3/praktikum_ws/install/tracking_service/lib/python3.8/site-packages/tracking_service-0.0.0-py3.8.egg-info' (and everything under it)
[1.449s] Copying ../../build/tracking_service/tracking_service.egg-info to /home/prakt3/praktikum_ws/install/tracking_service/lib/python3.8/site-packages/tracking_service-0.0.0-py3.8.egg-info
[1.450s] running install_scripts
[1.466s] Installing client script to /home/prakt3/praktikum_ws/install/tracking_service/lib/tracking_service
[1.467s] Installing gripper script to /home/prakt3/praktikum_ws/install/tracking_service/lib/tracking_service
[1.467s] Installing penhold script to /home/prakt3/praktikum_ws/install/tracking_service/lib/tracking_service
[1.467s] Installing whiteboard script to /home/prakt3/praktikum_ws/install/tracking_service/lib/tracking_service
[1.467s] writing list of installed files to '/home/prakt3/praktikum_ws/build/tracking_service/install.log'
[1.611s] Invoked command in '/home/prakt3/praktikum_ws/src/tracking_service' returned '0': PYTHONPATH=/home/prakt3/praktikum_ws/build/tracking_service/prefix_override:/home/prakt3/praktikum_ws/install/tracking_service/lib/python3.8/site-packages:${PYTHONPATH} /usr/bin/python3 setup.py egg_info --egg-base ../../build/tracking_service build --build-base /home/prakt3/praktikum_ws/build/tracking_service/build install --record /home/prakt3/praktikum_ws/build/tracking_service/install.log --single-version-externally-managed
