running egg_info
creating ../../build/move_client/move_client.egg-info
writing ../../build/move_client/move_client.egg-info/PKG-INFO
writing dependency_links to ../../build/move_client/move_client.egg-info/dependency_links.txt
writing entry points to ../../build/move_client/move_client.egg-info/entry_points.txt
writing requirements to ../../build/move_client/move_client.egg-info/requires.txt
writing top-level names to ../../build/move_client/move_client.egg-info/top_level.txt
writing manifest file '../../build/move_client/move_client.egg-info/SOURCES.txt'
reading manifest file '../../build/move_client/move_client.egg-info/SOURCES.txt'
writing manifest file '../../build/move_client/move_client.egg-info/SOURCES.txt'
running build
running build_py
creating /home/prakt3/praktikum_ws/build/move_client/build
creating /home/prakt3/praktikum_ws/build/move_client/build/lib
creating /home/prakt3/praktikum_ws/build/move_client/build/lib/move_client
copying move_client/move_client.py -> /home/prakt3/praktikum_ws/build/move_client/build/lib/move_client
copying move_client/__init__.py -> /home/prakt3/praktikum_ws/build/move_client/build/lib/move_client
running install
running install_lib
creating /home/prakt3/praktikum_ws/install/move_client/lib/python3.8/site-packages/move_client
copying /home/prakt3/praktikum_ws/build/move_client/build/lib/move_client/move_client.py -> /home/prakt3/praktikum_ws/install/move_client/lib/python3.8/site-packages/move_client
copying /home/prakt3/praktikum_ws/build/move_client/build/lib/move_client/__init__.py -> /home/prakt3/praktikum_ws/install/move_client/lib/python3.8/site-packages/move_client
byte-compiling /home/prakt3/praktikum_ws/install/move_client/lib/python3.8/site-packages/move_client/move_client.py to move_client.cpython-38.pyc
byte-compiling /home/prakt3/praktikum_ws/install/move_client/lib/python3.8/site-packages/move_client/__init__.py to __init__.cpython-38.pyc
running install_data
creating /home/prakt3/praktikum_ws/install/move_client/share/ament_index
creating /home/prakt3/praktikum_ws/install/move_client/share/ament_index/resource_index
creating /home/prakt3/praktikum_ws/install/move_client/share/ament_index/resource_index/packages
copying resource/move_client -> /home/prakt3/praktikum_ws/install/move_client/share/ament_index/resource_index/packages
copying package.xml -> /home/prakt3/praktikum_ws/install/move_client/share/move_client
running install_egg_info
Copying ../../build/move_client/move_client.egg-info to /home/prakt3/praktikum_ws/install/move_client/lib/python3.8/site-packages/move_client-0.0.0-py3.8.egg-info
running install_scripts
Installing client script to /home/prakt3/praktikum_ws/install/move_client/lib/move_client
writing list of installed files to '/home/prakt3/praktikum_ws/build/move_client/install.log'
