[1.088s] Invoking command in '/home/prakt3/praktikum_ws/src/move_client': PYTHONPATH=/home/prakt3/praktikum_ws/build/move_client/prefix_override:/home/prakt3/praktikum_ws/install/move_client/lib/python3.8/site-packages:${PYTHONPATH} /usr/bin/python3 setup.py egg_info --egg-base ../../build/move_client build --build-base /home/prakt3/praktikum_ws/build/move_client/build install --record /home/prakt3/praktikum_ws/build/move_client/install.log --single-version-externally-managed
[1.274s] running egg_info
[1.274s] creating ../../build/move_client/move_client.egg-info
[1.274s] writing ../../build/move_client/move_client.egg-info/PKG-INFO
[1.275s] writing dependency_links to ../../build/move_client/move_client.egg-info/dependency_links.txt
[1.275s] writing entry points to ../../build/move_client/move_client.egg-info/entry_points.txt
[1.275s] writing requirements to ../../build/move_client/move_client.egg-info/requires.txt
[1.275s] writing top-level names to ../../build/move_client/move_client.egg-info/top_level.txt
[1.276s] writing manifest file '../../build/move_client/move_client.egg-info/SOURCES.txt'
[1.309s] reading manifest file '../../build/move_client/move_client.egg-info/SOURCES.txt'
[1.309s] writing manifest file '../../build/move_client/move_client.egg-info/SOURCES.txt'
[1.310s] running build
[1.310s] running build_py
[1.310s] creating /home/prakt3/praktikum_ws/build/move_client/build
[1.310s] creating /home/prakt3/praktikum_ws/build/move_client/build/lib
[1.310s] creating /home/prakt3/praktikum_ws/build/move_client/build/lib/move_client
[1.310s] copying move_client/move_client.py -> /home/prakt3/praktikum_ws/build/move_client/build/lib/move_client
[1.310s] copying move_client/__init__.py -> /home/prakt3/praktikum_ws/build/move_client/build/lib/move_client
[1.310s] running install
[1.311s] running install_lib
[1.312s] creating /home/prakt3/praktikum_ws/install/move_client/lib/python3.8/site-packages/move_client
[1.312s] copying /home/prakt3/praktikum_ws/build/move_client/build/lib/move_client/move_client.py -> /home/prakt3/praktikum_ws/install/move_client/lib/python3.8/site-packages/move_client
[1.312s] copying /home/prakt3/praktikum_ws/build/move_client/build/lib/move_client/__init__.py -> /home/prakt3/praktikum_ws/install/move_client/lib/python3.8/site-packages/move_client
[1.312s] byte-compiling /home/prakt3/praktikum_ws/install/move_client/lib/python3.8/site-packages/move_client/move_client.py to move_client.cpython-38.pyc
[1.314s] byte-compiling /home/prakt3/praktikum_ws/install/move_client/lib/python3.8/site-packages/move_client/__init__.py to __init__.cpython-38.pyc
[1.314s] running install_data
[1.314s] creating /home/prakt3/praktikum_ws/install/move_client/share/ament_index
[1.314s] creating /home/prakt3/praktikum_ws/install/move_client/share/ament_index/resource_index
[1.314s] creating /home/prakt3/praktikum_ws/install/move_client/share/ament_index/resource_index/packages
[1.314s] copying resource/move_client -> /home/prakt3/praktikum_ws/install/move_client/share/ament_index/resource_index/packages
[1.314s] copying package.xml -> /home/prakt3/praktikum_ws/install/move_client/share/move_client
[1.315s] running install_egg_info
[1.316s] Copying ../../build/move_client/move_client.egg-info to /home/prakt3/praktikum_ws/install/move_client/lib/python3.8/site-packages/move_client-0.0.0-py3.8.egg-info
[1.316s] running install_scripts
[1.332s] Installing client script to /home/prakt3/praktikum_ws/install/move_client/lib/move_client
[1.333s] writing list of installed files to '/home/prakt3/praktikum_ws/build/move_client/install.log'
[1.361s] Invoked command in '/home/prakt3/praktikum_ws/src/move_client' returned '0': PYTHONPATH=/home/prakt3/praktikum_ws/build/move_client/prefix_override:/home/prakt3/praktikum_ws/install/move_client/lib/python3.8/site-packages:${PYTHONPATH} /usr/bin/python3 setup.py egg_info --egg-base ../../build/move_client build --build-base /home/prakt3/praktikum_ws/build/move_client/build install --record /home/prakt3/praktikum_ws/build/move_client/install.log --single-version-externally-managed
