-- The C compiler identification is GNU 9.4.0
-- The CXX compiler identification is GNU 9.4.0
-- Check for working C compiler: /usr/bin/cc
-- Check for working C compiler: /usr/bin/cc -- works
-- Detecting C compiler ABI info
-- Detecting C compiler ABI info - done
-- Detecting C compile features
-- Detecting C compile features - done
-- Check for working CXX compiler: /usr/bin/c++
-- Check for working CXX compiler: /usr/bin/c++ -- works
-- Detecting CXX compiler ABI info
-- Detecting CXX compiler ABI info - done
-- Detecting CXX compile features
-- Detecting CXX compile features - done
-- Found eigen3_cmake_module: 0.1.1 (/opt/ros/galactic/share/eigen3_cmake_module/cmake)
-- Found Eigen3: TRUE (found version "3.3.7") 
-- Found ament_cmake: 1.1.6 (/opt/ros/galactic/share/ament_cmake/cmake)
-- Found PythonInterp: /usr/bin/python3 (found suitable version "3.8.10", minimum required is "3") 
-- Using PYTHON_EXECUTABLE: /usr/bin/python3
-- Found Boost: /usr/lib/x86_64-linux-gnu/cmake/Boost-1.71.0/BoostConfig.cmake (found version "1.71.0") found components: filesystem 
-- Found console_bridge_vendor: 1.3.2 (/opt/ros/galactic/share/console_bridge_vendor/cmake)
-- Found eigen_stl_containers: 1.0.0 (/opt/ros/galactic/share/eigen_stl_containers/cmake)
-- Found geometry_msgs: 2.2.4 (/opt/ros/galactic/share/geometry_msgs/cmake)
-- Using all available rosidl_typesupport_c: rosidl_typesupport_fastrtps_c;rosidl_typesupport_introspection_c
-- Found rosidl_adapter: 2.2.3 (/opt/ros/galactic/share/rosidl_adapter/cmake)
-- Found OpenSSL: /usr/lib/x86_64-linux-gnu/libcrypto.so (found version "1.1.1f")  
-- Found FastRTPS: /opt/ros/galactic/include  
-- Using all available rosidl_typesupport_cpp: rosidl_typesupport_fastrtps_cpp;rosidl_typesupport_introspection_cpp
-- Found QHULL: /usr/lib/x86_64-linux-gnu/libqhull_r.so  
-- QHULL found (include: /usr/include/libqhull_r, lib: optimized;/usr/lib/x86_64-linux-gnu/libqhull_r.so;debug;/usr/lib/x86_64-linux-gnu/libqhull_r.so)
-- Found random_numbers: 2.0.1 (/opt/ros/galactic/share/random_numbers/cmake)
-- Found rclcpp: 9.2.2 (/opt/ros/galactic/share/rclcpp/cmake)
geometric_shapes: You did not request a specific build type: Choosing 'Release' for maximum performance
-- Found rmw_implementation_cmake: 3.3.1 (/opt/ros/galactic/share/rmw_implementation_cmake/cmake)
-- Found rmw_cyclonedds_cpp: 0.22.6 (/opt/ros/galactic/share/rmw_cyclonedds_cpp/cmake)
-- Using RMW implementation 'rmw_cyclonedds_cpp' as default
-- Looking for pthread.h
-- Looking for pthread.h - found
-- Performing Test CMAKE_HAVE_LIBC_PTHREAD
-- Performing Test CMAKE_HAVE_LIBC_PTHREAD - Failed
-- Looking for pthread_create in pthreads
-- Looking for pthread_create in pthreads - not found
-- Looking for pthread_create in pthread
-- Looking for pthread_create in pthread - found
-- Found Threads: TRUE  
-- Found resource_retriever: 2.5.0 (/opt/ros/galactic/share/resource_retriever/cmake)
-- library: /usr/lib/x86_64-linux-gnu/libcurl.so
-- Found shape_msgs: 2.2.4 (/opt/ros/galactic/share/shape_msgs/cmake)
-- Found visualization_msgs: 2.2.4 (/opt/ros/galactic/share/visualization_msgs/cmake)
-- Found ament_cmake_gtest: 1.1.6 (/opt/ros/galactic/share/ament_cmake_gtest/cmake)
-- Found gtest sources under '/opt/ros/galactic/src/gtest_vendor': C++ tests using 'Google Test' will be built
-- Check if compiler accepts -pthread
-- Check if compiler accepts -pthread - yes
-- Found ament_lint_auto: 0.10.7 (/opt/ros/galactic/share/ament_lint_auto/cmake)
-- Added test 'copyright' to check source files copyright and LICENSE
-- Configuring done
-- Generating done
-- Build files have been written to: /home/prakt3/praktikum_ws/build/geometric_shapes
[35m[1mScanning dependencies of target geometric_shapes[0m
[35m[1mScanning dependencies of target gtest_main[0m
[35m[1mScanning dependencies of target gtest[0m
[  3%] [32mBuilding CXX object gtest/CMakeFiles/gtest_main.dir/src/gtest_main.cc.o[0m
[  6%] [32mBuilding CXX object gtest/CMakeFiles/gtest.dir/src/gtest-all.cc.o[0m
[  9%] [32mBuilding CXX object CMakeFiles/geometric_shapes.dir/src/aabb.cpp.o[0m
[ 12%] [32mBuilding CXX object CMakeFiles/geometric_shapes.dir/src/bodies.cpp.o[0m
[ 15%] [32mBuilding CXX object CMakeFiles/geometric_shapes.dir/src/body_operations.cpp.o[0m
[ 18%] [32mBuilding CXX object CMakeFiles/geometric_shapes.dir/src/mesh_operations.cpp.o[0m
[ 21%] [32mBuilding CXX object CMakeFiles/geometric_shapes.dir/src/shape_extents.cpp.o[0m
[ 24%] [32mBuilding CXX object CMakeFiles/geometric_shapes.dir/src/shape_operations.cpp.o[0m
[ 27%] [32mBuilding CXX object CMakeFiles/geometric_shapes.dir/src/shape_to_marker.cpp.o[0m
[ 30%] [32mBuilding CXX object CMakeFiles/geometric_shapes.dir/src/shapes.cpp.o[0m
[ 33%] [32m[1mLinking CXX static library libgtest_main.a[0m
[ 33%] Built target gtest_main
[ 36%] [32m[1mLinking CXX static library libgtest.a[0m
[ 36%] Built target gtest
[35m[1mScanning dependencies of target test_basics[0m
[ 39%] [32mBuilding CXX object test/CMakeFiles/test_basics.dir/test_basics.cpp.o[0m
[ 42%] [32m[1mLinking CXX shared library libgeometric_shapes.so[0m
[ 42%] Built target geometric_shapes
[35m[1mScanning dependencies of target test_bounding_cylinder[0m
[35m[1mScanning dependencies of target test_point_inclusion[0m
[35m[1mScanning dependencies of target test_bounding_box[0m
[35m[1mScanning dependencies of target test_bounding_sphere[0m
[35m[1mScanning dependencies of target test_loaded_meshes[0m
[35m[1mScanning dependencies of target test_ray_intersection[0m
[35m[1mScanning dependencies of target test_create_mesh[0m
[35m[1mScanning dependencies of target test_body_operations[0m
[35m[1mScanning dependencies of target test_shapes[0m
[ 45%] [32mBuilding CXX object test/CMakeFiles/test_bounding_cylinder.dir/test_bounding_cylinder.cpp.o[0m
[ 48%] [32mBuilding CXX object test/CMakeFiles/test_bounding_box.dir/test_bounding_box.cpp.o[0m
[ 51%] [32mBuilding CXX object test/CMakeFiles/test_ray_intersection.dir/test_ray_intersection.cpp.o[0m
[ 54%] [32mBuilding CXX object test/CMakeFiles/test_bounding_sphere.dir/test_bounding_sphere.cpp.o[0m
[ 57%] [32mBuilding CXX object test/CMakeFiles/test_point_inclusion.dir/test_point_inclusion.cpp.o[0m
[ 60%] [32mBuilding CXX object test/CMakeFiles/test_create_mesh.dir/test_create_mesh.cpp.o[0m
[ 63%] [32mBuilding CXX object test/CMakeFiles/test_loaded_meshes.dir/test_loaded_meshes.cpp.o[0m
[ 66%] [32mBuilding CXX object test/CMakeFiles/test_shapes.dir/test_shapes.cpp.o[0m
[ 69%] [32mBuilding CXX object test/CMakeFiles/test_body_operations.dir/test_body_operations.cpp.o[0m
[ 72%] [32m[1mLinking CXX executable test_create_mesh[0m
[ 72%] Built target test_create_mesh
[ 75%] [32m[1mLinking CXX executable test_basics[0m
[ 75%] Built target test_basics
[ 78%] [32m[1mLinking CXX executable test_bounding_sphere[0m
[ 78%] Built target test_bounding_sphere
[ 81%] [32m[1mLinking CXX executable test_shapes[0m
[ 81%] Built target test_shapes
[ 84%] [32m[1mLinking CXX executable test_bounding_box[0m
[ 84%] Built target test_bounding_box
[ 87%] [32m[1mLinking CXX executable test_loaded_meshes[0m
[ 90%] [32m[1mLinking CXX executable test_body_operations[0m
[ 90%] Built target test_loaded_meshes
[ 90%] Built target test_body_operations
[ 93%] [32m[1mLinking CXX executable test_bounding_cylinder[0m
[ 93%] Built target test_bounding_cylinder
[ 96%] [32m[1mLinking CXX executable test_point_inclusion[0m
[ 96%] Built target test_point_inclusion
[100%] [32m[1mLinking CXX executable test_ray_intersection[0m
[100%] Built target test_ray_intersection
