[0.050s] Invoking command in '/home/prakt3/praktikum_ws/build/geometric_shapes': CMAKE_PREFIX_PATH=${CMAKE_PREFIX_PATH}:/opt/ros/galactic /usr/bin/cmake /home/prakt3/praktikum_ws/src/geometric_shapes -DCMAKE_INSTALL_PREFIX=/home/prakt3/praktikum_ws/install/geometric_shapes
[0.724s] -- The C compiler identification is GNU 9.4.0
[0.724s] -- The CXX compiler identification is GNU 9.4.0
[0.724s] -- Check for working C compiler: /usr/bin/cc
[0.725s] -- Check for working C compiler: /usr/bin/cc -- works
[0.725s] -- Detecting C compiler ABI info
[0.725s] -- Detecting C compiler ABI info - done
[0.725s] -- Detecting C compile features
[0.725s] -- Detecting C compile features - done
[0.725s] -- Check for working CXX compiler: /usr/bin/c++
[0.725s] -- Check for working CXX compiler: /usr/bin/c++ -- works
[0.725s] -- Detecting CXX compiler ABI info
[0.725s] -- Detecting CXX compiler ABI info - done
[0.725s] -- Detecting CXX compile features
[0.725s] -- Detecting CXX compile features - done
[0.725s] -- Found eigen3_cmake_module: 0.1.1 (/opt/ros/galactic/share/eigen3_cmake_module/cmake)
[0.725s] -- Found Eigen3: TRUE (found version "3.3.7") 
[0.725s] -- Found ament_cmake: 1.1.6 (/opt/ros/galactic/share/ament_cmake/cmake)
[0.725s] -- Found PythonInterp: /usr/bin/python3 (found suitable version "3.8.10", minimum required is "3") 
[0.725s] -- Using PYTHON_EXECUTABLE: /usr/bin/python3
[0.725s] -- Found Boost: /usr/lib/x86_64-linux-gnu/cmake/Boost-1.71.0/BoostConfig.cmake (found version "1.71.0") found components: filesystem 
[0.725s] -- Found console_bridge_vendor: 1.3.2 (/opt/ros/galactic/share/console_bridge_vendor/cmake)
[0.725s] -- Found eigen_stl_containers: 1.0.0 (/opt/ros/galactic/share/eigen_stl_containers/cmake)
[0.725s] -- Found geometry_msgs: 2.2.4 (/opt/ros/galactic/share/geometry_msgs/cmake)
[0.725s] -- Using all available rosidl_typesupport_c: rosidl_typesupport_fastrtps_c;rosidl_typesupport_introspection_c
[0.725s] -- Found rosidl_adapter: 2.2.3 (/opt/ros/galactic/share/rosidl_adapter/cmake)
[0.725s] -- Found OpenSSL: /usr/lib/x86_64-linux-gnu/libcrypto.so (found version "1.1.1f")  
[0.725s] -- Found FastRTPS: /opt/ros/galactic/include  
[0.725s] -- Using all available rosidl_typesupport_cpp: rosidl_typesupport_fastrtps_cpp;rosidl_typesupport_introspection_cpp
[0.725s] -- Found QHULL: /usr/lib/x86_64-linux-gnu/libqhull_r.so  
[0.725s] -- QHULL found (include: /usr/include/libqhull_r, lib: optimized;/usr/lib/x86_64-linux-gnu/libqhull_r.so;debug;/usr/lib/x86_64-linux-gnu/libqhull_r.so)
[0.725s] -- Found random_numbers: 2.0.1 (/opt/ros/galactic/share/random_numbers/cmake)
[0.725s] -- Found rclcpp: 9.2.2 (/opt/ros/galactic/share/rclcpp/cmake)
[0.727s] geometric_shapes: You did not request a specific build type: Choosing 'Release' for maximum performance
[0.744s] -- Found rmw_implementation_cmake: 3.3.1 (/opt/ros/galactic/share/rmw_implementation_cmake/cmake)
[0.747s] -- Found rmw_cyclonedds_cpp: 0.22.6 (/opt/ros/galactic/share/rmw_cyclonedds_cpp/cmake)
[0.766s] -- Using RMW implementation 'rmw_cyclonedds_cpp' as default
[0.766s] -- Looking for pthread.h
[0.866s] -- Looking for pthread.h - found
[0.866s] -- Performing Test CMAKE_HAVE_LIBC_PTHREAD
[0.919s] -- Performing Test CMAKE_HAVE_LIBC_PTHREAD - Failed
[0.919s] -- Looking for pthread_create in pthreads
[0.971s] -- Looking for pthread_create in pthreads - not found
[0.971s] -- Looking for pthread_create in pthread
[1.027s] -- Looking for pthread_create in pthread - found
[1.027s] -- Found Threads: TRUE  
[1.175s] -- Found resource_retriever: 2.5.0 (/opt/ros/galactic/share/resource_retriever/cmake)
[1.406s] -- library: /usr/lib/x86_64-linux-gnu/libcurl.so
[1.408s] -- Found shape_msgs: 2.2.4 (/opt/ros/galactic/share/shape_msgs/cmake)
[1.488s] -- Found visualization_msgs: 2.2.4 (/opt/ros/galactic/share/visualization_msgs/cmake)
[1.639s] -- Found ament_cmake_gtest: 1.1.6 (/opt/ros/galactic/share/ament_cmake_gtest/cmake)
[1.643s] -- Found gtest sources under '/opt/ros/galactic/src/gtest_vendor': C++ tests using 'Google Test' will be built
[1.645s] -- Check if compiler accepts -pthread
[1.765s] -- Check if compiler accepts -pthread - yes
[1.787s] -- Found ament_lint_auto: 0.10.7 (/opt/ros/galactic/share/ament_lint_auto/cmake)
[1.803s] -- Added test 'copyright' to check source files copyright and LICENSE
[1.807s] -- Configuring done
[1.879s] -- Generating done
[1.884s] -- Build files have been written to: /home/prakt3/praktikum_ws/build/geometric_shapes
[1.897s] Invoked command in '/home/prakt3/praktikum_ws/build/geometric_shapes' returned '0': CMAKE_PREFIX_PATH=${CMAKE_PREFIX_PATH}:/opt/ros/galactic /usr/bin/cmake /home/prakt3/praktikum_ws/src/geometric_shapes -DCMAKE_INSTALL_PREFIX=/home/prakt3/praktikum_ws/install/geometric_shapes
[1.898s] Invoking command in '/home/prakt3/praktikum_ws/build/geometric_shapes': CMAKE_PREFIX_PATH=${CMAKE_PREFIX_PATH}:/opt/ros/galactic /usr/bin/cmake --build /home/prakt3/praktikum_ws/build/geometric_shapes -- -j12 -l12
[1.947s] [35m[1mScanning dependencies of target geometric_shapes[0m
[1.947s] [35m[1mScanning dependencies of target gtest_main[0m
[1.954s] [35m[1mScanning dependencies of target gtest[0m
[1.956s] [  3%] [32mBuilding CXX object gtest/CMakeFiles/gtest_main.dir/src/gtest_main.cc.o[0m
[1.974s] [  6%] [32mBuilding CXX object gtest/CMakeFiles/gtest.dir/src/gtest-all.cc.o[0m
[2.006s] [  9%] [32mBuilding CXX object CMakeFiles/geometric_shapes.dir/src/aabb.cpp.o[0m
[2.009s] [ 12%] [32mBuilding CXX object CMakeFiles/geometric_shapes.dir/src/bodies.cpp.o[0m
[2.009s] [ 15%] [32mBuilding CXX object CMakeFiles/geometric_shapes.dir/src/body_operations.cpp.o[0m
[2.031s] [ 18%] [32mBuilding CXX object CMakeFiles/geometric_shapes.dir/src/mesh_operations.cpp.o[0m
[2.044s] [ 21%] [32mBuilding CXX object CMakeFiles/geometric_shapes.dir/src/shape_extents.cpp.o[0m
[2.050s] [ 24%] [32mBuilding CXX object CMakeFiles/geometric_shapes.dir/src/shape_operations.cpp.o[0m
[2.070s] [ 27%] [32mBuilding CXX object CMakeFiles/geometric_shapes.dir/src/shape_to_marker.cpp.o[0m
[2.082s] [ 30%] [32mBuilding CXX object CMakeFiles/geometric_shapes.dir/src/shapes.cpp.o[0m
[3.518s] [ 33%] [32m[1mLinking CXX static library libgtest_main.a[0m
[3.662s] [ 33%] Built target gtest_main
[10.878s] [ 36%] [32m[1mLinking CXX static library libgtest.a[0m
[10.898s] [ 36%] Built target gtest
[10.904s] [35m[1mScanning dependencies of target test_basics[0m
[10.924s] [ 39%] [32mBuilding CXX object test/CMakeFiles/test_basics.dir/test_basics.cpp.o[0m
[11.035s] [ 42%] [32m[1mLinking CXX shared library libgeometric_shapes.so[0m
[11.142s] [ 42%] Built target geometric_shapes
[11.151s] [35m[1mScanning dependencies of target test_bounding_cylinder[0m
[11.151s] [35m[1mScanning dependencies of target test_point_inclusion[0m
[11.151s] [35m[1mScanning dependencies of target test_bounding_box[0m
[11.151s] [35m[1mScanning dependencies of target test_bounding_sphere[0m
[11.157s] [35m[1mScanning dependencies of target test_loaded_meshes[0m
[11.174s] [35m[1mScanning dependencies of target test_ray_intersection[0m
[11.181s] [35m[1mScanning dependencies of target test_create_mesh[0m
[11.182s] [35m[1mScanning dependencies of target test_body_operations[0m
[11.202s] [35m[1mScanning dependencies of target test_shapes[0m
[11.207s] [ 45%] [32mBuilding CXX object test/CMakeFiles/test_bounding_cylinder.dir/test_bounding_cylinder.cpp.o[0m
[11.214s] [ 48%] [32mBuilding CXX object test/CMakeFiles/test_bounding_box.dir/test_bounding_box.cpp.o[0m
[11.223s] [ 51%] [32mBuilding CXX object test/CMakeFiles/test_ray_intersection.dir/test_ray_intersection.cpp.o[0m
[11.224s] [ 54%] [32mBuilding CXX object test/CMakeFiles/test_bounding_sphere.dir/test_bounding_sphere.cpp.o[0m
[11.226s] [ 57%] [32mBuilding CXX object test/CMakeFiles/test_point_inclusion.dir/test_point_inclusion.cpp.o[0m
[11.237s] [ 60%] [32mBuilding CXX object test/CMakeFiles/test_create_mesh.dir/test_create_mesh.cpp.o[0m
[11.240s] [ 63%] [32mBuilding CXX object test/CMakeFiles/test_loaded_meshes.dir/test_loaded_meshes.cpp.o[0m
[11.262s] [ 66%] [32mBuilding CXX object test/CMakeFiles/test_shapes.dir/test_shapes.cpp.o[0m
[11.278s] [ 69%] [32mBuilding CXX object test/CMakeFiles/test_body_operations.dir/test_body_operations.cpp.o[0m
[13.804s] [ 72%] [32m[1mLinking CXX executable test_create_mesh[0m
[14.067s] [ 72%] Built target test_create_mesh
[14.798s] [ 75%] [32m[1mLinking CXX executable test_basics[0m
[14.960s] [ 75%] Built target test_basics
[15.170s] [ 78%] [32m[1mLinking CXX executable test_bounding_sphere[0m
[15.446s] [ 78%] Built target test_bounding_sphere
[15.681s] [ 81%] [32m[1mLinking CXX executable test_shapes[0m
[15.916s] [ 81%] Built target test_shapes
[15.989s] [ 84%] [32m[1mLinking CXX executable test_bounding_box[0m
[16.206s] [ 84%] Built target test_bounding_box
[16.346s] [ 87%] [32m[1mLinking CXX executable test_loaded_meshes[0m
[16.389s] [ 90%] [32m[1mLinking CXX executable test_body_operations[0m
[16.536s] [ 90%] Built target test_loaded_meshes
[16.670s] [ 90%] Built target test_body_operations
[16.754s] [ 93%] [32m[1mLinking CXX executable test_bounding_cylinder[0m
[16.945s] [ 93%] Built target test_bounding_cylinder
[18.449s] [ 96%] [32m[1mLinking CXX executable test_point_inclusion[0m
[18.625s] [ 96%] Built target test_point_inclusion
[44.390s] [100%] [32m[1mLinking CXX executable test_ray_intersection[0m
[44.494s] [100%] Built target test_ray_intersection
