[0.187s] Invoking command in '/home/prakt3/praktikum_ws/build/moveit_visual_tools': AMENT_PREFIX_PATH=/home/prakt3/praktikum_ws/install/rviz_visual_tools:${AMENT_PREFIX_PATH} CMAKE_PREFIX_PATH=/home/prakt3/praktikum_ws/install/rviz_visual_tools:/home/prakt3/praktikum_ws/install/vrpn:/opt/ros/galactic LD_LIBRARY_PATH=/home/prakt3/praktikum_ws/install/rviz_visual_tools/lib:${LD_LIBRARY_PATH} /usr/bin/cmake /home/prakt3/praktikum_ws/src/moveit_visual_tools -DCMAKE_INSTALL_PREFIX=/home/prakt3/praktikum_ws/install/moveit_visual_tools
[0.240s] -- The C compiler identification is GNU 9.4.0
[0.275s] -- The CXX compiler identification is GNU 9.4.0
[0.278s] -- Check for working C compiler: /usr/bin/cc
[0.317s] -- Check for working C compiler: /usr/bin/cc -- works
[0.318s] -- Detecting C compiler ABI info
[0.357s] -- Detecting C compiler ABI info - done
[0.364s] -- Detecting C compile features
[0.364s] -- Detecting C compile features - done
[0.365s] -- Check for working CXX compiler: /usr/bin/c++
[0.411s] -- Check for working CXX compiler: /usr/bin/c++ -- works
[0.412s] -- Detecting CXX compiler ABI info
[0.457s] -- Detecting CXX compiler ABI info - done
[0.464s] -- Detecting CXX compile features
[0.465s] -- Detecting CXX compile features - done
[0.466s] -- Found moveit_common: 2.3.4 (/opt/ros/galactic/share/moveit_common/cmake)
[0.467s] -- Found ament_cmake: 1.1.6 (/opt/ros/galactic/share/ament_cmake/cmake)
[0.481s] -- Found PythonInterp: /usr/bin/python3 (found suitable version "3.8.10", minimum required is "3") 
[0.481s] -- Using PYTHON_EXECUTABLE: /usr/bin/python3
[0.578s] -- Found libdw: /usr/lib/x86_64-linux-gnu/libdw.so  
[0.585s] -- Could NOT find libbfd (missing: LIBBFD_LIBRARY LIBBFD_INCLUDE_DIR) 
[0.585s] -- BACKWARD_HAS_UNWIND=1
[0.585s] -- BACKWARD_HAS_BACKTRACE=0
[0.585s] -- BACKWARD_HAS_BACKTRACE_SYMBOL=0
[0.586s] -- BACKWARD_HAS_DW=1
[0.586s] -- BACKWARD_HAS_BFD=0
[0.586s] -- Found Backward: /opt/ros/galactic/share/backward_ros/cmake  
[0.590s] moveit_visual_tools: You did not request a specific build type: Choosing 'Release' for maximum performance
[0.599s] -- Found Boost: /usr/lib/x86_64-linux-gnu/cmake/Boost-1.71.0/BoostConfig.cmake (found version "1.71.0") found components: system 
[0.604s] -- Found geometry_msgs: 2.2.4 (/opt/ros/galactic/share/geometry_msgs/cmake)
[0.644s] -- Using all available rosidl_typesupport_c: rosidl_typesupport_fastrtps_c;rosidl_typesupport_introspection_c
[0.646s] -- Found rosidl_adapter: 2.2.3 (/opt/ros/galactic/share/rosidl_adapter/cmake)
[0.674s] -- Found OpenSSL: /usr/lib/x86_64-linux-gnu/libcrypto.so (found version "1.1.1f")  
[0.683s] -- Found FastRTPS: /opt/ros/galactic/include  
[0.736s] -- Using all available rosidl_typesupport_cpp: rosidl_typesupport_fastrtps_cpp;rosidl_typesupport_introspection_cpp
[0.795s] -- Found graph_msgs: 0.2.0 (/opt/ros/galactic/share/graph_msgs/cmake)
[0.842s] -- Found moveit_core: 2.3.4 (/opt/ros/galactic/share/moveit_core/cmake)
[1.061s] -- Found Boost: /usr/lib/x86_64-linux-gnu/cmake/Boost-1.71.0/BoostConfig.cmake (found version "1.71.0") found components: chrono date_time filesystem iostreams program_options regex serialization system thread 
[1.074s] -- Found Boost: /usr/lib/x86_64-linux-gnu/cmake/Boost-1.71.0/BoostConfig.cmake (found version "1.71.0") found components: filesystem 
[1.129s] -- Found rmw_implementation_cmake: 3.3.1 (/opt/ros/galactic/share/rmw_implementation_cmake/cmake)
[1.131s] -- Found rmw_cyclonedds_cpp: 0.22.6 (/opt/ros/galactic/share/rmw_cyclonedds_cpp/cmake)
[1.144s] -- Using RMW implementation 'rmw_cyclonedds_cpp' as default
[1.145s] -- Found Threads: TRUE  
[1.279s] -- library: /usr/lib/x86_64-linux-gnu/libcurl.so
[1.404s] -- Found Eigen3: TRUE (found version "3.3.7") 
[2.540s] -- Found moveit_ros_planning: 2.3.4 (/opt/ros/galactic/share/moveit_ros_planning/cmake)
[2.544s] -- Found Boost: /usr/lib/x86_64-linux-gnu/cmake/Boost-1.71.0/BoostConfig.cmake (found version "1.71.0") found components: system filesystem date_time program_options thread chrono 
[2.703s] -- Found Boost: /usr/lib/x86_64-linux-gnu/cmake/Boost-1.71.0/BoostConfig.cmake (found version "1.71.0") found components: thread 
[3.075s] -- Found rviz_visual_tools: 4.1.2 (/home/prakt3/praktikum_ws/install/rviz_visual_tools/share/rviz_visual_tools/cmake)
[3.150s] -- Setting OGRE_DIR to: '/opt/ros/galactic/share/rviz_ogre_vendor/cmake/../../../opt/rviz_ogre_vendor/lib/OGRE/cmake'
[3.151s] -- Found OGRE
[3.151s] --   static     : OFF
[3.151s] --   components : HLMS;MeshLodGenerator;Overlay;Paging;Property;RTShaderSystem;Terrain;Volume
[3.151s] --   plugins    : Plugin_BSPSceneManager;Plugin_OctreeSceneManager;Plugin_PCZSceneManager;Plugin_ParticleFX;RenderSystem_GL;RenderSystem_GL3Plus;Codec_STBI
[3.151s] --   media      : /opt/ros/galactic/opt/rviz_ogre_vendor/share/OGRE/Media
[3.151s] -- OGRE_LIBRARIES: OgreHLMS;OgreMeshLodGenerator;OgreOverlay;OgrePaging;OgreProperty;OgreRTShaderSystem;OgreTerrain;OgreVolume;OgreMain
[3.151s] -- OGRE_LIBRARY_DIRS: /opt/ros/galactic/opt/rviz_ogre_vendor/lib
[3.151s] -- OGRE_PLUGINS: Plugin_BSPSceneManager;Plugin_OctreeSceneManager;Plugin_PCZSceneManager;Plugin_ParticleFX;RenderSystem_GL;RenderSystem_GL3Plus;Codec_STBI
[3.152s] -- OGRE_PLUGIN_DIR: /opt/ros/galactic/opt/rviz_ogre_vendor/lib/OGRE
[3.152s] -- rviz_ogre_vendor::OgreOverlay for IMPORTED_LOCATION_RELEASE: /opt/ros/galactic/opt/rviz_ogre_vendor/lib/libOgreOverlay.so
[3.152s] -- rviz_ogre_vendor::OgreOverlay for IMPORTED_LOCATION_DEBUG: /opt/ros/galactic/opt/rviz_ogre_vendor/lib/libOgreOverlay.so
[3.152s] -- rviz_ogre_vendor::OgreMain for IMPORTED_LOCATION_RELEASE: /opt/ros/galactic/opt/rviz_ogre_vendor/lib/libOgreMain.so
[3.152s] -- rviz_ogre_vendor::OgreMain for IMPORTED_LOCATION_DEBUG: /opt/ros/galactic/opt/rviz_ogre_vendor/lib/libOgreMain.so
[3.153s] -- Could not find freeimage library
[3.164s] -- Found ZLIB: /usr/lib/x86_64-linux-gnu/libz.so (found version "1.2.11") 
[3.166s] -- Found OpenGL: /usr/lib/x86_64-linux-gnu/libOpenGL.so   
[3.213s] -- Found X11: /usr/include   
[3.213s] -- Looking for XOpenDisplay in /usr/lib/x86_64-linux-gnu/libX11.so;/usr/lib/x86_64-linux-gnu/libXext.so
[3.272s] -- Looking for XOpenDisplay in /usr/lib/x86_64-linux-gnu/libX11.so;/usr/lib/x86_64-linux-gnu/libXext.so - found
[3.272s] -- Looking for gethostbyname
[3.325s] -- Looking for gethostbyname - found
[3.325s] -- Looking for connect
[3.379s] -- Looking for connect - found
[3.379s] -- Looking for remove
[3.433s] -- Looking for remove - found
[3.433s] -- Looking for shmat
[3.488s] -- Looking for shmat - found
[3.488s] -- Looking for IceConnectionNumber in ICE
[3.543s] -- Looking for IceConnectionNumber in ICE - found
[3.546s] -- rviz_ogre_vendor::RenderSystem_GL for IMPORTED_LOCATION_RELEASE: _render_system_gl_static_library_abs-NOTFOUND
[3.546s] -- rviz_ogre_vendor::RenderSystem_GL for IMPORTED_LOCATION_DEBUG: _render_system_gl_static_library_abs-NOTFOUND
[3.550s] -- library: libassimp.so.5
[3.875s] -- Found ament_lint_auto: 0.10.7 (/opt/ros/galactic/share/ament_lint_auto/cmake)
[3.884s] -- Added test 'copyright' to check source files copyright and LICENSE
[3.884s] -- Added test 'flake8' to check Python code syntax and style conventions
[3.885s] -- Added test 'lint_cmake' to check CMake code style
[3.885s] -- Added test 'pep257' to check Python code against some of the style conventions in PEP 257
[3.885s] -- Added test 'xmllint' to check XML markup files
[3.888s] -- Configuring done
[3.960s] -- Generating done
[3.961s] -- Build files have been written to: /home/prakt3/praktikum_ws/build/moveit_visual_tools
[3.969s] Invoked command in '/home/prakt3/praktikum_ws/build/moveit_visual_tools' returned '0': AMENT_PREFIX_PATH=/home/prakt3/praktikum_ws/install/rviz_visual_tools:${AMENT_PREFIX_PATH} CMAKE_PREFIX_PATH=/home/prakt3/praktikum_ws/install/rviz_visual_tools:/home/prakt3/praktikum_ws/install/vrpn:/opt/ros/galactic LD_LIBRARY_PATH=/home/prakt3/praktikum_ws/install/rviz_visual_tools/lib:${LD_LIBRARY_PATH} /usr/bin/cmake /home/prakt3/praktikum_ws/src/moveit_visual_tools -DCMAKE_INSTALL_PREFIX=/home/prakt3/praktikum_ws/install/moveit_visual_tools
[3.971s] Invoking command in '/home/prakt3/praktikum_ws/build/moveit_visual_tools': AMENT_PREFIX_PATH=/home/prakt3/praktikum_ws/install/rviz_visual_tools:${AMENT_PREFIX_PATH} CMAKE_PREFIX_PATH=/home/prakt3/praktikum_ws/install/rviz_visual_tools:/home/prakt3/praktikum_ws/install/vrpn:/opt/ros/galactic LD_LIBRARY_PATH=/home/prakt3/praktikum_ws/install/rviz_visual_tools/lib:${LD_LIBRARY_PATH} /usr/bin/cmake --build /home/prakt3/praktikum_ws/build/moveit_visual_tools -- -j12 -l12
[3.995s] [35m[1mScanning dependencies of target moveit_visual_tools[0m
[4.056s] [ 16%] [32mBuilding CXX object CMakeFiles/moveit_visual_tools.dir/src/moveit_visual_tools.cpp.o[0m
[4.056s] [ 33%] [32mBuilding CXX object CMakeFiles/moveit_visual_tools.dir/src/imarker_robot_state.cpp.o[0m
[4.056s] [ 50%] [32mBuilding CXX object CMakeFiles/moveit_visual_tools.dir/src/imarker_end_effector.cpp.o[0m
[14.381s] [ 66%] [32m[1mLinking CXX shared library libmoveit_visual_tools.so[0m
[14.799s] [ 66%] Built target moveit_visual_tools
[14.805s] [35m[1mScanning dependencies of target moveit_visual_tools_demo[0m
[14.851s] [ 83%] [32mBuilding CXX object CMakeFiles/moveit_visual_tools_demo.dir/src/moveit_visual_tools_demo.cpp.o[0m
[20.505s] [100%] [32m[1mLinking CXX executable moveit_visual_tools_demo[0m
[20.934s] [100%] Built target moveit_visual_tools_demo
[20.940s] Invoked command in '/home/prakt3/praktikum_ws/build/moveit_visual_tools' returned '0': AMENT_PREFIX_PATH=/home/prakt3/praktikum_ws/install/rviz_visual_tools:${AMENT_PREFIX_PATH} CMAKE_PREFIX_PATH=/home/prakt3/praktikum_ws/install/rviz_visual_tools:/home/prakt3/praktikum_ws/install/vrpn:/opt/ros/galactic LD_LIBRARY_PATH=/home/prakt3/praktikum_ws/install/rviz_visual_tools/lib:${LD_LIBRARY_PATH} /usr/bin/cmake --build /home/prakt3/praktikum_ws/build/moveit_visual_tools -- -j12 -l12
[20.962s] Invoking command in '/home/prakt3/praktikum_ws/build/moveit_visual_tools': AMENT_PREFIX_PATH=/home/prakt3/praktikum_ws/install/rviz_visual_tools:${AMENT_PREFIX_PATH} CMAKE_PREFIX_PATH=/home/prakt3/praktikum_ws/install/rviz_visual_tools:/home/prakt3/praktikum_ws/install/vrpn:/opt/ros/galactic LD_LIBRARY_PATH=/home/prakt3/praktikum_ws/install/rviz_visual_tools/lib:${LD_LIBRARY_PATH} /usr/bin/cmake --install /home/prakt3/praktikum_ws/build/moveit_visual_tools
[20.972s] -- Install configuration: "Release"
[20.972s] -- Installing: /home/prakt3/praktikum_ws/install/moveit_visual_tools/share/moveit_visual_tools/environment/library_path.sh
[20.972s] -- Installing: /home/prakt3/praktikum_ws/install/moveit_visual_tools/share/moveit_visual_tools/environment/library_path.dsv
[20.972s] -- Installing: /home/prakt3/praktikum_ws/install/moveit_visual_tools/lib/libmoveit_visual_tools.so
[20.973s] -- Set runtime path of "/home/prakt3/praktikum_ws/install/moveit_visual_tools/lib/libmoveit_visual_tools.so" to ""
[20.973s] -- Installing: /home/prakt3/praktikum_ws/install/moveit_visual_tools/lib/moveit_visual_tools/moveit_visual_tools_demo
[20.974s] -- Set runtime path of "/home/prakt3/praktikum_ws/install/moveit_visual_tools/lib/moveit_visual_tools/moveit_visual_tools_demo" to ""
[20.974s] -- Installing: /home/prakt3/praktikum_ws/install/moveit_visual_tools/include
[20.974s] -- Installing: /home/prakt3/praktikum_ws/install/moveit_visual_tools/include/moveit_visual_tools
[20.974s] -- Installing: /home/prakt3/praktikum_ws/install/moveit_visual_tools/include/moveit_visual_tools/imarker_robot_state.h
[20.974s] -- Installing: /home/prakt3/praktikum_ws/install/moveit_visual_tools/include/moveit_visual_tools/moveit_visual_tools.h
[20.974s] -- Installing: /home/prakt3/praktikum_ws/install/moveit_visual_tools/include/moveit_visual_tools/imarker_end_effector.h
[20.974s] -- Installing: /home/prakt3/praktikum_ws/install/moveit_visual_tools/share/moveit_visual_tools/launch
[20.974s] -- Installing: /home/prakt3/praktikum_ws/install/moveit_visual_tools/share/moveit_visual_tools/launch/demo_rviz.launch.py
[20.974s] -- Installing: /home/prakt3/praktikum_ws/install/moveit_visual_tools/share/moveit_visual_tools/launch/demo.rviz
[20.974s] -- Installing: /home/prakt3/praktikum_ws/install/moveit_visual_tools/share/moveit_visual_tools/resources
[20.974s] -- Installing: /home/prakt3/praktikum_ws/install/moveit_visual_tools/share/moveit_visual_tools/resources/rrbot.urdf
[20.974s] -- Installing: /home/prakt3/praktikum_ws/install/moveit_visual_tools/share/moveit_visual_tools/resources/rrbot.srdf
[20.974s] -- Installing: /home/prakt3/praktikum_ws/install/moveit_visual_tools/share/moveit_visual_tools/resources/demo_mesh.stl
[20.974s] -- Installing: /home/prakt3/praktikum_ws/install/moveit_visual_tools/share/moveit_visual_tools/resources/screenshot.png
[20.974s] -- Installing: /home/prakt3/praktikum_ws/install/moveit_visual_tools/share/moveit_visual_tools/resources/demo.png
[20.974s] -- Installing: /home/prakt3/praktikum_ws/install/moveit_visual_tools/share/ament_index/resource_index/package_run_dependencies/moveit_visual_tools
[20.974s] -- Installing: /home/prakt3/praktikum_ws/install/moveit_visual_tools/share/ament_index/resource_index/parent_prefix_path/moveit_visual_tools
[20.975s] -- Installing: /home/prakt3/praktikum_ws/install/moveit_visual_tools/share/moveit_visual_tools/environment/ament_prefix_path.sh
[20.975s] -- Installing: /home/prakt3/praktikum_ws/install/moveit_visual_tools/share/moveit_visual_tools/environment/ament_prefix_path.dsv
[20.975s] -- Installing: /home/prakt3/praktikum_ws/install/moveit_visual_tools/share/moveit_visual_tools/environment/path.sh
[20.975s] -- Installing: /home/prakt3/praktikum_ws/install/moveit_visual_tools/share/moveit_visual_tools/environment/path.dsv
[20.975s] -- Installing: /home/prakt3/praktikum_ws/install/moveit_visual_tools/share/moveit_visual_tools/local_setup.bash
[20.975s] -- Installing: /home/prakt3/praktikum_ws/install/moveit_visual_tools/share/moveit_visual_tools/local_setup.sh
[20.975s] -- Installing: /home/prakt3/praktikum_ws/install/moveit_visual_tools/share/moveit_visual_tools/local_setup.zsh
[20.975s] -- Installing: /home/prakt3/praktikum_ws/install/moveit_visual_tools/share/moveit_visual_tools/local_setup.dsv
[20.975s] -- Installing: /home/prakt3/praktikum_ws/install/moveit_visual_tools/share/moveit_visual_tools/package.dsv
[20.975s] -- Installing: /home/prakt3/praktikum_ws/install/moveit_visual_tools/share/ament_index/resource_index/packages/moveit_visual_tools
[20.975s] -- Installing: /home/prakt3/praktikum_ws/install/moveit_visual_tools/share/moveit_visual_tools/cmake/export_moveit_visual_toolsExport.cmake
[20.975s] -- Installing: /home/prakt3/praktikum_ws/install/moveit_visual_tools/share/moveit_visual_tools/cmake/export_moveit_visual_toolsExport-release.cmake
[20.975s] -- Installing: /home/prakt3/praktikum_ws/install/moveit_visual_tools/share/moveit_visual_tools/cmake/ament_cmake_export_targets-extras.cmake
[20.975s] -- Installing: /home/prakt3/praktikum_ws/install/moveit_visual_tools/share/moveit_visual_tools/cmake/ament_cmake_export_dependencies-extras.cmake
[20.975s] -- Installing: /home/prakt3/praktikum_ws/install/moveit_visual_tools/share/moveit_visual_tools/cmake/moveit_visual_toolsConfig.cmake
[20.975s] -- Installing: /home/prakt3/praktikum_ws/install/moveit_visual_tools/share/moveit_visual_tools/cmake/moveit_visual_toolsConfig-version.cmake
[20.976s] -- Installing: /home/prakt3/praktikum_ws/install/moveit_visual_tools/share/moveit_visual_tools/package.xml
[20.978s] Invoked command in '/home/prakt3/praktikum_ws/build/moveit_visual_tools' returned '0': AMENT_PREFIX_PATH=/home/prakt3/praktikum_ws/install/rviz_visual_tools:${AMENT_PREFIX_PATH} CMAKE_PREFIX_PATH=/home/prakt3/praktikum_ws/install/rviz_visual_tools:/home/prakt3/praktikum_ws/install/vrpn:/opt/ros/galactic LD_LIBRARY_PATH=/home/prakt3/praktikum_ws/install/rviz_visual_tools/lib:${LD_LIBRARY_PATH} /usr/bin/cmake --install /home/prakt3/praktikum_ws/build/moveit_visual_tools
