[0.008s] Invoking command in '/home/prakt3/praktikum_ws/build/vrpn': CMAKE_PREFIX_PATH=/opt/ros/galactic /usr/bin/cmake /home/prakt3/praktikum_ws/src/vrpn-release -DCMAKE_INSTALL_PREFIX=/home/prakt3/praktikum_ws/install/vrpn
[0.045s] -- The C compiler identification is GNU 9.4.0
[0.084s] -- The CXX compiler identification is GNU 9.4.0
[0.089s] -- Check for working C compiler: /usr/bin/cc
[0.138s] -- Check for working C compiler: /usr/bin/cc -- works
[0.140s] -- Detecting C compiler ABI info
[0.209s] -- Detecting C compiler ABI info - done
[0.218s] -- Detecting C compile features
[0.218s] -- Detecting C compile features - done
[0.220s] -- Check for working CXX compiler: /usr/bin/c++
[0.278s] -- Check for working CXX compiler: /usr/bin/c++ -- works
[0.279s] -- Detecting CXX compiler ABI info
[0.345s] -- Detecting CXX compiler ABI info - done
[0.355s] -- Detecting CXX compile features
[0.356s] -- Detecting CXX compile features - done
[0.397s] -- Configuring the VRPN suite version 07.34 using the CMake-based build system
[0.397s] 
[0.398s] CMake Warning (dev) at CMakeLists.txt:160 (option):
[0.398s]   Policy CMP0077 is not set: option() honors normal variables.  Run "cmake
[0.398s]   --help-policy CMP0077" for policy details.  Use the cmake_policy command to
[0.398s]   set the policy and suppress this warning.
[0.398s] 
[0.398s]   For compatibility with older versions of CMake, option is clearing the
[0.398s]   normal variable 'VRPN_BUILD_CLIENT_LIBRARY'.
[0.398s] This warning is for project developers.  Use -Wno-dev to suppress it.
[0.398s] 
[0.398s] CMake Warning (dev) at CMakeLists.txt:163 (option):
[0.398s]   Policy CMP0077 is not set: option() honors normal variables.  Run "cmake
[0.398s]   --help-policy CMP0077" for policy details.  Use the cmake_policy command to
[0.398s]   set the policy and suppress this warning.
[0.398s] 
[0.398s]   For compatibility with older versions of CMake, option is clearing the
[0.398s]   normal variable 'VRPN_BUILD_SERVER_LIBRARY'.
[0.398s] This warning is for project developers.  Use -Wno-dev to suppress it.
[0.398s] 
[0.398s] CMake Warning (dev) at CMakeLists.txt:168 (option):
[0.398s]   Policy CMP0077 is not set: option() honors normal variables.  Run "cmake
[0.398s]   --help-policy CMP0077" for policy details.  Use the cmake_policy command to
[0.398s]   set the policy and suppress this warning.
[0.398s] 
[0.398s]   For compatibility with older versions of CMake, option is clearing the
[0.398s]   normal variable 'VRPN_BUILD_CLIENTS'.
[0.398s] This warning is for project developers.  Use -Wno-dev to suppress it.
[0.398s] 
[0.398s] CMake Warning (dev) at CMakeLists.txt:169 (option):
[0.398s]   Policy CMP0077 is not set: option() honors normal variables.  Run "cmake
[0.398s]   --help-policy CMP0077" for policy details.  Use the cmake_policy command to
[0.398s]   set the policy and suppress this warning.
[0.398s] 
[0.399s]   For compatibility with older versions of CMake, option is clearing the
[0.399s]   normal variable 'VRPN_BUILD_SERVERS'.
[0.399s] This warning is for project developers.  Use -Wno-dev to suppress it.
[0.399s] 
[0.399s] -- Looking for pthread.h
[0.456s] -- Looking for pthread.h - found
[0.456s] -- Performing Test CMAKE_HAVE_LIBC_PTHREAD
[0.512s] -- Performing Test CMAKE_HAVE_LIBC_PTHREAD - Failed
[0.512s] -- Looking for pthread_create in pthreads
[0.595s] -- Looking for pthread_create in pthreads - not found
[0.595s] -- Looking for pthread_create in pthread
[0.692s] -- Looking for pthread_create in pthread - found
[0.693s] -- Found Threads: TRUE  
[0.693s] -- Now searching for auto-configurable optional packages...
[0.694s] 
[0.698s] -- Checking for module 'libusb-1.0'
[0.700s] --   No package 'libusb-1.0' found
[0.712s] -- Could NOT find Libusb1 (missing: LIBUSB1_LIBRARY LIBUSB1_INCLUDE_DIR) 
[0.715s] -- Could NOT find SWIG (missing: SWIG_EXECUTABLE SWIG_DIR) 
[0.721s] -- Found PythonLibs: /usr/lib/x86_64-linux-gnu/libpython3.8.so (found version "3.8.10") 
[0.721s] CMake Warning (dev) at cmake/OptionRequires.cmake:46 (option):
[0.721s]   Policy CMP0077 is not set: option() honors normal variables.  Run "cmake
[0.721s]   --help-policy CMP0077" for policy details.  Use the cmake_policy command to
[0.721s]   set the policy and suppress this warning.
[0.721s] 
[0.721s]   For compatibility with older versions of CMake, option is clearing the
[0.721s]   normal variable 'VRPN_BUILD_PYTHON'.
[0.721s] Call Stack (most recent call first):
[0.721s]   CMakeLists.txt:345 (option_requires)
[0.721s] This warning is for project developers.  Use -Wno-dev to suppress it.
[0.721s] 
[0.723s] -- Could NOT find Java (missing: Java_JAVA_EXECUTABLE Java_JAVAC_EXECUTABLE Java_JAR_EXECUTABLE Java_JAVADOC_EXECUTABLE Java_JAVAH_EXECUTABLE Development) 
[0.727s] -- Could NOT find JNI (missing: JAVA_AWT_LIBRARY JAVA_JVM_LIBRARY JAVA_INCLUDE_PATH JAVA_INCLUDE_PATH2 JAVA_AWT_INCLUDE_PATH) 
[0.728s] CMake Warning (dev) at cmake/OptionRequires.cmake:46 (option):
[0.728s]   Policy CMP0077 is not set: option() honors normal variables.  Run "cmake
[0.728s]   --help-policy CMP0077" for policy details.  Use the cmake_policy command to
[0.728s]   set the policy and suppress this warning.
[0.728s] 
[0.728s]   For compatibility with older versions of CMake, option is clearing the
[0.728s]   normal variable 'VRPN_BUILD_JAVA'.
[0.728s] Call Stack (most recent call first):
[0.728s]   CMakeLists.txt:374 (option_requires)
[0.728s] This warning is for project developers.  Use -Wno-dev to suppress it.
[0.728s] 
[0.858s] -- Found MPI_C: /usr/lib/x86_64-linux-gnu/openmpi/lib/libmpi.so (found version "3.1") 
[1.450s] -- Found MPI_CXX: /usr/lib/x86_64-linux-gnu/openmpi/lib/libmpi_cxx.so (found version "3.1") 
[1.450s] -- Found MPI: TRUE (found version "3.1")  
[1.453s] -- Could NOT find Modbus (missing: MODBUS_LIBRARY MODBUS_INCLUDE_DIR) 
[1.456s] -- Checking for module 'libusb-1.0'
[1.457s] --   No package 'libusb-1.0' found
[1.459s] -- Could NOT find Libusb1 (missing: LIBUSB1_LIBRARY LIBUSB1_INCLUDE_DIR) 
[1.468s] -- Could NOT find OpenHaptics (missing: HDAPI_LIBRARY HDAPI_INCLUDE_DIR HDAPI_HDU_INCLUDE_DIR HDAPI_HDU_LIBRARY HLAPI_INCLUDE_DIR HLAPI_LIBRARY HLAPI_HLU_INCLUDE_DIR HLAPI_HLU_LIBRARY HDAPI_PHANToMIO_LIBRARY HDAPI_HDU_SOURCE_DIR HLAPI_HLU_SOURCE_DIR) 
[1.470s] -- Could NOT find GHOST (missing: GHOST_LIBRARY GHOST_INCLUDE_DIR) 
[1.471s] -- Found I2CDEV: /usr/include  
[1.473s] -- Could NOT find WiiUse (missing: WIIUSE_LIBRARY WIIUSE_INCLUDE_DIR) 
[1.476s] -- Could NOT find LibNifalcon (missing: LIBNIFALCON_LIBRARY LIBNIFALCON_INCLUDE_DIR LIBNIFALCON_LIBUSB1_LIBRARY LIBNIFALCON_LIBUSB1_INCLUDE_DIR) 
[1.477s] -- Could NOT find GPM (missing: GPM_LIBRARY GPM_INCLUDE_DIR) 
[1.479s] -- Could NOT find InterSense (missing: INTERSENSE_LIBRARY INTERSENSE_INCLUDE_DIR) 
[1.480s] -- Could NOT find NIDAQmx (missing: NIDAQMX_LIBRARY NIDAQMX_INCLUDE_DIR) 
[1.481s] -- Could NOT find ViewPoint (missing: VIEWPOINT_LIBRARY VIEWPOINT_INCLUDE_DIR) 
[1.482s] -- Looking for C++ include linux/joystick.h
[1.527s] -- Looking for C++ include linux/joystick.h - found
[1.528s] -- Looking for C++ include linux/input.h
[1.581s] -- Looking for C++ include linux/input.h - found
[1.585s] -- Found Perl: /usr/bin/perl (found version "5.30.0") 
[1.586s] -- Checking for perl module Parse::RecDescent
[1.587s] -- Checking for perl module Parse::RecDescent - failed
[1.587s] -- Could NOT find PerlModules (missing: PERLMODULES_PARSE_RECDESCENT_MODULE) 
[1.590s] -- Could NOT find LibFreespace (missing: LIBFREESPACE_LIBRARY LIBFREESPACE_INCLUDE_DIR) 
[1.592s] -- Found quatlib: quat  
[1.594s] -- Could NOT find ColibriApi (missing: COLIBRIAPI_LIBRARY COLIBRIAPI_INCLUDE_DIR) 
[1.603s] -- Found GLUT: /usr/lib/x86_64-linux-gnu/libglut.so  
[1.606s] CMake Warning (dev) at /usr/share/cmake-3.16/Modules/FindOpenGL.cmake:275 (message):
[1.606s]   Policy CMP0072 is not set: FindOpenGL prefers GLVND by default when
[1.606s]   available.  Run "cmake --help-policy CMP0072" for policy details.  Use the
[1.606s]   cmake_policy command to set the policy and suppress this warning.
[1.606s] 
[1.606s]   FindOpenGL found both a legacy GL library:
[1.606s] 
[1.606s]     OPENGL_gl_LIBRARY: /usr/lib/x86_64-linux-gnu/libGL.so
[1.606s] 
[1.606s]   and GLVND libraries for OpenGL and GLX:
[1.606s] 
[1.606s]     OPENGL_opengl_LIBRARY: /usr/lib/x86_64-linux-gnu/libOpenGL.so
[1.606s]     OPENGL_glx_LIBRARY: /usr/lib/x86_64-linux-gnu/libGLX.so
[1.606s] 
[1.606s]   OpenGL_GL_PREFERENCE has not been set to "GLVND" or "LEGACY", so for
[1.606s]   compatibility with CMake 3.10 and below the legacy GL library will be used.
[1.606s] Call Stack (most recent call first):
[1.606s]   client_src/CMakeLists.txt:26 (find_package)
[1.606s] This warning is for project developers.  Use -Wno-dev to suppress it.
[1.606s] 
[1.606s] -- Found OpenGL: /usr/lib/x86_64-linux-gnu/libOpenGL.so   
[1.608s] CMake Warning (dev) at /usr/share/cmake-3.16/Modules/FindOpenGL.cmake:275 (message):
[1.608s]   Policy CMP0072 is not set: FindOpenGL prefers GLVND by default when
[1.608s]   available.  Run "cmake --help-policy CMP0072" for policy details.  Use the
[1.608s]   cmake_policy command to set the policy and suppress this warning.
[1.608s] 
[1.608s]   FindOpenGL found both a legacy GL library:
[1.608s] 
[1.608s]     OPENGL_gl_LIBRARY: /usr/lib/x86_64-linux-gnu/libGL.so
[1.608s] 
[1.608s]   and GLVND libraries for OpenGL and GLX:
[1.608s] 
[1.608s]     OPENGL_opengl_LIBRARY: /usr/lib/x86_64-linux-gnu/libOpenGL.so
[1.608s]     OPENGL_glx_LIBRARY: /usr/lib/x86_64-linux-gnu/libGLX.so
[1.608s] 
[1.608s]   OpenGL_GL_PREFERENCE has not been set to "GLVND" or "LEGACY", so for
[1.608s]   compatibility with CMake 3.10 and below the legacy GL library will be used.
[1.608s] Call Stack (most recent call first):
[1.608s]   server_src/CMakeLists.txt:27 (find_package)
[1.608s] This warning is for project developers.  Use -Wno-dev to suppress it.
[1.608s] 
[1.617s] -- Dashboard scripts have been generated for automatic nightly and continuous builds.
[1.617s] -- You can add these sample lines to your crontab:
[1.618s] -- 
[1.618s] 
[1.618s] 15 0 * * * "/usr/bin/ctest" -S "/home/prakt3/praktikum_ws/build/vrpn/Dashboards-herbie-prakt3/runNightly.cmake" 
[1.618s] 15 * * * * "/usr/bin/ctest" -S "/home/prakt3/praktikum_ws/build/vrpn/Dashboards-herbie-prakt3/runContinuous.cmake" 
[1.618s] 
[1.618s] or run this command for an one-off experimental test build:
[1.618s] "/usr/bin/ctest" -S "/home/prakt3/praktikum_ws/build/vrpn/Dashboards-herbie-prakt3/runExperimental.cmake" -VV
[1.618s] 
[1.618s] -- 
[1.630s] -- Configuring done
[1.659s] -- Generating done
[1.661s] -- Build files have been written to: /home/prakt3/praktikum_ws/build/vrpn
[1.668s] Invoked command in '/home/prakt3/praktikum_ws/build/vrpn' returned '0': CMAKE_PREFIX_PATH=/opt/ros/galactic /usr/bin/cmake /home/prakt3/praktikum_ws/src/vrpn-release -DCMAKE_INSTALL_PREFIX=/home/prakt3/praktikum_ws/install/vrpn
[1.668s] Invoking command in '/home/prakt3/praktikum_ws/build/vrpn': CMAKE_PREFIX_PATH=/opt/ros/galactic /usr/bin/cmake --build /home/prakt3/praktikum_ws/build/vrpn -- -j12 -l12
[1.702s] [35m[1mScanning dependencies of target quat[0m
[1.702s] [35m[1mScanning dependencies of target gpsnmea[0m
[1.703s] [35m[1mScanning dependencies of target vrpn_atmel[0m
[1.703s] [35m[1mScanning dependencies of target vrpn_timecode_generator[0m
[1.723s] [  1%] [32mBuilding C object quat/CMakeFiles/quat.dir/matrix.c.o[0m
[1.723s] [  2%] [32mBuilding C object quat/CMakeFiles/quat.dir/vector.c.o[0m
[1.723s] [  2%] [32mBuilding C object quat/CMakeFiles/quat.dir/xyzquat.c.o[0m
[1.724s] [  2%] [32mBuilding CXX object gpsnmealib/CMakeFiles/gpsnmea.dir/latLonCoord.C.o[0m
[1.724s] [  3%] [32mBuilding CXX object gpsnmealib/CMakeFiles/gpsnmea.dir/nmeaParser.C.o[0m
[1.724s] [  3%] [32mBuilding CXX object gpsnmealib/CMakeFiles/gpsnmea.dir/typedCoord.C.o[0m
[1.724s] [  4%] [32mBuilding CXX object gpsnmealib/CMakeFiles/gpsnmea.dir/utmCoord.C.o[0m
[1.724s] [  4%] [32mBuilding CXX object atmellib/CMakeFiles/vrpn_atmel.dir/vrpn_atmellib_helper.C.o[0m
[1.725s] [  5%] [32mBuilding C object quat/CMakeFiles/quat.dir/quat.c.o[0m
[1.725s] [  5%] [32mBuilding CXX object atmellib/CMakeFiles/vrpn_atmel.dir/vrpn_atmellib_iobasic.C.o[0m
[1.725s] [  6%] [32mBuilding CXX object server_src/timecode_generator_server/CMakeFiles/vrpn_timecode_generator.dir/vrpn_timecode_generator.cpp.o[0m
[1.726s] [  6%] [32mBuilding CXX object atmellib/CMakeFiles/vrpn_atmel.dir/vrpn_atmellib_openclose.C.o[0m
[1.750s] [  6%] [32m[1mLinking CXX static library libvrpn_timecode_generator.a[0m
[1.770s] [  7%] [32mBuilding CXX object atmellib/CMakeFiles/vrpn_atmel.dir/vrpn_atmellib_register.C.o[0m
[1.782s] [  7%] Built target vrpn_timecode_generator
[1.788s] [  7%] [32mBuilding CXX object atmellib/CMakeFiles/vrpn_atmel.dir/vrpn_atmellib_tester.C.o[0m
[1.808s] [  8%] [32m[1mLinking CXX static library libvrpn_atmel.a[0m
[1.827s] [  8%] Built target vrpn_atmel
[1.872s] [  9%] [32m[1mLinking C static library libquat.a[0m
[1.890s] [  9%] Built target quat
[1.896s] [35m[1mScanning dependencies of target vrpn[0m
[1.914s] [ 12%] [32mBuilding CXX object CMakeFiles/vrpn.dir/vrpn_Analog_Output.C.o[0m
[1.914s] [ 12%] [32mBuilding CXX object CMakeFiles/vrpn.dir/vrpn_Auxiliary_Logger.C.o[0m
[1.914s] [ 12%] [32mBuilding CXX object CMakeFiles/vrpn.dir/vrpn_Analog.C.o[0m
[1.914s] [ 13%] [32mBuilding CXX object CMakeFiles/vrpn.dir/vrpn_Assert.C.o[0m
[1.914s] [ 12%] [32mBuilding CXX object CMakeFiles/vrpn.dir/vrpn_Button.C.o[0m
[1.914s] [ 12%] [32mBuilding CXX object CMakeFiles/vrpn.dir/vrpn_BaseClass.C.o[0m
[1.914s] [ 13%] [32mBuilding CXX object CMakeFiles/vrpn.dir/vrpn_Connection.C.o[0m
[1.914s] [ 13%] [32mBuilding CXX object CMakeFiles/vrpn.dir/vrpn_Dial.C.o[0m
[1.940s] [ 14%] [32mBuilding CXX object CMakeFiles/vrpn.dir/vrpn_EndpointContainer.C.o[0m
[1.945s] [ 14%] [32mBuilding CXX object CMakeFiles/vrpn.dir/vrpn_FileConnection.C.o[0m
[1.945s] [ 15%] [32mBuilding CXX object CMakeFiles/vrpn.dir/vrpn_FileController.C.o[0m
[1.977s] [ 15%] [32mBuilding CXX object CMakeFiles/vrpn.dir/vrpn_ForceDevice.C.o[0m
[2.007s] [ 15%] [32m[1mLinking CXX static library libgpsnmea.a[0m
[2.037s] [ 15%] Built target gpsnmea
[2.045s] [ 15%] [32mBuilding CXX object CMakeFiles/vrpn.dir/vrpn_Forwarder.C.o[0m
[2.081s] [ 16%] [32mBuilding CXX object CMakeFiles/vrpn.dir/vrpn_ForwarderController.C.o[0m
[2.158s] [ 16%] [32mBuilding CXX object CMakeFiles/vrpn.dir/vrpn_FunctionGenerator.C.o[0m
[2.176s] [ 17%] [32mBuilding CXX object CMakeFiles/vrpn.dir/vrpn_Imager.C.o[0m
[2.198s] [ 17%] [32mBuilding CXX object CMakeFiles/vrpn.dir/vrpn_LamportClock.C.o[0m
[2.212s] [ 18%] [32mBuilding CXX object CMakeFiles/vrpn.dir/vrpn_Mutex.C.o[0m
[2.214s] [ 18%] [32mBuilding CXX object CMakeFiles/vrpn.dir/vrpn_Poser.C.o[0m
[2.231s] [ 19%] [32mBuilding CXX object CMakeFiles/vrpn.dir/vrpn_RedundantTransmission.C.o[0m
[2.239s] [ 19%] [32mBuilding CXX object CMakeFiles/vrpn.dir/vrpn_Serial.C.o[0m
[2.265s] [ 20%] [32mBuilding CXX object CMakeFiles/vrpn.dir/vrpn_SerialPort.C.o[0m
[2.268s] [ 20%] [32mBuilding CXX object CMakeFiles/vrpn.dir/vrpn_Shared.C.o[0m
[2.283s] [ 21%] [32mBuilding CXX object CMakeFiles/vrpn.dir/vrpn_SharedObject.C.o[0m
[2.293s] [ 21%] [32mBuilding CXX object CMakeFiles/vrpn.dir/vrpn_Sound.C.o[0m
[2.345s] [ 21%] [32mBuilding CXX object CMakeFiles/vrpn.dir/vrpn_Text.C.o[0m
[2.463s] [ 22%] [32mBuilding CXX object CMakeFiles/vrpn.dir/vrpn_Thread.C.o[0m
[2.515s] [ 22%] [32mBuilding CXX object CMakeFiles/vrpn.dir/vrpn_Tracker.C.o[0m
[2.523s] [35m[1mScanning dependencies of target vrpnserver[0m
[2.568s] In file included from [01m[K/usr/include/string.h:495[m[K,
[2.568s]                  from [01m[K/home/prakt3/praktikum_ws/src/vrpn-release/vrpn_Mutex.C:2[m[K:
[2.568s] In function ‘[01m[Kchar* strncpy(char*, const char*, size_t)[m[K’,
[2.568s]     inlined from ‘[01m[Kvoid vrpn_PeerMutex::init(const char*)[m[K’ at [01m[K/home/prakt3/praktikum_ws/src/vrpn-release/vrpn_Mutex.C:1393:12[m[K:
[2.568s] [01m[K/usr/include/x86_64-linux-gnu/bits/string_fortified.h:106:34:[m[K [01;35m[Kwarning: [m[K‘[01m[Kchar* __builtin_strncpy(char*, const char*, long unsigned int)[m[K’ specified bound depends on the length of the source argument [[01;35m[K-Wstringop-overflow=[m[K]
[2.568s]   106 |   return [01;35m[K__builtin___strncpy_chk (__dest, __src, __len, __bos (__dest))[m[K;
[2.568s]       |          [01;35m[K~~~~~~~~~~~~~~~~~~~~~~~~^~~~~~~~~~~~~~~~~~~~~~~~~~~~~~~~~~~~~~[m[K
[2.568s] [01m[K/home/prakt3/praktikum_ws/src/vrpn-release/vrpn_Mutex.C:[m[K In member function ‘[01m[Kvoid vrpn_PeerMutex::init(const char*)[m[K’:
[2.568s] [01m[K/home/prakt3/praktikum_ws/src/vrpn-release/vrpn_Mutex.C:1393:12:[m[K [01;36m[Knote: [m[Klength computed here
[2.568s]  1393 |     [01;36m[Kstrncpy(d_mutexName, name, strlen(name))[m[K;
[2.568s]       |     [01;36m[K~~~~~~~^~~~~~~~~~~~~~~~~~~~~~~~~~~~~~~~~[m[K
[2.604s] [ 23%] [32mBuilding CXX object CMakeFiles/vrpnserver.dir/vrpn_Assert.C.o[0m
[2.604s] [ 23%] [32mBuilding CXX object CMakeFiles/vrpnserver.dir/vrpn_Analog.C.o[0m
[2.604s] [ 23%] [32mBuilding CXX object CMakeFiles/vrpnserver.dir/vrpn_Analog_Output.C.o[0m
[2.623s] [ 24%] [32mBuilding CXX object CMakeFiles/vrpnserver.dir/vrpn_Auxiliary_Logger.C.o[0m
[2.639s] [ 24%] [32mBuilding CXX object CMakeFiles/vrpnserver.dir/vrpn_BaseClass.C.o[0m
[2.658s] [ 25%] [32mBuilding CXX object CMakeFiles/vrpnserver.dir/vrpn_Button.C.o[0m
[2.742s] [ 25%] [32mBuilding CXX object CMakeFiles/vrpnserver.dir/vrpn_Connection.C.o[0m
[2.890s] [ 26%] [32mBuilding CXX object CMakeFiles/vrpnserver.dir/vrpn_Dial.C.o[0m
[2.891s] [ 26%] [32mBuilding CXX object CMakeFiles/vrpnserver.dir/vrpn_EndpointContainer.C.o[0m
[2.918s] [ 27%] [32mBuilding CXX object CMakeFiles/vrpnserver.dir/vrpn_FileConnection.C.o[0m
[2.927s] [ 27%] [32mBuilding CXX object CMakeFiles/vrpnserver.dir/vrpn_FileController.C.o[0m
[2.938s] [ 28%] [32mBuilding CXX object CMakeFiles/vrpnserver.dir/vrpn_ForceDevice.C.o[0m
[2.947s] [ 28%] [32mBuilding CXX object CMakeFiles/vrpnserver.dir/vrpn_Forwarder.C.o[0m
[2.948s] [ 28%] [32mBuilding CXX object CMakeFiles/vrpnserver.dir/vrpn_ForwarderController.C.o[0m
[3.059s] [ 29%] [32mBuilding CXX object CMakeFiles/vrpnserver.dir/vrpn_FunctionGenerator.C.o[0m
[3.091s] [ 29%] [32mBuilding CXX object CMakeFiles/vrpnserver.dir/vrpn_Imager.C.o[0m
[3.131s] [ 30%] [32mBuilding CXX object CMakeFiles/vrpnserver.dir/vrpn_LamportClock.C.o[0m
[3.139s] [ 30%] [32mBuilding CXX object CMakeFiles/vrpnserver.dir/vrpn_Mutex.C.o[0m
[3.145s] [ 31%] [32mBuilding CXX object CMakeFiles/vrpnserver.dir/vrpn_Poser.C.o[0m
[3.155s] [ 31%] [32mBuilding CXX object CMakeFiles/vrpnserver.dir/vrpn_RedundantTransmission.C.o[0m
[3.193s] [ 32%] [32mBuilding CXX object CMakeFiles/vrpnserver.dir/vrpn_Serial.C.o[0m
[3.243s] [ 32%] [32mBuilding CXX object CMakeFiles/vrpnserver.dir/vrpn_SerialPort.C.o[0m
[3.246s] [ 33%] [32mBuilding CXX object CMakeFiles/vrpnserver.dir/vrpn_Shared.C.o[0m
[3.291s] [ 33%] [32mBuilding CXX object CMakeFiles/vrpnserver.dir/vrpn_SharedObject.C.o[0m
[3.351s] [ 34%] [32mBuilding CXX object CMakeFiles/vrpnserver.dir/vrpn_Sound.C.o[0m
[3.398s] [ 35%] [32m[1mLinking CXX static library libvrpn.a[0m
[3.421s] [ 35%] [32mBuilding CXX object CMakeFiles/vrpnserver.dir/vrpn_Text.C.o[0m
[3.445s] [ 35%] Built target vrpn
[3.448s] [ 36%] [32mBuilding CXX object CMakeFiles/vrpnserver.dir/vrpn_Thread.C.o[0m
[3.454s] [35m[1mScanning dependencies of target c_interface_example[0m
[3.464s] [ 36%] [32mBuilding C object client_src/CMakeFiles/c_interface_example.dir/c_interface_example.c.o[0m
[3.490s] [ 36%] [32mBuilding CXX object CMakeFiles/vrpnserver.dir/vrpn_Tracker.C.o[0m
[3.495s] In file included from [01m[K/usr/include/string.h:495[m[K,
[3.495s]                  from [01m[K/home/prakt3/praktikum_ws/src/vrpn-release/vrpn_Mutex.C:2[m[K:
[3.495s] In function ‘[01m[Kchar* strncpy(char*, const char*, size_t)[m[K’,
[3.495s]     inlined from ‘[01m[Kvoid vrpn_PeerMutex::init(const char*)[m[K’ at [01m[K/home/prakt3/praktikum_ws/src/vrpn-release/vrpn_Mutex.C:1393:12[m[K:
[3.495s] [01m[K/usr/include/x86_64-linux-gnu/bits/string_fortified.h:106:34:[m[K [01;35m[Kwarning: [m[K‘[01m[Kchar* __builtin_strncpy(char*, const char*, long unsigned int)[m[K’ specified bound depends on the length of the source argument [[01;35m[K-Wstringop-overflow=[m[K]
[3.495s]   106 |   return [01;35m[K__builtin___strncpy_chk (__dest, __src, __len, __bos (__dest))[m[K;
[3.495s]       |          [01;35m[K~~~~~~~~~~~~~~~~~~~~~~~~^~~~~~~~~~~~~~~~~~~~~~~~~~~~~~~~~~~~~~[m[K
[3.495s] [01m[K/home/prakt3/praktikum_ws/src/vrpn-release/vrpn_Mutex.C:[m[K In member function ‘[01m[Kvoid vrpn_PeerMutex::init(const char*)[m[K’:
[3.495s] [01m[K/home/prakt3/praktikum_ws/src/vrpn-release/vrpn_Mutex.C:1393:12:[m[K [01;36m[Knote: [m[Klength computed here
[3.495s]  1393 |     [01;36m[Kstrncpy(d_mutexName, name, strlen(name))[m[K;
[3.495s]       |     [01;36m[K~~~~~~~^~~~~~~~~~~~~~~~~~~~~~~~~~~~~~~~~[m[K
[3.515s] [ 36%] [32mBuilding CXX object client_src/CMakeFiles/c_interface_example.dir/c_interface.cpp.o[0m
[3.550s] [ 36%] [32mBuilding CXX object CMakeFiles/vrpnserver.dir/vrpn_3DConnexion.C.o[0m
[3.581s] [ 37%] [32mBuilding CXX object CMakeFiles/vrpnserver.dir/vrpn_3DMicroscribe.C.o[0m
[3.589s] [ 37%] [32mBuilding CXX object CMakeFiles/vrpnserver.dir/vrpn_3Space.C.o[0m
[3.631s] [ 38%] [32mBuilding CXX object CMakeFiles/vrpnserver.dir/vrpn_5DT16.C.o[0m
[3.671s] [ 39%] [32m[1mLinking CXX executable c_interface_example[0m
[3.747s] [ 39%] [32mBuilding CXX object CMakeFiles/vrpnserver.dir/vrpn_Adafruit.C.o[0m
[3.763s] [ 39%] Built target c_interface_example
[3.771s] [35m[1mScanning dependencies of target run_auxiliary_logger[0m
[3.781s] [ 39%] [32mBuilding CXX object client_src/CMakeFiles/run_auxiliary_logger.dir/run_auxiliary_logger.C.o[0m
[3.808s] [ 40%] [32mBuilding CXX object CMakeFiles/vrpnserver.dir/vrpn_ADBox.C.o[0m
[3.812s] [ 40%] [32mBuilding CXX object CMakeFiles/vrpnserver.dir/vrpn_Analog_5dt.C.o[0m
[3.822s] [ 41%] [32mBuilding CXX object CMakeFiles/vrpnserver.dir/vrpn_Analog_5dtUSB.C.o[0m
[3.869s] [ 41%] [32mBuilding CXX object CMakeFiles/vrpnserver.dir/vrpn_Analog_Radamec_SPI.C.o[0m
[3.907s] [ 42%] [32mBuilding CXX object CMakeFiles/vrpnserver.dir/vrpn_Analog_USDigital_A2.C.o[0m
[3.944s] [ 42%] [32m[1mLinking CXX executable run_auxiliary_logger[0m
[4.008s] [ 42%] [32mBuilding CXX object CMakeFiles/vrpnserver.dir/vrpn_Atmel.C.o[0m
[4.022s] [ 43%] [32mBuilding CXX object CMakeFiles/vrpnserver.dir/vrpn_BiosciencesTools.C.o[0m
[4.028s] [ 43%] [32mBuilding CXX object CMakeFiles/vrpnserver.dir/vrpn_Button_NI_DIO24.C.o[0m
[4.036s] [ 43%] Built target run_auxiliary_logger
[4.042s] [ 43%] [32mBuilding CXX object CMakeFiles/vrpnserver.dir/vrpn_Button_USB.cpp.o[0m
[4.044s] [35m[1mScanning dependencies of target vrpn_print_devices[0m
[4.055s] [ 44%] [32mBuilding CXX object CMakeFiles/vrpnserver.dir/vrpn_CerealBox.C.o[0m
[4.055s] [ 45%] [32mBuilding CXX object client_src/CMakeFiles/vrpn_print_devices.dir/vrpn_print_devices.C.o[0m
[4.061s] [ 45%] [32mBuilding CXX object CMakeFiles/vrpnserver.dir/vrpn_CHProducts_Controller_Raw.C.o[0m
[4.064s] [ 46%] [32mBuilding CXX object CMakeFiles/vrpnserver.dir/vrpn_Contour.C.o[0m
[4.093s] [ 46%] [32mBuilding CXX object CMakeFiles/vrpnserver.dir/vrpn_DevInput.C.o[0m
[4.168s] [ 47%] [32mBuilding CXX object CMakeFiles/vrpnserver.dir/vrpn_DirectXFFJoystick.C.o[0m
[4.183s] [ 47%] [32mBuilding CXX object CMakeFiles/vrpnserver.dir/vrpn_DirectXRumblePad.C.o[0m
[4.187s] [ 48%] [32mBuilding CXX object CMakeFiles/vrpnserver.dir/vrpn_DreamCheeky.C.o[0m
[4.201s] [ 48%] [32mBuilding CXX object CMakeFiles/vrpnserver.dir/vrpn_Dyna.C.o[0m
[4.249s] [ 49%] [32mBuilding CXX object CMakeFiles/vrpnserver.dir/vrpn_Event_Analog.C.o[0m
[4.275s] [ 49%] [32mBuilding CXX object CMakeFiles/vrpnserver.dir/vrpn_Event.C.o[0m
[4.310s] [ 50%] [32mBuilding CXX object CMakeFiles/vrpnserver.dir/vrpn_Event_Mouse.C.o[0m
[4.317s] [35m[1mScanning dependencies of target vrpn_print_performance[0m
[4.329s] [ 51%] [32mBuilding CXX object client_src/CMakeFiles/vrpn_print_performance.dir/vrpn_print_performance.C.o[0m
[4.337s] [ 51%] [32mBuilding CXX object CMakeFiles/vrpnserver.dir/vrpn_Flock.C.o[0m
[4.349s] [ 51%] [32m[1mLinking CXX executable vrpn_print_devices[0m
[4.355s] [ 51%] [32mBuilding CXX object CMakeFiles/vrpnserver.dir/vrpn_Flock_Parallel.C.o[0m
[4.387s] [35m[1mScanning dependencies of target vrpn_print_messages[0m
[4.396s] [ 52%] [32mBuilding CXX object CMakeFiles/vrpnserver.dir/vrpn_ForceDeviceServer.C.o[0m
[4.398s] [ 53%] [32mBuilding CXX object client_src/CMakeFiles/vrpn_print_messages.dir/vrpn_print_messages.C.o[0m
[4.400s] [ 53%] [32mBuilding CXX object CMakeFiles/vrpnserver.dir/vrpn_Freespace.C.o[0m
[4.415s] [ 54%] [32mBuilding CXX object CMakeFiles/vrpnserver.dir/vrpn_Futaba.C.o[0m
[4.422s] [ 54%] [32mBuilding CXX object CMakeFiles/vrpnserver.dir/vrpn_GlobalHapticsOrb.C.o[0m
[4.453s] [ 54%] Built target vrpn_print_devices
[4.459s] [ 55%] [32mBuilding CXX object CMakeFiles/vrpnserver.dir/vrpn_Griffin.C.o[0m
[4.462s] [35m[1mScanning dependencies of target vrpn_average_analogs[0m
[4.472s] [ 55%] [32mBuilding CXX object client_src/CMakeFiles/vrpn_average_analogs.dir/vrpn_average_analogs.C.o[0m
[4.479s] [ 55%] [32mBuilding CXX object CMakeFiles/vrpnserver.dir/vrpn_HumanInterface.C.o[0m
[4.495s] [ 56%] [32mBuilding CXX object CMakeFiles/vrpnserver.dir/vrpn_IDEA.C.o[0m
[4.545s] [ 56%] [32m[1mLinking CXX executable vrpn_print_messages[0m
[4.596s] [ 56%] [32mBuilding CXX object CMakeFiles/vrpnserver.dir/vrpn_Imager_Stream_Buffer.C.o[0m
[4.599s] [ 57%] [32mBuilding CXX object CMakeFiles/vrpnserver.dir/vrpn_ImmersionBox.C.o[0m
[4.604s] [35m[1mScanning dependencies of target vrpn_streamPrint[0m
[4.614s] [ 58%] [32mBuilding CXX object util/printStream/CMakeFiles/vrpn_streamPrint.dir/vrpn_streamPrint.cpp.o[0m
[4.633s] [ 58%] Built target vrpn_print_messages
[4.641s] [ 58%] [32mBuilding CXX object CMakeFiles/vrpnserver.dir/vrpn_inertiamouse.C.o[0m
[4.646s] [ 59%] [32mBuilding CXX object CMakeFiles/vrpnserver.dir/vrpn_JoyFly.C.o[0m
[4.650s] [ 59%] [32m[1mLinking CXX executable vrpn_print_performance[0m
[4.681s] [ 59%] [32mBuilding CXX object CMakeFiles/vrpnserver.dir/vrpn_Joylin.C.o[0m
[4.718s] [ 59%] [32m[1mLinking CXX executable vrpn_average_analogs[0m
[4.742s] [ 59%] [32mBuilding CXX object CMakeFiles/vrpnserver.dir/vrpn_Joywin32.C.o[0m
[4.751s] [ 59%] Built target vrpn_print_performance
[4.759s] [ 60%] [32mBuilding CXX object CMakeFiles/vrpnserver.dir/vrpn_Keyboard.C.o[0m
[4.763s] [ 60%] [32mBuilding CXX object CMakeFiles/vrpnserver.dir/vrpn_Laputa.C.o[0m
[4.767s] [ 61%] [32mBuilding CXX object CMakeFiles/vrpnserver.dir/vrpn_LUDL.C.o[0m
[4.784s] [ 61%] [32m[1mLinking CXX executable vrpn_streamPrint[0m
[4.816s] [ 61%] Built target vrpn_average_analogs
[4.823s] [ 61%] [32mBuilding CXX object CMakeFiles/vrpnserver.dir/vrpn_Logitech_Controller_Raw.C.o[0m
[4.869s] [ 61%] Built target vrpn_streamPrint
[4.877s] [ 62%] [32mBuilding CXX object CMakeFiles/vrpnserver.dir/vrpn_Magellan.C.o[0m
[4.878s] [ 62%] [32mBuilding CXX object CMakeFiles/vrpnserver.dir/vrpn_Microsoft_Controller_Raw.C.o[0m
[4.882s] [ 63%] [32mBuilding CXX object CMakeFiles/vrpnserver.dir/vrpn_Mouse.C.o[0m
[4.890s] [ 63%] [32mBuilding CXX object CMakeFiles/vrpnserver.dir/vrpn_NationalInstruments.C.o[0m
[4.891s] [ 64%] [32mBuilding CXX object CMakeFiles/vrpnserver.dir/vrpn_Nidaq.C.o[0m
[4.907s] [ 64%] [32mBuilding CXX object CMakeFiles/vrpnserver.dir/vrpn_nikon_controls.C.o[0m
[4.908s] [ 65%] [32mBuilding CXX object CMakeFiles/vrpnserver.dir/vrpn_nVidia_shield_controller.C.o[0m
[4.911s] [ 65%] [32mBuilding CXX object CMakeFiles/vrpnserver.dir/vrpn_Oculus.C.o[0m
[4.922s] [ 66%] [32mBuilding CXX object CMakeFiles/vrpnserver.dir/vrpn_OzzMaker.C.o[0m
[4.943s] [ 66%] [32mBuilding CXX object CMakeFiles/vrpnserver.dir/vrpn_OmegaTemperature.C.o[0m
[4.975s] [ 66%] [32mBuilding CXX object CMakeFiles/vrpnserver.dir/vrpn_Poser_Analog.C.o[0m
[5.069s] [ 67%] [32mBuilding CXX object CMakeFiles/vrpnserver.dir/vrpn_Poser_Tek4662.C.o[0m
[5.075s] [ 67%] [32mBuilding CXX object CMakeFiles/vrpnserver.dir/vrpn_raw_sgibox.C.o[0m
[5.085s] [ 68%] [32mBuilding CXX object CMakeFiles/vrpnserver.dir/vrpn_Retrolink.C.o[0m
[5.092s] [ 68%] [32mBuilding CXX object CMakeFiles/vrpnserver.dir/vrpn_Saitek_Controller_Raw.C.o[0m
[5.149s] [ 69%] [32mBuilding CXX object CMakeFiles/vrpnserver.dir/vrpn_sgibox.C.o[0m
[5.163s] [ 69%] [32mBuilding CXX object CMakeFiles/vrpnserver.dir/vrpn_Spaceball.C.o[0m
[5.166s] [ 70%] [32mBuilding CXX object CMakeFiles/vrpnserver.dir/vrpn_Streaming_Arduino.C.o[0m
[5.201s] [01m[K/home/prakt3/praktikum_ws/src/vrpn-release/vrpn_Poser_Tek4662.C:[m[K In member function ‘[01m[Kvoid vrpn_Poser_Tek4662::reset()[m[K’:
[5.201s] [01m[K/home/prakt3/praktikum_ws/src/vrpn-release/vrpn_Poser_Tek4662.C:180:51:[m[K [01;35m[Kwarning: [m[K‘[01m[Kstrlen[m[K’ argument missing terminating nul [[01;35m[K-Wstringop-overflow=[m[K]
[5.201s]   180 |   vrpn_write_characters( d_serial_fd, GIN, strlen([01;35m[K(const char*)GIN[m[K) );
[5.201s]       |                                                   [01;35m[K^~~~~~~~~~~~~~~~[m[K
[5.201s] [01m[K/home/prakt3/praktikum_ws/src/vrpn-release/vrpn_Poser_Tek4662.C:42:21:[m[K [01;36m[Knote: [m[Kreferenced argument declared here
[5.201s]    42 | const unsigned char [01;36m[KGIN[m[K[] = { ESC, DEVICE, 'M' };
[5.201s]       |                     [01;36m[K^~~[m[K
[5.202s] [01m[K/home/prakt3/praktikum_ws/src/vrpn-release/vrpn_Poser_Tek4662.C:[m[K In member function ‘[01m[Kvoid vrpn_Poser_Tek4662::run()[m[K’:
[5.202s] [01m[K/home/prakt3/praktikum_ws/src/vrpn-release/vrpn_Poser_Tek4662.C:256:52:[m[K [01;35m[Kwarning: [m[K‘[01m[Kstrlen[m[K’ argument missing terminating nul [[01;35m[K-Wstringop-overflow=[m[K]
[5.202s]   256 |     vrpn_write_characters(d_serial_fd, GIN, strlen([01;35m[K(const char*)GIN[m[K) );
[5.202s]       |                                                    [01;35m[K^~~~~~~~~~~~~~~~[m[K
[5.202s] [01m[K/home/prakt3/praktikum_ws/src/vrpn-release/vrpn_Poser_Tek4662.C:42:21:[m[K [01;36m[Knote: [m[Kreferenced argument declared here
[5.202s]    42 | const unsigned char [01;36m[KGIN[m[K[] = { ESC, DEVICE, 'M' };
[5.202s]       |                     [01;36m[K^~~[m[K
[5.202s] [01m[K/home/prakt3/praktikum_ws/src/vrpn-release/vrpn_Poser_Tek4662.C:341:54:[m[K [01;35m[Kwarning: [m[K‘[01m[Kstrlen[m[K’ argument missing terminating nul [[01;35m[K-Wstringop-overflow=[m[K]
[5.202s]   341 |       vrpn_write_characters(d_serial_fd, GIN, strlen([01;35m[K(const char*)GIN[m[K) );
[5.203s]       |                                                      [01;35m[K^~~~~~~~~~~~~~~~[m[K
[5.203s] [01m[K/home/prakt3/praktikum_ws/src/vrpn-release/vrpn_Poser_Tek4662.C:42:21:[m[K [01;36m[Knote: [m[Kreferenced argument declared here
[5.203s]    42 | const unsigned char [01;36m[KGIN[m[K[] = { ESC, DEVICE, 'M' };
[5.203s]       |                     [01;36m[K^~~[m[K
[5.205s] [ 70%] [32mBuilding CXX object CMakeFiles/vrpnserver.dir/vrpn_Tng3.C.o[0m
[5.208s] [01m[K/home/prakt3/praktikum_ws/src/vrpn-release/vrpn_Poser_Tek4662.C:[m[K In member function ‘[01m[Kvoid vrpn_Poser_Tek4662::reset()[m[K’:
[5.208s] [01m[K/home/prakt3/praktikum_ws/src/vrpn-release/vrpn_Poser_Tek4662.C:180:64:[m[K [01;35m[Kwarning: [m[K‘[01m[Kstrlen[m[K’ argument missing terminating nul [[01;35m[K-Wstringop-overflow=[m[K]
[5.208s]   180 |   vrpn_write_characters( d_serial_fd, GIN, strlen((const char*)[01;35m[KGIN[m[K) );
[5.208s]       |                                                                [01;35m[K^~~[m[K
[5.208s] [01m[K/home/prakt3/praktikum_ws/src/vrpn-release/vrpn_Poser_Tek4662.C:42:21:[m[K [01;36m[Knote: [m[Kreferenced argument declared here
[5.208s]    42 | const unsigned char [01;36m[KGIN[m[K[] = { ESC, DEVICE, 'M' };
[5.208s]       |                     [01;36m[K^~~[m[K
[5.209s] [01m[K/home/prakt3/praktikum_ws/src/vrpn-release/vrpn_Poser_Tek4662.C:[m[K In member function ‘[01m[Kvoid vrpn_Poser_Tek4662::run()[m[K’:
[5.209s] [01m[K/home/prakt3/praktikum_ws/src/vrpn-release/vrpn_Poser_Tek4662.C:256:65:[m[K [01;35m[Kwarning: [m[K‘[01m[Kstrlen[m[K’ argument missing terminating nul [[01;35m[K-Wstringop-overflow=[m[K]
[5.209s]   256 |     vrpn_write_characters(d_serial_fd, GIN, strlen((const char*)[01;35m[KGIN[m[K) );
[5.209s]       |                                                                 [01;35m[K^~~[m[K
[5.209s] [01m[K/home/prakt3/praktikum_ws/src/vrpn-release/vrpn_Poser_Tek4662.C:42:21:[m[K [01;36m[Knote: [m[Kreferenced argument declared here
[5.209s]    42 | const unsigned char [01;36m[KGIN[m[K[] = { ESC, DEVICE, 'M' };
[5.209s]       |                     [01;36m[K^~~[m[K
[5.209s] [01m[K/home/prakt3/praktikum_ws/src/vrpn-release/vrpn_Poser_Tek4662.C:341:67:[m[K [01;35m[Kwarning: [m[K‘[01m[Kstrlen[m[K’ argument missing terminating nul [[01;35m[K-Wstringop-overflow=[m[K]
[5.209s]   341 |       vrpn_write_characters(d_serial_fd, GIN, strlen((const char*)[01;35m[KGIN[m[K) );
[5.209s]       |                                                                   [01;35m[K^~~[m[K
[5.209s] [01m[K/home/prakt3/praktikum_ws/src/vrpn-release/vrpn_Poser_Tek4662.C:42:21:[m[K [01;36m[Knote: [m[Kreferenced argument declared here
[5.209s]    42 | const unsigned char [01;36m[KGIN[m[K[] = { ESC, DEVICE, 'M' };
[5.209s]       |                     [01;36m[K^~~[m[K
[5.221s] [ 71%] [32mBuilding CXX object CMakeFiles/vrpnserver.dir/vrpn_Tracker_3DMouse.C.o[0m
[5.245s] [ 71%] [32mBuilding CXX object CMakeFiles/vrpnserver.dir/vrpn_Tracker_AnalogFly.C.o[0m
[5.281s] [ 72%] [32mBuilding CXX object CMakeFiles/vrpnserver.dir/vrpn_Tracker_ButtonFly.C.o[0m
[5.303s] [ 72%] [32mBuilding CXX object CMakeFiles/vrpnserver.dir/vrpn_Tracker_Crossbow.C.o[0m
[5.316s] [ 72%] [32mBuilding CXX object CMakeFiles/vrpnserver.dir/vrpn_Tracker_DTrack.C.o[0m
[5.354s] [ 73%] [32mBuilding CXX object CMakeFiles/vrpnserver.dir/vrpn_Tracker_Fastrak.C.o[0m
[5.377s] [ 73%] [32mBuilding CXX object CMakeFiles/vrpnserver.dir/vrpn_Tracker_Filter.C.o[0m
[5.416s] [ 74%] [32mBuilding CXX object CMakeFiles/vrpnserver.dir/vrpn_Tracker_GameTrak.C.o[0m
[5.459s] [ 74%] [32mBuilding CXX object CMakeFiles/vrpnserver.dir/vrpn_Tracker_GPS.C.o[0m
[5.466s] [ 75%] [32mBuilding CXX object CMakeFiles/vrpnserver.dir/vrpn_Tracker_IMU.C.o[0m
[5.475s] [ 75%] [32mBuilding CXX object CMakeFiles/vrpnserver.dir/vrpn_Tracker_isense.C.o[0m
[5.494s] [ 76%] [32mBuilding CXX object CMakeFiles/vrpnserver.dir/vrpn_Tracker_Isotrak.C.o[0m
[5.578s] [ 76%] [32mBuilding CXX object CMakeFiles/vrpnserver.dir/vrpn_Tracker_JsonNet.C.o[0m
[5.616s] [ 77%] [32mBuilding CXX object CMakeFiles/vrpnserver.dir/vrpn_Tracker_Liberty.C.o[0m
[5.645s] [ 77%] [32mBuilding CXX object CMakeFiles/vrpnserver.dir/vrpn_Tracker_MotionNode.C.o[0m
[5.652s] [ 78%] [32mBuilding CXX object CMakeFiles/vrpnserver.dir/vrpn_Tracker_NDI_Polaris.C.o[0m
[5.690s] [ 78%] [32mBuilding CXX object CMakeFiles/vrpnserver.dir/vrpn_Tracker_NovintFalcon.C.o[0m
[5.694s] [ 78%] [32mBuilding CXX object CMakeFiles/vrpnserver.dir/vrpn_Tracker_OSVRHackerDevKit.C.o[0m
[5.709s] [ 79%] [32mBuilding CXX object CMakeFiles/vrpnserver.dir/vrpn_Tracker_PDI.C.o[0m
[5.766s] [ 79%] [32mBuilding CXX object CMakeFiles/vrpnserver.dir/vrpn_Tracker_PhaseSpace.C.o[0m
[5.769s] [ 80%] [32mBuilding CXX object CMakeFiles/vrpnserver.dir/vrpn_Tracker_RazerHydra.C.o[0m
[5.779s] [ 80%] [32mBuilding CXX object CMakeFiles/vrpnserver.dir/vrpn_Tracker_ThalmicLabsMyo.C.o[0m
[5.798s] [ 81%] [32mBuilding CXX object CMakeFiles/vrpnserver.dir/vrpn_Tracker_SpacePoint.C.o[0m
[5.805s] [ 81%] [32mBuilding CXX object CMakeFiles/vrpnserver.dir/vrpn_Tracker_Wintracker.C.o[0m
[5.829s] [ 82%] [32mBuilding CXX object CMakeFiles/vrpnserver.dir/vrpn_Tracker_Colibri.C.o[0m
[5.887s] [ 82%] [32mBuilding CXX object CMakeFiles/vrpnserver.dir/vrpn_Tracker_TrivisioColibri.C.o[0m
[5.901s] [ 83%] [32mBuilding CXX object CMakeFiles/vrpnserver.dir/vrpn_Tracker_WiimoteHead.C.o[0m
[5.906s] [ 83%] [32mBuilding CXX object CMakeFiles/vrpnserver.dir/vrpn_Tracker_zSight.C.o[0m
[5.921s] [ 84%] [32mBuilding CXX object CMakeFiles/vrpnserver.dir/vrpn_Tracker_ViewPoint.C.o[0m
[5.924s] [ 84%] [32mBuilding CXX object CMakeFiles/vrpnserver.dir/vrpn_UNC_Joystick.C.o[0m
[5.939s] [ 84%] [32mBuilding CXX object CMakeFiles/vrpnserver.dir/vrpn_VPJoystick.C.o[0m
[5.965s] [ 85%] [32mBuilding CXX object CMakeFiles/vrpnserver.dir/vrpn_Wanda.C.o[0m
[6.098s] [ 85%] [32mBuilding CXX object CMakeFiles/vrpnserver.dir/vrpn_WiiMote.C.o[0m
[6.104s] [ 86%] [32mBuilding CXX object CMakeFiles/vrpnserver.dir/vrpn_XInputGamepad.C.o[0m
[6.116s] [ 86%] [32mBuilding CXX object CMakeFiles/vrpnserver.dir/vrpn_Xkeys.C.o[0m
[6.125s] [ 87%] [32mBuilding CXX object CMakeFiles/vrpnserver.dir/vrpn_Tracker_LibertyHS.C.o[0m
[6.126s] [ 87%] [32mBuilding CXX object CMakeFiles/vrpnserver.dir/vrpn_YEI_3Space.C.o[0m
[6.192s] [ 88%] [32mBuilding CXX object CMakeFiles/vrpnserver.dir/vrpn_Zaber.C.o[0m
[6.235s] [ 88%] [32mBuilding CXX object CMakeFiles/vrpnserver.dir/server_src/vrpn_Generic_server_object.C.o[0m
[6.240s] [ 89%] [32mBuilding C object CMakeFiles/vrpnserver.dir/submodules/hidapi/linux/hid.c.o[0m
[6.243s] [ 89%] [32mBuilding CXX object CMakeFiles/vrpnserver.dir/submodules/jsoncpp/src/lib_json/json_reader.cpp.o[0m
[6.245s] [ 90%] [32mBuilding CXX object CMakeFiles/vrpnserver.dir/submodules/jsoncpp/src/lib_json/json_value.cpp.o[0m
[6.251s] [ 90%] [32mBuilding CXX object CMakeFiles/vrpnserver.dir/submodules/jsoncpp/src/lib_json/json_writer.cpp.o[0m
[9.417s] [ 91%] [32m[1mLinking CXX static library libvrpnserver.a[0m
[9.510s] [ 91%] Built target vrpnserver
[9.516s] [35m[1mScanning dependencies of target vrpn_server[0m
[9.516s] [35m[1mScanning dependencies of target vrpn-python[0m
[9.522s] [ 92%] [32mBuilding CXX object server_src/CMakeFiles/vrpn_server.dir/vrpn.C.o[0m
[9.546s] [ 93%] [32mBuilding CXX object python/CMakeFiles/vrpn-python.dir/Base.cpp.o[0m
[9.546s] [ 93%] [32mBuilding CXX object python/CMakeFiles/vrpn-python.dir/Device.cpp.o[0m
[9.546s] [ 93%] [32mBuilding CXX object python/CMakeFiles/vrpn-python.dir/Connection.cpp.o[0m
[9.546s] [ 94%] [32mBuilding CXX object python/CMakeFiles/vrpn-python.dir/callback.cpp.o[0m
[9.546s] [ 94%] [32mBuilding CXX object python/CMakeFiles/vrpn-python.dir/interface.cpp.o[0m
[9.546s] [ 95%] [32mBuilding CXX object python/CMakeFiles/vrpn-python.dir/quaternion/quaternion.cpp.o[0m
[9.547s] [ 95%] [32mBuilding CXX object python/CMakeFiles/vrpn-python.dir/receiver/Analog.cpp.o[0m
[9.547s] [ 96%] [32mBuilding CXX object python/CMakeFiles/vrpn-python.dir/receiver/Button.cpp.o[0m
[9.547s] [ 96%] [32mBuilding CXX object python/CMakeFiles/vrpn-python.dir/receiver/Dial.cpp.o[0m
[9.547s] [ 97%] [32mBuilding CXX object python/CMakeFiles/vrpn-python.dir/receiver/Text_Receiver.cpp.o[0m
[9.547s] [ 97%] [32mBuilding CXX object python/CMakeFiles/vrpn-python.dir/receiver/Tracker.cpp.o[0m
[9.849s] [ 97%] [32mBuilding CXX object python/CMakeFiles/vrpn-python.dir/receiver/receiver.cpp.o[0m
[9.883s] [ 98%] [32mBuilding CXX object python/CMakeFiles/vrpn-python.dir/sender/Poser.cpp.o[0m
[9.898s] [ 98%] [32m[1mLinking CXX executable vrpn_server[0m
[9.904s] [ 98%] [32mBuilding CXX object python/CMakeFiles/vrpn-python.dir/sender/Text_Sender.cpp.o[0m
[9.917s] [ 99%] [32mBuilding CXX object python/CMakeFiles/vrpn-python.dir/sender/sender.cpp.o[0m
[10.027s] [ 99%] [32mBuilding CXX object python/CMakeFiles/vrpn-python.dir/tools.cpp.o[0m
[10.133s] [ 99%] Built target vrpn_server
[10.534s] [100%] [32m[1mLinking CXX shared module vrpn.so[0m
[10.608s] [100%] Built target vrpn-python
[10.615s] Invoked command in '/home/prakt3/praktikum_ws/build/vrpn' returned '0': CMAKE_PREFIX_PATH=/opt/ros/galactic /usr/bin/cmake --build /home/prakt3/praktikum_ws/build/vrpn -- -j12 -l12
[10.741s] Invoking command in '/home/prakt3/praktikum_ws/build/vrpn': CMAKE_PREFIX_PATH=/opt/ros/galactic /usr/bin/cmake --install /home/prakt3/praktikum_ws/build/vrpn
[10.746s] -- Install configuration: "RelWithDebInfo"
[10.746s] -- Installing: /home/prakt3/praktikum_ws/install/vrpn/lib/libvrpnserver.a
[10.761s] -- Installing: /home/prakt3/praktikum_ws/install/vrpn/include/vrpn_Configure.h
[10.762s] -- Installing: /home/prakt3/praktikum_ws/install/vrpn/include/vrpn_Analog.h
[10.762s] -- Installing: /home/prakt3/praktikum_ws/install/vrpn/include/vrpn_Analog_Output.h
[10.762s] -- Installing: /home/prakt3/praktikum_ws/install/vrpn/include/vrpn_Assert.h
[10.762s] -- Installing: /home/prakt3/praktikum_ws/install/vrpn/include/vrpn_Auxiliary_Logger.h
[10.762s] -- Installing: /home/prakt3/praktikum_ws/install/vrpn/include/vrpn_BaseClass.h
[10.762s] -- Installing: /home/prakt3/praktikum_ws/install/vrpn/include/vrpn_Button.h
[10.762s] -- Installing: /home/prakt3/praktikum_ws/install/vrpn/include/vrpn_Connection.h
[10.762s] -- Installing: /home/prakt3/praktikum_ws/install/vrpn/include/vrpn_ConnectionPtr.h
[10.762s] -- Installing: /home/prakt3/praktikum_ws/install/vrpn/include/vrpn_Dial.h
[10.762s] -- Installing: /home/prakt3/praktikum_ws/install/vrpn/include/vrpn_EndpointContainer.h
[10.762s] -- Installing: /home/prakt3/praktikum_ws/install/vrpn/include/vrpn_FileConnection.h
[10.762s] -- Installing: /home/prakt3/praktikum_ws/install/vrpn/include/vrpn_FileController.h
[10.762s] -- Installing: /home/prakt3/praktikum_ws/install/vrpn/include/vrpn_ForceDevice.h
[10.762s] -- Installing: /home/prakt3/praktikum_ws/install/vrpn/include/vrpn_ForwarderController.h
[10.762s] -- Installing: /home/prakt3/praktikum_ws/install/vrpn/include/vrpn_Forwarder.h
[10.762s] -- Installing: /home/prakt3/praktikum_ws/install/vrpn/include/vrpn_FunctionGenerator.h
[10.762s] -- Installing: /home/prakt3/praktikum_ws/install/vrpn/include/vrpn_Imager.h
[10.762s] -- Installing: /home/prakt3/praktikum_ws/install/vrpn/include/vrpn_LamportClock.h
[10.762s] -- Installing: /home/prakt3/praktikum_ws/install/vrpn/include/vrpn_Log.h
[10.762s] -- Installing: /home/prakt3/praktikum_ws/install/vrpn/include/vrpn_MainloopContainer.h
[10.762s] -- Installing: /home/prakt3/praktikum_ws/install/vrpn/include/vrpn_MainloopObject.h
[10.762s] -- Installing: /home/prakt3/praktikum_ws/install/vrpn/include/vrpn_Mutex.h
[10.762s] -- Installing: /home/prakt3/praktikum_ws/install/vrpn/include/vrpn_OwningPtr.h
[10.762s] -- Installing: /home/prakt3/praktikum_ws/install/vrpn/include/vrpn_RedundantTransmission.h
[10.762s] -- Installing: /home/prakt3/praktikum_ws/install/vrpn/include/vrpn_SendTextMessageStreamProxy.h
[10.762s] -- Installing: /home/prakt3/praktikum_ws/install/vrpn/include/vrpn_Serial.h
[10.762s] -- Installing: /home/prakt3/praktikum_ws/install/vrpn/include/vrpn_SerialPort.h
[10.762s] -- Installing: /home/prakt3/praktikum_ws/install/vrpn/include/vrpn_Shared.h
[10.763s] -- Installing: /home/prakt3/praktikum_ws/install/vrpn/include/vrpn_SharedObject.h
[10.763s] -- Installing: /home/prakt3/praktikum_ws/install/vrpn/include/vrpn_Sound.h
[10.763s] -- Installing: /home/prakt3/praktikum_ws/install/vrpn/include/vrpn_Text.h
[10.763s] -- Installing: /home/prakt3/praktikum_ws/install/vrpn/include/vrpn_Thread.h
[10.763s] -- Installing: /home/prakt3/praktikum_ws/install/vrpn/include/vrpn_Tracker.h
[10.763s] -- Installing: /home/prakt3/praktikum_ws/install/vrpn/include/vrpn_Types.h
[10.763s] -- Installing: /home/prakt3/praktikum_ws/install/vrpn/include/vrpn_WindowsH.h
[10.763s] -- Installing: /home/prakt3/praktikum_ws/install/vrpn/include/vrpn_3DConnexion.h
[10.763s] -- Installing: /home/prakt3/praktikum_ws/install/vrpn/include/vrpn_3DMicroscribe.h
[10.763s] -- Installing: /home/prakt3/praktikum_ws/install/vrpn/include/vrpn_3Space.h
[10.763s] -- Installing: /home/prakt3/praktikum_ws/install/vrpn/include/vrpn_5DT16.h
[10.763s] -- Installing: /home/prakt3/praktikum_ws/install/vrpn/include/vrpn_Adafruit.h
[10.763s] -- Installing: /home/prakt3/praktikum_ws/install/vrpn/include/vrpn_ADBox.h
[10.763s] -- Installing: /home/prakt3/praktikum_ws/install/vrpn/include/vrpn_Analog_5dt.h
[10.763s] -- Installing: /home/prakt3/praktikum_ws/install/vrpn/include/vrpn_Analog_5dtUSB.h
[10.763s] -- Installing: /home/prakt3/praktikum_ws/install/vrpn/include/vrpn_Analog_Radamec_SPI.h
[10.763s] -- Installing: /home/prakt3/praktikum_ws/install/vrpn/include/vrpn_Analog_USDigital_A2.h
[10.763s] -- Installing: /home/prakt3/praktikum_ws/install/vrpn/include/vrpn_Atmel.h
[10.763s] -- Installing: /home/prakt3/praktikum_ws/install/vrpn/include/vrpn_BiosciencesTools.h
[10.763s] -- Installing: /home/prakt3/praktikum_ws/install/vrpn/include/vrpn_Button_NI_DIO24.h
[10.763s] -- Installing: /home/prakt3/praktikum_ws/install/vrpn/include/vrpn_Button_USB.h
[10.763s] -- Installing: /home/prakt3/praktikum_ws/install/vrpn/include/vrpn_CerealBox.h
[10.763s] -- Installing: /home/prakt3/praktikum_ws/install/vrpn/include/vrpn_CHProducts_Controller_Raw.h
[10.763s] -- Installing: /home/prakt3/praktikum_ws/install/vrpn/include/vrpn_Contour.h
[10.763s] -- Installing: /home/prakt3/praktikum_ws/install/vrpn/include/vrpn_DevInput.h
[10.763s] -- Installing: /home/prakt3/praktikum_ws/install/vrpn/include/vrpn_DirectXFFJoystick.h
[10.763s] -- Installing: /home/prakt3/praktikum_ws/install/vrpn/include/vrpn_DirectXRumblePad.h
[10.763s] -- Installing: /home/prakt3/praktikum_ws/install/vrpn/include/vrpn_DreamCheeky.h
[10.763s] -- Installing: /home/prakt3/praktikum_ws/install/vrpn/include/vrpn_Dyna.h
[10.764s] -- Installing: /home/prakt3/praktikum_ws/install/vrpn/include/vrpn_Event_Analog.h
[10.764s] -- Installing: /home/prakt3/praktikum_ws/install/vrpn/include/vrpn_Event.h
[10.764s] -- Installing: /home/prakt3/praktikum_ws/install/vrpn/include/vrpn_Event_Mouse.h
[10.764s] -- Installing: /home/prakt3/praktikum_ws/install/vrpn/include/vrpn_Flock.h
[10.764s] -- Installing: /home/prakt3/praktikum_ws/install/vrpn/include/vrpn_Flock_Parallel.h
[10.764s] -- Installing: /home/prakt3/praktikum_ws/install/vrpn/include/vrpn_ForceDeviceServer.h
[10.764s] -- Installing: /home/prakt3/praktikum_ws/install/vrpn/include/vrpn_Freespace.h
[10.764s] -- Up-to-date: /home/prakt3/praktikum_ws/install/vrpn/include/vrpn_FunctionGenerator.h
[10.764s] -- Installing: /home/prakt3/praktikum_ws/install/vrpn/include/vrpn_Futaba.h
[10.764s] -- Installing: /home/prakt3/praktikum_ws/install/vrpn/include/vrpn_GlobalHapticsOrb.h
[10.764s] -- Installing: /home/prakt3/praktikum_ws/install/vrpn/include/vrpn_Griffin.h
[10.764s] -- Installing: /home/prakt3/praktikum_ws/install/vrpn/include/vrpn_HashST.h
[10.764s] -- Installing: /home/prakt3/praktikum_ws/install/vrpn/include/vrpn_HumanInterface.h
[10.764s] -- Installing: /home/prakt3/praktikum_ws/install/vrpn/include/vrpn_IDEA.h
[10.764s] -- Installing: /home/prakt3/praktikum_ws/install/vrpn/include/vrpn_Imager_Stream_Buffer.h
[10.764s] -- Installing: /home/prakt3/praktikum_ws/install/vrpn/include/vrpn_ImmersionBox.h
[10.764s] -- Installing: /home/prakt3/praktikum_ws/install/vrpn/include/vrpn_inertiamouse.h
[10.764s] -- Installing: /home/prakt3/praktikum_ws/install/vrpn/include/vrpn_JoyFly.h
[10.764s] -- Installing: /home/prakt3/praktikum_ws/install/vrpn/include/vrpn_Joylin.h
[10.764s] -- Installing: /home/prakt3/praktikum_ws/install/vrpn/include/vrpn_Joywin32.h
[10.764s] -- Installing: /home/prakt3/praktikum_ws/install/vrpn/include/vrpn_Keyboard.h
[10.764s] -- Installing: /home/prakt3/praktikum_ws/install/vrpn/include/vrpn_Logitech_Controller_Raw.h
[10.764s] -- Installing: /home/prakt3/praktikum_ws/install/vrpn/include/vrpn_Laputa.h
[10.764s] -- Installing: /home/prakt3/praktikum_ws/install/vrpn/include/vrpn_LUDL.h
[10.764s] -- Installing: /home/prakt3/praktikum_ws/install/vrpn/include/vrpn_Magellan.h
[10.764s] -- Installing: /home/prakt3/praktikum_ws/install/vrpn/include/vrpn_MessageMacros.h
[10.764s] -- Installing: /home/prakt3/praktikum_ws/install/vrpn/include/vrpn_Microsoft_Controller_Raw.h
[10.764s] -- Installing: /home/prakt3/praktikum_ws/install/vrpn/include/vrpn_Mouse.h
[10.764s] -- Installing: /home/prakt3/praktikum_ws/install/vrpn/include/vrpn_NationalInstruments.h
[10.764s] -- Installing: /home/prakt3/praktikum_ws/install/vrpn/include/vrpn_Nidaq.h
[10.764s] -- Installing: /home/prakt3/praktikum_ws/install/vrpn/include/vrpn_nikon_controls.h
[10.765s] -- Installing: /home/prakt3/praktikum_ws/install/vrpn/include/vrpn_nVidia_shield_controller.h
[10.765s] -- Installing: /home/prakt3/praktikum_ws/install/vrpn/include/vrpn_Oculus.h
[10.765s] -- Installing: /home/prakt3/praktikum_ws/install/vrpn/include/vrpn_OmegaTemperature.h
[10.765s] -- Installing: /home/prakt3/praktikum_ws/install/vrpn/include/vrpn_OneEuroFilter.h
[10.765s] -- Installing: /home/prakt3/praktikum_ws/install/vrpn/include/vrpn_OzzMaker.h
[10.765s] -- Installing: /home/prakt3/praktikum_ws/install/vrpn/include/vrpn_Poser_Analog.h
[10.765s] -- Installing: /home/prakt3/praktikum_ws/install/vrpn/include/vrpn_Poser.h
[10.765s] -- Installing: /home/prakt3/praktikum_ws/install/vrpn/include/vrpn_Poser_Tek4662.h
[10.765s] -- Installing: /home/prakt3/praktikum_ws/install/vrpn/include/vrpn_raw_sgibox.h
[10.765s] -- Installing: /home/prakt3/praktikum_ws/install/vrpn/include/vrpn_Retrolink.h
[10.765s] -- Installing: /home/prakt3/praktikum_ws/install/vrpn/include/vrpn_Saitek_Controller_Raw.h
[10.765s] -- Installing: /home/prakt3/praktikum_ws/install/vrpn/include/vrpn_sgibox.h
[10.765s] -- Installing: /home/prakt3/praktikum_ws/install/vrpn/include/vrpn_Spaceball.h
[10.765s] -- Installing: /home/prakt3/praktikum_ws/install/vrpn/include/vrpn_Streaming_Arduino.h
[10.765s] -- Installing: /home/prakt3/praktikum_ws/install/vrpn/include/vrpn_Tng3.h
[10.765s] -- Installing: /home/prakt3/praktikum_ws/install/vrpn/include/vrpn_Tracker_3DMouse.h
[10.765s] -- Installing: /home/prakt3/praktikum_ws/install/vrpn/include/vrpn_Tracker_AnalogFly.h
[10.765s] -- Installing: /home/prakt3/praktikum_ws/install/vrpn/include/vrpn_Tracker_ButtonFly.h
[10.765s] -- Installing: /home/prakt3/praktikum_ws/install/vrpn/include/vrpn_Tracker_Crossbow.h
[10.765s] -- Installing: /home/prakt3/praktikum_ws/install/vrpn/include/vrpn_Tracker_DTrack.h
[10.765s] -- Installing: /home/prakt3/praktikum_ws/install/vrpn/include/vrpn_Tracker_Fastrak.h
[10.765s] -- Installing: /home/prakt3/praktikum_ws/install/vrpn/include/vrpn_Tracker_Filter.h
[10.765s] -- Installing: /home/prakt3/praktikum_ws/install/vrpn/include/vrpn_Tracker_GameTrak.h
[10.765s] -- Installing: /home/prakt3/praktikum_ws/install/vrpn/include/vrpn_Tracker_GPS.h
[10.765s] -- Installing: /home/prakt3/praktikum_ws/install/vrpn/include/vrpn_Tracker_IMU.h
[10.765s] -- Installing: /home/prakt3/praktikum_ws/install/vrpn/include/vrpn_Tracker_isense.h
[10.765s] -- Installing: /home/prakt3/praktikum_ws/install/vrpn/include/vrpn_Tracker_Isotrak.h
[10.765s] -- Installing: /home/prakt3/praktikum_ws/install/vrpn/include/vrpn_Tracker_JsonNet.h
[10.765s] -- Installing: /home/prakt3/praktikum_ws/install/vrpn/include/vrpn_Tracker_Liberty.h
[10.765s] -- Installing: /home/prakt3/praktikum_ws/install/vrpn/include/vrpn_Tracker_MotionNode.h
[10.766s] -- Installing: /home/prakt3/praktikum_ws/install/vrpn/include/vrpn_Tracker_NDI_Polaris.h
[10.766s] -- Installing: /home/prakt3/praktikum_ws/install/vrpn/include/vrpn_Tracker_NovintFalcon.h
[10.766s] -- Installing: /home/prakt3/praktikum_ws/install/vrpn/include/vrpn_Tracker_OSVRHackerDevKit.h
[10.766s] -- Installing: /home/prakt3/praktikum_ws/install/vrpn/include/vrpn_Tracker_PDI.h
[10.766s] -- Installing: /home/prakt3/praktikum_ws/install/vrpn/include/vrpn_Tracker_PhaseSpace.h
[10.766s] -- Installing: /home/prakt3/praktikum_ws/install/vrpn/include/vrpn_Tracker_RazerHydra.h
[10.766s] -- Installing: /home/prakt3/praktikum_ws/install/vrpn/include/vrpn_Tracker_ThalmicLabsMyo.h
[10.766s] -- Installing: /home/prakt3/praktikum_ws/install/vrpn/include/vrpn_Tracker_SpacePoint.h
[10.766s] -- Installing: /home/prakt3/praktikum_ws/install/vrpn/include/vrpn_Tracker_Wintracker.h
[10.766s] -- Installing: /home/prakt3/praktikum_ws/install/vrpn/include/vrpn_Tracker_Colibri.h
[10.766s] -- Installing: /home/prakt3/praktikum_ws/install/vrpn/include/vrpn_Tracker_TrivisioColibri.h
[10.766s] -- Installing: /home/prakt3/praktikum_ws/install/vrpn/include/vrpn_Tracker_WiimoteHead.h
[10.766s] -- Installing: /home/prakt3/praktikum_ws/install/vrpn/include/vrpn_Tracker_zSight.h
[10.766s] -- Installing: /home/prakt3/praktikum_ws/install/vrpn/include/vrpn_Tracker_ViewPoint.h
[10.766s] -- Installing: /home/prakt3/praktikum_ws/install/vrpn/include/vrpn_UNC_Joystick.h
[10.766s] -- Installing: /home/prakt3/praktikum_ws/install/vrpn/include/vrpn_VPJoystick.h
[10.766s] -- Installing: /home/prakt3/praktikum_ws/install/vrpn/include/vrpn_Wanda.h
[10.766s] -- Installing: /home/prakt3/praktikum_ws/install/vrpn/include/vrpn_WiiMote.h
[10.766s] -- Installing: /home/prakt3/praktikum_ws/install/vrpn/include/vrpn_XInputGamepad.h
[10.766s] -- Installing: /home/prakt3/praktikum_ws/install/vrpn/include/vrpn_Xkeys.h
[10.766s] -- Installing: /home/prakt3/praktikum_ws/install/vrpn/include/vrpn_Tracker_LibertyHS.h
[10.766s] -- Installing: /home/prakt3/praktikum_ws/install/vrpn/include/vrpn_YEI_3Space.h
[10.766s] -- Installing: /home/prakt3/praktikum_ws/install/vrpn/include/vrpn_Zaber.h
[10.766s] -- Installing: /home/prakt3/praktikum_ws/install/vrpn/include/vrpn_Generic_server_object.h
[10.766s] -- Installing: /home/prakt3/praktikum_ws/install/vrpn/share/vrpn/package.xml
[10.766s] -- Installing: /home/prakt3/praktikum_ws/install/vrpn/share/vrpn/cmake/VRPNConfig.cmake
[10.766s] -- Installing: /home/prakt3/praktikum_ws/install/vrpn/share/quatlib/cmake/quatlibConfig.cmake
[10.766s] -- Installing: /home/prakt3/praktikum_ws/install/vrpn/lib/libvrpn.a
[10.770s] -- Up-to-date: /home/prakt3/praktikum_ws/install/vrpn/include/vrpn_Configure.h
[10.770s] -- Up-to-date: /home/prakt3/praktikum_ws/install/vrpn/include/vrpn_Analog.h
[10.770s] -- Up-to-date: /home/prakt3/praktikum_ws/install/vrpn/include/vrpn_Analog_Output.h
[10.770s] -- Up-to-date: /home/prakt3/praktikum_ws/install/vrpn/include/vrpn_Assert.h
[10.770s] -- Up-to-date: /home/prakt3/praktikum_ws/install/vrpn/include/vrpn_Auxiliary_Logger.h
[10.770s] -- Up-to-date: /home/prakt3/praktikum_ws/install/vrpn/include/vrpn_BaseClass.h
[10.770s] -- Up-to-date: /home/prakt3/praktikum_ws/install/vrpn/include/vrpn_Button.h
[10.770s] -- Up-to-date: /home/prakt3/praktikum_ws/install/vrpn/include/vrpn_Connection.h
[10.770s] -- Up-to-date: /home/prakt3/praktikum_ws/install/vrpn/include/vrpn_ConnectionPtr.h
[10.770s] -- Up-to-date: /home/prakt3/praktikum_ws/install/vrpn/include/vrpn_Dial.h
[10.770s] -- Up-to-date: /home/prakt3/praktikum_ws/install/vrpn/include/vrpn_EndpointContainer.h
[10.770s] -- Up-to-date: /home/prakt3/praktikum_ws/install/vrpn/include/vrpn_FileConnection.h
[10.770s] -- Up-to-date: /home/prakt3/praktikum_ws/install/vrpn/include/vrpn_FileController.h
[10.770s] -- Up-to-date: /home/prakt3/praktikum_ws/install/vrpn/include/vrpn_ForceDevice.h
[10.770s] -- Up-to-date: /home/prakt3/praktikum_ws/install/vrpn/include/vrpn_ForwarderController.h
[10.770s] -- Up-to-date: /home/prakt3/praktikum_ws/install/vrpn/include/vrpn_Forwarder.h
[10.770s] -- Up-to-date: /home/prakt3/praktikum_ws/install/vrpn/include/vrpn_FunctionGenerator.h
[10.770s] -- Up-to-date: /home/prakt3/praktikum_ws/install/vrpn/include/vrpn_Imager.h
[10.770s] -- Up-to-date: /home/prakt3/praktikum_ws/install/vrpn/include/vrpn_LamportClock.h
[10.770s] -- Up-to-date: /home/prakt3/praktikum_ws/install/vrpn/include/vrpn_Log.h
[10.770s] -- Up-to-date: /home/prakt3/praktikum_ws/install/vrpn/include/vrpn_MainloopContainer.h
[10.770s] -- Up-to-date: /home/prakt3/praktikum_ws/install/vrpn/include/vrpn_MainloopObject.h
[10.770s] -- Up-to-date: /home/prakt3/praktikum_ws/install/vrpn/include/vrpn_Mutex.h
[10.770s] -- Up-to-date: /home/prakt3/praktikum_ws/install/vrpn/include/vrpn_OwningPtr.h
[10.770s] -- Up-to-date: /home/prakt3/praktikum_ws/install/vrpn/include/vrpn_RedundantTransmission.h
[10.771s] -- Up-to-date: /home/prakt3/praktikum_ws/install/vrpn/include/vrpn_SendTextMessageStreamProxy.h
[10.771s] -- Up-to-date: /home/prakt3/praktikum_ws/install/vrpn/include/vrpn_Serial.h
[10.771s] -- Up-to-date: /home/prakt3/praktikum_ws/install/vrpn/include/vrpn_SerialPort.h
[10.771s] -- Up-to-date: /home/prakt3/praktikum_ws/install/vrpn/include/vrpn_Shared.h
[10.771s] -- Up-to-date: /home/prakt3/praktikum_ws/install/vrpn/include/vrpn_SharedObject.h
[10.771s] -- Up-to-date: /home/prakt3/praktikum_ws/install/vrpn/include/vrpn_Sound.h
[10.771s] -- Up-to-date: /home/prakt3/praktikum_ws/install/vrpn/include/vrpn_Text.h
[10.771s] -- Up-to-date: /home/prakt3/praktikum_ws/install/vrpn/include/vrpn_Thread.h
[10.771s] -- Up-to-date: /home/prakt3/praktikum_ws/install/vrpn/include/vrpn_Tracker.h
[10.771s] -- Up-to-date: /home/prakt3/praktikum_ws/install/vrpn/include/vrpn_Types.h
[10.771s] -- Up-to-date: /home/prakt3/praktikum_ws/install/vrpn/include/vrpn_WindowsH.h
[10.771s] -- Installing: /home/prakt3/praktikum_ws/install/vrpn/lib/libquat.a
[10.771s] -- Installing: /home/prakt3/praktikum_ws/install/vrpn/include/quat.h
[10.771s] -- Up-to-date: /home/prakt3/praktikum_ws/install/vrpn/lib/libquat.a
[10.771s] -- Up-to-date: /home/prakt3/praktikum_ws/install/vrpn/include/quat.h
[10.771s] -- Installing: /home/prakt3/praktikum_ws/install/vrpn/lib/libvrpn_atmel.a
[10.771s] -- Installing: /home/prakt3/praktikum_ws/install/vrpn/include/vrpn_atmellib_errno.h
[10.771s] -- Installing: /home/prakt3/praktikum_ws/install/vrpn/include/vrpn_atmellib.h
[10.771s] -- Installing: /home/prakt3/praktikum_ws/install/vrpn/lib/libgpsnmea.a
[10.771s] -- Installing: /home/prakt3/praktikum_ws/install/vrpn/include/nmeaParser.h
[10.771s] -- Installing: /home/prakt3/praktikum_ws/install/vrpn/include/utmCoord.h
[10.771s] -- Installing: /home/prakt3/praktikum_ws/install/vrpn/include/latLonCoord.h
[10.771s] -- Installing: /home/prakt3/praktikum_ws/install/vrpn/bin/c_interface_example
[10.772s] -- Installing: /home/prakt3/praktikum_ws/install/vrpn/bin/vrpn_average_analogs
[10.773s] -- Installing: /home/prakt3/praktikum_ws/install/vrpn/bin/vrpn_print_devices
[10.773s] -- Installing: /home/prakt3/praktikum_ws/install/vrpn/bin/vrpn_print_performance
[10.774s] -- Installing: /home/prakt3/praktikum_ws/install/vrpn/bin/vrpn_print_messages
[10.774s] -- Installing: /home/prakt3/praktikum_ws/install/vrpn/bin/run_auxiliary_logger
[10.775s] -- Installing: /home/prakt3/praktikum_ws/install/vrpn/bin/vrpn_server
[10.781s] -- Installing: /home/prakt3/praktikum_ws/install/vrpn/etc/vrpn.cfg
[10.781s] -- Installing: /home/prakt3/praktikum_ws/install/vrpn/share/vrpn-07.34/vrpn.cfg.sample
[10.781s] -- Installing: /home/prakt3/praktikum_ws/install/vrpn/lib/libvrpn_timecode_generator.a
[10.781s] -- Installing: /home/prakt3/praktikum_ws/install/vrpn/include/vrpn_timecode_generator.h
[10.781s] -- Installing: /home/prakt3/praktikum_ws/install/vrpn/bin/vrpn_streamPrint
[10.782s] -- Installing: /home/prakt3/praktikum_ws/install/vrpn/lib/python3.8/dist-packages/vrpn.so
[10.785s] Invoked command in '/home/prakt3/praktikum_ws/build/vrpn' returned '0': CMAKE_PREFIX_PATH=/opt/ros/galactic /usr/bin/cmake --install /home/prakt3/praktikum_ws/build/vrpn
