[0.046s] Invoking command in '/home/prakt3/praktikum_ws/build/moveit_resources_panda_moveit_config': AMENT_PREFIX_PATH=/home/prakt3/praktikum_ws/install/moveit_resources_panda_description:${AMENT_PREFIX_PATH} CMAKE_PREFIX_PATH=/home/prakt3/praktikum_ws/install/moveit_resources_panda_description:/home/prakt3/praktikum_ws/install/vrpn:/opt/ros/galactic /usr/bin/cmake /home/prakt3/praktikum_ws/src/moveit_resources/panda_moveit_config -DCMAKE_INSTALL_PREFIX=/home/prakt3/praktikum_ws/install/moveit_resources_panda_moveit_config
[0.093s] -- The C compiler identification is GNU 9.4.0
[0.136s] -- The CXX compiler identification is GNU 9.4.0
[0.142s] -- Check for working C compiler: /usr/bin/cc
[0.210s] -- Check for working C compiler: /usr/bin/cc -- works
[0.211s] -- Detecting C compiler ABI info
[0.252s] -- Detecting C compiler ABI info - done
[0.261s] -- Detecting C compile features
[0.262s] -- Detecting C compile features - done
[0.264s] -- Check for working CXX compiler: /usr/bin/c++
[0.363s] -- Check for working CXX compiler: /usr/bin/c++ -- works
[0.364s] -- Detecting CXX compiler ABI info
[0.464s] -- Detecting CXX compiler ABI info - done
[0.476s] -- Detecting CXX compile features
[0.477s] -- Detecting CXX compile features - done
[0.479s] -- Found ament_cmake: 1.1.6 (/opt/ros/galactic/share/ament_cmake/cmake)
[0.507s] -- Found PythonInterp: /usr/bin/python3 (found suitable version "3.8.10", minimum required is "3") 
[0.507s] -- Using PYTHON_EXECUTABLE: /usr/bin/python3
[0.638s] -- Configuring done
[0.640s] -- Generating done
[0.641s] -- Build files have been written to: /home/prakt3/praktikum_ws/build/moveit_resources_panda_moveit_config
[0.656s] Invoked command in '/home/prakt3/praktikum_ws/build/moveit_resources_panda_moveit_config' returned '0': AMENT_PREFIX_PATH=/home/prakt3/praktikum_ws/install/moveit_resources_panda_description:${AMENT_PREFIX_PATH} CMAKE_PREFIX_PATH=/home/prakt3/praktikum_ws/install/moveit_resources_panda_description:/home/prakt3/praktikum_ws/install/vrpn:/opt/ros/galactic /usr/bin/cmake /home/prakt3/praktikum_ws/src/moveit_resources/panda_moveit_config -DCMAKE_INSTALL_PREFIX=/home/prakt3/praktikum_ws/install/moveit_resources_panda_moveit_config
[0.657s] Invoking command in '/home/prakt3/praktikum_ws/build/moveit_resources_panda_moveit_config': AMENT_PREFIX_PATH=/home/prakt3/praktikum_ws/install/moveit_resources_panda_description:${AMENT_PREFIX_PATH} CMAKE_PREFIX_PATH=/home/prakt3/praktikum_ws/install/moveit_resources_panda_description:/home/prakt3/praktikum_ws/install/vrpn:/opt/ros/galactic /usr/bin/cmake --build /home/prakt3/praktikum_ws/build/moveit_resources_panda_moveit_config -- -j12 -l12
[0.704s] Invoked command in '/home/prakt3/praktikum_ws/build/moveit_resources_panda_moveit_config' returned '0': AMENT_PREFIX_PATH=/home/prakt3/praktikum_ws/install/moveit_resources_panda_description:${AMENT_PREFIX_PATH} CMAKE_PREFIX_PATH=/home/prakt3/praktikum_ws/install/moveit_resources_panda_description:/home/prakt3/praktikum_ws/install/vrpn:/opt/ros/galactic /usr/bin/cmake --build /home/prakt3/praktikum_ws/build/moveit_resources_panda_moveit_config -- -j12 -l12
[0.789s] Invoking command in '/home/prakt3/praktikum_ws/build/moveit_resources_panda_moveit_config': AMENT_PREFIX_PATH=/home/prakt3/praktikum_ws/install/moveit_resources_panda_description:${AMENT_PREFIX_PATH} CMAKE_PREFIX_PATH=/home/prakt3/praktikum_ws/install/moveit_resources_panda_description:/home/prakt3/praktikum_ws/install/vrpn:/opt/ros/galactic /usr/bin/cmake --install /home/prakt3/praktikum_ws/build/moveit_resources_panda_moveit_config
[0.941s] -- Install configuration: ""
[0.941s] -- Installing: /home/prakt3/praktikum_ws/install/moveit_resources_panda_moveit_config/share/ament_index/resource_index/package_run_dependencies/moveit_resources_panda_moveit_config
[0.942s] -- Installing: /home/prakt3/praktikum_ws/install/moveit_resources_panda_moveit_config/share/ament_index/resource_index/parent_prefix_path/moveit_resources_panda_moveit_config
[0.942s] -- Installing: /home/prakt3/praktikum_ws/install/moveit_resources_panda_moveit_config/share/moveit_resources_panda_moveit_config/environment/ament_prefix_path.sh
[0.942s] -- Installing: /home/prakt3/praktikum_ws/install/moveit_resources_panda_moveit_config/share/moveit_resources_panda_moveit_config/environment/ament_prefix_path.dsv
[0.942s] -- Installing: /home/prakt3/praktikum_ws/install/moveit_resources_panda_moveit_config/share/moveit_resources_panda_moveit_config/environment/path.sh
[0.942s] -- Installing: /home/prakt3/praktikum_ws/install/moveit_resources_panda_moveit_config/share/moveit_resources_panda_moveit_config/environment/path.dsv
[0.942s] -- Installing: /home/prakt3/praktikum_ws/install/moveit_resources_panda_moveit_config/share/moveit_resources_panda_moveit_config/local_setup.bash
[0.942s] -- Installing: /home/prakt3/praktikum_ws/install/moveit_resources_panda_moveit_config/share/moveit_resources_panda_moveit_config/local_setup.sh
[0.942s] -- Installing: /home/prakt3/praktikum_ws/install/moveit_resources_panda_moveit_config/share/moveit_resources_panda_moveit_config/local_setup.zsh
[0.942s] -- Installing: /home/prakt3/praktikum_ws/install/moveit_resources_panda_moveit_config/share/moveit_resources_panda_moveit_config/local_setup.dsv
[0.942s] -- Installing: /home/prakt3/praktikum_ws/install/moveit_resources_panda_moveit_config/share/moveit_resources_panda_moveit_config/package.dsv
[0.942s] -- Installing: /home/prakt3/praktikum_ws/install/moveit_resources_panda_moveit_config/share/ament_index/resource_index/packages/moveit_resources_panda_moveit_config
[0.942s] -- Installing: /home/prakt3/praktikum_ws/install/moveit_resources_panda_moveit_config/share/moveit_resources_panda_moveit_config/cmake/moveit_resources_panda_moveit_configConfig.cmake
[0.942s] -- Installing: /home/prakt3/praktikum_ws/install/moveit_resources_panda_moveit_config/share/moveit_resources_panda_moveit_config/cmake/moveit_resources_panda_moveit_configConfig-version.cmake
[0.942s] -- Installing: /home/prakt3/praktikum_ws/install/moveit_resources_panda_moveit_config/share/moveit_resources_panda_moveit_config/package.xml
[0.942s] -- Installing: /home/prakt3/praktikum_ws/install/moveit_resources_panda_moveit_config/share/moveit_resources_panda_moveit_config/launch
[0.942s] -- Installing: /home/prakt3/praktikum_ws/install/moveit_resources_panda_moveit_config/share/moveit_resources_panda_moveit_config/launch/panda_moveit.launch
[0.942s] -- Installing: /home/prakt3/praktikum_ws/install/moveit_resources_panda_moveit_config/share/moveit_resources_panda_moveit_config/launch/moveit_rviz.launch.py
[0.942s] -- Installing: /home/prakt3/praktikum_ws/install/moveit_resources_panda_moveit_config/share/moveit_resources_panda_moveit_config/launch/warehouse_settings.launch.xml
[0.942s] -- Installing: /home/prakt3/praktikum_ws/install/moveit_resources_panda_moveit_config/share/moveit_resources_panda_moveit_config/launch/run_benchmark_ompl.launch
[0.943s] -- Installing: /home/prakt3/praktikum_ws/install/moveit_resources_panda_moveit_config/share/moveit_resources_panda_moveit_config/launch/joystick_control.launch
[0.943s] -- Installing: /home/prakt3/praktikum_ws/install/moveit_resources_panda_moveit_config/share/moveit_resources_panda_moveit_config/launch/demo_chomp.launch
[0.943s] -- Installing: /home/prakt3/praktikum_ws/install/moveit_resources_panda_moveit_config/share/moveit_resources_panda_moveit_config/launch/moveit.rviz
[0.943s] -- Installing: /home/prakt3/praktikum_ws/install/moveit_resources_panda_moveit_config/share/moveit_resources_panda_moveit_config/launch/demo.launch.py
[0.943s] -- Installing: /home/prakt3/praktikum_ws/install/moveit_resources_panda_moveit_config/share/moveit_resources_panda_moveit_config/launch/moveit_empty.rviz
[0.947s] -- Installing: /home/prakt3/praktikum_ws/install/moveit_resources_panda_moveit_config/share/moveit_resources_panda_moveit_config/launch/warehouse.launch
[0.947s] -- Installing: /home/prakt3/praktikum_ws/install/moveit_resources_panda_moveit_config/share/moveit_resources_panda_moveit_config/launch/panda_moveit_sensor_manager.launch.xml
[0.947s] -- Installing: /home/prakt3/praktikum_ws/install/moveit_resources_panda_moveit_config/share/moveit_resources_panda_moveit_config/launch/run_benchmark_trajopt.launch
[0.947s] -- Installing: /home/prakt3/praktikum_ws/install/moveit_resources_panda_moveit_config/share/moveit_resources_panda_moveit_config/launch/test_environment.launch
[0.947s] -- Installing: /home/prakt3/praktikum_ws/install/moveit_resources_panda_moveit_config/share/moveit_resources_panda_moveit_config/launch/move_group.launch
[0.947s] -- Installing: /home/prakt3/praktikum_ws/install/moveit_resources_panda_moveit_config/share/moveit_resources_panda_moveit_config/launch/moveit_rviz.launch
[0.947s] -- Installing: /home/prakt3/praktikum_ws/install/moveit_resources_panda_moveit_config/share/moveit_resources_panda_moveit_config/launch/ompl-chomp_planning_pipeline.launch.xml
[0.947s] -- Installing: /home/prakt3/praktikum_ws/install/moveit_resources_panda_moveit_config/share/moveit_resources_panda_moveit_config/launch/sensor_manager.launch.xml
[0.948s] -- Installing: /home/prakt3/praktikum_ws/install/moveit_resources_panda_moveit_config/share/moveit_resources_panda_moveit_config/launch/default_warehouse_db.launch
[0.948s] -- Installing: /home/prakt3/praktikum_ws/install/moveit_resources_panda_moveit_config/share/moveit_resources_panda_moveit_config/config
[0.948s] -- Installing: /home/prakt3/praktikum_ws/install/moveit_resources_panda_moveit_config/share/moveit_resources_panda_moveit_config/config/trajopt_planning.yaml
[0.948s] -- Installing: /home/prakt3/praktikum_ws/install/moveit_resources_panda_moveit_config/share/moveit_resources_panda_moveit_config/config/panda_arm_hand.srdf.xacro
[0.948s] -- Installing: /home/prakt3/praktikum_ws/install/moveit_resources_panda_moveit_config/share/moveit_resources_panda_moveit_config/config/panda.srdf
[0.948s] -- Installing: /home/prakt3/praktikum_ws/install/moveit_resources_panda_moveit_config/share/moveit_resources_panda_moveit_config/config/cartesian_limits.yaml
[0.948s] -- Installing: /home/prakt3/praktikum_ws/install/moveit_resources_panda_moveit_config/share/moveit_resources_panda_moveit_config/config/ompl_planning.yaml
[0.948s] -- Installing: /home/prakt3/praktikum_ws/install/moveit_resources_panda_moveit_config/share/moveit_resources_panda_moveit_config/config/sensors_kinect_depthmap.yaml
[0.948s] -- Installing: /home/prakt3/praktikum_ws/install/moveit_resources_panda_moveit_config/share/moveit_resources_panda_moveit_config/config/initial_positions.yaml
[0.948s] -- Installing: /home/prakt3/praktikum_ws/install/moveit_resources_panda_moveit_config/share/moveit_resources_panda_moveit_config/config/hand.xacro
[0.948s] -- Installing: /home/prakt3/praktikum_ws/install/moveit_resources_panda_moveit_config/share/moveit_resources_panda_moveit_config/config/panda.urdf.xacro
[0.948s] -- Installing: /home/prakt3/praktikum_ws/install/moveit_resources_panda_moveit_config/share/moveit_resources_panda_moveit_config/config/panda_arm.xacro
[0.948s] -- Installing: /home/prakt3/praktikum_ws/install/moveit_resources_panda_moveit_config/share/moveit_resources_panda_moveit_config/config/panda_arm.srdf.xacro
[0.948s] -- Installing: /home/prakt3/praktikum_ws/install/moveit_resources_panda_moveit_config/share/moveit_resources_panda_moveit_config/config/panda.ros2_control.xacro
[0.948s] -- Installing: /home/prakt3/praktikum_ws/install/moveit_resources_panda_moveit_config/share/moveit_resources_panda_moveit_config/config/joint_limits.yaml
[0.948s] -- Installing: /home/prakt3/praktikum_ws/install/moveit_resources_panda_moveit_config/share/moveit_resources_panda_moveit_config/config/lerp_planning.yaml
[0.948s] -- Installing: /home/prakt3/praktikum_ws/install/moveit_resources_panda_moveit_config/share/moveit_resources_panda_moveit_config/config/kinematics.yaml
[0.948s] -- Installing: /home/prakt3/praktikum_ws/install/moveit_resources_panda_moveit_config/share/moveit_resources_panda_moveit_config/config/sensors_kinect_pointcloud.yaml
[0.948s] -- Installing: /home/prakt3/praktikum_ws/install/moveit_resources_panda_moveit_config/share/moveit_resources_panda_moveit_config/config/panda_hand.ros2_control.xacro
[0.948s] -- Installing: /home/prakt3/praktikum_ws/install/moveit_resources_panda_moveit_config/share/moveit_resources_panda_moveit_config/config/chomp_planning.yaml
[0.948s] -- Installing: /home/prakt3/praktikum_ws/install/moveit_resources_panda_moveit_config/share/moveit_resources_panda_moveit_config/config/panda_gripper_controllers.yaml
[0.948s] -- Installing: /home/prakt3/praktikum_ws/install/moveit_resources_panda_moveit_config/share/moveit_resources_panda_moveit_config/config/stomp_planning.yaml
[0.949s] -- Installing: /home/prakt3/praktikum_ws/install/moveit_resources_panda_moveit_config/share/moveit_resources_panda_moveit_config/config/panda_ros_controllers.yaml
[0.949s] -- Installing: /home/prakt3/praktikum_ws/install/moveit_resources_panda_moveit_config/share/moveit_resources_panda_moveit_config/config/fake_controllers.yaml
[0.949s] -- Installing: /home/prakt3/praktikum_ws/install/moveit_resources_panda_moveit_config/share/moveit_resources_panda_moveit_config/config/panda_controllers.yaml
[0.949s] -- Installing: /home/prakt3/praktikum_ws/install/moveit_resources_panda_moveit_config/share/moveit_resources_panda_moveit_config/.setup_assistant
[0.957s] Invoked command in '/home/prakt3/praktikum_ws/build/moveit_resources_panda_moveit_config' returned '0': AMENT_PREFIX_PATH=/home/prakt3/praktikum_ws/install/moveit_resources_panda_description:${AMENT_PREFIX_PATH} CMAKE_PREFIX_PATH=/home/prakt3/praktikum_ws/install/moveit_resources_panda_description:/home/prakt3/praktikum_ws/install/vrpn:/opt/ros/galactic /usr/bin/cmake --install /home/prakt3/praktikum_ws/build/moveit_resources_panda_moveit_config
