[0.061s] Invoking command in '/home/prakt3/praktikum_ws/build/rviz_visual_tools': CMAKE_PREFIX_PATH=${CMAKE_PREFIX_PATH}:/home/prakt3/praktikum_ws/install/trajectory:/home/prakt3/praktikum_ws/install/tracking_service:/home/prakt3/praktikum_ws/install/robprakt:/home/prakt3/praktikum_ws/install/picture_to_points_service:/home/prakt3/praktikum_ws/install/move_it_service_python:/home/prakt3/praktikum_ws/install/move_client:/home/prakt3/praktikum_ws/install/launch_param_builder:/opt/ros/galactic /usr/bin/cmake --build /home/prakt3/praktikum_ws/build/rviz_visual_tools -- -j12 -l12
[0.718s] [  2%] [34m[1mAutomatic MOC for target rviz_visual_tools_gui[0m
[0.718s] [  5%] [34m[1mAutomatic MOC for target rviz_visual_tools_remote_control[0m
[0.718s] [  7%] [34m[1mAutomatic MOC for target gtest_main[0m
[0.718s] [  7%] Built target rviz_visual_tools_gui_autogen
[0.718s] [ 10%] [34m[1mAutomatic MOC for target gtest[0m
[0.718s] [ 10%] Built target rviz_visual_tools_remote_control_autogen
[0.718s] [ 10%] Built target gtest_main_autogen
[0.718s] [ 10%] Built target gtest_autogen
[0.718s] [ 17%] Built target rviz_visual_tools_remote_control
[0.718s] [ 25%] Built target gtest_main
[0.718s] [ 38%] Built target rviz_visual_tools_gui
[0.718s] [ 41%] [34m[1mAutomatic MOC for target rviz_visual_tools[0m
[0.719s] [ 48%] Built target gtest
[0.719s] [ 48%] Built target rviz_visual_tools_autogen
[0.719s] [ 58%] Built target rviz_visual_tools
[0.719s] [ 61%] [34m[1mAutomatic MOC for target rviz_visual_tools_demo[0m
[0.719s] [ 64%] [34m[1mAutomatic MOC for target rviz_visual_tools_imarker_simple[0m
[0.719s] [ 66%] [34m[1mAutomatic MOC for target rviz_visual_tools_rvt_test[0m
[0.719s] [ 66%] Built target rviz_visual_tools_imarker_simple_autogen
[0.719s] [ 66%] Built target rviz_visual_tools_demo_autogen
[0.719s] [ 66%] Built target rviz_visual_tools_rvt_test_autogen
[0.719s] [ 74%] Built target rviz_visual_tools_rvt_test
[0.719s] [ 82%] Built target rviz_visual_tools_demo
[0.720s] [ 89%] Built target rviz_visual_tools_imarker_simple
[0.720s] [ 92%] [34m[1mAutomatic MOC for target rviz_visual_tools_imarker_simple_demo[0m
[0.720s] [ 92%] Built target rviz_visual_tools_imarker_simple_demo_autogen
[0.720s] [100%] Built target rviz_visual_tools_imarker_simple_demo
[0.726s] Invoked command in '/home/prakt3/praktikum_ws/build/rviz_visual_tools' returned '0': CMAKE_PREFIX_PATH=${CMAKE_PREFIX_PATH}:/home/prakt3/praktikum_ws/install/trajectory:/home/prakt3/praktikum_ws/install/tracking_service:/home/prakt3/praktikum_ws/install/robprakt:/home/prakt3/praktikum_ws/install/picture_to_points_service:/home/prakt3/praktikum_ws/install/move_it_service_python:/home/prakt3/praktikum_ws/install/move_client:/home/prakt3/praktikum_ws/install/launch_param_builder:/opt/ros/galactic /usr/bin/cmake --build /home/prakt3/praktikum_ws/build/rviz_visual_tools -- -j12 -l12
[0.835s] Invoking command in '/home/prakt3/praktikum_ws/build/rviz_visual_tools': CMAKE_PREFIX_PATH=${CMAKE_PREFIX_PATH}:/home/prakt3/praktikum_ws/install/trajectory:/home/prakt3/praktikum_ws/install/tracking_service:/home/prakt3/praktikum_ws/install/robprakt:/home/prakt3/praktikum_ws/install/picture_to_points_service:/home/prakt3/praktikum_ws/install/move_it_service_python:/home/prakt3/praktikum_ws/install/move_client:/home/prakt3/praktikum_ws/install/launch_param_builder:/opt/ros/galactic /usr/bin/cmake --install /home/prakt3/praktikum_ws/build/rviz_visual_tools
[0.864s] -- Install configuration: ""
[0.864s] -- Up-to-date: /home/prakt3/praktikum_ws/install/rviz_visual_tools/share/rviz_visual_tools/plugin_description.xml
[0.865s] -- Up-to-date: /home/prakt3/praktikum_ws/install/rviz_visual_tools/lib/librviz_visual_tools.so
[0.866s] -- Up-to-date: /home/prakt3/praktikum_ws/install/rviz_visual_tools/lib/librviz_visual_tools_remote_control.so
[0.866s] -- Up-to-date: /home/prakt3/praktikum_ws/install/rviz_visual_tools/lib/librviz_visual_tools_gui.so
[0.866s] -- Up-to-date: /home/prakt3/praktikum_ws/install/rviz_visual_tools/lib/librviz_visual_tools_imarker_simple.so
[0.867s] -- Up-to-date: /home/prakt3/praktikum_ws/install/rviz_visual_tools/lib/rviz_visual_tools/rviz_visual_tools_demo
[0.867s] -- Up-to-date: /home/prakt3/praktikum_ws/install/rviz_visual_tools/lib/rviz_visual_tools/rviz_visual_tools_imarker_simple_demo
[0.867s] -- Up-to-date: /home/prakt3/praktikum_ws/install/rviz_visual_tools/include
[0.867s] -- Up-to-date: /home/prakt3/praktikum_ws/install/rviz_visual_tools/include/rviz_visual_tools
[0.867s] -- Up-to-date: /home/prakt3/praktikum_ws/install/rviz_visual_tools/include/rviz_visual_tools/rviz_visual_tools_gui.hpp
[0.867s] -- Up-to-date: /home/prakt3/praktikum_ws/install/rviz_visual_tools/include/rviz_visual_tools/imarker_simple.hpp
[0.867s] -- Up-to-date: /home/prakt3/praktikum_ws/install/rviz_visual_tools/include/rviz_visual_tools/remote_reciever.hpp
[0.867s] -- Up-to-date: /home/prakt3/praktikum_ws/install/rviz_visual_tools/include/rviz_visual_tools/rviz_visual_tools.hpp
[0.867s] -- Up-to-date: /home/prakt3/praktikum_ws/install/rviz_visual_tools/include/rviz_visual_tools/key_tool.hpp
[0.867s] -- Up-to-date: /home/prakt3/praktikum_ws/install/rviz_visual_tools/include/rviz_visual_tools/remote_control.hpp
[0.868s] -- Up-to-date: /home/prakt3/praktikum_ws/install/rviz_visual_tools/include/rviz_visual_tools/tf_visual_tools.hpp
[0.868s] -- Up-to-date: /home/prakt3/praktikum_ws/install/rviz_visual_tools/share/rviz_visual_tools/launch
[0.868s] -- Up-to-date: /home/prakt3/praktikum_ws/install/rviz_visual_tools/share/rviz_visual_tools/launch/demo_combined.launch.py
[0.868s] -- Up-to-date: /home/prakt3/praktikum_ws/install/rviz_visual_tools/share/rviz_visual_tools/launch/rvt_test.launch
[0.868s] -- Up-to-date: /home/prakt3/praktikum_ws/install/rviz_visual_tools/share/rviz_visual_tools/launch/demo_rviz.launch.py
[0.868s] -- Up-to-date: /home/prakt3/praktikum_ws/install/rviz_visual_tools/share/rviz_visual_tools/launch/demo.rviz
[0.868s] -- Up-to-date: /home/prakt3/praktikum_ws/install/rviz_visual_tools/share/rviz_visual_tools/environment/library_path.sh
[0.868s] -- Up-to-date: /home/prakt3/praktikum_ws/install/rviz_visual_tools/share/rviz_visual_tools/environment/library_path.dsv
[0.869s] -- Up-to-date: /home/prakt3/praktikum_ws/install/rviz_visual_tools/share/ament_index/resource_index/package_run_dependencies/rviz_visual_tools
[0.871s] -- Up-to-date: /home/prakt3/praktikum_ws/install/rviz_visual_tools/share/ament_index/resource_index/parent_prefix_path/rviz_visual_tools
[0.871s] -- Up-to-date: /home/prakt3/praktikum_ws/install/rviz_visual_tools/share/rviz_visual_tools/environment/ament_prefix_path.sh
[0.871s] -- Up-to-date: /home/prakt3/praktikum_ws/install/rviz_visual_tools/share/rviz_visual_tools/environment/ament_prefix_path.dsv
[0.871s] -- Up-to-date: /home/prakt3/praktikum_ws/install/rviz_visual_tools/share/rviz_visual_tools/environment/path.sh
[0.871s] -- Up-to-date: /home/prakt3/praktikum_ws/install/rviz_visual_tools/share/rviz_visual_tools/environment/path.dsv
[0.871s] -- Up-to-date: /home/prakt3/praktikum_ws/install/rviz_visual_tools/share/rviz_visual_tools/local_setup.bash
[0.872s] -- Up-to-date: /home/prakt3/praktikum_ws/install/rviz_visual_tools/share/rviz_visual_tools/local_setup.sh
[0.872s] -- Up-to-date: /home/prakt3/praktikum_ws/install/rviz_visual_tools/share/rviz_visual_tools/local_setup.zsh
[0.872s] -- Up-to-date: /home/prakt3/praktikum_ws/install/rviz_visual_tools/share/rviz_visual_tools/local_setup.dsv
[0.872s] -- Installing: /home/prakt3/praktikum_ws/install/rviz_visual_tools/share/rviz_visual_tools/package.dsv
[0.872s] -- Up-to-date: /home/prakt3/praktikum_ws/install/rviz_visual_tools/share/ament_index/resource_index/packages/rviz_visual_tools
[0.872s] -- Up-to-date: /home/prakt3/praktikum_ws/install/rviz_visual_tools/share/ament_index/resource_index/rviz_common__pluginlib__plugin/rviz_visual_tools
[0.872s] -- Up-to-date: /home/prakt3/praktikum_ws/install/rviz_visual_tools/share/rviz_visual_tools/cmake/export_rviz_visual_toolsExport.cmake
[0.872s] -- Up-to-date: /home/prakt3/praktikum_ws/install/rviz_visual_tools/share/rviz_visual_tools/cmake/export_rviz_visual_toolsExport-noconfig.cmake
[0.872s] -- Up-to-date: /home/prakt3/praktikum_ws/install/rviz_visual_tools/share/rviz_visual_tools/cmake/ament_cmake_export_targets-extras.cmake
[0.872s] -- Up-to-date: /home/prakt3/praktikum_ws/install/rviz_visual_tools/share/rviz_visual_tools/cmake/ament_cmake_export_dependencies-extras.cmake
[0.872s] -- Up-to-date: /home/prakt3/praktikum_ws/install/rviz_visual_tools/share/rviz_visual_tools/cmake/ament_cmake_export_include_directories-extras.cmake
[0.872s] -- Up-to-date: /home/prakt3/praktikum_ws/install/rviz_visual_tools/share/rviz_visual_tools/cmake/ament_cmake_export_libraries-extras.cmake
[0.872s] -- Up-to-date: /home/prakt3/praktikum_ws/install/rviz_visual_tools/share/rviz_visual_tools/cmake/rviz_visual_toolsConfig.cmake
[0.872s] -- Up-to-date: /home/prakt3/praktikum_ws/install/rviz_visual_tools/share/rviz_visual_tools/cmake/rviz_visual_toolsConfig-version.cmake
[0.872s] -- Up-to-date: /home/prakt3/praktikum_ws/install/rviz_visual_tools/share/rviz_visual_tools/package.xml
[0.872s] Invoked command in '/home/prakt3/praktikum_ws/build/rviz_visual_tools' returned '0': CMAKE_PREFIX_PATH=${CMAKE_PREFIX_PATH}:/home/prakt3/praktikum_ws/install/trajectory:/home/prakt3/praktikum_ws/install/tracking_service:/home/prakt3/praktikum_ws/install/robprakt:/home/prakt3/praktikum_ws/install/picture_to_points_service:/home/prakt3/praktikum_ws/install/move_it_service_python:/home/prakt3/praktikum_ws/install/move_client:/home/prakt3/praktikum_ws/install/launch_param_builder:/opt/ros/galactic /usr/bin/cmake --install /home/prakt3/praktikum_ws/build/rviz_visual_tools
