[0.094s] DEBUG:colcon:Command line arguments: ['/usr/bin/colcon', 'build', '--packages-select', 'vrpn_client_ros']
[0.094s] DEBUG:colcon:Parsed command line arguments: Namespace(allow_overriding=[], ament_cmake_args=None, base_paths=['.'], build_base='build', catkin_cmake_args=None, catkin_skip_building_tests=False, cmake_args=None, cmake_clean_cache=False, cmake_clean_first=False, cmake_force_configure=False, cmake_target=None, cmake_target_skip_unavailable=False, continue_on_error=False, event_handlers=None, executor='parallel', ignore_user_meta=False, install_base='install', log_base=None, log_level=None, main=<bound method BuildVerb.main of <colcon_core.verb.build.BuildVerb object at 0x7f38b31b1970>>, merge_install=False, metas=['./colcon.meta'], mixin=None, mixin_files=None, mixin_verb=('build',), packages_above=None, packages_above_and_dependencies=None, packages_above_depth=None, packages_end=None, packages_ignore=None, packages_ignore_regex=None, packages_select=['vrpn_client_ros'], packages_select_build_failed=False, packages_select_by_dep=None, packages_select_regex=None, packages_select_test_failures=False, packages_skip=None, packages_skip_build_finished=False, packages_skip_by_dep=None, packages_skip_regex=None, packages_skip_test_passed=False, packages_skip_up_to=None, packages_start=None, packages_up_to=None, packages_up_to_regex=None, parallel_workers=12, paths=None, symlink_install=False, test_result_base=None, verb_extension=<colcon_core.verb.build.BuildVerb object at 0x7f38b31b1970>, verb_name='build', verb_parser=<colcon_mixin.mixin.mixin_argument.MixinArgumentDecorator object at 0x7f38b31b1f40>)
[0.107s] Level 1:colcon.colcon_core.package_discovery:discover_packages(colcon_meta) check parameters
[0.107s] Level 1:colcon.colcon_core.package_discovery:discover_packages(recursive) check parameters
[0.107s] Level 1:colcon.colcon_core.package_discovery:discover_packages(ignore) check parameters
[0.107s] Level 1:colcon.colcon_core.package_discovery:discover_packages(path) check parameters
[0.107s] Level 1:colcon.colcon_core.package_discovery:discover_packages(colcon_meta) discover
[0.107s] Level 1:colcon.colcon_core.package_discovery:discover_packages(recursive) discover
[0.107s] INFO:colcon.colcon_core.package_discovery:Crawling recursively for packages in '/home/prakt3/praktikum_ws'
[0.107s] Level 1:colcon.colcon_core.package_identification:_identify(.) by extensions ['ignore', 'ignore_ament_install']
[0.107s] Level 1:colcon.colcon_core.package_identification:_identify(.) by extension 'ignore'
[0.107s] Level 1:colcon.colcon_core.package_identification:_identify(.) by extension 'ignore_ament_install'
[0.107s] Level 1:colcon.colcon_core.package_identification:_identify(.) by extensions ['colcon_pkg']
[0.107s] Level 1:colcon.colcon_core.package_identification:_identify(.) by extension 'colcon_pkg'
[0.107s] Level 1:colcon.colcon_core.package_identification:_identify(.) by extensions ['colcon_meta']
[0.107s] Level 1:colcon.colcon_core.package_identification:_identify(.) by extension 'colcon_meta'
[0.107s] Level 1:colcon.colcon_core.package_identification:_identify(.) by extensions ['ros']
[0.107s] Level 1:colcon.colcon_core.package_identification:_identify(.) by extension 'ros'
[0.118s] Level 1:colcon.colcon_core.package_identification:_identify(.) by extensions ['cmake', 'python']
[0.118s] Level 1:colcon.colcon_core.package_identification:_identify(.) by extension 'cmake'
[0.118s] Level 1:colcon.colcon_core.package_identification:_identify(.) by extension 'python'
[0.118s] Level 1:colcon.colcon_core.package_identification:_identify(.) by extensions ['python_setup_py']
[0.118s] Level 1:colcon.colcon_core.package_identification:_identify(.) by extension 'python_setup_py'
[0.118s] Level 1:colcon.colcon_core.package_identification:_identify(build) by extensions ['ignore', 'ignore_ament_install']
[0.118s] Level 1:colcon.colcon_core.package_identification:_identify(build) by extension 'ignore'
[0.118s] Level 1:colcon.colcon_core.package_identification:_identify(build) ignored
[0.118s] Level 1:colcon.colcon_core.package_identification:_identify(install) by extensions ['ignore', 'ignore_ament_install']
[0.118s] Level 1:colcon.colcon_core.package_identification:_identify(install) by extension 'ignore'
[0.118s] Level 1:colcon.colcon_core.package_identification:_identify(install) ignored
[0.118s] Level 1:colcon.colcon_core.package_identification:_identify(log) by extensions ['ignore', 'ignore_ament_install']
[0.118s] Level 1:colcon.colcon_core.package_identification:_identify(log) by extension 'ignore'
[0.118s] Level 1:colcon.colcon_core.package_identification:_identify(log) ignored
[0.118s] Level 1:colcon.colcon_core.package_identification:_identify(src) by extensions ['ignore', 'ignore_ament_install']
[0.118s] Level 1:colcon.colcon_core.package_identification:_identify(src) by extension 'ignore'
[0.118s] Level 1:colcon.colcon_core.package_identification:_identify(src) by extension 'ignore_ament_install'
[0.119s] Level 1:colcon.colcon_core.package_identification:_identify(src) by extensions ['colcon_pkg']
[0.119s] Level 1:colcon.colcon_core.package_identification:_identify(src) by extension 'colcon_pkg'
[0.119s] Level 1:colcon.colcon_core.package_identification:_identify(src) by extensions ['colcon_meta']
[0.119s] Level 1:colcon.colcon_core.package_identification:_identify(src) by extension 'colcon_meta'
[0.119s] Level 1:colcon.colcon_core.package_identification:_identify(src) by extensions ['ros']
[0.119s] Level 1:colcon.colcon_core.package_identification:_identify(src) by extension 'ros'
[0.119s] Level 1:colcon.colcon_core.package_identification:_identify(src) by extensions ['cmake', 'python']
[0.119s] Level 1:colcon.colcon_core.package_identification:_identify(src) by extension 'cmake'
[0.119s] Level 1:colcon.colcon_core.package_identification:_identify(src) by extension 'python'
[0.119s] Level 1:colcon.colcon_core.package_identification:_identify(src) by extensions ['python_setup_py']
[0.119s] Level 1:colcon.colcon_core.package_identification:_identify(src) by extension 'python_setup_py'
[0.119s] Level 1:colcon.colcon_core.package_identification:_identify(src/geometric_shapes) by extensions ['ignore', 'ignore_ament_install']
[0.119s] Level 1:colcon.colcon_core.package_identification:_identify(src/geometric_shapes) by extension 'ignore'
[0.119s] Level 1:colcon.colcon_core.package_identification:_identify(src/geometric_shapes) by extension 'ignore_ament_install'
[0.119s] Level 1:colcon.colcon_core.package_identification:_identify(src/geometric_shapes) by extensions ['colcon_pkg']
[0.119s] Level 1:colcon.colcon_core.package_identification:_identify(src/geometric_shapes) by extension 'colcon_pkg'
[0.119s] Level 1:colcon.colcon_core.package_identification:_identify(src/geometric_shapes) by extensions ['colcon_meta']
[0.119s] Level 1:colcon.colcon_core.package_identification:_identify(src/geometric_shapes) by extension 'colcon_meta'
[0.119s] Level 1:colcon.colcon_core.package_identification:_identify(src/geometric_shapes) by extensions ['ros']
[0.119s] Level 1:colcon.colcon_core.package_identification:_identify(src/geometric_shapes) by extension 'ros'
[0.121s] DEBUG:colcon.colcon_core.package_identification:Package 'src/geometric_shapes' with type 'ros.ament_cmake' and name 'geometric_shapes'
[0.121s] Level 1:colcon.colcon_core.package_identification:_identify(src/interfaces) by extensions ['ignore', 'ignore_ament_install']
[0.121s] Level 1:colcon.colcon_core.package_identification:_identify(src/interfaces) by extension 'ignore'
[0.121s] Level 1:colcon.colcon_core.package_identification:_identify(src/interfaces) by extension 'ignore_ament_install'
[0.121s] Level 1:colcon.colcon_core.package_identification:_identify(src/interfaces) by extensions ['colcon_pkg']
[0.121s] Level 1:colcon.colcon_core.package_identification:_identify(src/interfaces) by extension 'colcon_pkg'
[0.121s] Level 1:colcon.colcon_core.package_identification:_identify(src/interfaces) by extensions ['colcon_meta']
[0.121s] Level 1:colcon.colcon_core.package_identification:_identify(src/interfaces) by extension 'colcon_meta'
[0.121s] Level 1:colcon.colcon_core.package_identification:_identify(src/interfaces) by extensions ['ros']
[0.121s] Level 1:colcon.colcon_core.package_identification:_identify(src/interfaces) by extension 'ros'
[0.121s] DEBUG:colcon.colcon_core.package_identification:Package 'src/interfaces' with type 'ros.ament_cmake' and name 'interfaces'
[0.122s] Level 1:colcon.colcon_core.package_identification:_identify(src/launch_param_builder) by extensions ['ignore', 'ignore_ament_install']
[0.122s] Level 1:colcon.colcon_core.package_identification:_identify(src/launch_param_builder) by extension 'ignore'
[0.122s] Level 1:colcon.colcon_core.package_identification:_identify(src/launch_param_builder) by extension 'ignore_ament_install'
[0.122s] Level 1:colcon.colcon_core.package_identification:_identify(src/launch_param_builder) by extensions ['colcon_pkg']
[0.122s] Level 1:colcon.colcon_core.package_identification:_identify(src/launch_param_builder) by extension 'colcon_pkg'
[0.122s] Level 1:colcon.colcon_core.package_identification:_identify(src/launch_param_builder) by extensions ['colcon_meta']
[0.122s] Level 1:colcon.colcon_core.package_identification:_identify(src/launch_param_builder) by extension 'colcon_meta'
[0.122s] Level 1:colcon.colcon_core.package_identification:_identify(src/launch_param_builder) by extensions ['ros']
[0.122s] Level 1:colcon.colcon_core.package_identification:_identify(src/launch_param_builder) by extension 'ros'
[0.122s] DEBUG:colcon.colcon_core.package_identification:Package 'src/launch_param_builder' with type 'ros.ament_python' and name 'launch_param_builder'
[0.122s] Level 1:colcon.colcon_core.package_identification:_identify(src/move_client) by extensions ['ignore', 'ignore_ament_install']
[0.122s] Level 1:colcon.colcon_core.package_identification:_identify(src/move_client) by extension 'ignore'
[0.122s] Level 1:colcon.colcon_core.package_identification:_identify(src/move_client) by extension 'ignore_ament_install'
[0.122s] Level 1:colcon.colcon_core.package_identification:_identify(src/move_client) by extensions ['colcon_pkg']
[0.122s] Level 1:colcon.colcon_core.package_identification:_identify(src/move_client) by extension 'colcon_pkg'
[0.122s] Level 1:colcon.colcon_core.package_identification:_identify(src/move_client) by extensions ['colcon_meta']
[0.122s] Level 1:colcon.colcon_core.package_identification:_identify(src/move_client) by extension 'colcon_meta'
[0.122s] Level 1:colcon.colcon_core.package_identification:_identify(src/move_client) by extensions ['ros']
[0.122s] Level 1:colcon.colcon_core.package_identification:_identify(src/move_client) by extension 'ros'
[0.122s] DEBUG:colcon.colcon_core.package_identification:Package 'src/move_client' with type 'ros.ament_python' and name 'move_client'
[0.122s] Level 1:colcon.colcon_core.package_identification:_identify(src/move_it_service) by extensions ['ignore', 'ignore_ament_install']
[0.123s] Level 1:colcon.colcon_core.package_identification:_identify(src/move_it_service) by extension 'ignore'
[0.123s] Level 1:colcon.colcon_core.package_identification:_identify(src/move_it_service) by extension 'ignore_ament_install'
[0.123s] Level 1:colcon.colcon_core.package_identification:_identify(src/move_it_service) by extensions ['colcon_pkg']
[0.123s] Level 1:colcon.colcon_core.package_identification:_identify(src/move_it_service) by extension 'colcon_pkg'
[0.123s] Level 1:colcon.colcon_core.package_identification:_identify(src/move_it_service) by extensions ['colcon_meta']
[0.123s] Level 1:colcon.colcon_core.package_identification:_identify(src/move_it_service) by extension 'colcon_meta'
[0.123s] Level 1:colcon.colcon_core.package_identification:_identify(src/move_it_service) by extensions ['ros']
[0.123s] Level 1:colcon.colcon_core.package_identification:_identify(src/move_it_service) by extension 'ros'
[0.123s] DEBUG:colcon.colcon_core.package_identification:Package 'src/move_it_service' with type 'ros.ament_cmake' and name 'move_it_service'
[0.123s] Level 1:colcon.colcon_core.package_identification:_identify(src/move_it_service_python) by extensions ['ignore', 'ignore_ament_install']
[0.123s] Level 1:colcon.colcon_core.package_identification:_identify(src/move_it_service_python) by extension 'ignore'
[0.123s] Level 1:colcon.colcon_core.package_identification:_identify(src/move_it_service_python) by extension 'ignore_ament_install'
[0.123s] Level 1:colcon.colcon_core.package_identification:_identify(src/move_it_service_python) by extensions ['colcon_pkg']
[0.123s] Level 1:colcon.colcon_core.package_identification:_identify(src/move_it_service_python) by extension 'colcon_pkg'
[0.123s] Level 1:colcon.colcon_core.package_identification:_identify(src/move_it_service_python) by extensions ['colcon_meta']
[0.123s] Level 1:colcon.colcon_core.package_identification:_identify(src/move_it_service_python) by extension 'colcon_meta'
[0.123s] Level 1:colcon.colcon_core.package_identification:_identify(src/move_it_service_python) by extensions ['ros']
[0.123s] Level 1:colcon.colcon_core.package_identification:_identify(src/move_it_service_python) by extension 'ros'
[0.123s] DEBUG:colcon.colcon_core.package_identification:Package 'src/move_it_service_python' with type 'ros.ament_python' and name 'move_it_service_python'
[0.124s] Level 1:colcon.colcon_core.package_identification:_identify(src/moveit2_tutorials) by extensions ['ignore', 'ignore_ament_install']
[0.124s] Level 1:colcon.colcon_core.package_identification:_identify(src/moveit2_tutorials) by extension 'ignore'
[0.124s] Level 1:colcon.colcon_core.package_identification:_identify(src/moveit2_tutorials) by extension 'ignore_ament_install'
[0.124s] Level 1:colcon.colcon_core.package_identification:_identify(src/moveit2_tutorials) by extensions ['colcon_pkg']
[0.124s] Level 1:colcon.colcon_core.package_identification:_identify(src/moveit2_tutorials) by extension 'colcon_pkg'
[0.124s] Level 1:colcon.colcon_core.package_identification:_identify(src/moveit2_tutorials) by extensions ['colcon_meta']
[0.124s] Level 1:colcon.colcon_core.package_identification:_identify(src/moveit2_tutorials) by extension 'colcon_meta'
[0.124s] Level 1:colcon.colcon_core.package_identification:_identify(src/moveit2_tutorials) by extensions ['ros']
[0.124s] Level 1:colcon.colcon_core.package_identification:_identify(src/moveit2_tutorials) by extension 'ros'
[0.125s] DEBUG:colcon.colcon_core.package_identification:Package 'src/moveit2_tutorials' with type 'ros.ament_cmake' and name 'moveit2_tutorials'
[0.125s] Level 1:colcon.colcon_core.package_identification:_identify(src/moveit_msgs) by extensions ['ignore', 'ignore_ament_install']
[0.125s] Level 1:colcon.colcon_core.package_identification:_identify(src/moveit_msgs) by extension 'ignore'
[0.125s] Level 1:colcon.colcon_core.package_identification:_identify(src/moveit_msgs) by extension 'ignore_ament_install'
[0.125s] Level 1:colcon.colcon_core.package_identification:_identify(src/moveit_msgs) by extensions ['colcon_pkg']
[0.125s] Level 1:colcon.colcon_core.package_identification:_identify(src/moveit_msgs) by extension 'colcon_pkg'
[0.125s] Level 1:colcon.colcon_core.package_identification:_identify(src/moveit_msgs) by extensions ['colcon_meta']
[0.125s] Level 1:colcon.colcon_core.package_identification:_identify(src/moveit_msgs) by extension 'colcon_meta'
[0.125s] Level 1:colcon.colcon_core.package_identification:_identify(src/moveit_msgs) by extensions ['ros']
[0.125s] Level 1:colcon.colcon_core.package_identification:_identify(src/moveit_msgs) by extension 'ros'
[0.126s] DEBUG:colcon.colcon_core.package_identification:Package 'src/moveit_msgs' with type 'ros.ament_cmake' and name 'moveit_msgs'
[0.126s] Level 1:colcon.colcon_core.package_identification:_identify(src/moveit_resources) by extensions ['ignore', 'ignore_ament_install']
[0.126s] Level 1:colcon.colcon_core.package_identification:_identify(src/moveit_resources) by extension 'ignore'
[0.126s] Level 1:colcon.colcon_core.package_identification:_identify(src/moveit_resources) by extension 'ignore_ament_install'
[0.126s] Level 1:colcon.colcon_core.package_identification:_identify(src/moveit_resources) by extensions ['colcon_pkg']
[0.126s] Level 1:colcon.colcon_core.package_identification:_identify(src/moveit_resources) by extension 'colcon_pkg'
[0.126s] Level 1:colcon.colcon_core.package_identification:_identify(src/moveit_resources) by extensions ['colcon_meta']
[0.126s] Level 1:colcon.colcon_core.package_identification:_identify(src/moveit_resources) by extension 'colcon_meta'
[0.126s] Level 1:colcon.colcon_core.package_identification:_identify(src/moveit_resources) by extensions ['ros']
[0.126s] Level 1:colcon.colcon_core.package_identification:_identify(src/moveit_resources) by extension 'ros'
[0.126s] Level 1:colcon.colcon_core.package_identification:_identify(src/moveit_resources) by extensions ['cmake', 'python']
[0.126s] Level 1:colcon.colcon_core.package_identification:_identify(src/moveit_resources) by extension 'cmake'
[0.126s] Level 1:colcon.colcon_core.package_identification:_identify(src/moveit_resources) by extension 'python'
[0.126s] Level 1:colcon.colcon_core.package_identification:_identify(src/moveit_resources) by extensions ['python_setup_py']
[0.126s] Level 1:colcon.colcon_core.package_identification:_identify(src/moveit_resources) by extension 'python_setup_py'
[0.126s] Level 1:colcon.colcon_core.package_identification:_identify(src/moveit_resources/fanuc_description) by extensions ['ignore', 'ignore_ament_install']
[0.126s] Level 1:colcon.colcon_core.package_identification:_identify(src/moveit_resources/fanuc_description) by extension 'ignore'
[0.126s] Level 1:colcon.colcon_core.package_identification:_identify(src/moveit_resources/fanuc_description) by extension 'ignore_ament_install'
[0.126s] Level 1:colcon.colcon_core.package_identification:_identify(src/moveit_resources/fanuc_description) by extensions ['colcon_pkg']
[0.126s] Level 1:colcon.colcon_core.package_identification:_identify(src/moveit_resources/fanuc_description) by extension 'colcon_pkg'
[0.126s] Level 1:colcon.colcon_core.package_identification:_identify(src/moveit_resources/fanuc_description) by extensions ['colcon_meta']
[0.126s] Level 1:colcon.colcon_core.package_identification:_identify(src/moveit_resources/fanuc_description) by extension 'colcon_meta'
[0.126s] Level 1:colcon.colcon_core.package_identification:_identify(src/moveit_resources/fanuc_description) by extensions ['ros']
[0.126s] Level 1:colcon.colcon_core.package_identification:_identify(src/moveit_resources/fanuc_description) by extension 'ros'
[0.126s] DEBUG:colcon.colcon_core.package_identification:Package 'src/moveit_resources/fanuc_description' with type 'ros.ament_cmake' and name 'moveit_resources_fanuc_description'
[0.126s] Level 1:colcon.colcon_core.package_identification:_identify(src/moveit_resources/fanuc_moveit_config) by extensions ['ignore', 'ignore_ament_install']
[0.126s] Level 1:colcon.colcon_core.package_identification:_identify(src/moveit_resources/fanuc_moveit_config) by extension 'ignore'
[0.127s] Level 1:colcon.colcon_core.package_identification:_identify(src/moveit_resources/fanuc_moveit_config) by extension 'ignore_ament_install'
[0.127s] Level 1:colcon.colcon_core.package_identification:_identify(src/moveit_resources/fanuc_moveit_config) by extensions ['colcon_pkg']
[0.127s] Level 1:colcon.colcon_core.package_identification:_identify(src/moveit_resources/fanuc_moveit_config) by extension 'colcon_pkg'
[0.127s] Level 1:colcon.colcon_core.package_identification:_identify(src/moveit_resources/fanuc_moveit_config) by extensions ['colcon_meta']
[0.127s] Level 1:colcon.colcon_core.package_identification:_identify(src/moveit_resources/fanuc_moveit_config) by extension 'colcon_meta'
[0.127s] Level 1:colcon.colcon_core.package_identification:_identify(src/moveit_resources/fanuc_moveit_config) by extensions ['ros']
[0.127s] Level 1:colcon.colcon_core.package_identification:_identify(src/moveit_resources/fanuc_moveit_config) by extension 'ros'
[0.127s] DEBUG:colcon.colcon_core.package_identification:Package 'src/moveit_resources/fanuc_moveit_config' with type 'ros.ament_cmake' and name 'moveit_resources_fanuc_moveit_config'
[0.127s] Level 1:colcon.colcon_core.package_identification:_identify(src/moveit_resources/moveit_resources) by extensions ['ignore', 'ignore_ament_install']
[0.127s] Level 1:colcon.colcon_core.package_identification:_identify(src/moveit_resources/moveit_resources) by extension 'ignore'
[0.127s] Level 1:colcon.colcon_core.package_identification:_identify(src/moveit_resources/moveit_resources) by extension 'ignore_ament_install'
[0.127s] Level 1:colcon.colcon_core.package_identification:_identify(src/moveit_resources/moveit_resources) by extensions ['colcon_pkg']
[0.127s] Level 1:colcon.colcon_core.package_identification:_identify(src/moveit_resources/moveit_resources) by extension 'colcon_pkg'
[0.127s] Level 1:colcon.colcon_core.package_identification:_identify(src/moveit_resources/moveit_resources) by extensions ['colcon_meta']
[0.127s] Level 1:colcon.colcon_core.package_identification:_identify(src/moveit_resources/moveit_resources) by extension 'colcon_meta'
[0.127s] Level 1:colcon.colcon_core.package_identification:_identify(src/moveit_resources/moveit_resources) by extensions ['ros']
[0.127s] Level 1:colcon.colcon_core.package_identification:_identify(src/moveit_resources/moveit_resources) by extension 'ros'
[0.128s] DEBUG:colcon.colcon_core.package_identification:Package 'src/moveit_resources/moveit_resources' with type 'ros.ament_cmake' and name 'moveit_resources'
[0.128s] Level 1:colcon.colcon_core.package_identification:_identify(src/moveit_resources/panda_description) by extensions ['ignore', 'ignore_ament_install']
[0.128s] Level 1:colcon.colcon_core.package_identification:_identify(src/moveit_resources/panda_description) by extension 'ignore'
[0.128s] Level 1:colcon.colcon_core.package_identification:_identify(src/moveit_resources/panda_description) by extension 'ignore_ament_install'
[0.128s] Level 1:colcon.colcon_core.package_identification:_identify(src/moveit_resources/panda_description) by extensions ['colcon_pkg']
[0.128s] Level 1:colcon.colcon_core.package_identification:_identify(src/moveit_resources/panda_description) by extension 'colcon_pkg'
[0.128s] Level 1:colcon.colcon_core.package_identification:_identify(src/moveit_resources/panda_description) by extensions ['colcon_meta']
[0.128s] Level 1:colcon.colcon_core.package_identification:_identify(src/moveit_resources/panda_description) by extension 'colcon_meta'
[0.128s] Level 1:colcon.colcon_core.package_identification:_identify(src/moveit_resources/panda_description) by extensions ['ros']
[0.128s] Level 1:colcon.colcon_core.package_identification:_identify(src/moveit_resources/panda_description) by extension 'ros'
[0.128s] DEBUG:colcon.colcon_core.package_identification:Package 'src/moveit_resources/panda_description' with type 'ros.ament_cmake' and name 'moveit_resources_panda_description'
[0.128s] Level 1:colcon.colcon_core.package_identification:_identify(src/moveit_resources/panda_moveit_config) by extensions ['ignore', 'ignore_ament_install']
[0.128s] Level 1:colcon.colcon_core.package_identification:_identify(src/moveit_resources/panda_moveit_config) by extension 'ignore'
[0.128s] Level 1:colcon.colcon_core.package_identification:_identify(src/moveit_resources/panda_moveit_config) by extension 'ignore_ament_install'
[0.128s] Level 1:colcon.colcon_core.package_identification:_identify(src/moveit_resources/panda_moveit_config) by extensions ['colcon_pkg']
[0.128s] Level 1:colcon.colcon_core.package_identification:_identify(src/moveit_resources/panda_moveit_config) by extension 'colcon_pkg'
[0.128s] Level 1:colcon.colcon_core.package_identification:_identify(src/moveit_resources/panda_moveit_config) by extensions ['colcon_meta']
[0.128s] Level 1:colcon.colcon_core.package_identification:_identify(src/moveit_resources/panda_moveit_config) by extension 'colcon_meta'
[0.128s] Level 1:colcon.colcon_core.package_identification:_identify(src/moveit_resources/panda_moveit_config) by extensions ['ros']
[0.128s] Level 1:colcon.colcon_core.package_identification:_identify(src/moveit_resources/panda_moveit_config) by extension 'ros'
[0.129s] DEBUG:colcon.colcon_core.package_identification:Package 'src/moveit_resources/panda_moveit_config' with type 'ros.ament_cmake' and name 'moveit_resources_panda_moveit_config'
[0.129s] Level 1:colcon.colcon_core.package_identification:_identify(src/moveit_resources/pr2_description) by extensions ['ignore', 'ignore_ament_install']
[0.129s] Level 1:colcon.colcon_core.package_identification:_identify(src/moveit_resources/pr2_description) by extension 'ignore'
[0.129s] Level 1:colcon.colcon_core.package_identification:_identify(src/moveit_resources/pr2_description) by extension 'ignore_ament_install'
[0.129s] Level 1:colcon.colcon_core.package_identification:_identify(src/moveit_resources/pr2_description) by extensions ['colcon_pkg']
[0.129s] Level 1:colcon.colcon_core.package_identification:_identify(src/moveit_resources/pr2_description) by extension 'colcon_pkg'
[0.129s] Level 1:colcon.colcon_core.package_identification:_identify(src/moveit_resources/pr2_description) by extensions ['colcon_meta']
[0.129s] Level 1:colcon.colcon_core.package_identification:_identify(src/moveit_resources/pr2_description) by extension 'colcon_meta'
[0.129s] Level 1:colcon.colcon_core.package_identification:_identify(src/moveit_resources/pr2_description) by extensions ['ros']
[0.129s] Level 1:colcon.colcon_core.package_identification:_identify(src/moveit_resources/pr2_description) by extension 'ros'
[0.129s] DEBUG:colcon.colcon_core.package_identification:Package 'src/moveit_resources/pr2_description' with type 'ros.ament_cmake' and name 'moveit_resources_pr2_description'
[0.129s] Level 1:colcon.colcon_core.package_identification:_identify(src/moveit_visual_tools) by extensions ['ignore', 'ignore_ament_install']
[0.129s] Level 1:colcon.colcon_core.package_identification:_identify(src/moveit_visual_tools) by extension 'ignore'
[0.129s] Level 1:colcon.colcon_core.package_identification:_identify(src/moveit_visual_tools) by extension 'ignore_ament_install'
[0.129s] Level 1:colcon.colcon_core.package_identification:_identify(src/moveit_visual_tools) by extensions ['colcon_pkg']
[0.129s] Level 1:colcon.colcon_core.package_identification:_identify(src/moveit_visual_tools) by extension 'colcon_pkg'
[0.129s] Level 1:colcon.colcon_core.package_identification:_identify(src/moveit_visual_tools) by extensions ['colcon_meta']
[0.129s] Level 1:colcon.colcon_core.package_identification:_identify(src/moveit_visual_tools) by extension 'colcon_meta'
[0.129s] Level 1:colcon.colcon_core.package_identification:_identify(src/moveit_visual_tools) by extensions ['ros']
[0.129s] Level 1:colcon.colcon_core.package_identification:_identify(src/moveit_visual_tools) by extension 'ros'
[0.130s] DEBUG:colcon.colcon_core.package_identification:Package 'src/moveit_visual_tools' with type 'ros.ament_cmake' and name 'moveit_visual_tools'
[0.130s] Level 1:colcon.colcon_core.package_identification:_identify(src/picture_to_points_service) by extensions ['ignore', 'ignore_ament_install']
[0.130s] Level 1:colcon.colcon_core.package_identification:_identify(src/picture_to_points_service) by extension 'ignore'
[0.130s] Level 1:colcon.colcon_core.package_identification:_identify(src/picture_to_points_service) by extension 'ignore_ament_install'
[0.130s] Level 1:colcon.colcon_core.package_identification:_identify(src/picture_to_points_service) by extensions ['colcon_pkg']
[0.130s] Level 1:colcon.colcon_core.package_identification:_identify(src/picture_to_points_service) by extension 'colcon_pkg'
[0.130s] Level 1:colcon.colcon_core.package_identification:_identify(src/picture_to_points_service) by extensions ['colcon_meta']
[0.130s] Level 1:colcon.colcon_core.package_identification:_identify(src/picture_to_points_service) by extension 'colcon_meta'
[0.130s] Level 1:colcon.colcon_core.package_identification:_identify(src/picture_to_points_service) by extensions ['ros']
[0.130s] Level 1:colcon.colcon_core.package_identification:_identify(src/picture_to_points_service) by extension 'ros'
[0.130s] DEBUG:colcon.colcon_core.package_identification:Package 'src/picture_to_points_service' with type 'ros.ament_python' and name 'picture_to_points_service'
[0.131s] Level 1:colcon.colcon_core.package_identification:_identify(src/pymoveit2) by extensions ['ignore', 'ignore_ament_install']
[0.131s] Level 1:colcon.colcon_core.package_identification:_identify(src/pymoveit2) by extension 'ignore'
[0.131s] Level 1:colcon.colcon_core.package_identification:_identify(src/pymoveit2) by extension 'ignore_ament_install'
[0.131s] Level 1:colcon.colcon_core.package_identification:_identify(src/pymoveit2) by extensions ['colcon_pkg']
[0.131s] Level 1:colcon.colcon_core.package_identification:_identify(src/pymoveit2) by extension 'colcon_pkg'
[0.131s] Level 1:colcon.colcon_core.package_identification:_identify(src/pymoveit2) by extensions ['colcon_meta']
[0.131s] Level 1:colcon.colcon_core.package_identification:_identify(src/pymoveit2) by extension 'colcon_meta'
[0.131s] Level 1:colcon.colcon_core.package_identification:_identify(src/pymoveit2) by extensions ['ros']
[0.131s] Level 1:colcon.colcon_core.package_identification:_identify(src/pymoveit2) by extension 'ros'
[0.131s] DEBUG:colcon.colcon_core.package_identification:Package 'src/pymoveit2' with type 'ros.ament_cmake' and name 'pymoveit2'
[0.131s] Level 1:colcon.colcon_core.package_identification:_identify(src/robprakt) by extensions ['ignore', 'ignore_ament_install']
[0.131s] Level 1:colcon.colcon_core.package_identification:_identify(src/robprakt) by extension 'ignore'
[0.131s] Level 1:colcon.colcon_core.package_identification:_identify(src/robprakt) by extension 'ignore_ament_install'
[0.131s] Level 1:colcon.colcon_core.package_identification:_identify(src/robprakt) by extensions ['colcon_pkg']
[0.131s] Level 1:colcon.colcon_core.package_identification:_identify(src/robprakt) by extension 'colcon_pkg'
[0.131s] Level 1:colcon.colcon_core.package_identification:_identify(src/robprakt) by extensions ['colcon_meta']
[0.131s] Level 1:colcon.colcon_core.package_identification:_identify(src/robprakt) by extension 'colcon_meta'
[0.131s] Level 1:colcon.colcon_core.package_identification:_identify(src/robprakt) by extensions ['ros']
[0.131s] Level 1:colcon.colcon_core.package_identification:_identify(src/robprakt) by extension 'ros'
[0.132s] DEBUG:colcon.colcon_core.package_identification:Package 'src/robprakt' with type 'ros.ament_python' and name 'robprakt'
[0.132s] Level 1:colcon.colcon_core.package_identification:_identify(src/robprakt_interfaces) by extensions ['ignore', 'ignore_ament_install']
[0.132s] Level 1:colcon.colcon_core.package_identification:_identify(src/robprakt_interfaces) by extension 'ignore'
[0.132s] Level 1:colcon.colcon_core.package_identification:_identify(src/robprakt_interfaces) by extension 'ignore_ament_install'
[0.132s] Level 1:colcon.colcon_core.package_identification:_identify(src/robprakt_interfaces) by extensions ['colcon_pkg']
[0.132s] Level 1:colcon.colcon_core.package_identification:_identify(src/robprakt_interfaces) by extension 'colcon_pkg'
[0.132s] Level 1:colcon.colcon_core.package_identification:_identify(src/robprakt_interfaces) by extensions ['colcon_meta']
[0.132s] Level 1:colcon.colcon_core.package_identification:_identify(src/robprakt_interfaces) by extension 'colcon_meta'
[0.132s] Level 1:colcon.colcon_core.package_identification:_identify(src/robprakt_interfaces) by extensions ['ros']
[0.132s] Level 1:colcon.colcon_core.package_identification:_identify(src/robprakt_interfaces) by extension 'ros'
[0.132s] DEBUG:colcon.colcon_core.package_identification:Package 'src/robprakt_interfaces' with type 'ros.ament_cmake' and name 'robprakt_interfaces'
[0.132s] Level 1:colcon.colcon_core.package_identification:_identify(src/rviz_visual_tools) by extensions ['ignore', 'ignore_ament_install']
[0.132s] Level 1:colcon.colcon_core.package_identification:_identify(src/rviz_visual_tools) by extension 'ignore'
[0.132s] Level 1:colcon.colcon_core.package_identification:_identify(src/rviz_visual_tools) by extension 'ignore_ament_install'
[0.132s] Level 1:colcon.colcon_core.package_identification:_identify(src/rviz_visual_tools) by extensions ['colcon_pkg']
[0.132s] Level 1:colcon.colcon_core.package_identification:_identify(src/rviz_visual_tools) by extension 'colcon_pkg'
[0.132s] Level 1:colcon.colcon_core.package_identification:_identify(src/rviz_visual_tools) by extensions ['colcon_meta']
[0.132s] Level 1:colcon.colcon_core.package_identification:_identify(src/rviz_visual_tools) by extension 'colcon_meta'
[0.132s] Level 1:colcon.colcon_core.package_identification:_identify(src/rviz_visual_tools) by extensions ['ros']
[0.132s] Level 1:colcon.colcon_core.package_identification:_identify(src/rviz_visual_tools) by extension 'ros'
[0.133s] DEBUG:colcon.colcon_core.package_identification:Package 'src/rviz_visual_tools' with type 'ros.ament_cmake' and name 'rviz_visual_tools'
[0.133s] Level 1:colcon.colcon_core.package_identification:_identify(src/tracking_service) by extensions ['ignore', 'ignore_ament_install']
[0.133s] Level 1:colcon.colcon_core.package_identification:_identify(src/tracking_service) by extension 'ignore'
[0.133s] Level 1:colcon.colcon_core.package_identification:_identify(src/tracking_service) by extension 'ignore_ament_install'
[0.134s] Level 1:colcon.colcon_core.package_identification:_identify(src/tracking_service) by extensions ['colcon_pkg']
[0.134s] Level 1:colcon.colcon_core.package_identification:_identify(src/tracking_service) by extension 'colcon_pkg'
[0.134s] Level 1:colcon.colcon_core.package_identification:_identify(src/tracking_service) by extensions ['colcon_meta']
[0.134s] Level 1:colcon.colcon_core.package_identification:_identify(src/tracking_service) by extension 'colcon_meta'
[0.134s] Level 1:colcon.colcon_core.package_identification:_identify(src/tracking_service) by extensions ['ros']
[0.134s] Level 1:colcon.colcon_core.package_identification:_identify(src/tracking_service) by extension 'ros'
[0.134s] DEBUG:colcon.colcon_core.package_identification:Package 'src/tracking_service' with type 'ros.ament_python' and name 'tracking_service'
[0.134s] Level 1:colcon.colcon_core.package_identification:_identify(src/trajectory) by extensions ['ignore', 'ignore_ament_install']
[0.134s] Level 1:colcon.colcon_core.package_identification:_identify(src/trajectory) by extension 'ignore'
[0.134s] Level 1:colcon.colcon_core.package_identification:_identify(src/trajectory) by extension 'ignore_ament_install'
[0.134s] Level 1:colcon.colcon_core.package_identification:_identify(src/trajectory) by extensions ['colcon_pkg']
[0.134s] Level 1:colcon.colcon_core.package_identification:_identify(src/trajectory) by extension 'colcon_pkg'
[0.134s] Level 1:colcon.colcon_core.package_identification:_identify(src/trajectory) by extensions ['colcon_meta']
[0.134s] Level 1:colcon.colcon_core.package_identification:_identify(src/trajectory) by extension 'colcon_meta'
[0.134s] Level 1:colcon.colcon_core.package_identification:_identify(src/trajectory) by extensions ['ros']
[0.134s] Level 1:colcon.colcon_core.package_identification:_identify(src/trajectory) by extension 'ros'
[0.134s] DEBUG:colcon.colcon_core.package_identification:Package 'src/trajectory' with type 'ros.ament_python' and name 'trajectory'
[0.134s] Level 1:colcon.colcon_core.package_identification:_identify(src/ur5e_bringup) by extensions ['ignore', 'ignore_ament_install']
[0.134s] Level 1:colcon.colcon_core.package_identification:_identify(src/ur5e_bringup) by extension 'ignore'
[0.134s] Level 1:colcon.colcon_core.package_identification:_identify(src/ur5e_bringup) by extension 'ignore_ament_install'
[0.134s] Level 1:colcon.colcon_core.package_identification:_identify(src/ur5e_bringup) by extensions ['colcon_pkg']
[0.134s] Level 1:colcon.colcon_core.package_identification:_identify(src/ur5e_bringup) by extension 'colcon_pkg'
[0.134s] Level 1:colcon.colcon_core.package_identification:_identify(src/ur5e_bringup) by extensions ['colcon_meta']
[0.134s] Level 1:colcon.colcon_core.package_identification:_identify(src/ur5e_bringup) by extension 'colcon_meta'
[0.135s] Level 1:colcon.colcon_core.package_identification:_identify(src/ur5e_bringup) by extensions ['ros']
[0.135s] Level 1:colcon.colcon_core.package_identification:_identify(src/ur5e_bringup) by extension 'ros'
[0.135s] DEBUG:colcon.colcon_core.package_identification:Package 'src/ur5e_bringup' with type 'ros.ament_cmake' and name 'ur5e_bringup'
[0.135s] Level 1:colcon.colcon_core.package_identification:_identify(src/vrpn-release) by extensions ['ignore', 'ignore_ament_install']
[0.135s] Level 1:colcon.colcon_core.package_identification:_identify(src/vrpn-release) by extension 'ignore'
[0.135s] Level 1:colcon.colcon_core.package_identification:_identify(src/vrpn-release) by extension 'ignore_ament_install'
[0.135s] Level 1:colcon.colcon_core.package_identification:_identify(src/vrpn-release) by extensions ['colcon_pkg']
[0.135s] Level 1:colcon.colcon_core.package_identification:_identify(src/vrpn-release) by extension 'colcon_pkg'
[0.135s] Level 1:colcon.colcon_core.package_identification:_identify(src/vrpn-release) by extensions ['colcon_meta']
[0.135s] Level 1:colcon.colcon_core.package_identification:_identify(src/vrpn-release) by extension 'colcon_meta'
[0.135s] Level 1:colcon.colcon_core.package_identification:_identify(src/vrpn-release) by extensions ['ros']
[0.135s] Level 1:colcon.colcon_core.package_identification:_identify(src/vrpn-release) by extension 'ros'
[0.135s] DEBUG:colcon.colcon_core.package_identification:Package 'src/vrpn-release' with type 'ros.cmake' and name 'vrpn'
[0.135s] Level 1:colcon.colcon_core.package_identification:_identify(src/vrpn_client_ros2) by extensions ['ignore', 'ignore_ament_install']
[0.135s] Level 1:colcon.colcon_core.package_identification:_identify(src/vrpn_client_ros2) by extension 'ignore'
[0.135s] Level 1:colcon.colcon_core.package_identification:_identify(src/vrpn_client_ros2) by extension 'ignore_ament_install'
[0.136s] Level 1:colcon.colcon_core.package_identification:_identify(src/vrpn_client_ros2) by extensions ['colcon_pkg']
[0.136s] Level 1:colcon.colcon_core.package_identification:_identify(src/vrpn_client_ros2) by extension 'colcon_pkg'
[0.136s] Level 1:colcon.colcon_core.package_identification:_identify(src/vrpn_client_ros2) by extensions ['colcon_meta']
[0.136s] Level 1:colcon.colcon_core.package_identification:_identify(src/vrpn_client_ros2) by extension 'colcon_meta'
[0.136s] Level 1:colcon.colcon_core.package_identification:_identify(src/vrpn_client_ros2) by extensions ['ros']
[0.136s] Level 1:colcon.colcon_core.package_identification:_identify(src/vrpn_client_ros2) by extension 'ros'
[0.136s] DEBUG:colcon.colcon_core.package_identification:Package 'src/vrpn_client_ros2' with type 'ros.ament_cmake' and name 'vrpn_client_ros'
[0.136s] Level 1:colcon.colcon_core.package_identification:_identify(src/whiteboard_drawing_script) by extensions ['ignore', 'ignore_ament_install']
[0.136s] Level 1:colcon.colcon_core.package_identification:_identify(src/whiteboard_drawing_script) by extension 'ignore'
[0.136s] Level 1:colcon.colcon_core.package_identification:_identify(src/whiteboard_drawing_script) by extension 'ignore_ament_install'
[0.136s] Level 1:colcon.colcon_core.package_identification:_identify(src/whiteboard_drawing_script) by extensions ['colcon_pkg']
[0.136s] Level 1:colcon.colcon_core.package_identification:_identify(src/whiteboard_drawing_script) by extension 'colcon_pkg'
[0.136s] Level 1:colcon.colcon_core.package_identification:_identify(src/whiteboard_drawing_script) by extensions ['colcon_meta']
[0.136s] Level 1:colcon.colcon_core.package_identification:_identify(src/whiteboard_drawing_script) by extension 'colcon_meta'
[0.136s] Level 1:colcon.colcon_core.package_identification:_identify(src/whiteboard_drawing_script) by extensions ['ros']
[0.136s] Level 1:colcon.colcon_core.package_identification:_identify(src/whiteboard_drawing_script) by extension 'ros'
[0.136s] Level 1:colcon.colcon_core.package_identification:_identify(src/whiteboard_drawing_script) by extensions ['cmake', 'python']
[0.136s] Level 1:colcon.colcon_core.package_identification:_identify(src/whiteboard_drawing_script) by extension 'cmake'
[0.136s] Level 1:colcon.colcon_core.package_identification:_identify(src/whiteboard_drawing_script) by extension 'python'
[0.136s] Level 1:colcon.colcon_core.package_identification:_identify(src/whiteboard_drawing_script) by extensions ['python_setup_py']
[0.136s] Level 1:colcon.colcon_core.package_identification:_identify(src/whiteboard_drawing_script) by extension 'python_setup_py'
[0.136s] Level 1:colcon.colcon_core.package_identification:_identify(src/whiteboard_drawing_script/move_client) by extensions ['ignore', 'ignore_ament_install']
[0.136s] Level 1:colcon.colcon_core.package_identification:_identify(src/whiteboard_drawing_script/move_client) by extension 'ignore'
[0.136s] Level 1:colcon.colcon_core.package_identification:_identify(src/whiteboard_drawing_script/move_client) by extension 'ignore_ament_install'
[0.136s] Level 1:colcon.colcon_core.package_identification:_identify(src/whiteboard_drawing_script/move_client) by extensions ['colcon_pkg']
[0.136s] Level 1:colcon.colcon_core.package_identification:_identify(src/whiteboard_drawing_script/move_client) by extension 'colcon_pkg'
[0.136s] Level 1:colcon.colcon_core.package_identification:_identify(src/whiteboard_drawing_script/move_client) by extensions ['colcon_meta']
[0.136s] Level 1:colcon.colcon_core.package_identification:_identify(src/whiteboard_drawing_script/move_client) by extension 'colcon_meta'
[0.136s] Level 1:colcon.colcon_core.package_identification:_identify(src/whiteboard_drawing_script/move_client) by extensions ['ros']
[0.136s] Level 1:colcon.colcon_core.package_identification:_identify(src/whiteboard_drawing_script/move_client) by extension 'ros'
[0.137s] Level 1:colcon.colcon_core.package_identification:_identify(src/whiteboard_drawing_script/move_client) by extensions ['cmake', 'python']
[0.137s] Level 1:colcon.colcon_core.package_identification:_identify(src/whiteboard_drawing_script/move_client) by extension 'cmake'
[0.137s] Level 1:colcon.colcon_core.package_identification:_identify(src/whiteboard_drawing_script/move_client) by extension 'python'
[0.137s] Level 1:colcon.colcon_core.package_identification:_identify(src/whiteboard_drawing_script/move_client) by extensions ['python_setup_py']
[0.137s] Level 1:colcon.colcon_core.package_identification:_identify(src/whiteboard_drawing_script/move_client) by extension 'python_setup_py'
[0.137s] Level 1:colcon.colcon_core.package_identification:_identify(src/whiteboard_drawing_script/move_client/move_client) by extensions ['ignore', 'ignore_ament_install']
[0.137s] Level 1:colcon.colcon_core.package_identification:_identify(src/whiteboard_drawing_script/move_client/move_client) by extension 'ignore'
[0.137s] Level 1:colcon.colcon_core.package_identification:_identify(src/whiteboard_drawing_script/move_client/move_client) by extension 'ignore_ament_install'
[0.137s] Level 1:colcon.colcon_core.package_identification:_identify(src/whiteboard_drawing_script/move_client/move_client) by extensions ['colcon_pkg']
[0.137s] Level 1:colcon.colcon_core.package_identification:_identify(src/whiteboard_drawing_script/move_client/move_client) by extension 'colcon_pkg'
[0.137s] Level 1:colcon.colcon_core.package_identification:_identify(src/whiteboard_drawing_script/move_client/move_client) by extensions ['colcon_meta']
[0.137s] Level 1:colcon.colcon_core.package_identification:_identify(src/whiteboard_drawing_script/move_client/move_client) by extension 'colcon_meta'
[0.137s] Level 1:colcon.colcon_core.package_identification:_identify(src/whiteboard_drawing_script/move_client/move_client) by extensions ['ros']
[0.137s] Level 1:colcon.colcon_core.package_identification:_identify(src/whiteboard_drawing_script/move_client/move_client) by extension 'ros'
[0.137s] Level 1:colcon.colcon_core.package_identification:_identify(src/whiteboard_drawing_script/move_client/move_client) by extensions ['cmake', 'python']
[0.137s] Level 1:colcon.colcon_core.package_identification:_identify(src/whiteboard_drawing_script/move_client/move_client) by extension 'cmake'
[0.137s] Level 1:colcon.colcon_core.package_identification:_identify(src/whiteboard_drawing_script/move_client/move_client) by extension 'python'
[0.137s] Level 1:colcon.colcon_core.package_identification:_identify(src/whiteboard_drawing_script/move_client/move_client) by extensions ['python_setup_py']
[0.137s] Level 1:colcon.colcon_core.package_identification:_identify(src/whiteboard_drawing_script/move_client/move_client) by extension 'python_setup_py'
[0.137s] Level 1:colcon.colcon_core.package_identification:_identify(src/whiteboard_drawing_script/trajectory) by extensions ['ignore', 'ignore_ament_install']
[0.137s] Level 1:colcon.colcon_core.package_identification:_identify(src/whiteboard_drawing_script/trajectory) by extension 'ignore'
[0.137s] Level 1:colcon.colcon_core.package_identification:_identify(src/whiteboard_drawing_script/trajectory) by extension 'ignore_ament_install'
[0.137s] Level 1:colcon.colcon_core.package_identification:_identify(src/whiteboard_drawing_script/trajectory) by extensions ['colcon_pkg']
[0.137s] Level 1:colcon.colcon_core.package_identification:_identify(src/whiteboard_drawing_script/trajectory) by extension 'colcon_pkg'
[0.137s] Level 1:colcon.colcon_core.package_identification:_identify(src/whiteboard_drawing_script/trajectory) by extensions ['colcon_meta']
[0.137s] Level 1:colcon.colcon_core.package_identification:_identify(src/whiteboard_drawing_script/trajectory) by extension 'colcon_meta'
[0.137s] Level 1:colcon.colcon_core.package_identification:_identify(src/whiteboard_drawing_script/trajectory) by extensions ['ros']
[0.137s] Level 1:colcon.colcon_core.package_identification:_identify(src/whiteboard_drawing_script/trajectory) by extension 'ros'
[0.137s] Level 1:colcon.colcon_core.package_identification:_identify(src/whiteboard_drawing_script/trajectory) by extensions ['cmake', 'python']
[0.137s] Level 1:colcon.colcon_core.package_identification:_identify(src/whiteboard_drawing_script/trajectory) by extension 'cmake'
[0.137s] Level 1:colcon.colcon_core.package_identification:_identify(src/whiteboard_drawing_script/trajectory) by extension 'python'
[0.137s] Level 1:colcon.colcon_core.package_identification:_identify(src/whiteboard_drawing_script/trajectory) by extensions ['python_setup_py']
[0.137s] Level 1:colcon.colcon_core.package_identification:_identify(src/whiteboard_drawing_script/trajectory) by extension 'python_setup_py'
[0.137s] Level 1:colcon.colcon_core.package_identification:_identify(src/whiteboard_drawing_script/trajectory/trajectory) by extensions ['ignore', 'ignore_ament_install']
[0.137s] Level 1:colcon.colcon_core.package_identification:_identify(src/whiteboard_drawing_script/trajectory/trajectory) by extension 'ignore'
[0.137s] Level 1:colcon.colcon_core.package_identification:_identify(src/whiteboard_drawing_script/trajectory/trajectory) by extension 'ignore_ament_install'
[0.137s] Level 1:colcon.colcon_core.package_identification:_identify(src/whiteboard_drawing_script/trajectory/trajectory) by extensions ['colcon_pkg']
[0.137s] Level 1:colcon.colcon_core.package_identification:_identify(src/whiteboard_drawing_script/trajectory/trajectory) by extension 'colcon_pkg'
[0.137s] Level 1:colcon.colcon_core.package_identification:_identify(src/whiteboard_drawing_script/trajectory/trajectory) by extensions ['colcon_meta']
[0.137s] Level 1:colcon.colcon_core.package_identification:_identify(src/whiteboard_drawing_script/trajectory/trajectory) by extension 'colcon_meta'
[0.137s] Level 1:colcon.colcon_core.package_identification:_identify(src/whiteboard_drawing_script/trajectory/trajectory) by extensions ['ros']
[0.137s] Level 1:colcon.colcon_core.package_identification:_identify(src/whiteboard_drawing_script/trajectory/trajectory) by extension 'ros'
[0.137s] Level 1:colcon.colcon_core.package_identification:_identify(src/whiteboard_drawing_script/trajectory/trajectory) by extensions ['cmake', 'python']
[0.137s] Level 1:colcon.colcon_core.package_identification:_identify(src/whiteboard_drawing_script/trajectory/trajectory) by extension 'cmake'
[0.137s] Level 1:colcon.colcon_core.package_identification:_identify(src/whiteboard_drawing_script/trajectory/trajectory) by extension 'python'
[0.137s] Level 1:colcon.colcon_core.package_identification:_identify(src/whiteboard_drawing_script/trajectory/trajectory) by extensions ['python_setup_py']
[0.137s] Level 1:colcon.colcon_core.package_identification:_identify(src/whiteboard_drawing_script/trajectory/trajectory) by extension 'python_setup_py'
[0.138s] Level 1:colcon.colcon_core.package_discovery:discover_packages(recursive) using defaults
[0.138s] Level 1:colcon.colcon_core.package_discovery:discover_packages(ignore) discover
[0.138s] Level 1:colcon.colcon_core.package_discovery:discover_packages(ignore) using defaults
[0.138s] Level 1:colcon.colcon_core.package_discovery:discover_packages(path) discover
[0.138s] Level 1:colcon.colcon_core.package_discovery:discover_packages(path) using defaults
[0.150s] INFO:colcon.colcon_core.package_selection:Skipping not selected package 'geometric_shapes' in 'src/geometric_shapes'
[0.150s] INFO:colcon.colcon_core.package_selection:Skipping not selected package 'interfaces' in 'src/interfaces'
[0.150s] INFO:colcon.colcon_core.package_selection:Skipping not selected package 'launch_param_builder' in 'src/launch_param_builder'
[0.150s] INFO:colcon.colcon_core.package_selection:Skipping not selected package 'move_client' in 'src/move_client'
[0.150s] INFO:colcon.colcon_core.package_selection:Skipping not selected package 'move_it_service_python' in 'src/move_it_service_python'
[0.150s] INFO:colcon.colcon_core.package_selection:Skipping not selected package 'moveit_msgs' in 'src/moveit_msgs'
[0.150s] INFO:colcon.colcon_core.package_selection:Skipping not selected package 'moveit_resources_fanuc_description' in 'src/moveit_resources/fanuc_description'
[0.150s] INFO:colcon.colcon_core.package_selection:Skipping not selected package 'moveit_resources_panda_description' in 'src/moveit_resources/panda_description'
[0.150s] INFO:colcon.colcon_core.package_selection:Skipping not selected package 'moveit_resources_pr2_description' in 'src/moveit_resources/pr2_description'
[0.150s] INFO:colcon.colcon_core.package_selection:Skipping not selected package 'robprakt_interfaces' in 'src/robprakt_interfaces'
[0.150s] INFO:colcon.colcon_core.package_selection:Skipping not selected package 'rviz_visual_tools' in 'src/rviz_visual_tools'
[0.150s] INFO:colcon.colcon_core.package_selection:Skipping not selected package 'tracking_service' in 'src/tracking_service'
[0.150s] INFO:colcon.colcon_core.package_selection:Skipping not selected package 'trajectory' in 'src/trajectory'
[0.150s] INFO:colcon.colcon_core.package_selection:Skipping not selected package 'vrpn' in 'src/vrpn-release'
[0.150s] INFO:colcon.colcon_core.package_selection:Skipping not selected package 'move_it_service' in 'src/move_it_service'
[0.150s] INFO:colcon.colcon_core.package_selection:Skipping not selected package 'moveit_resources_fanuc_moveit_config' in 'src/moveit_resources/fanuc_moveit_config'
[0.150s] INFO:colcon.colcon_core.package_selection:Skipping not selected package 'moveit_resources_panda_moveit_config' in 'src/moveit_resources/panda_moveit_config'
[0.150s] INFO:colcon.colcon_core.package_selection:Skipping not selected package 'moveit_visual_tools' in 'src/moveit_visual_tools'
[0.150s] INFO:colcon.colcon_core.package_selection:Skipping not selected package 'picture_to_points_service' in 'src/picture_to_points_service'
[0.150s] INFO:colcon.colcon_core.package_selection:Skipping not selected package 'pymoveit2' in 'src/pymoveit2'
[0.150s] INFO:colcon.colcon_core.package_selection:Skipping not selected package 'robprakt' in 'src/robprakt'
[0.150s] INFO:colcon.colcon_core.package_selection:Skipping not selected package 'moveit2_tutorials' in 'src/moveit2_tutorials'
[0.150s] INFO:colcon.colcon_core.package_selection:Skipping not selected package 'moveit_resources' in 'src/moveit_resources/moveit_resources'
[0.150s] INFO:colcon.colcon_core.package_selection:Skipping not selected package 'ur5e_bringup' in 'src/ur5e_bringup'
[0.150s] Level 1:colcon.colcon_core.package_discovery:discover_packages(prefix_path) check parameters
[0.150s] Level 1:colcon.colcon_core.package_discovery:discover_packages(prefix_path) discover
[0.152s] DEBUG:colcon.colcon_installed_package_information.package_discovery:Found 18 installed packages in /home/prakt3/praktikum_ws/install
[0.153s] DEBUG:colcon.colcon_installed_package_information.package_discovery:Found 354 installed packages in /opt/ros/galactic
[0.154s] Level 1:colcon.colcon_core.package_discovery:discover_packages(prefix_path) using defaults
[0.196s] Level 5:colcon.colcon_core.verb:set package 'vrpn_client_ros' build argument 'cmake_args' from command line to 'None'
[0.196s] Level 5:colcon.colcon_core.verb:set package 'vrpn_client_ros' build argument 'cmake_target' from command line to 'None'
[0.196s] Level 5:colcon.colcon_core.verb:set package 'vrpn_client_ros' build argument 'cmake_target_skip_unavailable' from command line to 'False'
[0.196s] Level 5:colcon.colcon_core.verb:set package 'vrpn_client_ros' build argument 'cmake_clean_cache' from command line to 'False'
[0.196s] Level 5:colcon.colcon_core.verb:set package 'vrpn_client_ros' build argument 'cmake_clean_first' from command line to 'False'
[0.196s] Level 5:colcon.colcon_core.verb:set package 'vrpn_client_ros' build argument 'cmake_force_configure' from command line to 'False'
[0.196s] Level 5:colcon.colcon_core.verb:set package 'vrpn_client_ros' build argument 'ament_cmake_args' from command line to 'None'
[0.196s] Level 5:colcon.colcon_core.verb:set package 'vrpn_client_ros' build argument 'catkin_cmake_args' from command line to 'None'
[0.197s] Level 5:colcon.colcon_core.verb:set package 'vrpn_client_ros' build argument 'catkin_skip_building_tests' from command line to 'False'
[0.197s] DEBUG:colcon.colcon_core.verb:Building package 'vrpn_client_ros' with the following arguments: {'ament_cmake_args': None, 'build_base': '/home/prakt3/praktikum_ws/build/vrpn_client_ros', 'catkin_cmake_args': None, 'catkin_skip_building_tests': False, 'cmake_args': None, 'cmake_clean_cache': False, 'cmake_clean_first': False, 'cmake_force_configure': False, 'cmake_target': None, 'cmake_target_skip_unavailable': False, 'install_base': '/home/prakt3/praktikum_ws/install/vrpn_client_ros', 'merge_install': False, 'path': '/home/prakt3/praktikum_ws/src/vrpn_client_ros2', 'symlink_install': False, 'test_result_base': None}
[0.197s] INFO:colcon.colcon_core.executor:Executing jobs using 'parallel' executor
[0.199s] DEBUG:colcon.colcon_parallel_executor.executor.parallel:run_until_complete
[0.199s] INFO:colcon.colcon_ros.task.ament_cmake.build:Building ROS package in '/home/prakt3/praktikum_ws/src/vrpn_client_ros2' with build type 'ament_cmake'
[0.199s] INFO:colcon.colcon_cmake.task.cmake.build:Building CMake package in '/home/prakt3/praktikum_ws/src/vrpn_client_ros2'
[0.201s] INFO:colcon.colcon_core.plugin_system:Skipping extension 'colcon_core.shell.bat': Not used on non-Windows systems
[0.202s] INFO:colcon.colcon_core.shell:Skip shell extension 'powershell' for command environment: Not usable outside of PowerShell
[0.202s] DEBUG:colcon.colcon_core.shell:Skip shell extension 'dsv' for command environment
[0.209s] DEBUG:colcon.colcon_core.event_handler.log_command:Invoking command in '/home/prakt3/praktikum_ws/build/vrpn_client_ros': CMAKE_PREFIX_PATH=${CMAKE_PREFIX_PATH}:/home/prakt3/praktikum_ws/install/trajectory:/home/prakt3/praktikum_ws/install/tracking_service:/home/prakt3/praktikum_ws/install/robprakt:/home/prakt3/praktikum_ws/install/picture_to_points_service:/home/prakt3/praktikum_ws/install/move_it_service_python:/home/prakt3/praktikum_ws/install/move_client:/home/prakt3/praktikum_ws/install/launch_param_builder:/opt/ros/galactic /usr/bin/cmake --build /home/prakt3/praktikum_ws/build/vrpn_client_ros -- -j12 -l12
[0.289s] DEBUG:colcon.colcon_core.event_handler.log_command:Invoked command in '/home/prakt3/praktikum_ws/build/vrpn_client_ros' returned '0': CMAKE_PREFIX_PATH=${CMAKE_PREFIX_PATH}:/home/prakt3/praktikum_ws/install/trajectory:/home/prakt3/praktikum_ws/install/tracking_service:/home/prakt3/praktikum_ws/install/robprakt:/home/prakt3/praktikum_ws/install/picture_to_points_service:/home/prakt3/praktikum_ws/install/move_it_service_python:/home/prakt3/praktikum_ws/install/move_client:/home/prakt3/praktikum_ws/install/launch_param_builder:/opt/ros/galactic /usr/bin/cmake --build /home/prakt3/praktikum_ws/build/vrpn_client_ros -- -j12 -l12
[0.326s] DEBUG:colcon.colcon_core.event_handler.log_command:Invoking command in '/home/prakt3/praktikum_ws/build/vrpn_client_ros': CMAKE_PREFIX_PATH=${CMAKE_PREFIX_PATH}:/home/prakt3/praktikum_ws/install/trajectory:/home/prakt3/praktikum_ws/install/tracking_service:/home/prakt3/praktikum_ws/install/robprakt:/home/prakt3/praktikum_ws/install/picture_to_points_service:/home/prakt3/praktikum_ws/install/move_it_service_python:/home/prakt3/praktikum_ws/install/move_client:/home/prakt3/praktikum_ws/install/launch_param_builder:/opt/ros/galactic /usr/bin/cmake --install /home/prakt3/praktikum_ws/build/vrpn_client_ros
[0.331s] DEBUG:colcon.colcon_core.event_handler.log_command:Invoked command in '/home/prakt3/praktikum_ws/build/vrpn_client_ros' returned '1': CMAKE_PREFIX_PATH=${CMAKE_PREFIX_PATH}:/home/prakt3/praktikum_ws/install/trajectory:/home/prakt3/praktikum_ws/install/tracking_service:/home/prakt3/praktikum_ws/install/robprakt:/home/prakt3/praktikum_ws/install/picture_to_points_service:/home/prakt3/praktikum_ws/install/move_it_service_python:/home/prakt3/praktikum_ws/install/move_client:/home/prakt3/praktikum_ws/install/launch_param_builder:/opt/ros/galactic /usr/bin/cmake --install /home/prakt3/praktikum_ws/build/vrpn_client_ros
[0.347s] Level 1:colcon.colcon_core.environment:create_environment_scripts_only(vrpn_client_ros)
[0.350s] Level 1:colcon.colcon_core.environment:checking '/home/prakt3/praktikum_ws/install/vrpn_client_ros' for CMake module files
[0.351s] Level 1:colcon.colcon_core.environment:checking '/home/prakt3/praktikum_ws/install/vrpn_client_ros' for CMake config files
[0.351s] Level 1:colcon.colcon_core.environment:checking '/home/prakt3/praktikum_ws/install/vrpn_client_ros/bin'
[0.351s] Level 1:colcon.colcon_core.environment:checking '/home/prakt3/praktikum_ws/install/vrpn_client_ros/lib/pkgconfig/vrpn_client_ros.pc'
[0.351s] Level 1:colcon.colcon_core.environment:checking '/home/prakt3/praktikum_ws/install/vrpn_client_ros/lib/python3.8/site-packages'
[0.351s] Level 1:colcon.colcon_core.environment:checking '/home/prakt3/praktikum_ws/install/vrpn_client_ros/bin'
[0.352s] INFO:colcon.colcon_core.shell:Creating package script '/home/prakt3/praktikum_ws/install/vrpn_client_ros/share/vrpn_client_ros/package.ps1'
[0.353s] INFO:colcon.colcon_core.shell:Creating package descriptor '/home/prakt3/praktikum_ws/install/vrpn_client_ros/share/vrpn_client_ros/package.dsv'
[0.353s] INFO:colcon.colcon_core.shell:Creating package script '/home/prakt3/praktikum_ws/install/vrpn_client_ros/share/vrpn_client_ros/package.sh'
[0.353s] INFO:colcon.colcon_core.shell:Creating package script '/home/prakt3/praktikum_ws/install/vrpn_client_ros/share/vrpn_client_ros/package.bash'
[0.354s] INFO:colcon.colcon_core.shell:Creating package script '/home/prakt3/praktikum_ws/install/vrpn_client_ros/share/vrpn_client_ros/package.zsh'
[0.354s] Level 1:colcon.colcon_core.environment:create_file_with_runtime_dependencies(/home/prakt3/praktikum_ws/install/vrpn_client_ros/share/colcon-core/packages/vrpn_client_ros)
[0.364s] DEBUG:colcon.colcon_parallel_executor.executor.parallel:closing loop
[0.364s] DEBUG:colcon.colcon_parallel_executor.executor.parallel:loop closed
[0.364s] DEBUG:colcon.colcon_parallel_executor.executor.parallel:run_until_complete finished with '1'
[0.364s] DEBUG:colcon.colcon_core.event_reactor:joining thread
[0.370s] INFO:colcon.colcon_core.plugin_system:Skipping extension 'colcon_notification.desktop_notification.terminal_notifier': Not used on non-Darwin systems
[0.370s] INFO:colcon.colcon_core.plugin_system:Skipping extension 'colcon_notification.desktop_notification.win32': Not used on non-Windows systems
[0.370s] INFO:colcon.colcon_notification.desktop_notification:Sending desktop notification using 'notify2'
[0.386s] DEBUG:colcon.colcon_core.event_reactor:joined thread
[0.387s] INFO:colcon.colcon_core.shell:Creating prefix script '/home/prakt3/praktikum_ws/install/local_setup.ps1'
[0.388s] INFO:colcon.colcon_core.shell:Creating prefix util module '/home/prakt3/praktikum_ws/install/_local_setup_util_ps1.py'
[0.389s] INFO:colcon.colcon_core.shell:Creating prefix chain script '/home/prakt3/praktikum_ws/install/setup.ps1'
[0.390s] INFO:colcon.colcon_core.shell:Creating prefix script '/home/prakt3/praktikum_ws/install/local_setup.sh'
[0.390s] INFO:colcon.colcon_core.shell:Creating prefix util module '/home/prakt3/praktikum_ws/install/_local_setup_util_sh.py'
[0.391s] INFO:colcon.colcon_core.shell:Creating prefix chain script '/home/prakt3/praktikum_ws/install/setup.sh'
[0.392s] INFO:colcon.colcon_core.shell:Creating prefix script '/home/prakt3/praktikum_ws/install/local_setup.bash'
[0.392s] INFO:colcon.colcon_core.shell:Creating prefix chain script '/home/prakt3/praktikum_ws/install/setup.bash'
[0.393s] INFO:colcon.colcon_core.shell:Creating prefix script '/home/prakt3/praktikum_ws/install/local_setup.zsh'
[0.393s] INFO:colcon.colcon_core.shell:Creating prefix chain script '/home/prakt3/praktikum_ws/install/setup.zsh'
