[0.012s] Invoking command in '/home/prakt3/praktikum_ws/build/move_it_service': AMENT_PREFIX_PATH=/home/prakt3/praktikum_ws/install/moveit_msgs:/home/prakt3/praktikum_ws/install/interfaces:${AMENT_PREFIX_PATH} CMAKE_PREFIX_PATH=/home/prakt3/praktikum_ws/install/moveit_msgs:/home/prakt3/praktikum_ws/install/interfaces:/opt/ros/galactic LD_LIBRARY_PATH=/home/prakt3/praktikum_ws/install/moveit_msgs/lib:/home/prakt3/praktikum_ws/install/interfaces/lib:${LD_LIBRARY_PATH} PYTHONPATH=/home/prakt3/praktikum_ws/install/moveit_msgs/lib/python3.8/site-packages:/home/prakt3/praktikum_ws/install/interfaces/lib/python3.8/site-packages:${PYTHONPATH} /usr/bin/cmake --build /home/prakt3/praktikum_ws/build/move_it_service -- -j12 -l12
[0.059s] [100%] Built target move_server
[0.065s] Invoked command in '/home/prakt3/praktikum_ws/build/move_it_service' returned '0': AMENT_PREFIX_PATH=/home/prakt3/praktikum_ws/install/moveit_msgs:/home/prakt3/praktikum_ws/install/interfaces:${AMENT_PREFIX_PATH} CMAKE_PREFIX_PATH=/home/prakt3/praktikum_ws/install/moveit_msgs:/home/prakt3/praktikum_ws/install/interfaces:/opt/ros/galactic LD_LIBRARY_PATH=/home/prakt3/praktikum_ws/install/moveit_msgs/lib:/home/prakt3/praktikum_ws/install/interfaces/lib:${LD_LIBRARY_PATH} PYTHONPATH=/home/prakt3/praktikum_ws/install/moveit_msgs/lib/python3.8/site-packages:/home/prakt3/praktikum_ws/install/interfaces/lib/python3.8/site-packages:${PYTHONPATH} /usr/bin/cmake --build /home/prakt3/praktikum_ws/build/move_it_service -- -j12 -l12
[0.080s] Invoking command in '/home/prakt3/praktikum_ws/build/move_it_service': AMENT_PREFIX_PATH=/home/prakt3/praktikum_ws/install/moveit_msgs:/home/prakt3/praktikum_ws/install/interfaces:${AMENT_PREFIX_PATH} CMAKE_PREFIX_PATH=/home/prakt3/praktikum_ws/install/moveit_msgs:/home/prakt3/praktikum_ws/install/interfaces:/opt/ros/galactic LD_LIBRARY_PATH=/home/prakt3/praktikum_ws/install/moveit_msgs/lib:/home/prakt3/praktikum_ws/install/interfaces/lib:${LD_LIBRARY_PATH} PYTHONPATH=/home/prakt3/praktikum_ws/install/moveit_msgs/lib/python3.8/site-packages:/home/prakt3/praktikum_ws/install/interfaces/lib/python3.8/site-packages:${PYTHONPATH} /usr/bin/cmake --install /home/prakt3/praktikum_ws/build/move_it_service
[0.086s] -- Install configuration: ""
[0.088s] -- Up-to-date: /home/prakt3/praktikum_ws/install/move_it_service/lib/move_it_service/move_server
[0.088s] -- Up-to-date: /home/prakt3/praktikum_ws/install/move_it_service/share/ament_index/resource_index/package_run_dependencies/move_it_service
[0.088s] -- Up-to-date: /home/prakt3/praktikum_ws/install/move_it_service/share/ament_index/resource_index/parent_prefix_path/move_it_service
[0.088s] -- Up-to-date: /home/prakt3/praktikum_ws/install/move_it_service/share/move_it_service/environment/ament_prefix_path.sh
[0.088s] -- Up-to-date: /home/prakt3/praktikum_ws/install/move_it_service/share/move_it_service/environment/ament_prefix_path.dsv
[0.088s] -- Up-to-date: /home/prakt3/praktikum_ws/install/move_it_service/share/move_it_service/environment/path.sh
[0.088s] -- Up-to-date: /home/prakt3/praktikum_ws/install/move_it_service/share/move_it_service/environment/path.dsv
[0.088s] -- Up-to-date: /home/prakt3/praktikum_ws/install/move_it_service/share/move_it_service/local_setup.bash
[0.089s] -- Up-to-date: /home/prakt3/praktikum_ws/install/move_it_service/share/move_it_service/local_setup.sh
[0.089s] -- Up-to-date: /home/prakt3/praktikum_ws/install/move_it_service/share/move_it_service/local_setup.zsh
[0.089s] -- Up-to-date: /home/prakt3/praktikum_ws/install/move_it_service/share/move_it_service/local_setup.dsv
[0.089s] -- Installing: /home/prakt3/praktikum_ws/install/move_it_service/share/move_it_service/package.dsv
[0.089s] -- Up-to-date: /home/prakt3/praktikum_ws/install/move_it_service/share/ament_index/resource_index/packages/move_it_service
[0.089s] -- Up-to-date: /home/prakt3/praktikum_ws/install/move_it_service/share/move_it_service/cmake/move_it_serviceConfig.cmake
[0.089s] -- Up-to-date: /home/prakt3/praktikum_ws/install/move_it_service/share/move_it_service/cmake/move_it_serviceConfig-version.cmake
[0.089s] -- Up-to-date: /home/prakt3/praktikum_ws/install/move_it_service/share/move_it_service/package.xml
[0.092s] Invoked command in '/home/prakt3/praktikum_ws/build/move_it_service' returned '0': AMENT_PREFIX_PATH=/home/prakt3/praktikum_ws/install/moveit_msgs:/home/prakt3/praktikum_ws/install/interfaces:${AMENT_PREFIX_PATH} CMAKE_PREFIX_PATH=/home/prakt3/praktikum_ws/install/moveit_msgs:/home/prakt3/praktikum_ws/install/interfaces:/opt/ros/galactic LD_LIBRARY_PATH=/home/prakt3/praktikum_ws/install/moveit_msgs/lib:/home/prakt3/praktikum_ws/install/interfaces/lib:${LD_LIBRARY_PATH} PYTHONPATH=/home/prakt3/praktikum_ws/install/moveit_msgs/lib/python3.8/site-packages:/home/prakt3/praktikum_ws/install/interfaces/lib/python3.8/site-packages:${PYTHONPATH} /usr/bin/cmake --install /home/prakt3/praktikum_ws/build/move_it_service
