[0.068s] Invoking command in '/home/prakt3/praktikum_ws/build/robprakt_interfaces': CMAKE_PREFIX_PATH=/opt/ros/galactic /usr/bin/cmake --build /home/prakt3/praktikum_ws/build/robprakt_interfaces -- -j12 -l12
[0.699s] [  9%] Built target robprakt_interfaces__rosidl_generator_c
[0.699s] [ 12%] Built target robprakt_interfaces__cpp
[0.699s] [ 25%] Built target robprakt_interfaces__rosidl_typesupport_cpp
[0.699s] [ 35%] Built target robprakt_interfaces__rosidl_typesupport_introspection_cpp
[0.699s] [ 41%] Built target robprakt_interfaces__rosidl_typesupport_c
[0.699s] [ 51%] Built target robprakt_interfaces__rosidl_typesupport_introspection_c
[0.699s] [ 61%] Built target robprakt_interfaces__rosidl_typesupport_fastrtps_cpp
[0.699s] [ 70%] Built target robprakt_interfaces__rosidl_typesupport_fastrtps_c
[0.699s] [ 70%] Built target robprakt_interfaces
[0.699s] [ 74%] Built target robprakt_interfaces__py
[0.699s] [ 80%] Built target robprakt_interfaces__python
[0.699s] [ 87%] Built target robprakt_interfaces__rosidl_typesupport_c__pyext
[0.699s] [ 93%] Built target robprakt_interfaces__rosidl_typesupport_introspection_c__pyext
[0.700s] [100%] Built target robprakt_interfaces__rosidl_typesupport_fastrtps_c__pyext
[0.708s] Invoked command in '/home/prakt3/praktikum_ws/build/robprakt_interfaces' returned '0': CMAKE_PREFIX_PATH=/opt/ros/galactic /usr/bin/cmake --build /home/prakt3/praktikum_ws/build/robprakt_interfaces -- -j12 -l12
[0.793s] Invoking command in '/home/prakt3/praktikum_ws/build/robprakt_interfaces': CMAKE_PREFIX_PATH=/opt/ros/galactic /usr/bin/cmake --install /home/prakt3/praktikum_ws/build/robprakt_interfaces
[0.811s] -- Install configuration: ""
[0.811s] -- Up-to-date: /home/prakt3/praktikum_ws/install/robprakt_interfaces/share/ament_index/resource_index/rosidl_interfaces/robprakt_interfaces
[0.811s] -- Up-to-date: /home/prakt3/praktikum_ws/install/robprakt_interfaces/include/robprakt_interfaces
[0.811s] -- Up-to-date: /home/prakt3/praktikum_ws/install/robprakt_interfaces/include/robprakt_interfaces/srv
[0.811s] -- Up-to-date: /home/prakt3/praktikum_ws/install/robprakt_interfaces/include/robprakt_interfaces/srv/set_ur_io.h
[0.811s] -- Up-to-date: /home/prakt3/praktikum_ws/install/robprakt_interfaces/include/robprakt_interfaces/srv/detail
[0.812s] -- Up-to-date: /home/prakt3/praktikum_ws/install/robprakt_interfaces/include/robprakt_interfaces/srv/detail/set_ur_io__functions.c
[0.812s] -- Up-to-date: /home/prakt3/praktikum_ws/install/robprakt_interfaces/include/robprakt_interfaces/srv/detail/set_ur_io__struct.h
[0.812s] -- Up-to-date: /home/prakt3/praktikum_ws/install/robprakt_interfaces/include/robprakt_interfaces/srv/detail/set_ur_io__functions.h
[0.812s] -- Up-to-date: /home/prakt3/praktikum_ws/install/robprakt_interfaces/include/robprakt_interfaces/srv/detail/set_ur_io__type_support.h
[0.812s] -- Up-to-date: /home/prakt3/praktikum_ws/install/robprakt_interfaces/include/robprakt_interfaces/msg
[0.812s] -- Up-to-date: /home/prakt3/praktikum_ws/install/robprakt_interfaces/include/robprakt_interfaces/msg/rosidl_generator_c__visibility_control.h
[0.812s] -- Up-to-date: /home/prakt3/praktikum_ws/install/robprakt_interfaces/share/robprakt_interfaces/environment/library_path.sh
[0.812s] -- Up-to-date: /home/prakt3/praktikum_ws/install/robprakt_interfaces/share/robprakt_interfaces/environment/library_path.dsv
[0.812s] -- Up-to-date: /home/prakt3/praktikum_ws/install/robprakt_interfaces/lib/librobprakt_interfaces__rosidl_generator_c.so
[0.812s] -- Up-to-date: /home/prakt3/praktikum_ws/install/robprakt_interfaces/include/robprakt_interfaces
[0.812s] -- Up-to-date: /home/prakt3/praktikum_ws/install/robprakt_interfaces/include/robprakt_interfaces/srv
[0.812s] -- Up-to-date: /home/prakt3/praktikum_ws/install/robprakt_interfaces/include/robprakt_interfaces/srv/detail
[0.812s] -- Up-to-date: /home/prakt3/praktikum_ws/install/robprakt_interfaces/include/robprakt_interfaces/srv/detail/set_ur_io__rosidl_typesupport_fastrtps_c.h
[0.812s] -- Up-to-date: /home/prakt3/praktikum_ws/install/robprakt_interfaces/include/robprakt_interfaces/msg
[0.812s] -- Up-to-date: /home/prakt3/praktikum_ws/install/robprakt_interfaces/include/robprakt_interfaces/msg/rosidl_typesupport_fastrtps_c__visibility_control.h
[0.812s] -- Up-to-date: /home/prakt3/praktikum_ws/install/robprakt_interfaces/lib/librobprakt_interfaces__rosidl_typesupport_fastrtps_c.so
[0.812s] -- Up-to-date: /home/prakt3/praktikum_ws/install/robprakt_interfaces/include/robprakt_interfaces
[0.812s] -- Up-to-date: /home/prakt3/praktikum_ws/install/robprakt_interfaces/include/robprakt_interfaces/srv
[0.812s] -- Up-to-date: /home/prakt3/praktikum_ws/install/robprakt_interfaces/include/robprakt_interfaces/srv/detail
[0.813s] -- Up-to-date: /home/prakt3/praktikum_ws/install/robprakt_interfaces/include/robprakt_interfaces/srv/detail/set_ur_io__rosidl_typesupport_fastrtps_cpp.hpp
[0.813s] -- Up-to-date: /home/prakt3/praktikum_ws/install/robprakt_interfaces/include/robprakt_interfaces/srv/detail/dds_fastrtps
[0.813s] -- Up-to-date: /home/prakt3/praktikum_ws/install/robprakt_interfaces/include/robprakt_interfaces/msg
[0.813s] -- Up-to-date: /home/prakt3/praktikum_ws/install/robprakt_interfaces/include/robprakt_interfaces/msg/rosidl_typesupport_fastrtps_cpp__visibility_control.h
[0.813s] -- Up-to-date: /home/prakt3/praktikum_ws/install/robprakt_interfaces/lib/librobprakt_interfaces__rosidl_typesupport_fastrtps_cpp.so
[0.813s] -- Up-to-date: /home/prakt3/praktikum_ws/install/robprakt_interfaces/include/robprakt_interfaces
[0.813s] -- Up-to-date: /home/prakt3/praktikum_ws/install/robprakt_interfaces/include/robprakt_interfaces/srv
[0.813s] -- Up-to-date: /home/prakt3/praktikum_ws/install/robprakt_interfaces/include/robprakt_interfaces/srv/detail
[0.813s] -- Up-to-date: /home/prakt3/praktikum_ws/install/robprakt_interfaces/include/robprakt_interfaces/srv/detail/set_ur_io__rosidl_typesupport_introspection_c.h
[0.813s] -- Up-to-date: /home/prakt3/praktikum_ws/install/robprakt_interfaces/include/robprakt_interfaces/srv/detail/set_ur_io__type_support.c
[0.813s] -- Up-to-date: /home/prakt3/praktikum_ws/install/robprakt_interfaces/include/robprakt_interfaces/msg
[0.813s] -- Up-to-date: /home/prakt3/praktikum_ws/install/robprakt_interfaces/include/robprakt_interfaces/msg/rosidl_typesupport_introspection_c__visibility_control.h
[0.813s] -- Up-to-date: /home/prakt3/praktikum_ws/install/robprakt_interfaces/lib/librobprakt_interfaces__rosidl_typesupport_introspection_c.so
[0.813s] -- Up-to-date: /home/prakt3/praktikum_ws/install/robprakt_interfaces/lib/librobprakt_interfaces__rosidl_typesupport_c.so
[0.813s] -- Up-to-date: /home/prakt3/praktikum_ws/install/robprakt_interfaces/include/robprakt_interfaces
[0.814s] -- Up-to-date: /home/prakt3/praktikum_ws/install/robprakt_interfaces/include/robprakt_interfaces/srv
[0.814s] -- Up-to-date: /home/prakt3/praktikum_ws/install/robprakt_interfaces/include/robprakt_interfaces/srv/detail
[0.814s] -- Up-to-date: /home/prakt3/praktikum_ws/install/robprakt_interfaces/include/robprakt_interfaces/srv/detail/set_ur_io__struct.hpp
[0.814s] -- Up-to-date: /home/prakt3/praktikum_ws/install/robprakt_interfaces/include/robprakt_interfaces/srv/detail/set_ur_io__traits.hpp
[0.814s] -- Up-to-date: /home/prakt3/praktikum_ws/install/robprakt_interfaces/include/robprakt_interfaces/srv/detail/set_ur_io__builder.hpp
[0.815s] -- Up-to-date: /home/prakt3/praktikum_ws/install/robprakt_interfaces/include/robprakt_interfaces/srv/set_ur_io.hpp
[0.815s] -- Up-to-date: /home/prakt3/praktikum_ws/install/robprakt_interfaces/include/robprakt_interfaces
[0.815s] -- Up-to-date: /home/prakt3/praktikum_ws/install/robprakt_interfaces/include/robprakt_interfaces/srv
[0.815s] -- Up-to-date: /home/prakt3/praktikum_ws/install/robprakt_interfaces/include/robprakt_interfaces/srv/detail
[0.815s] -- Up-to-date: /home/prakt3/praktikum_ws/install/robprakt_interfaces/include/robprakt_interfaces/srv/detail/set_ur_io__rosidl_typesupport_introspection_cpp.hpp
[0.815s] -- Up-to-date: /home/prakt3/praktikum_ws/install/robprakt_interfaces/include/robprakt_interfaces/srv/detail/set_ur_io__type_support.cpp
[0.815s] -- Up-to-date: /home/prakt3/praktikum_ws/install/robprakt_interfaces/lib/librobprakt_interfaces__rosidl_typesupport_introspection_cpp.so
[0.815s] -- Up-to-date: /home/prakt3/praktikum_ws/install/robprakt_interfaces/lib/librobprakt_interfaces__rosidl_typesupport_cpp.so
[0.815s] -- Up-to-date: /home/prakt3/praktikum_ws/install/robprakt_interfaces/share/robprakt_interfaces/environment/pythonpath.sh
[0.815s] -- Up-to-date: /home/prakt3/praktikum_ws/install/robprakt_interfaces/share/robprakt_interfaces/environment/pythonpath.dsv
[0.815s] -- Up-to-date: /home/prakt3/praktikum_ws/install/robprakt_interfaces/lib/python3.8/site-packages/robprakt_interfaces/__init__.py
[0.815s] -- Up-to-date: /home/prakt3/praktikum_ws/install/robprakt_interfaces/lib/python3.8/site-packages/robprakt_interfaces/srv
[0.815s] -- Up-to-date: /home/prakt3/praktikum_ws/install/robprakt_interfaces/lib/python3.8/site-packages/robprakt_interfaces/srv/_set_ur_io_s.c
[0.815s] -- Up-to-date: /home/prakt3/praktikum_ws/install/robprakt_interfaces/lib/python3.8/site-packages/robprakt_interfaces/srv/_set_ur_io.py
[0.815s] -- Up-to-date: /home/prakt3/praktikum_ws/install/robprakt_interfaces/lib/python3.8/site-packages/robprakt_interfaces/srv/__init__.py
[0.815s] -- Up-to-date: /home/prakt3/praktikum_ws/install/robprakt_interfaces/lib/python3.8/site-packages/robprakt_interfaces/robprakt_interfaces_s__rosidl_typesupport_fastrtps_c.cpython-38-x86_64-linux-gnu.so
[0.815s] -- Up-to-date: /home/prakt3/praktikum_ws/install/robprakt_interfaces/lib/python3.8/site-packages/robprakt_interfaces/robprakt_interfaces_s__rosidl_typesupport_introspection_c.cpython-38-x86_64-linux-gnu.so
[0.815s] -- Up-to-date: /home/prakt3/praktikum_ws/install/robprakt_interfaces/lib/python3.8/site-packages/robprakt_interfaces/robprakt_interfaces_s__rosidl_typesupport_c.cpython-38-x86_64-linux-gnu.so
[0.816s] -- Up-to-date: /home/prakt3/praktikum_ws/install/robprakt_interfaces/lib/librobprakt_interfaces__python.so
[0.816s] -- Up-to-date: /home/prakt3/praktikum_ws/install/robprakt_interfaces/share/robprakt_interfaces/srv/SetUrIo.idl
[0.816s] -- Up-to-date: /home/prakt3/praktikum_ws/install/robprakt_interfaces/share/robprakt_interfaces/srv/SetUrIo.srv
[0.816s] -- Up-to-date: /home/prakt3/praktikum_ws/install/robprakt_interfaces/share/robprakt_interfaces/srv/SetUrIo_Request.msg
[0.816s] -- Up-to-date: /home/prakt3/praktikum_ws/install/robprakt_interfaces/share/robprakt_interfaces/srv/SetUrIo_Response.msg
[0.816s] -- Up-to-date: /home/prakt3/praktikum_ws/install/robprakt_interfaces/share/ament_index/resource_index/package_run_dependencies/robprakt_interfaces
[0.816s] -- Up-to-date: /home/prakt3/praktikum_ws/install/robprakt_interfaces/share/ament_index/resource_index/parent_prefix_path/robprakt_interfaces
[0.816s] -- Up-to-date: /home/prakt3/praktikum_ws/install/robprakt_interfaces/share/robprakt_interfaces/environment/ament_prefix_path.sh
[0.816s] -- Up-to-date: /home/prakt3/praktikum_ws/install/robprakt_interfaces/share/robprakt_interfaces/environment/ament_prefix_path.dsv
[0.816s] -- Up-to-date: /home/prakt3/praktikum_ws/install/robprakt_interfaces/share/robprakt_interfaces/environment/path.sh
[0.816s] -- Up-to-date: /home/prakt3/praktikum_ws/install/robprakt_interfaces/share/robprakt_interfaces/environment/path.dsv
[0.816s] -- Up-to-date: /home/prakt3/praktikum_ws/install/robprakt_interfaces/share/robprakt_interfaces/local_setup.bash
[0.816s] -- Up-to-date: /home/prakt3/praktikum_ws/install/robprakt_interfaces/share/robprakt_interfaces/local_setup.sh
[0.816s] -- Up-to-date: /home/prakt3/praktikum_ws/install/robprakt_interfaces/share/robprakt_interfaces/local_setup.zsh
[0.816s] -- Up-to-date: /home/prakt3/praktikum_ws/install/robprakt_interfaces/share/robprakt_interfaces/local_setup.dsv
[0.816s] -- Installing: /home/prakt3/praktikum_ws/install/robprakt_interfaces/share/robprakt_interfaces/package.dsv
[0.816s] -- Up-to-date: /home/prakt3/praktikum_ws/install/robprakt_interfaces/share/ament_index/resource_index/packages/robprakt_interfaces
[0.816s] -- Up-to-date: /home/prakt3/praktikum_ws/install/robprakt_interfaces/share/robprakt_interfaces/cmake/robprakt_interfaces__rosidl_generator_cExport.cmake
[0.816s] -- Up-to-date: /home/prakt3/praktikum_ws/install/robprakt_interfaces/share/robprakt_interfaces/cmake/robprakt_interfaces__rosidl_generator_cExport-noconfig.cmake
[0.816s] -- Up-to-date: /home/prakt3/praktikum_ws/install/robprakt_interfaces/share/robprakt_interfaces/cmake/robprakt_interfaces__rosidl_typesupport_introspection_cExport.cmake
[0.816s] -- Up-to-date: /home/prakt3/praktikum_ws/install/robprakt_interfaces/share/robprakt_interfaces/cmake/robprakt_interfaces__rosidl_typesupport_introspection_cExport-noconfig.cmake
[0.816s] -- Up-to-date: /home/prakt3/praktikum_ws/install/robprakt_interfaces/share/robprakt_interfaces/cmake/robprakt_interfaces__rosidl_typesupport_cExport.cmake
[0.816s] -- Up-to-date: /home/prakt3/praktikum_ws/install/robprakt_interfaces/share/robprakt_interfaces/cmake/robprakt_interfaces__rosidl_typesupport_cExport-noconfig.cmake
[0.817s] -- Up-to-date: /home/prakt3/praktikum_ws/install/robprakt_interfaces/share/robprakt_interfaces/cmake/robprakt_interfaces__rosidl_generator_cppExport.cmake
[0.817s] -- Up-to-date: /home/prakt3/praktikum_ws/install/robprakt_interfaces/share/robprakt_interfaces/cmake/robprakt_interfaces__rosidl_typesupport_introspection_cppExport.cmake
[0.817s] -- Up-to-date: /home/prakt3/praktikum_ws/install/robprakt_interfaces/share/robprakt_interfaces/cmake/robprakt_interfaces__rosidl_typesupport_introspection_cppExport-noconfig.cmake
[0.817s] -- Up-to-date: /home/prakt3/praktikum_ws/install/robprakt_interfaces/share/robprakt_interfaces/cmake/robprakt_interfaces__rosidl_typesupport_cppExport.cmake
[0.817s] -- Up-to-date: /home/prakt3/praktikum_ws/install/robprakt_interfaces/share/robprakt_interfaces/cmake/robprakt_interfaces__rosidl_typesupport_cppExport-noconfig.cmake
[0.817s] -- Up-to-date: /home/prakt3/praktikum_ws/install/robprakt_interfaces/share/robprakt_interfaces/cmake/rosidl_cmake-extras.cmake
[0.817s] -- Up-to-date: /home/prakt3/praktikum_ws/install/robprakt_interfaces/share/robprakt_interfaces/cmake/ament_cmake_export_dependencies-extras.cmake
[0.817s] -- Up-to-date: /home/prakt3/praktikum_ws/install/robprakt_interfaces/share/robprakt_interfaces/cmake/ament_cmake_export_libraries-extras.cmake
[0.817s] -- Up-to-date: /home/prakt3/praktikum_ws/install/robprakt_interfaces/share/robprakt_interfaces/cmake/ament_cmake_export_targets-extras.cmake
[0.817s] -- Up-to-date: /home/prakt3/praktikum_ws/install/robprakt_interfaces/share/robprakt_interfaces/cmake/ament_cmake_export_include_directories-extras.cmake
[0.817s] -- Up-to-date: /home/prakt3/praktikum_ws/install/robprakt_interfaces/share/robprakt_interfaces/cmake/rosidl_cmake_export_typesupport_libraries-extras.cmake
[0.817s] -- Up-to-date: /home/prakt3/praktikum_ws/install/robprakt_interfaces/share/robprakt_interfaces/cmake/rosidl_cmake_export_typesupport_targets-extras.cmake
[0.817s] -- Up-to-date: /home/prakt3/praktikum_ws/install/robprakt_interfaces/share/robprakt_interfaces/cmake/robprakt_interfacesConfig.cmake
[0.817s] -- Up-to-date: /home/prakt3/praktikum_ws/install/robprakt_interfaces/share/robprakt_interfaces/cmake/robprakt_interfacesConfig-version.cmake
[0.817s] -- Up-to-date: /home/prakt3/praktikum_ws/install/robprakt_interfaces/share/robprakt_interfaces/package.xml
[0.865s] Invoked command in '/home/prakt3/praktikum_ws/build/robprakt_interfaces' returned '0': CMAKE_PREFIX_PATH=/opt/ros/galactic /usr/bin/cmake --install /home/prakt3/praktikum_ws/build/robprakt_interfaces
