[1.247s] Invoking command in '/home/prakt3/praktikum_ws/src/move_client': PYTHONPATH=/home/prakt3/praktikum_ws/build/move_client/prefix_override:/home/prakt3/praktikum_ws/install/move_client/lib/python3.8/site-packages:${PYTHONPATH} /usr/bin/python3 setup.py egg_info --egg-base ../../build/move_client build --build-base /home/prakt3/praktikum_ws/build/move_client/build install --record /home/prakt3/praktikum_ws/build/move_client/install.log --single-version-externally-managed
[1.447s] running egg_info
[1.452s] writing ../../build/move_client/move_client.egg-info/PKG-INFO
[1.452s] writing dependency_links to ../../build/move_client/move_client.egg-info/dependency_links.txt
[1.452s] writing entry points to ../../build/move_client/move_client.egg-info/entry_points.txt
[1.452s] writing requirements to ../../build/move_client/move_client.egg-info/requires.txt
[1.452s] writing top-level names to ../../build/move_client/move_client.egg-info/top_level.txt
[1.474s] reading manifest file '../../build/move_client/move_client.egg-info/SOURCES.txt'
[1.474s] writing manifest file '../../build/move_client/move_client.egg-info/SOURCES.txt'
[1.474s] running build
[1.474s] running build_py
[1.474s] copying move_client/move_client.py -> /home/prakt3/praktikum_ws/build/move_client/build/lib/move_client
[1.475s] running install
[1.475s] running install_lib
[1.476s] copying /home/prakt3/praktikum_ws/build/move_client/build/lib/move_client/move_client.py -> /home/prakt3/praktikum_ws/install/move_client/lib/python3.8/site-packages/move_client
[1.477s] byte-compiling /home/prakt3/praktikum_ws/install/move_client/lib/python3.8/site-packages/move_client/move_client.py to move_client.cpython-38.pyc
[1.479s] running install_data
[1.479s] running install_egg_info
[1.481s] removing '/home/prakt3/praktikum_ws/install/move_client/lib/python3.8/site-packages/move_client-0.0.0-py3.8.egg-info' (and everything under it)
[1.481s] Copying ../../build/move_client/move_client.egg-info to /home/prakt3/praktikum_ws/install/move_client/lib/python3.8/site-packages/move_client-0.0.0-py3.8.egg-info
[1.481s] running install_scripts
[1.496s] Installing client script to /home/prakt3/praktikum_ws/install/move_client/lib/move_client
[1.497s] writing list of installed files to '/home/prakt3/praktikum_ws/build/move_client/install.log'
[1.663s] Invoked command in '/home/prakt3/praktikum_ws/src/move_client' returned '0': PYTHONPATH=/home/prakt3/praktikum_ws/build/move_client/prefix_override:/home/prakt3/praktikum_ws/install/move_client/lib/python3.8/site-packages:${PYTHONPATH} /usr/bin/python3 setup.py egg_info --egg-base ../../build/move_client build --build-base /home/prakt3/praktikum_ws/build/move_client/build install --record /home/prakt3/praktikum_ws/build/move_client/install.log --single-version-externally-managed
