[1.097s] Invoking command in '/home/prakt3/praktikum_ws/src/move_it_service_python': PYTHONPATH=/home/prakt3/praktikum_ws/build/move_it_service_python/prefix_override:/home/prakt3/praktikum_ws/install/move_it_service_python/lib/python3.8/site-packages:${PYTHONPATH} /usr/bin/python3 setup.py egg_info --egg-base ../../build/move_it_service_python build --build-base /home/prakt3/praktikum_ws/build/move_it_service_python/build install --record /home/prakt3/praktikum_ws/build/move_it_service_python/install.log --single-version-externally-managed
[1.293s] running egg_info
[1.293s] writing ../../build/move_it_service_python/move_it_service_python.egg-info/PKG-INFO
[1.293s] writing dependency_links to ../../build/move_it_service_python/move_it_service_python.egg-info/dependency_links.txt
[1.294s] writing entry points to ../../build/move_it_service_python/move_it_service_python.egg-info/entry_points.txt
[1.294s] writing requirements to ../../build/move_it_service_python/move_it_service_python.egg-info/requires.txt
[1.294s] writing top-level names to ../../build/move_it_service_python/move_it_service_python.egg-info/top_level.txt
[1.328s] reading manifest file '../../build/move_it_service_python/move_it_service_python.egg-info/SOURCES.txt'
[1.329s] writing manifest file '../../build/move_it_service_python/move_it_service_python.egg-info/SOURCES.txt'
[1.329s] running build
[1.329s] running build_py
[1.329s] copying move_it_service_python/tf_service.py -> /home/prakt3/praktikum_ws/build/move_it_service_python/build/lib/move_it_service_python
[1.330s] running install
[1.330s] running install_lib
[1.331s] copying /home/prakt3/praktikum_ws/build/move_it_service_python/build/lib/move_it_service_python/tf_service.py -> /home/prakt3/praktikum_ws/install/move_it_service_python/lib/python3.8/site-packages/move_it_service_python
[1.332s] byte-compiling /home/prakt3/praktikum_ws/install/move_it_service_python/lib/python3.8/site-packages/move_it_service_python/tf_service.py to tf_service.cpython-38.pyc
[1.333s] running install_data
[1.333s] running install_egg_info
[1.335s] removing '/home/prakt3/praktikum_ws/install/move_it_service_python/lib/python3.8/site-packages/move_it_service_python-0.0.0-py3.8.egg-info' (and everything under it)
[1.335s] Copying ../../build/move_it_service_python/move_it_service_python.egg-info to /home/prakt3/praktikum_ws/install/move_it_service_python/lib/python3.8/site-packages/move_it_service_python-0.0.0-py3.8.egg-info
[1.336s] running install_scripts
[1.351s] Installing ralf script to /home/prakt3/praktikum_ws/install/move_it_service_python/lib/move_it_service_python
[1.351s] Installing service script to /home/prakt3/praktikum_ws/install/move_it_service_python/lib/move_it_service_python
[1.351s] Installing spirale script to /home/prakt3/praktikum_ws/install/move_it_service_python/lib/move_it_service_python
[1.351s] Installing tf script to /home/prakt3/praktikum_ws/install/move_it_service_python/lib/move_it_service_python
[1.352s] writing list of installed files to '/home/prakt3/praktikum_ws/build/move_it_service_python/install.log'
[1.421s] Invoked command in '/home/prakt3/praktikum_ws/src/move_it_service_python' returned '0': PYTHONPATH=/home/prakt3/praktikum_ws/build/move_it_service_python/prefix_override:/home/prakt3/praktikum_ws/install/move_it_service_python/lib/python3.8/site-packages:${PYTHONPATH} /usr/bin/python3 setup.py egg_info --egg-base ../../build/move_it_service_python build --build-base /home/prakt3/praktikum_ws/build/move_it_service_python/build install --record /home/prakt3/praktikum_ws/build/move_it_service_python/install.log --single-version-externally-managed
