[0.021s] Invoking command in '/home/prakt3/praktikum_ws/build/ur5e_bringup': AMENT_PREFIX_PATH=/home/prakt3/praktikum_ws/install/picture_to_points_service:/home/prakt3/praktikum_ws/install/interfaces:${AMENT_PREFIX_PATH} CMAKE_PREFIX_PATH=/home/prakt3/praktikum_ws/install/interfaces:/home/prakt3/praktikum_ws/install/vrpn:/opt/ros/galactic LD_LIBRARY_PATH=/home/prakt3/praktikum_ws/install/interfaces/lib:${LD_LIBRARY_PATH} PYTHONPATH=/home/prakt3/praktikum_ws/install/picture_to_points_service/lib/python3.8/site-packages:/home/prakt3/praktikum_ws/install/interfaces/lib/python3.8/site-packages:${PYTHONPATH} /usr/bin/cmake --build /home/prakt3/praktikum_ws/build/ur5e_bringup -- -j12 -l12
[0.044s] Invoked command in '/home/prakt3/praktikum_ws/build/ur5e_bringup' returned '0': AMENT_PREFIX_PATH=/home/prakt3/praktikum_ws/install/picture_to_points_service:/home/prakt3/praktikum_ws/install/interfaces:${AMENT_PREFIX_PATH} CMAKE_PREFIX_PATH=/home/prakt3/praktikum_ws/install/interfaces:/home/prakt3/praktikum_ws/install/vrpn:/opt/ros/galactic LD_LIBRARY_PATH=/home/prakt3/praktikum_ws/install/interfaces/lib:${LD_LIBRARY_PATH} PYTHONPATH=/home/prakt3/praktikum_ws/install/picture_to_points_service/lib/python3.8/site-packages:/home/prakt3/praktikum_ws/install/interfaces/lib/python3.8/site-packages:${PYTHONPATH} /usr/bin/cmake --build /home/prakt3/praktikum_ws/build/ur5e_bringup -- -j12 -l12
[0.057s] Invoking command in '/home/prakt3/praktikum_ws/build/ur5e_bringup': AMENT_PREFIX_PATH=/home/prakt3/praktikum_ws/install/picture_to_points_service:/home/prakt3/praktikum_ws/install/interfaces:${AMENT_PREFIX_PATH} CMAKE_PREFIX_PATH=/home/prakt3/praktikum_ws/install/interfaces:/home/prakt3/praktikum_ws/install/vrpn:/opt/ros/galactic LD_LIBRARY_PATH=/home/prakt3/praktikum_ws/install/interfaces/lib:${LD_LIBRARY_PATH} PYTHONPATH=/home/prakt3/praktikum_ws/install/picture_to_points_service/lib/python3.8/site-packages:/home/prakt3/praktikum_ws/install/interfaces/lib/python3.8/site-packages:${PYTHONPATH} /usr/bin/cmake --install /home/prakt3/praktikum_ws/build/ur5e_bringup
[0.062s] -- Install configuration: ""
[0.062s] -- Up-to-date: /home/prakt3/praktikum_ws/install/ur5e_bringup/share/ur5e_bringup/launch
[0.062s] -- Up-to-date: /home/prakt3/praktikum_ws/install/ur5e_bringup/share/ur5e_bringup/launch/prakt_launch.py
[0.062s] -- Up-to-date: /home/prakt3/praktikum_ws/install/ur5e_bringup/share/ament_index/resource_index/package_run_dependencies/ur5e_bringup
[0.062s] -- Up-to-date: /home/prakt3/praktikum_ws/install/ur5e_bringup/share/ament_index/resource_index/parent_prefix_path/ur5e_bringup
[0.062s] -- Up-to-date: /home/prakt3/praktikum_ws/install/ur5e_bringup/share/ur5e_bringup/environment/ament_prefix_path.sh
[0.062s] -- Up-to-date: /home/prakt3/praktikum_ws/install/ur5e_bringup/share/ur5e_bringup/environment/ament_prefix_path.dsv
[0.062s] -- Up-to-date: /home/prakt3/praktikum_ws/install/ur5e_bringup/share/ur5e_bringup/environment/path.sh
[0.062s] -- Up-to-date: /home/prakt3/praktikum_ws/install/ur5e_bringup/share/ur5e_bringup/environment/path.dsv
[0.062s] -- Up-to-date: /home/prakt3/praktikum_ws/install/ur5e_bringup/share/ur5e_bringup/local_setup.bash
[0.062s] -- Up-to-date: /home/prakt3/praktikum_ws/install/ur5e_bringup/share/ur5e_bringup/local_setup.sh
[0.062s] -- Up-to-date: /home/prakt3/praktikum_ws/install/ur5e_bringup/share/ur5e_bringup/local_setup.zsh
[0.062s] -- Up-to-date: /home/prakt3/praktikum_ws/install/ur5e_bringup/share/ur5e_bringup/local_setup.dsv
[0.062s] -- Installing: /home/prakt3/praktikum_ws/install/ur5e_bringup/share/ur5e_bringup/package.dsv
[0.062s] -- Up-to-date: /home/prakt3/praktikum_ws/install/ur5e_bringup/share/ament_index/resource_index/packages/ur5e_bringup
[0.062s] -- Up-to-date: /home/prakt3/praktikum_ws/install/ur5e_bringup/share/ur5e_bringup/cmake/ur5e_bringupConfig.cmake
[0.062s] -- Up-to-date: /home/prakt3/praktikum_ws/install/ur5e_bringup/share/ur5e_bringup/cmake/ur5e_bringupConfig-version.cmake
[0.062s] -- Up-to-date: /home/prakt3/praktikum_ws/install/ur5e_bringup/share/ur5e_bringup/package.xml
[0.065s] Invoked command in '/home/prakt3/praktikum_ws/build/ur5e_bringup' returned '0': AMENT_PREFIX_PATH=/home/prakt3/praktikum_ws/install/picture_to_points_service:/home/prakt3/praktikum_ws/install/interfaces:${AMENT_PREFIX_PATH} CMAKE_PREFIX_PATH=/home/prakt3/praktikum_ws/install/interfaces:/home/prakt3/praktikum_ws/install/vrpn:/opt/ros/galactic LD_LIBRARY_PATH=/home/prakt3/praktikum_ws/install/interfaces/lib:${LD_LIBRARY_PATH} PYTHONPATH=/home/prakt3/praktikum_ws/install/picture_to_points_service/lib/python3.8/site-packages:/home/prakt3/praktikum_ws/install/interfaces/lib/python3.8/site-packages:${PYTHONPATH} /usr/bin/cmake --install /home/prakt3/praktikum_ws/build/ur5e_bringup
