[0.200s] Invoking command in '/home/prakt3/praktikum_ws/build/moveit_resources': AMENT_PREFIX_PATH=/home/prakt3/praktikum_ws/install/moveit_resources_panda_moveit_config:/home/prakt3/praktikum_ws/install/moveit_resources_fanuc_moveit_config:/home/prakt3/praktikum_ws/install/moveit_resources_pr2_description:/home/prakt3/praktikum_ws/install/moveit_resources_panda_description:/home/prakt3/praktikum_ws/install/moveit_resources_fanuc_description:${AMENT_PREFIX_PATH} CMAKE_PREFIX_PATH=/home/prakt3/praktikum_ws/install/moveit_resources_panda_moveit_config:/home/prakt3/praktikum_ws/install/moveit_resources_fanuc_moveit_config:/home/prakt3/praktikum_ws/install/moveit_resources_pr2_description:/home/prakt3/praktikum_ws/install/moveit_resources_panda_description:/home/prakt3/praktikum_ws/install/moveit_resources_fanuc_description:/home/prakt3/praktikum_ws/install/vrpn:/opt/ros/galactic /usr/bin/cmake --build /home/prakt3/praktikum_ws/build/moveit_resources -- -j12 -l12
[0.242s] Invoked command in '/home/prakt3/praktikum_ws/build/moveit_resources' returned '0': AMENT_PREFIX_PATH=/home/prakt3/praktikum_ws/install/moveit_resources_panda_moveit_config:/home/prakt3/praktikum_ws/install/moveit_resources_fanuc_moveit_config:/home/prakt3/praktikum_ws/install/moveit_resources_pr2_description:/home/prakt3/praktikum_ws/install/moveit_resources_panda_description:/home/prakt3/praktikum_ws/install/moveit_resources_fanuc_description:${AMENT_PREFIX_PATH} CMAKE_PREFIX_PATH=/home/prakt3/praktikum_ws/install/moveit_resources_panda_moveit_config:/home/prakt3/praktikum_ws/install/moveit_resources_fanuc_moveit_config:/home/prakt3/praktikum_ws/install/moveit_resources_pr2_description:/home/prakt3/praktikum_ws/install/moveit_resources_panda_description:/home/prakt3/praktikum_ws/install/moveit_resources_fanuc_description:/home/prakt3/praktikum_ws/install/vrpn:/opt/ros/galactic /usr/bin/cmake --build /home/prakt3/praktikum_ws/build/moveit_resources -- -j12 -l12
[0.257s] Invoking command in '/home/prakt3/praktikum_ws/build/moveit_resources': AMENT_PREFIX_PATH=/home/prakt3/praktikum_ws/install/moveit_resources_panda_moveit_config:/home/prakt3/praktikum_ws/install/moveit_resources_fanuc_moveit_config:/home/prakt3/praktikum_ws/install/moveit_resources_pr2_description:/home/prakt3/praktikum_ws/install/moveit_resources_panda_description:/home/prakt3/praktikum_ws/install/moveit_resources_fanuc_description:${AMENT_PREFIX_PATH} CMAKE_PREFIX_PATH=/home/prakt3/praktikum_ws/install/moveit_resources_panda_moveit_config:/home/prakt3/praktikum_ws/install/moveit_resources_fanuc_moveit_config:/home/prakt3/praktikum_ws/install/moveit_resources_pr2_description:/home/prakt3/praktikum_ws/install/moveit_resources_panda_description:/home/prakt3/praktikum_ws/install/moveit_resources_fanuc_description:/home/prakt3/praktikum_ws/install/vrpn:/opt/ros/galactic /usr/bin/cmake --install /home/prakt3/praktikum_ws/build/moveit_resources
[0.262s] -- Install configuration: ""
[0.262s] -- Up-to-date: /home/prakt3/praktikum_ws/install/moveit_resources/share/ament_index/resource_index/package_run_dependencies/moveit_resources
[0.262s] -- Up-to-date: /home/prakt3/praktikum_ws/install/moveit_resources/share/ament_index/resource_index/parent_prefix_path/moveit_resources
[0.262s] -- Up-to-date: /home/prakt3/praktikum_ws/install/moveit_resources/share/moveit_resources/environment/ament_prefix_path.sh
[0.263s] -- Up-to-date: /home/prakt3/praktikum_ws/install/moveit_resources/share/moveit_resources/environment/ament_prefix_path.dsv
[0.263s] -- Up-to-date: /home/prakt3/praktikum_ws/install/moveit_resources/share/moveit_resources/environment/path.sh
[0.263s] -- Up-to-date: /home/prakt3/praktikum_ws/install/moveit_resources/share/moveit_resources/environment/path.dsv
[0.263s] -- Up-to-date: /home/prakt3/praktikum_ws/install/moveit_resources/share/moveit_resources/local_setup.bash
[0.263s] -- Up-to-date: /home/prakt3/praktikum_ws/install/moveit_resources/share/moveit_resources/local_setup.sh
[0.263s] -- Up-to-date: /home/prakt3/praktikum_ws/install/moveit_resources/share/moveit_resources/local_setup.zsh
[0.263s] -- Up-to-date: /home/prakt3/praktikum_ws/install/moveit_resources/share/moveit_resources/local_setup.dsv
[0.263s] -- Installing: /home/prakt3/praktikum_ws/install/moveit_resources/share/moveit_resources/package.dsv
[0.263s] -- Up-to-date: /home/prakt3/praktikum_ws/install/moveit_resources/share/ament_index/resource_index/packages/moveit_resources
[0.263s] -- Up-to-date: /home/prakt3/praktikum_ws/install/moveit_resources/share/moveit_resources/cmake/moveit_resourcesConfig.cmake
[0.263s] -- Up-to-date: /home/prakt3/praktikum_ws/install/moveit_resources/share/moveit_resources/cmake/moveit_resourcesConfig-version.cmake
[0.263s] -- Up-to-date: /home/prakt3/praktikum_ws/install/moveit_resources/share/moveit_resources/package.xml
[0.265s] Invoked command in '/home/prakt3/praktikum_ws/build/moveit_resources' returned '0': AMENT_PREFIX_PATH=/home/prakt3/praktikum_ws/install/moveit_resources_panda_moveit_config:/home/prakt3/praktikum_ws/install/moveit_resources_fanuc_moveit_config:/home/prakt3/praktikum_ws/install/moveit_resources_pr2_description:/home/prakt3/praktikum_ws/install/moveit_resources_panda_description:/home/prakt3/praktikum_ws/install/moveit_resources_fanuc_description:${AMENT_PREFIX_PATH} CMAKE_PREFIX_PATH=/home/prakt3/praktikum_ws/install/moveit_resources_panda_moveit_config:/home/prakt3/praktikum_ws/install/moveit_resources_fanuc_moveit_config:/home/prakt3/praktikum_ws/install/moveit_resources_pr2_description:/home/prakt3/praktikum_ws/install/moveit_resources_panda_description:/home/prakt3/praktikum_ws/install/moveit_resources_fanuc_description:/home/prakt3/praktikum_ws/install/vrpn:/opt/ros/galactic /usr/bin/cmake --install /home/prakt3/praktikum_ws/build/moveit_resources
