[0.016s] Invoking command in '/home/prakt3/praktikum_ws/build/moveit_resources': AMENT_PREFIX_PATH=/home/prakt3/praktikum_ws/install/moveit_resources_panda_moveit_config:/home/prakt3/praktikum_ws/install/moveit_resources_fanuc_moveit_config:/home/prakt3/praktikum_ws/install/moveit_resources_pr2_description:/home/prakt3/praktikum_ws/install/moveit_resources_panda_description:/home/prakt3/praktikum_ws/install/moveit_resources_fanuc_description:${AMENT_PREFIX_PATH} CMAKE_PREFIX_PATH=/home/prakt3/praktikum_ws/install/moveit_resources_panda_moveit_config:/home/prakt3/praktikum_ws/install/moveit_resources_fanuc_moveit_config:/home/prakt3/praktikum_ws/install/moveit_resources_pr2_description:/home/prakt3/praktikum_ws/install/moveit_resources_panda_description:/home/prakt3/praktikum_ws/install/moveit_resources_fanuc_description:/home/prakt3/praktikum_ws/install/vrpn:/opt/ros/galactic /usr/bin/cmake /home/prakt3/praktikum_ws/src/moveit_resources/moveit_resources -DCMAKE_INSTALL_PREFIX=/home/prakt3/praktikum_ws/install/moveit_resources
[0.100s] -- The C compiler identification is GNU 9.4.0
[0.241s] -- The CXX compiler identification is GNU 9.4.0
[0.246s] -- Check for working C compiler: /usr/bin/cc
[0.545s] -- Check for working C compiler: /usr/bin/cc -- works
[0.546s] -- Detecting C compiler ABI info
[0.856s] -- Detecting C compiler ABI info - done
[0.869s] -- Detecting C compile features
[0.869s] -- Detecting C compile features - done
[0.871s] -- Check for working CXX compiler: /usr/bin/c++
[1.248s] -- Check for working CXX compiler: /usr/bin/c++ -- works
[1.249s] -- Detecting CXX compiler ABI info
[1.548s] -- Detecting CXX compiler ABI info - done
[1.560s] -- Detecting CXX compile features
[1.561s] -- Detecting CXX compile features - done
[1.574s] -- Found ament_cmake: 1.1.6 (/opt/ros/galactic/share/ament_cmake/cmake)
[1.602s] -- Found PythonInterp: /usr/bin/python3 (found suitable version "3.8.10", minimum required is "3") 
[1.602s] -- Using PYTHON_EXECUTABLE: /usr/bin/python3
[1.856s] -- Configuring done
[1.856s] -- Generating done
[1.857s] -- Build files have been written to: /home/prakt3/praktikum_ws/build/moveit_resources
[1.862s] Invoked command in '/home/prakt3/praktikum_ws/build/moveit_resources' returned '0': AMENT_PREFIX_PATH=/home/prakt3/praktikum_ws/install/moveit_resources_panda_moveit_config:/home/prakt3/praktikum_ws/install/moveit_resources_fanuc_moveit_config:/home/prakt3/praktikum_ws/install/moveit_resources_pr2_description:/home/prakt3/praktikum_ws/install/moveit_resources_panda_description:/home/prakt3/praktikum_ws/install/moveit_resources_fanuc_description:${AMENT_PREFIX_PATH} CMAKE_PREFIX_PATH=/home/prakt3/praktikum_ws/install/moveit_resources_panda_moveit_config:/home/prakt3/praktikum_ws/install/moveit_resources_fanuc_moveit_config:/home/prakt3/praktikum_ws/install/moveit_resources_pr2_description:/home/prakt3/praktikum_ws/install/moveit_resources_panda_description:/home/prakt3/praktikum_ws/install/moveit_resources_fanuc_description:/home/prakt3/praktikum_ws/install/vrpn:/opt/ros/galactic /usr/bin/cmake /home/prakt3/praktikum_ws/src/moveit_resources/moveit_resources -DCMAKE_INSTALL_PREFIX=/home/prakt3/praktikum_ws/install/moveit_resources
[1.863s] Invoking command in '/home/prakt3/praktikum_ws/build/moveit_resources': AMENT_PREFIX_PATH=/home/prakt3/praktikum_ws/install/moveit_resources_panda_moveit_config:/home/prakt3/praktikum_ws/install/moveit_resources_fanuc_moveit_config:/home/prakt3/praktikum_ws/install/moveit_resources_pr2_description:/home/prakt3/praktikum_ws/install/moveit_resources_panda_description:/home/prakt3/praktikum_ws/install/moveit_resources_fanuc_description:${AMENT_PREFIX_PATH} CMAKE_PREFIX_PATH=/home/prakt3/praktikum_ws/install/moveit_resources_panda_moveit_config:/home/prakt3/praktikum_ws/install/moveit_resources_fanuc_moveit_config:/home/prakt3/praktikum_ws/install/moveit_resources_pr2_description:/home/prakt3/praktikum_ws/install/moveit_resources_panda_description:/home/prakt3/praktikum_ws/install/moveit_resources_fanuc_description:/home/prakt3/praktikum_ws/install/vrpn:/opt/ros/galactic /usr/bin/cmake --build /home/prakt3/praktikum_ws/build/moveit_resources -- -j12 -l12
[2.004s] Invoked command in '/home/prakt3/praktikum_ws/build/moveit_resources' returned '0': AMENT_PREFIX_PATH=/home/prakt3/praktikum_ws/install/moveit_resources_panda_moveit_config:/home/prakt3/praktikum_ws/install/moveit_resources_fanuc_moveit_config:/home/prakt3/praktikum_ws/install/moveit_resources_pr2_description:/home/prakt3/praktikum_ws/install/moveit_resources_panda_description:/home/prakt3/praktikum_ws/install/moveit_resources_fanuc_description:${AMENT_PREFIX_PATH} CMAKE_PREFIX_PATH=/home/prakt3/praktikum_ws/install/moveit_resources_panda_moveit_config:/home/prakt3/praktikum_ws/install/moveit_resources_fanuc_moveit_config:/home/prakt3/praktikum_ws/install/moveit_resources_pr2_description:/home/prakt3/praktikum_ws/install/moveit_resources_panda_description:/home/prakt3/praktikum_ws/install/moveit_resources_fanuc_description:/home/prakt3/praktikum_ws/install/vrpn:/opt/ros/galactic /usr/bin/cmake --build /home/prakt3/praktikum_ws/build/moveit_resources -- -j12 -l12
[2.312s] Invoking command in '/home/prakt3/praktikum_ws/build/moveit_resources': AMENT_PREFIX_PATH=/home/prakt3/praktikum_ws/install/moveit_resources_panda_moveit_config:/home/prakt3/praktikum_ws/install/moveit_resources_fanuc_moveit_config:/home/prakt3/praktikum_ws/install/moveit_resources_pr2_description:/home/prakt3/praktikum_ws/install/moveit_resources_panda_description:/home/prakt3/praktikum_ws/install/moveit_resources_fanuc_description:${AMENT_PREFIX_PATH} CMAKE_PREFIX_PATH=/home/prakt3/praktikum_ws/install/moveit_resources_panda_moveit_config:/home/prakt3/praktikum_ws/install/moveit_resources_fanuc_moveit_config:/home/prakt3/praktikum_ws/install/moveit_resources_pr2_description:/home/prakt3/praktikum_ws/install/moveit_resources_panda_description:/home/prakt3/praktikum_ws/install/moveit_resources_fanuc_description:/home/prakt3/praktikum_ws/install/vrpn:/opt/ros/galactic /usr/bin/cmake --install /home/prakt3/praktikum_ws/build/moveit_resources
[2.336s] -- Install configuration: ""
[2.338s] -- Installing: /home/prakt3/praktikum_ws/install/moveit_resources/share/ament_index/resource_index/package_run_dependencies/moveit_resources
[2.338s] -- Installing: /home/prakt3/praktikum_ws/install/moveit_resources/share/ament_index/resource_index/parent_prefix_path/moveit_resources
[2.339s] -- Installing: /home/prakt3/praktikum_ws/install/moveit_resources/share/moveit_resources/environment/ament_prefix_path.sh
[2.339s] -- Installing: /home/prakt3/praktikum_ws/install/moveit_resources/share/moveit_resources/environment/ament_prefix_path.dsv
[2.339s] -- Installing: /home/prakt3/praktikum_ws/install/moveit_resources/share/moveit_resources/environment/path.sh
[2.339s] -- Installing: /home/prakt3/praktikum_ws/install/moveit_resources/share/moveit_resources/environment/path.dsv
[2.339s] -- Installing: /home/prakt3/praktikum_ws/install/moveit_resources/share/moveit_resources/local_setup.bash
[2.339s] -- Installing: /home/prakt3/praktikum_ws/install/moveit_resources/share/moveit_resources/local_setup.sh
[2.339s] -- Installing: /home/prakt3/praktikum_ws/install/moveit_resources/share/moveit_resources/local_setup.zsh
[2.339s] -- Installing: /home/prakt3/praktikum_ws/install/moveit_resources/share/moveit_resources/local_setup.dsv
[2.339s] -- Installing: /home/prakt3/praktikum_ws/install/moveit_resources/share/moveit_resources/package.dsv
[2.339s] -- Installing: /home/prakt3/praktikum_ws/install/moveit_resources/share/ament_index/resource_index/packages/moveit_resources
[2.340s] -- Installing: /home/prakt3/praktikum_ws/install/moveit_resources/share/moveit_resources/cmake/moveit_resourcesConfig.cmake
[2.340s] -- Installing: /home/prakt3/praktikum_ws/install/moveit_resources/share/moveit_resources/cmake/moveit_resourcesConfig-version.cmake
[2.340s] -- Installing: /home/prakt3/praktikum_ws/install/moveit_resources/share/moveit_resources/package.xml
[2.340s] Invoked command in '/home/prakt3/praktikum_ws/build/moveit_resources' returned '0': AMENT_PREFIX_PATH=/home/prakt3/praktikum_ws/install/moveit_resources_panda_moveit_config:/home/prakt3/praktikum_ws/install/moveit_resources_fanuc_moveit_config:/home/prakt3/praktikum_ws/install/moveit_resources_pr2_description:/home/prakt3/praktikum_ws/install/moveit_resources_panda_description:/home/prakt3/praktikum_ws/install/moveit_resources_fanuc_description:${AMENT_PREFIX_PATH} CMAKE_PREFIX_PATH=/home/prakt3/praktikum_ws/install/moveit_resources_panda_moveit_config:/home/prakt3/praktikum_ws/install/moveit_resources_fanuc_moveit_config:/home/prakt3/praktikum_ws/install/moveit_resources_pr2_description:/home/prakt3/praktikum_ws/install/moveit_resources_panda_description:/home/prakt3/praktikum_ws/install/moveit_resources_fanuc_description:/home/prakt3/praktikum_ws/install/vrpn:/opt/ros/galactic /usr/bin/cmake --install /home/prakt3/praktikum_ws/build/moveit_resources
