-- The C compiler identification is GNU 9.4.0
-- The CXX compiler identification is GNU 9.4.0
-- Check for working C compiler: /usr/bin/cc
-- Check for working C compiler: /usr/bin/cc -- works
-- Detecting C compiler ABI info
-- Detecting C compiler ABI info - done
-- Detecting C compile features
-- Detecting C compile features - done
-- Check for working CXX compiler: /usr/bin/c++
-- Check for working CXX compiler: /usr/bin/c++ -- works
-- Detecting CXX compiler ABI info
-- Detecting CXX compiler ABI info - done
-- Detecting CXX compile features
-- Detecting CXX compile features - done
-- Found ament_cmake: 1.1.6 (/opt/ros/galactic/share/ament_cmake/cmake)
-- Found PythonInterp: /usr/bin/python3 (found suitable version "3.8.10", minimum required is "3") 
-- Using PYTHON_EXECUTABLE: /usr/bin/python3
-- Configuring done
-- Generating done
-- Build files have been written to: /home/prakt3/praktikum_ws/build/moveit_resources
-- Install configuration: ""
-- Installing: /home/prakt3/praktikum_ws/install/moveit_resources/share/ament_index/resource_index/package_run_dependencies/moveit_resources
-- Installing: /home/prakt3/praktikum_ws/install/moveit_resources/share/ament_index/resource_index/parent_prefix_path/moveit_resources
-- Installing: /home/prakt3/praktikum_ws/install/moveit_resources/share/moveit_resources/environment/ament_prefix_path.sh
-- Installing: /home/prakt3/praktikum_ws/install/moveit_resources/share/moveit_resources/environment/ament_prefix_path.dsv
-- Installing: /home/prakt3/praktikum_ws/install/moveit_resources/share/moveit_resources/environment/path.sh
-- Installing: /home/prakt3/praktikum_ws/install/moveit_resources/share/moveit_resources/environment/path.dsv
-- Installing: /home/prakt3/praktikum_ws/install/moveit_resources/share/moveit_resources/local_setup.bash
-- Installing: /home/prakt3/praktikum_ws/install/moveit_resources/share/moveit_resources/local_setup.sh
-- Installing: /home/prakt3/praktikum_ws/install/moveit_resources/share/moveit_resources/local_setup.zsh
-- Installing: /home/prakt3/praktikum_ws/install/moveit_resources/share/moveit_resources/local_setup.dsv
-- Installing: /home/prakt3/praktikum_ws/install/moveit_resources/share/moveit_resources/package.dsv
-- Installing: /home/prakt3/praktikum_ws/install/moveit_resources/share/ament_index/resource_index/packages/moveit_resources
-- Installing: /home/prakt3/praktikum_ws/install/moveit_resources/share/moveit_resources/cmake/moveit_resourcesConfig.cmake
-- Installing: /home/prakt3/praktikum_ws/install/moveit_resources/share/moveit_resources/cmake/moveit_resourcesConfig-version.cmake
-- Installing: /home/prakt3/praktikum_ws/install/moveit_resources/share/moveit_resources/package.xml
