[0.070s] Invoking command in '/home/prakt3/praktikum_ws/build/moveit_resources': AMENT_PREFIX_PATH=/home/prakt3/praktikum_ws/install/moveit_resources_panda_moveit_config:/home/prakt3/praktikum_ws/install/moveit_resources_fanuc_moveit_config:/home/prakt3/praktikum_ws/install/moveit_resources_pr2_description:/home/prakt3/praktikum_ws/install/moveit_resources_panda_description:/home/prakt3/praktikum_ws/install/moveit_resources_fanuc_description:${AMENT_PREFIX_PATH} CMAKE_PREFIX_PATH=/home/prakt3/praktikum_ws/install/moveit_resources_panda_moveit_config:/home/prakt3/praktikum_ws/install/moveit_resources_fanuc_moveit_config:/home/prakt3/praktikum_ws/install/moveit_resources_pr2_description:/home/prakt3/praktikum_ws/install/moveit_resources_panda_description:/home/prakt3/praktikum_ws/install/moveit_resources_fanuc_description:/home/prakt3/praktikum_ws/install/vrpn:/opt/ros/galactic /usr/bin/cmake /home/prakt3/praktikum_ws/src/moveit_resources/moveit_resources -DCMAKE_INSTALL_PREFIX=/home/prakt3/praktikum_ws/install/moveit_resources
[0.296s] -- The C compiler identification is GNU 9.4.0
[0.470s] -- The CXX compiler identification is GNU 9.4.0
[0.474s] -- Check for working C compiler: /usr/bin/cc
[0.783s] -- Check for working C compiler: /usr/bin/cc -- works
[0.784s] -- Detecting C compiler ABI info
[1.051s] -- Detecting C compiler ABI info - done
[1.071s] -- Detecting C compile features
[1.071s] -- Detecting C compile features - done
[1.079s] -- Check for working CXX compiler: /usr/bin/c++
[1.410s] -- Check for working CXX compiler: /usr/bin/c++ -- works
[1.411s] -- Detecting CXX compiler ABI info
[1.743s] -- Detecting CXX compiler ABI info - done
[1.761s] -- Detecting CXX compile features
[1.761s] -- Detecting CXX compile features - done
[1.764s] -- Found ament_cmake: 1.1.6 (/opt/ros/galactic/share/ament_cmake/cmake)
[1.816s] -- Found PythonInterp: /usr/bin/python3 (found suitable version "3.8.10", minimum required is "3") 
[1.817s] -- Using PYTHON_EXECUTABLE: /usr/bin/python3
[1.967s] -- Configuring done
[1.969s] -- Generating done
[1.970s] -- Build files have been written to: /home/prakt3/praktikum_ws/build/moveit_resources
[1.976s] Invoked command in '/home/prakt3/praktikum_ws/build/moveit_resources' returned '0': AMENT_PREFIX_PATH=/home/prakt3/praktikum_ws/install/moveit_resources_panda_moveit_config:/home/prakt3/praktikum_ws/install/moveit_resources_fanuc_moveit_config:/home/prakt3/praktikum_ws/install/moveit_resources_pr2_description:/home/prakt3/praktikum_ws/install/moveit_resources_panda_description:/home/prakt3/praktikum_ws/install/moveit_resources_fanuc_description:${AMENT_PREFIX_PATH} CMAKE_PREFIX_PATH=/home/prakt3/praktikum_ws/install/moveit_resources_panda_moveit_config:/home/prakt3/praktikum_ws/install/moveit_resources_fanuc_moveit_config:/home/prakt3/praktikum_ws/install/moveit_resources_pr2_description:/home/prakt3/praktikum_ws/install/moveit_resources_panda_description:/home/prakt3/praktikum_ws/install/moveit_resources_fanuc_description:/home/prakt3/praktikum_ws/install/vrpn:/opt/ros/galactic /usr/bin/cmake /home/prakt3/praktikum_ws/src/moveit_resources/moveit_resources -DCMAKE_INSTALL_PREFIX=/home/prakt3/praktikum_ws/install/moveit_resources
[1.976s] Invoking command in '/home/prakt3/praktikum_ws/build/moveit_resources': AMENT_PREFIX_PATH=/home/prakt3/praktikum_ws/install/moveit_resources_panda_moveit_config:/home/prakt3/praktikum_ws/install/moveit_resources_fanuc_moveit_config:/home/prakt3/praktikum_ws/install/moveit_resources_pr2_description:/home/prakt3/praktikum_ws/install/moveit_resources_panda_description:/home/prakt3/praktikum_ws/install/moveit_resources_fanuc_description:${AMENT_PREFIX_PATH} CMAKE_PREFIX_PATH=/home/prakt3/praktikum_ws/install/moveit_resources_panda_moveit_config:/home/prakt3/praktikum_ws/install/moveit_resources_fanuc_moveit_config:/home/prakt3/praktikum_ws/install/moveit_resources_pr2_description:/home/prakt3/praktikum_ws/install/moveit_resources_panda_description:/home/prakt3/praktikum_ws/install/moveit_resources_fanuc_description:/home/prakt3/praktikum_ws/install/vrpn:/opt/ros/galactic /usr/bin/cmake --build /home/prakt3/praktikum_ws/build/moveit_resources -- -j12 -l12
[2.088s] Invoked command in '/home/prakt3/praktikum_ws/build/moveit_resources' returned '0': AMENT_PREFIX_PATH=/home/prakt3/praktikum_ws/install/moveit_resources_panda_moveit_config:/home/prakt3/praktikum_ws/install/moveit_resources_fanuc_moveit_config:/home/prakt3/praktikum_ws/install/moveit_resources_pr2_description:/home/prakt3/praktikum_ws/install/moveit_resources_panda_description:/home/prakt3/praktikum_ws/install/moveit_resources_fanuc_description:${AMENT_PREFIX_PATH} CMAKE_PREFIX_PATH=/home/prakt3/praktikum_ws/install/moveit_resources_panda_moveit_config:/home/prakt3/praktikum_ws/install/moveit_resources_fanuc_moveit_config:/home/prakt3/praktikum_ws/install/moveit_resources_pr2_description:/home/prakt3/praktikum_ws/install/moveit_resources_panda_description:/home/prakt3/praktikum_ws/install/moveit_resources_fanuc_description:/home/prakt3/praktikum_ws/install/vrpn:/opt/ros/galactic /usr/bin/cmake --build /home/prakt3/praktikum_ws/build/moveit_resources -- -j12 -l12
[2.369s] Invoking command in '/home/prakt3/praktikum_ws/build/moveit_resources': AMENT_PREFIX_PATH=/home/prakt3/praktikum_ws/install/moveit_resources_panda_moveit_config:/home/prakt3/praktikum_ws/install/moveit_resources_fanuc_moveit_config:/home/prakt3/praktikum_ws/install/moveit_resources_pr2_description:/home/prakt3/praktikum_ws/install/moveit_resources_panda_description:/home/prakt3/praktikum_ws/install/moveit_resources_fanuc_description:${AMENT_PREFIX_PATH} CMAKE_PREFIX_PATH=/home/prakt3/praktikum_ws/install/moveit_resources_panda_moveit_config:/home/prakt3/praktikum_ws/install/moveit_resources_fanuc_moveit_config:/home/prakt3/praktikum_ws/install/moveit_resources_pr2_description:/home/prakt3/praktikum_ws/install/moveit_resources_panda_description:/home/prakt3/praktikum_ws/install/moveit_resources_fanuc_description:/home/prakt3/praktikum_ws/install/vrpn:/opt/ros/galactic /usr/bin/cmake --install /home/prakt3/praktikum_ws/build/moveit_resources
[2.402s] -- Install configuration: ""
[2.402s] -- Installing: /home/prakt3/praktikum_ws/install/moveit_resources/share/ament_index/resource_index/package_run_dependencies/moveit_resources
[2.402s] -- Installing: /home/prakt3/praktikum_ws/install/moveit_resources/share/ament_index/resource_index/parent_prefix_path/moveit_resources
[2.402s] -- Installing: /home/prakt3/praktikum_ws/install/moveit_resources/share/moveit_resources/environment/ament_prefix_path.sh
[2.402s] -- Installing: /home/prakt3/praktikum_ws/install/moveit_resources/share/moveit_resources/environment/ament_prefix_path.dsv
[2.402s] -- Installing: /home/prakt3/praktikum_ws/install/moveit_resources/share/moveit_resources/environment/path.sh
[2.402s] -- Installing: /home/prakt3/praktikum_ws/install/moveit_resources/share/moveit_resources/environment/path.dsv
[2.403s] -- Installing: /home/prakt3/praktikum_ws/install/moveit_resources/share/moveit_resources/local_setup.bash
[2.403s] -- Installing: /home/prakt3/praktikum_ws/install/moveit_resources/share/moveit_resources/local_setup.sh
[2.403s] -- Installing: /home/prakt3/praktikum_ws/install/moveit_resources/share/moveit_resources/local_setup.zsh
[2.403s] -- Installing: /home/prakt3/praktikum_ws/install/moveit_resources/share/moveit_resources/local_setup.dsv
[2.403s] -- Installing: /home/prakt3/praktikum_ws/install/moveit_resources/share/moveit_resources/package.dsv
[2.403s] -- Installing: /home/prakt3/praktikum_ws/install/moveit_resources/share/ament_index/resource_index/packages/moveit_resources
[2.403s] -- Installing: /home/prakt3/praktikum_ws/install/moveit_resources/share/moveit_resources/cmake/moveit_resourcesConfig.cmake
[2.403s] -- Installing: /home/prakt3/praktikum_ws/install/moveit_resources/share/moveit_resources/cmake/moveit_resourcesConfig-version.cmake
[2.403s] -- Installing: /home/prakt3/praktikum_ws/install/moveit_resources/share/moveit_resources/package.xml
[2.408s] Invoked command in '/home/prakt3/praktikum_ws/build/moveit_resources' returned '0': AMENT_PREFIX_PATH=/home/prakt3/praktikum_ws/install/moveit_resources_panda_moveit_config:/home/prakt3/praktikum_ws/install/moveit_resources_fanuc_moveit_config:/home/prakt3/praktikum_ws/install/moveit_resources_pr2_description:/home/prakt3/praktikum_ws/install/moveit_resources_panda_description:/home/prakt3/praktikum_ws/install/moveit_resources_fanuc_description:${AMENT_PREFIX_PATH} CMAKE_PREFIX_PATH=/home/prakt3/praktikum_ws/install/moveit_resources_panda_moveit_config:/home/prakt3/praktikum_ws/install/moveit_resources_fanuc_moveit_config:/home/prakt3/praktikum_ws/install/moveit_resources_pr2_description:/home/prakt3/praktikum_ws/install/moveit_resources_panda_description:/home/prakt3/praktikum_ws/install/moveit_resources_fanuc_description:/home/prakt3/praktikum_ws/install/vrpn:/opt/ros/galactic /usr/bin/cmake --install /home/prakt3/praktikum_ws/build/moveit_resources
