[0.013s] Invoking command in '/home/prakt3/praktikum_ws/build/ur5e_bringup': AMENT_PREFIX_PATH=/home/prakt3/praktikum_ws/install/picture_to_points_service:/home/prakt3/praktikum_ws/install/interfaces:${AMENT_PREFIX_PATH} CMAKE_PREFIX_PATH=/home/prakt3/praktikum_ws/install/interfaces:/home/prakt3/praktikum_ws/install/vrpn:/opt/ros/galactic LD_LIBRARY_PATH=/home/prakt3/praktikum_ws/install/interfaces/lib:${LD_LIBRARY_PATH} PYTHONPATH=/home/prakt3/praktikum_ws/install/picture_to_points_service/lib/python3.8/site-packages:/home/prakt3/praktikum_ws/install/interfaces/lib/python3.8/site-packages:${PYTHONPATH} /usr/bin/cmake /home/prakt3/praktikum_ws/src/ur5e_bringup -DCMAKE_INSTALL_PREFIX=/home/prakt3/praktikum_ws/install/ur5e_bringup
[0.061s] -- The C compiler identification is GNU 9.4.0
[0.111s] -- The CXX compiler identification is GNU 9.4.0
[0.115s] -- Check for working C compiler: /usr/bin/cc
[0.173s] -- Check for working C compiler: /usr/bin/cc -- works
[0.174s] -- Detecting C compiler ABI info
[0.233s] -- Detecting C compiler ABI info - done
[0.244s] -- Detecting C compile features
[0.245s] -- Detecting C compile features - done
[0.247s] -- Check for working CXX compiler: /usr/bin/c++
[0.314s] -- Check for working CXX compiler: /usr/bin/c++ -- works
[0.315s] -- Detecting CXX compiler ABI info
[0.383s] -- Detecting CXX compiler ABI info - done
[0.395s] -- Detecting CXX compile features
[0.395s] -- Detecting CXX compile features - done
[0.397s] -- Found ament_cmake: 1.1.6 (/opt/ros/galactic/share/ament_cmake/cmake)
[0.420s] -- Found PythonInterp: /usr/bin/python3 (found suitable version "3.8.10", minimum required is "3") 
[0.421s] -- Using PYTHON_EXECUTABLE: /usr/bin/python3
[0.497s] -- Found ament_lint_auto: 0.10.7 (/opt/ros/galactic/share/ament_lint_auto/cmake)
[0.568s] -- Added test 'copyright' to check source files copyright and LICENSE
[0.570s] -- Added test 'flake8' to check Python code syntax and style conventions
[0.570s] -- Added test 'lint_cmake' to check CMake code style
[0.570s] -- Added test 'pep257' to check Python code against some of the style conventions in PEP 257
[0.571s] -- Added test 'xmllint' to check XML markup files
[0.573s] -- Configuring done
[0.574s] -- Generating done
[0.575s] -- Build files have been written to: /home/prakt3/praktikum_ws/build/ur5e_bringup
[0.578s] Invoked command in '/home/prakt3/praktikum_ws/build/ur5e_bringup' returned '0': AMENT_PREFIX_PATH=/home/prakt3/praktikum_ws/install/picture_to_points_service:/home/prakt3/praktikum_ws/install/interfaces:${AMENT_PREFIX_PATH} CMAKE_PREFIX_PATH=/home/prakt3/praktikum_ws/install/interfaces:/home/prakt3/praktikum_ws/install/vrpn:/opt/ros/galactic LD_LIBRARY_PATH=/home/prakt3/praktikum_ws/install/interfaces/lib:${LD_LIBRARY_PATH} PYTHONPATH=/home/prakt3/praktikum_ws/install/picture_to_points_service/lib/python3.8/site-packages:/home/prakt3/praktikum_ws/install/interfaces/lib/python3.8/site-packages:${PYTHONPATH} /usr/bin/cmake /home/prakt3/praktikum_ws/src/ur5e_bringup -DCMAKE_INSTALL_PREFIX=/home/prakt3/praktikum_ws/install/ur5e_bringup
[0.580s] Invoking command in '/home/prakt3/praktikum_ws/build/ur5e_bringup': AMENT_PREFIX_PATH=/home/prakt3/praktikum_ws/install/picture_to_points_service:/home/prakt3/praktikum_ws/install/interfaces:${AMENT_PREFIX_PATH} CMAKE_PREFIX_PATH=/home/prakt3/praktikum_ws/install/interfaces:/home/prakt3/praktikum_ws/install/vrpn:/opt/ros/galactic LD_LIBRARY_PATH=/home/prakt3/praktikum_ws/install/interfaces/lib:${LD_LIBRARY_PATH} PYTHONPATH=/home/prakt3/praktikum_ws/install/picture_to_points_service/lib/python3.8/site-packages:/home/prakt3/praktikum_ws/install/interfaces/lib/python3.8/site-packages:${PYTHONPATH} /usr/bin/cmake --build /home/prakt3/praktikum_ws/build/ur5e_bringup -- -j12 -l12
[0.613s] Invoked command in '/home/prakt3/praktikum_ws/build/ur5e_bringup' returned '0': AMENT_PREFIX_PATH=/home/prakt3/praktikum_ws/install/picture_to_points_service:/home/prakt3/praktikum_ws/install/interfaces:${AMENT_PREFIX_PATH} CMAKE_PREFIX_PATH=/home/prakt3/praktikum_ws/install/interfaces:/home/prakt3/praktikum_ws/install/vrpn:/opt/ros/galactic LD_LIBRARY_PATH=/home/prakt3/praktikum_ws/install/interfaces/lib:${LD_LIBRARY_PATH} PYTHONPATH=/home/prakt3/praktikum_ws/install/picture_to_points_service/lib/python3.8/site-packages:/home/prakt3/praktikum_ws/install/interfaces/lib/python3.8/site-packages:${PYTHONPATH} /usr/bin/cmake --build /home/prakt3/praktikum_ws/build/ur5e_bringup -- -j12 -l12
[0.632s] Invoking command in '/home/prakt3/praktikum_ws/build/ur5e_bringup': AMENT_PREFIX_PATH=/home/prakt3/praktikum_ws/install/picture_to_points_service:/home/prakt3/praktikum_ws/install/interfaces:${AMENT_PREFIX_PATH} CMAKE_PREFIX_PATH=/home/prakt3/praktikum_ws/install/interfaces:/home/prakt3/praktikum_ws/install/vrpn:/opt/ros/galactic LD_LIBRARY_PATH=/home/prakt3/praktikum_ws/install/interfaces/lib:${LD_LIBRARY_PATH} PYTHONPATH=/home/prakt3/praktikum_ws/install/picture_to_points_service/lib/python3.8/site-packages:/home/prakt3/praktikum_ws/install/interfaces/lib/python3.8/site-packages:${PYTHONPATH} /usr/bin/cmake --install /home/prakt3/praktikum_ws/build/ur5e_bringup
[0.640s] -- Install configuration: ""
[0.640s] -- Installing: /home/prakt3/praktikum_ws/install/ur5e_bringup/share/ur5e_bringup/launch
[0.640s] -- Installing: /home/prakt3/praktikum_ws/install/ur5e_bringup/share/ur5e_bringup/launch/prakt_launch.py
[0.640s] -- Installing: /home/prakt3/praktikum_ws/install/ur5e_bringup/share/ament_index/resource_index/package_run_dependencies/ur5e_bringup
[0.640s] -- Installing: /home/prakt3/praktikum_ws/install/ur5e_bringup/share/ament_index/resource_index/parent_prefix_path/ur5e_bringup
[0.640s] -- Installing: /home/prakt3/praktikum_ws/install/ur5e_bringup/share/ur5e_bringup/environment/ament_prefix_path.sh
[0.640s] -- Installing: /home/prakt3/praktikum_ws/install/ur5e_bringup/share/ur5e_bringup/environment/ament_prefix_path.dsv
[0.640s] -- Installing: /home/prakt3/praktikum_ws/install/ur5e_bringup/share/ur5e_bringup/environment/path.sh
[0.640s] -- Installing: /home/prakt3/praktikum_ws/install/ur5e_bringup/share/ur5e_bringup/environment/path.dsv
[0.640s] -- Installing: /home/prakt3/praktikum_ws/install/ur5e_bringup/share/ur5e_bringup/local_setup.bash
[0.640s] -- Installing: /home/prakt3/praktikum_ws/install/ur5e_bringup/share/ur5e_bringup/local_setup.sh
[0.641s] -- Installing: /home/prakt3/praktikum_ws/install/ur5e_bringup/share/ur5e_bringup/local_setup.zsh
[0.641s] -- Installing: /home/prakt3/praktikum_ws/install/ur5e_bringup/share/ur5e_bringup/local_setup.dsv
[0.641s] -- Installing: /home/prakt3/praktikum_ws/install/ur5e_bringup/share/ur5e_bringup/package.dsv
[0.641s] -- Installing: /home/prakt3/praktikum_ws/install/ur5e_bringup/share/ament_index/resource_index/packages/ur5e_bringup
[0.641s] -- Installing: /home/prakt3/praktikum_ws/install/ur5e_bringup/share/ur5e_bringup/cmake/ur5e_bringupConfig.cmake
[0.641s] -- Installing: /home/prakt3/praktikum_ws/install/ur5e_bringup/share/ur5e_bringup/cmake/ur5e_bringupConfig-version.cmake
[0.641s] -- Installing: /home/prakt3/praktikum_ws/install/ur5e_bringup/share/ur5e_bringup/package.xml
[0.645s] Invoked command in '/home/prakt3/praktikum_ws/build/ur5e_bringup' returned '0': AMENT_PREFIX_PATH=/home/prakt3/praktikum_ws/install/picture_to_points_service:/home/prakt3/praktikum_ws/install/interfaces:${AMENT_PREFIX_PATH} CMAKE_PREFIX_PATH=/home/prakt3/praktikum_ws/install/interfaces:/home/prakt3/praktikum_ws/install/vrpn:/opt/ros/galactic LD_LIBRARY_PATH=/home/prakt3/praktikum_ws/install/interfaces/lib:${LD_LIBRARY_PATH} PYTHONPATH=/home/prakt3/praktikum_ws/install/picture_to_points_service/lib/python3.8/site-packages:/home/prakt3/praktikum_ws/install/interfaces/lib/python3.8/site-packages:${PYTHONPATH} /usr/bin/cmake --install /home/prakt3/praktikum_ws/build/ur5e_bringup
