[0.047s] Invoking command in '/home/prakt3/praktikum_ws/build/robprakt_interfaces': CMAKE_PREFIX_PATH=${CMAKE_PREFIX_PATH}:/opt/ros/galactic /usr/bin/cmake /home/prakt3/praktikum_ws/src/robprakt_interfaces -DCMAKE_INSTALL_PREFIX=/home/prakt3/praktikum_ws/install/robprakt_interfaces
[0.695s] -- The C compiler identification is GNU 9.4.0
[0.695s] -- The CXX compiler identification is GNU 9.4.0
[0.695s] -- Check for working C compiler: /usr/bin/cc
[0.695s] -- Check for working C compiler: /usr/bin/cc -- works
[0.695s] -- Detecting C compiler ABI info
[0.695s] -- Detecting C compiler ABI info - done
[0.695s] -- Detecting C compile features
[0.695s] -- Detecting C compile features - done
[0.695s] -- Check for working CXX compiler: /usr/bin/c++
[0.695s] -- Check for working CXX compiler: /usr/bin/c++ -- works
[0.695s] -- Detecting CXX compiler ABI info
[0.695s] -- Detecting CXX compiler ABI info - done
[0.695s] -- Detecting CXX compile features
[0.695s] -- Detecting CXX compile features - done
[0.695s] -- Found ament_cmake: 1.1.6 (/opt/ros/galactic/share/ament_cmake/cmake)
[0.695s] -- Found PythonInterp: /usr/bin/python3 (found suitable version "3.8.10", minimum required is "3") 
[0.695s] -- Using PYTHON_EXECUTABLE: /usr/bin/python3
[0.695s] -- Found rosidl_default_generators: 1.1.1 (/opt/ros/galactic/share/rosidl_default_generators/cmake)
[0.695s] -- Using all available rosidl_typesupport_c: rosidl_typesupport_fastrtps_c;rosidl_typesupport_introspection_c
[0.695s] -- Found rosidl_adapter: 2.2.3 (/opt/ros/galactic/share/rosidl_adapter/cmake)
[0.696s] -- Found OpenSSL: /usr/lib/x86_64-linux-gnu/libcrypto.so (found version "1.1.1f")  
[0.696s] -- Found FastRTPS: /opt/ros/galactic/include  
[0.696s] -- Using all available rosidl_typesupport_cpp: rosidl_typesupport_fastrtps_cpp;rosidl_typesupport_introspection_cpp
[0.696s] -- Found PythonInterp: /usr/bin/python3 (found version "3.8.10") 
[0.736s] -- Found ament_cmake_ros: 0.9.2 (/opt/ros/galactic/share/ament_cmake_ros/cmake)
[0.829s] -- Using all available rosidl_typesupport_c: rosidl_typesupport_fastrtps_c;rosidl_typesupport_introspection_c
[0.833s] -- Using all available rosidl_typesupport_cpp: rosidl_typesupport_fastrtps_cpp;rosidl_typesupport_introspection_cpp
[0.850s] -- Found PythonInterp: /usr/bin/python3 (found suitable version "3.8.10", minimum required is "3.5") 
[0.851s] -- Found python_cmake_module: 0.8.1 (/opt/ros/galactic/share/python_cmake_module/cmake)
[0.870s] -- Found PythonLibs: /usr/lib/x86_64-linux-gnu/libpython3.8.so (found suitable version "3.8.10", minimum required is "3.5") 
[0.871s] -- Using PYTHON_EXECUTABLE: /usr/bin/python3
[0.871s] -- Using PYTHON_INCLUDE_DIRS: /usr/include/python3.8
[0.871s] -- Using PYTHON_LIBRARIES: /usr/lib/x86_64-linux-gnu/libpython3.8.so
[0.891s] -- Found PythonExtra: .so  
[0.927s] -- Found ament_lint_auto: 0.10.7 (/opt/ros/galactic/share/ament_lint_auto/cmake)
[0.947s] -- Added test 'copyright' to check source files copyright and LICENSE
[0.949s] -- Added test 'lint_cmake' to check CMake code style
[0.950s] -- Added test 'xmllint' to check XML markup files
[0.954s] -- Configuring done
[0.980s] -- Generating done
[0.982s] -- Build files have been written to: /home/prakt3/praktikum_ws/build/robprakt_interfaces
[1.090s] Invoked command in '/home/prakt3/praktikum_ws/build/robprakt_interfaces' returned '0': CMAKE_PREFIX_PATH=${CMAKE_PREFIX_PATH}:/opt/ros/galactic /usr/bin/cmake /home/prakt3/praktikum_ws/src/robprakt_interfaces -DCMAKE_INSTALL_PREFIX=/home/prakt3/praktikum_ws/install/robprakt_interfaces
[1.092s] Invoking command in '/home/prakt3/praktikum_ws/build/robprakt_interfaces': CMAKE_PREFIX_PATH=${CMAKE_PREFIX_PATH}:/opt/ros/galactic /usr/bin/cmake --build /home/prakt3/praktikum_ws/build/robprakt_interfaces -- -j12 -l12
[1.121s] [35m[1mScanning dependencies of target robprakt_interfaces__cpp[0m
[1.128s] [  3%] [34m[1mGenerating C code for ROS interfaces[0m
[1.129s] [  6%] [34m[1mGenerating C++ code for ROS interfaces[0m
[1.391s] [35m[1mScanning dependencies of target robprakt_interfaces__rosidl_generator_c[0m
[1.397s] [  6%] Built target robprakt_interfaces__cpp
[1.405s] [  9%] [34m[1mGenerating C++ introspection for ROS interfaces[0m
[1.407s] [ 12%] [32mBuilding C object CMakeFiles/robprakt_interfaces__rosidl_generator_c.dir/rosidl_generator_c/robprakt_interfaces/srv/detail/set_ur_io__functions.c.o[0m
[1.407s] [ 16%] [34m[1mGenerating C++ type support dispatch for ROS interfaces[0m
[1.413s] [ 19%] [34m[1mGenerating C++ type support for eProsima Fast-RTPS[0m
[1.491s] [ 22%] [32m[1mLinking C shared library librobprakt_interfaces__rosidl_generator_c.so[0m
[1.561s] [ 22%] Built target robprakt_interfaces__rosidl_generator_c
[1.582s] [ 25%] [34m[1mGenerating C introspection for ROS interfaces[0m
[1.589s] [ 29%] [34m[1mGenerating C type support dispatch for ROS interfaces[0m
[1.625s] [35m[1mScanning dependencies of target robprakt_interfaces__rosidl_typesupport_cpp[0m
[1.635s] [35m[1mScanning dependencies of target robprakt_interfaces__rosidl_typesupport_introspection_cpp[0m
[1.649s] [ 32%] [32mBuilding CXX object CMakeFiles/robprakt_interfaces__rosidl_typesupport_cpp.dir/rosidl_typesupport_cpp/robprakt_interfaces/srv/set_ur_io__type_support.cpp.o[0m
[1.663s] [ 35%] [32mBuilding CXX object CMakeFiles/robprakt_interfaces__rosidl_typesupport_introspection_cpp.dir/rosidl_typesupport_introspection_cpp/robprakt_interfaces/srv/detail/set_ur_io__type_support.cpp.o[0m
[1.672s] [35m[1mScanning dependencies of target robprakt_interfaces__rosidl_typesupport_fastrtps_cpp[0m
[1.691s] [ 38%] [32mBuilding CXX object CMakeFiles/robprakt_interfaces__rosidl_typesupport_fastrtps_cpp.dir/rosidl_typesupport_fastrtps_cpp/robprakt_interfaces/srv/detail/dds_fastrtps/set_ur_io__type_support.cpp.o[0m
[1.788s] [35m[1mScanning dependencies of target robprakt_interfaces__rosidl_typesupport_c[0m
[1.809s] [ 41%] [32mBuilding CXX object CMakeFiles/robprakt_interfaces__rosidl_typesupport_c.dir/rosidl_typesupport_c/robprakt_interfaces/srv/set_ur_io__type_support.cpp.o[0m
[1.838s] [35m[1mScanning dependencies of target robprakt_interfaces__rosidl_typesupport_introspection_c[0m
[1.849s] [ 45%] [32m[1mLinking CXX shared library librobprakt_interfaces__rosidl_typesupport_c.so[0m
[1.863s] [ 48%] [32mBuilding C object CMakeFiles/robprakt_interfaces__rosidl_typesupport_introspection_c.dir/rosidl_typesupport_introspection_c/robprakt_interfaces/srv/detail/set_ur_io__type_support.c.o[0m
[1.901s] [ 51%] [32m[1mLinking CXX shared library librobprakt_interfaces__rosidl_typesupport_cpp.so[0m
[1.910s] [ 51%] Built target robprakt_interfaces__rosidl_typesupport_c
[1.910s] [ 54%] [32m[1mLinking C shared library librobprakt_interfaces__rosidl_typesupport_introspection_c.so[0m
[1.916s] [ 58%] [32m[1mLinking CXX shared library librobprakt_interfaces__rosidl_typesupport_introspection_cpp.so[0m
[1.938s] [ 58%] Built target robprakt_interfaces__rosidl_typesupport_cpp
[1.955s] [ 58%] Built target robprakt_interfaces__rosidl_typesupport_introspection_c
[1.964s] [ 58%] Built target robprakt_interfaces__rosidl_typesupport_introspection_cpp
[2.133s] [ 61%] [32m[1mLinking CXX shared library librobprakt_interfaces__rosidl_typesupport_fastrtps_cpp.so[0m
[2.324s] [ 61%] Built target robprakt_interfaces__rosidl_typesupport_fastrtps_cpp
[2.387s] [ 64%] [34m[1mGenerating C type support for eProsima Fast-RTPS[0m
[2.816s] [35m[1mScanning dependencies of target robprakt_interfaces__rosidl_typesupport_fastrtps_c[0m
[2.888s] [ 67%] [32mBuilding CXX object CMakeFiles/robprakt_interfaces__rosidl_typesupport_fastrtps_c.dir/rosidl_typesupport_fastrtps_c/robprakt_interfaces/srv/detail/set_ur_io__type_support_c.cpp.o[0m
[3.394s] [ 70%] [32m[1mLinking CXX shared library librobprakt_interfaces__rosidl_typesupport_fastrtps_c.so[0m
[3.701s] [ 70%] Built target robprakt_interfaces__rosidl_typesupport_fastrtps_c
[3.745s] [35m[1mScanning dependencies of target robprakt_interfaces[0m
[3.823s] [ 70%] Built target robprakt_interfaces
[3.876s] [35m[1mScanning dependencies of target robprakt_interfaces__py[0m
[3.911s] [ 74%] [34m[1mGenerating Python code for ROS interfaces[0m
[4.642s] [ 74%] Built target robprakt_interfaces__py
[4.692s] [35m[1mScanning dependencies of target robprakt_interfaces__python[0m
[4.736s] [ 77%] [32mBuilding C object CMakeFiles/robprakt_interfaces__python.dir/rosidl_generator_py/robprakt_interfaces/srv/_set_ur_io_s.c.o[0m
[4.897s] [ 80%] [32m[1mLinking C shared library rosidl_generator_py/robprakt_interfaces/librobprakt_interfaces__python.so[0m
[4.992s] [ 80%] Built target robprakt_interfaces__python
[5.035s] [35m[1mScanning dependencies of target robprakt_interfaces__rosidl_typesupport_fastrtps_c__pyext[0m
[5.047s] [35m[1mScanning dependencies of target robprakt_interfaces__rosidl_typesupport_introspection_c__pyext[0m
[5.057s] [35m[1mScanning dependencies of target robprakt_interfaces__rosidl_typesupport_c__pyext[0m
[5.074s] [ 83%] [32mBuilding C object CMakeFiles/robprakt_interfaces__rosidl_typesupport_fastrtps_c__pyext.dir/rosidl_generator_py/robprakt_interfaces/_robprakt_interfaces_s.ep.rosidl_typesupport_fastrtps_c.c.o[0m
[5.086s] [ 87%] [32mBuilding C object CMakeFiles/robprakt_interfaces__rosidl_typesupport_introspection_c__pyext.dir/rosidl_generator_py/robprakt_interfaces/_robprakt_interfaces_s.ep.rosidl_typesupport_introspection_c.c.o[0m
[5.087s] [ 90%] [32mBuilding C object CMakeFiles/robprakt_interfaces__rosidl_typesupport_c__pyext.dir/rosidl_generator_py/robprakt_interfaces/_robprakt_interfaces_s.ep.rosidl_typesupport_c.c.o[0m
[5.197s] [ 93%] [32m[1mLinking CXX shared library rosidl_generator_py/robprakt_interfaces/robprakt_interfaces_s__rosidl_typesupport_fastrtps_c.cpython-38-x86_64-linux-gnu.so[0m
[5.198s] [ 96%] [32m[1mLinking C shared library rosidl_generator_py/robprakt_interfaces/robprakt_interfaces_s__rosidl_typesupport_c.cpython-38-x86_64-linux-gnu.so[0m
[5.247s] [100%] [32m[1mLinking C shared library rosidl_generator_py/robprakt_interfaces/robprakt_interfaces_s__rosidl_typesupport_introspection_c.cpython-38-x86_64-linux-gnu.so[0m
[5.273s] [100%] Built target robprakt_interfaces__rosidl_typesupport_c__pyext
[5.377s] [100%] Built target robprakt_interfaces__rosidl_typesupport_fastrtps_c__pyext
[5.396s] [100%] Built target robprakt_interfaces__rosidl_typesupport_introspection_c__pyext
[5.432s] Invoked command in '/home/prakt3/praktikum_ws/build/robprakt_interfaces' returned '0': CMAKE_PREFIX_PATH=${CMAKE_PREFIX_PATH}:/opt/ros/galactic /usr/bin/cmake --build /home/prakt3/praktikum_ws/build/robprakt_interfaces -- -j12 -l12
[6.479s] Invoking command in '/home/prakt3/praktikum_ws/build/robprakt_interfaces': CMAKE_PREFIX_PATH=${CMAKE_PREFIX_PATH}:/opt/ros/galactic /usr/bin/cmake --install /home/prakt3/praktikum_ws/build/robprakt_interfaces
[6.509s] -- Install configuration: ""
[6.509s] -- Installing: /home/prakt3/praktikum_ws/install/robprakt_interfaces/share/ament_index/resource_index/rosidl_interfaces/robprakt_interfaces
[6.509s] -- Installing: /home/prakt3/praktikum_ws/install/robprakt_interfaces/include/robprakt_interfaces
[6.509s] -- Installing: /home/prakt3/praktikum_ws/install/robprakt_interfaces/include/robprakt_interfaces/srv
[6.509s] -- Installing: /home/prakt3/praktikum_ws/install/robprakt_interfaces/include/robprakt_interfaces/srv/set_ur_io.h
[6.509s] -- Installing: /home/prakt3/praktikum_ws/install/robprakt_interfaces/include/robprakt_interfaces/srv/detail
[6.509s] -- Installing: /home/prakt3/praktikum_ws/install/robprakt_interfaces/include/robprakt_interfaces/srv/detail/set_ur_io__functions.c
[6.509s] -- Installing: /home/prakt3/praktikum_ws/install/robprakt_interfaces/include/robprakt_interfaces/srv/detail/set_ur_io__struct.h
[6.509s] -- Installing: /home/prakt3/praktikum_ws/install/robprakt_interfaces/include/robprakt_interfaces/srv/detail/set_ur_io__functions.h
[6.510s] -- Installing: /home/prakt3/praktikum_ws/install/robprakt_interfaces/include/robprakt_interfaces/srv/detail/set_ur_io__type_support.h
[6.510s] -- Installing: /home/prakt3/praktikum_ws/install/robprakt_interfaces/include/robprakt_interfaces/msg
[6.510s] -- Installing: /home/prakt3/praktikum_ws/install/robprakt_interfaces/include/robprakt_interfaces/msg/rosidl_generator_c__visibility_control.h
[6.510s] -- Installing: /home/prakt3/praktikum_ws/install/robprakt_interfaces/share/robprakt_interfaces/environment/library_path.sh
[6.510s] -- Installing: /home/prakt3/praktikum_ws/install/robprakt_interfaces/share/robprakt_interfaces/environment/library_path.dsv
[6.510s] -- Installing: /home/prakt3/praktikum_ws/install/robprakt_interfaces/lib/librobprakt_interfaces__rosidl_generator_c.so
[6.510s] -- Set runtime path of "/home/prakt3/praktikum_ws/install/robprakt_interfaces/lib/librobprakt_interfaces__rosidl_generator_c.so" to ""
[6.510s] -- Up-to-date: /home/prakt3/praktikum_ws/install/robprakt_interfaces/include/robprakt_interfaces
[6.510s] -- Up-to-date: /home/prakt3/praktikum_ws/install/robprakt_interfaces/include/robprakt_interfaces/srv
[6.511s] -- Up-to-date: /home/prakt3/praktikum_ws/install/robprakt_interfaces/include/robprakt_interfaces/srv/detail
[6.511s] -- Installing: /home/prakt3/praktikum_ws/install/robprakt_interfaces/include/robprakt_interfaces/srv/detail/set_ur_io__rosidl_typesupport_fastrtps_c.h
[6.511s] -- Up-to-date: /home/prakt3/praktikum_ws/install/robprakt_interfaces/include/robprakt_interfaces/msg
[6.511s] -- Installing: /home/prakt3/praktikum_ws/install/robprakt_interfaces/include/robprakt_interfaces/msg/rosidl_typesupport_fastrtps_c__visibility_control.h
[6.511s] -- Installing: /home/prakt3/praktikum_ws/install/robprakt_interfaces/lib/librobprakt_interfaces__rosidl_typesupport_fastrtps_c.so
[6.511s] -- Set runtime path of "/home/prakt3/praktikum_ws/install/robprakt_interfaces/lib/librobprakt_interfaces__rosidl_typesupport_fastrtps_c.so" to ""
[6.511s] -- Up-to-date: /home/prakt3/praktikum_ws/install/robprakt_interfaces/include/robprakt_interfaces
[6.511s] -- Up-to-date: /home/prakt3/praktikum_ws/install/robprakt_interfaces/include/robprakt_interfaces/srv
[6.511s] -- Up-to-date: /home/prakt3/praktikum_ws/install/robprakt_interfaces/include/robprakt_interfaces/srv/detail
[6.511s] -- Installing: /home/prakt3/praktikum_ws/install/robprakt_interfaces/include/robprakt_interfaces/srv/detail/set_ur_io__rosidl_typesupport_fastrtps_cpp.hpp
[6.511s] -- Installing: /home/prakt3/praktikum_ws/install/robprakt_interfaces/include/robprakt_interfaces/srv/detail/dds_fastrtps
[6.511s] -- Up-to-date: /home/prakt3/praktikum_ws/install/robprakt_interfaces/include/robprakt_interfaces/msg
[6.511s] -- Installing: /home/prakt3/praktikum_ws/install/robprakt_interfaces/include/robprakt_interfaces/msg/rosidl_typesupport_fastrtps_cpp__visibility_control.h
[6.512s] -- Installing: /home/prakt3/praktikum_ws/install/robprakt_interfaces/lib/librobprakt_interfaces__rosidl_typesupport_fastrtps_cpp.so
[6.512s] -- Set runtime path of "/home/prakt3/praktikum_ws/install/robprakt_interfaces/lib/librobprakt_interfaces__rosidl_typesupport_fastrtps_cpp.so" to ""
[6.512s] -- Up-to-date: /home/prakt3/praktikum_ws/install/robprakt_interfaces/include/robprakt_interfaces
[6.512s] -- Up-to-date: /home/prakt3/praktikum_ws/install/robprakt_interfaces/include/robprakt_interfaces/srv
[6.512s] -- Up-to-date: /home/prakt3/praktikum_ws/install/robprakt_interfaces/include/robprakt_interfaces/srv/detail
[6.512s] -- Installing: /home/prakt3/praktikum_ws/install/robprakt_interfaces/include/robprakt_interfaces/srv/detail/set_ur_io__rosidl_typesupport_introspection_c.h
[6.512s] -- Installing: /home/prakt3/praktikum_ws/install/robprakt_interfaces/include/robprakt_interfaces/srv/detail/set_ur_io__type_support.c
[6.512s] -- Up-to-date: /home/prakt3/praktikum_ws/install/robprakt_interfaces/include/robprakt_interfaces/msg
[6.512s] -- Installing: /home/prakt3/praktikum_ws/install/robprakt_interfaces/include/robprakt_interfaces/msg/rosidl_typesupport_introspection_c__visibility_control.h
[6.512s] -- Installing: /home/prakt3/praktikum_ws/install/robprakt_interfaces/lib/librobprakt_interfaces__rosidl_typesupport_introspection_c.so
[6.512s] -- Set runtime path of "/home/prakt3/praktikum_ws/install/robprakt_interfaces/lib/librobprakt_interfaces__rosidl_typesupport_introspection_c.so" to ""
[6.513s] -- Installing: /home/prakt3/praktikum_ws/install/robprakt_interfaces/lib/librobprakt_interfaces__rosidl_typesupport_c.so
[6.513s] -- Set runtime path of "/home/prakt3/praktikum_ws/install/robprakt_interfaces/lib/librobprakt_interfaces__rosidl_typesupport_c.so" to ""
[6.513s] -- Up-to-date: /home/prakt3/praktikum_ws/install/robprakt_interfaces/include/robprakt_interfaces
[6.513s] -- Up-to-date: /home/prakt3/praktikum_ws/install/robprakt_interfaces/include/robprakt_interfaces/srv
[6.513s] -- Up-to-date: /home/prakt3/praktikum_ws/install/robprakt_interfaces/include/robprakt_interfaces/srv/detail
[6.513s] -- Installing: /home/prakt3/praktikum_ws/install/robprakt_interfaces/include/robprakt_interfaces/srv/detail/set_ur_io__struct.hpp
[6.513s] -- Installing: /home/prakt3/praktikum_ws/install/robprakt_interfaces/include/robprakt_interfaces/srv/detail/set_ur_io__traits.hpp
[6.513s] -- Installing: /home/prakt3/praktikum_ws/install/robprakt_interfaces/include/robprakt_interfaces/srv/detail/set_ur_io__builder.hpp
[6.513s] -- Installing: /home/prakt3/praktikum_ws/install/robprakt_interfaces/include/robprakt_interfaces/srv/set_ur_io.hpp
[6.513s] -- Up-to-date: /home/prakt3/praktikum_ws/install/robprakt_interfaces/include/robprakt_interfaces
[6.513s] -- Up-to-date: /home/prakt3/praktikum_ws/install/robprakt_interfaces/include/robprakt_interfaces/srv
[6.513s] -- Up-to-date: /home/prakt3/praktikum_ws/install/robprakt_interfaces/include/robprakt_interfaces/srv/detail
[6.514s] -- Installing: /home/prakt3/praktikum_ws/install/robprakt_interfaces/include/robprakt_interfaces/srv/detail/set_ur_io__rosidl_typesupport_introspection_cpp.hpp
[6.514s] -- Installing: /home/prakt3/praktikum_ws/install/robprakt_interfaces/include/robprakt_interfaces/srv/detail/set_ur_io__type_support.cpp
[6.529s] -- Installing: /home/prakt3/praktikum_ws/install/robprakt_interfaces/lib/librobprakt_interfaces__rosidl_typesupport_introspection_cpp.so
[6.530s] -- Set runtime path of "/home/prakt3/praktikum_ws/install/robprakt_interfaces/lib/librobprakt_interfaces__rosidl_typesupport_introspection_cpp.so" to ""
[6.530s] -- Installing: /home/prakt3/praktikum_ws/install/robprakt_interfaces/lib/librobprakt_interfaces__rosidl_typesupport_cpp.so
[6.530s] -- Set runtime path of "/home/prakt3/praktikum_ws/install/robprakt_interfaces/lib/librobprakt_interfaces__rosidl_typesupport_cpp.so" to ""
[6.530s] -- Installing: /home/prakt3/praktikum_ws/install/robprakt_interfaces/share/robprakt_interfaces/environment/pythonpath.sh
[6.530s] -- Installing: /home/prakt3/praktikum_ws/install/robprakt_interfaces/share/robprakt_interfaces/environment/pythonpath.dsv
[6.531s] -- Installing: /home/prakt3/praktikum_ws/install/robprakt_interfaces/lib/python3.8/site-packages/robprakt_interfaces/__init__.py
[6.588s] Compiling '/home/prakt3/praktikum_ws/install/robprakt_interfaces/lib/python3.8/site-packages/robprakt_interfaces/__init__.py'...
[6.592s] -- Installing: /home/prakt3/praktikum_ws/install/robprakt_interfaces/lib/python3.8/site-packages/robprakt_interfaces/srv
[6.593s] -- Installing: /home/prakt3/praktikum_ws/install/robprakt_interfaces/lib/python3.8/site-packages/robprakt_interfaces/srv/_set_ur_io_s.c
[6.593s] -- Installing: /home/prakt3/praktikum_ws/install/robprakt_interfaces/lib/python3.8/site-packages/robprakt_interfaces/srv/_set_ur_io.py
[6.593s] -- Installing: /home/prakt3/praktikum_ws/install/robprakt_interfaces/lib/python3.8/site-packages/robprakt_interfaces/srv/__init__.py
[6.593s] -- Installing: /home/prakt3/praktikum_ws/install/robprakt_interfaces/lib/python3.8/site-packages/robprakt_interfaces/robprakt_interfaces_s__rosidl_typesupport_fastrtps_c.cpython-38-x86_64-linux-gnu.so
[6.594s] -- Set runtime path of "/home/prakt3/praktikum_ws/install/robprakt_interfaces/lib/python3.8/site-packages/robprakt_interfaces/robprakt_interfaces_s__rosidl_typesupport_fastrtps_c.cpython-38-x86_64-linux-gnu.so" to ""
[6.595s] -- Installing: /home/prakt3/praktikum_ws/install/robprakt_interfaces/lib/python3.8/site-packages/robprakt_interfaces/robprakt_interfaces_s__rosidl_typesupport_introspection_c.cpython-38-x86_64-linux-gnu.so
[6.595s] -- Set runtime path of "/home/prakt3/praktikum_ws/install/robprakt_interfaces/lib/python3.8/site-packages/robprakt_interfaces/robprakt_interfaces_s__rosidl_typesupport_introspection_c.cpython-38-x86_64-linux-gnu.so" to ""
[6.595s] -- Installing: /home/prakt3/praktikum_ws/install/robprakt_interfaces/lib/python3.8/site-packages/robprakt_interfaces/robprakt_interfaces_s__rosidl_typesupport_c.cpython-38-x86_64-linux-gnu.so
[6.596s] -- Set runtime path of "/home/prakt3/praktikum_ws/install/robprakt_interfaces/lib/python3.8/site-packages/robprakt_interfaces/robprakt_interfaces_s__rosidl_typesupport_c.cpython-38-x86_64-linux-gnu.so" to ""
[6.596s] -- Installing: /home/prakt3/praktikum_ws/install/robprakt_interfaces/lib/librobprakt_interfaces__python.so
[6.596s] -- Set runtime path of "/home/prakt3/praktikum_ws/install/robprakt_interfaces/lib/librobprakt_interfaces__python.so" to ""
[6.596s] -- Installing: /home/prakt3/praktikum_ws/install/robprakt_interfaces/share/robprakt_interfaces/srv/SetUrIo.idl
[6.596s] -- Installing: /home/prakt3/praktikum_ws/install/robprakt_interfaces/share/robprakt_interfaces/srv/SetUrIo.srv
[6.596s] -- Installing: /home/prakt3/praktikum_ws/install/robprakt_interfaces/share/robprakt_interfaces/srv/SetUrIo_Request.msg
[6.596s] -- Installing: /home/prakt3/praktikum_ws/install/robprakt_interfaces/share/robprakt_interfaces/srv/SetUrIo_Response.msg
[6.597s] -- Installing: /home/prakt3/praktikum_ws/install/robprakt_interfaces/share/ament_index/resource_index/package_run_dependencies/robprakt_interfaces
[6.597s] -- Installing: /home/prakt3/praktikum_ws/install/robprakt_interfaces/share/ament_index/resource_index/parent_prefix_path/robprakt_interfaces
[6.597s] -- Installing: /home/prakt3/praktikum_ws/install/robprakt_interfaces/share/robprakt_interfaces/environment/ament_prefix_path.sh
[6.597s] -- Installing: /home/prakt3/praktikum_ws/install/robprakt_interfaces/share/robprakt_interfaces/environment/ament_prefix_path.dsv
[6.597s] -- Installing: /home/prakt3/praktikum_ws/install/robprakt_interfaces/share/robprakt_interfaces/environment/path.sh
[6.597s] -- Installing: /home/prakt3/praktikum_ws/install/robprakt_interfaces/share/robprakt_interfaces/environment/path.dsv
[6.597s] -- Installing: /home/prakt3/praktikum_ws/install/robprakt_interfaces/share/robprakt_interfaces/local_setup.bash
[6.597s] -- Installing: /home/prakt3/praktikum_ws/install/robprakt_interfaces/share/robprakt_interfaces/local_setup.sh
[6.597s] -- Installing: /home/prakt3/praktikum_ws/install/robprakt_interfaces/share/robprakt_interfaces/local_setup.zsh
[6.598s] -- Installing: /home/prakt3/praktikum_ws/install/robprakt_interfaces/share/robprakt_interfaces/local_setup.dsv
[6.598s] -- Installing: /home/prakt3/praktikum_ws/install/robprakt_interfaces/share/robprakt_interfaces/package.dsv
[6.598s] -- Installing: /home/prakt3/praktikum_ws/install/robprakt_interfaces/share/ament_index/resource_index/packages/robprakt_interfaces
[6.598s] -- Installing: /home/prakt3/praktikum_ws/install/robprakt_interfaces/share/robprakt_interfaces/cmake/robprakt_interfaces__rosidl_generator_cExport.cmake
[6.598s] -- Installing: /home/prakt3/praktikum_ws/install/robprakt_interfaces/share/robprakt_interfaces/cmake/robprakt_interfaces__rosidl_generator_cExport-noconfig.cmake
[6.598s] -- Installing: /home/prakt3/praktikum_ws/install/robprakt_interfaces/share/robprakt_interfaces/cmake/robprakt_interfaces__rosidl_typesupport_introspection_cExport.cmake
[6.598s] -- Installing: /home/prakt3/praktikum_ws/install/robprakt_interfaces/share/robprakt_interfaces/cmake/robprakt_interfaces__rosidl_typesupport_introspection_cExport-noconfig.cmake
[6.599s] -- Installing: /home/prakt3/praktikum_ws/install/robprakt_interfaces/share/robprakt_interfaces/cmake/robprakt_interfaces__rosidl_typesupport_cExport.cmake
[6.599s] -- Installing: /home/prakt3/praktikum_ws/install/robprakt_interfaces/share/robprakt_interfaces/cmake/robprakt_interfaces__rosidl_typesupport_cExport-noconfig.cmake
[6.599s] -- Installing: /home/prakt3/praktikum_ws/install/robprakt_interfaces/share/robprakt_interfaces/cmake/robprakt_interfaces__rosidl_generator_cppExport.cmake
[6.599s] -- Installing: /home/prakt3/praktikum_ws/install/robprakt_interfaces/share/robprakt_interfaces/cmake/robprakt_interfaces__rosidl_typesupport_introspection_cppExport.cmake
[6.599s] -- Installing: /home/prakt3/praktikum_ws/install/robprakt_interfaces/share/robprakt_interfaces/cmake/robprakt_interfaces__rosidl_typesupport_introspection_cppExport-noconfig.cmake
[6.600s] -- Installing: /home/prakt3/praktikum_ws/install/robprakt_interfaces/share/robprakt_interfaces/cmake/robprakt_interfaces__rosidl_typesupport_cppExport.cmake
[6.600s] -- Installing: /home/prakt3/praktikum_ws/install/robprakt_interfaces/share/robprakt_interfaces/cmake/robprakt_interfaces__rosidl_typesupport_cppExport-noconfig.cmake
[6.600s] -- Installing: /home/prakt3/praktikum_ws/install/robprakt_interfaces/share/robprakt_interfaces/cmake/rosidl_cmake-extras.cmake
[6.600s] -- Installing: /home/prakt3/praktikum_ws/install/robprakt_interfaces/share/robprakt_interfaces/cmake/ament_cmake_export_dependencies-extras.cmake
[6.600s] -- Installing: /home/prakt3/praktikum_ws/install/robprakt_interfaces/share/robprakt_interfaces/cmake/ament_cmake_export_libraries-extras.cmake
[6.600s] -- Installing: /home/prakt3/praktikum_ws/install/robprakt_interfaces/share/robprakt_interfaces/cmake/ament_cmake_export_targets-extras.cmake
[6.600s] -- Installing: /home/prakt3/praktikum_ws/install/robprakt_interfaces/share/robprakt_interfaces/cmake/ament_cmake_export_include_directories-extras.cmake
[6.600s] -- Installing: /home/prakt3/praktikum_ws/install/robprakt_interfaces/share/robprakt_interfaces/cmake/rosidl_cmake_export_typesupport_libraries-extras.cmake
[6.601s] -- Installing: /home/prakt3/praktikum_ws/install/robprakt_interfaces/share/robprakt_interfaces/cmake/rosidl_cmake_export_typesupport_targets-extras.cmake
[6.601s] -- Installing: /home/prakt3/praktikum_ws/install/robprakt_interfaces/share/robprakt_interfaces/cmake/robprakt_interfacesConfig.cmake
[6.601s] -- Installing: /home/prakt3/praktikum_ws/install/robprakt_interfaces/share/robprakt_interfaces/cmake/robprakt_interfacesConfig-version.cmake
[6.601s] -- Installing: /home/prakt3/praktikum_ws/install/robprakt_interfaces/share/robprakt_interfaces/package.xml
[6.608s] Invoked command in '/home/prakt3/praktikum_ws/build/robprakt_interfaces' returned '0': CMAKE_PREFIX_PATH=${CMAKE_PREFIX_PATH}:/opt/ros/galactic /usr/bin/cmake --install /home/prakt3/praktikum_ws/build/robprakt_interfaces
