[0.045s] Invoking command in '/home/prakt3/praktikum_ws/build/vrpn': CMAKE_PREFIX_PATH=${CMAKE_PREFIX_PATH}:/opt/ros/galactic /usr/bin/cmake --build /home/prakt3/praktikum_ws/build/vrpn -- -j12 -l12
[0.147s] [  2%] Built target gpsnmea
[0.152s] [  5%] Built target quat
[0.188s] [ 19%] Built target vrpn
[0.197s] [ 22%] Built target vrpn_atmel
[0.224s] [ 23%] Built target vrpn_timecode_generator
[0.253s] [ 23%] Built target run_auxiliary_logger
[0.258s] [ 24%] Built target vrpn_average_analogs
[0.258s] [ 24%] Built target c_interface_example
[0.258s] [ 25%] Built target vrpn_print_messages
[0.260s] [ 26%] Built target vrpn_print_devices
[0.264s] [ 27%] Built target vrpn_print_performance
[0.280s] [ 28%] Built target vrpn_streamPrint
[0.326s] [ 91%] Built target vrpnserver
[0.356s] [ 92%] Built target vrpn_server
[0.370s] [100%] Built target vrpn-python
[0.383s] Invoked command in '/home/prakt3/praktikum_ws/build/vrpn' returned '0': CMAKE_PREFIX_PATH=${CMAKE_PREFIX_PATH}:/opt/ros/galactic /usr/bin/cmake --build /home/prakt3/praktikum_ws/build/vrpn -- -j12 -l12
[3.177s] Invoking command in '/home/prakt3/praktikum_ws/build/vrpn': CMAKE_PREFIX_PATH=${CMAKE_PREFIX_PATH}:/opt/ros/galactic /usr/bin/cmake --install /home/prakt3/praktikum_ws/build/vrpn
[3.195s] -- Install configuration: "RelWithDebInfo"
[3.195s] -- Up-to-date: /home/prakt3/praktikum_ws/install/vrpn/lib/libvrpnserver.a
[3.195s] -- Up-to-date: /home/prakt3/praktikum_ws/install/vrpn/include/vrpn_Configure.h
[3.195s] -- Up-to-date: /home/prakt3/praktikum_ws/install/vrpn/include/vrpn_Analog.h
[3.195s] -- Up-to-date: /home/prakt3/praktikum_ws/install/vrpn/include/vrpn_Analog_Output.h
[3.196s] -- Up-to-date: /home/prakt3/praktikum_ws/install/vrpn/include/vrpn_Assert.h
[3.196s] -- Up-to-date: /home/prakt3/praktikum_ws/install/vrpn/include/vrpn_Auxiliary_Logger.h
[3.196s] -- Up-to-date: /home/prakt3/praktikum_ws/install/vrpn/include/vrpn_BaseClass.h
[3.196s] -- Up-to-date: /home/prakt3/praktikum_ws/install/vrpn/include/vrpn_Button.h
[3.196s] -- Up-to-date: /home/prakt3/praktikum_ws/install/vrpn/include/vrpn_Connection.h
[3.196s] -- Up-to-date: /home/prakt3/praktikum_ws/install/vrpn/include/vrpn_ConnectionPtr.h
[3.196s] -- Up-to-date: /home/prakt3/praktikum_ws/install/vrpn/include/vrpn_Dial.h
[3.196s] -- Up-to-date: /home/prakt3/praktikum_ws/install/vrpn/include/vrpn_EndpointContainer.h
[3.196s] -- Up-to-date: /home/prakt3/praktikum_ws/install/vrpn/include/vrpn_FileConnection.h
[3.196s] -- Up-to-date: /home/prakt3/praktikum_ws/install/vrpn/include/vrpn_FileController.h
[3.196s] -- Up-to-date: /home/prakt3/praktikum_ws/install/vrpn/include/vrpn_ForceDevice.h
[3.196s] -- Up-to-date: /home/prakt3/praktikum_ws/install/vrpn/include/vrpn_ForwarderController.h
[3.196s] -- Up-to-date: /home/prakt3/praktikum_ws/install/vrpn/include/vrpn_Forwarder.h
[3.196s] -- Up-to-date: /home/prakt3/praktikum_ws/install/vrpn/include/vrpn_FunctionGenerator.h
[3.196s] -- Up-to-date: /home/prakt3/praktikum_ws/install/vrpn/include/vrpn_Imager.h
[3.196s] -- Up-to-date: /home/prakt3/praktikum_ws/install/vrpn/include/vrpn_LamportClock.h
[3.196s] -- Up-to-date: /home/prakt3/praktikum_ws/install/vrpn/include/vrpn_Log.h
[3.196s] -- Up-to-date: /home/prakt3/praktikum_ws/install/vrpn/include/vrpn_MainloopContainer.h
[3.196s] -- Up-to-date: /home/prakt3/praktikum_ws/install/vrpn/include/vrpn_MainloopObject.h
[3.196s] -- Up-to-date: /home/prakt3/praktikum_ws/install/vrpn/include/vrpn_Mutex.h
[3.197s] -- Up-to-date: /home/prakt3/praktikum_ws/install/vrpn/include/vrpn_OwningPtr.h
[3.197s] -- Up-to-date: /home/prakt3/praktikum_ws/install/vrpn/include/vrpn_RedundantTransmission.h
[3.197s] -- Up-to-date: /home/prakt3/praktikum_ws/install/vrpn/include/vrpn_SendTextMessageStreamProxy.h
[3.197s] -- Up-to-date: /home/prakt3/praktikum_ws/install/vrpn/include/vrpn_Serial.h
[3.197s] -- Up-to-date: /home/prakt3/praktikum_ws/install/vrpn/include/vrpn_SerialPort.h
[3.197s] -- Up-to-date: /home/prakt3/praktikum_ws/install/vrpn/include/vrpn_Shared.h
[3.197s] -- Up-to-date: /home/prakt3/praktikum_ws/install/vrpn/include/vrpn_SharedObject.h
[3.197s] -- Up-to-date: /home/prakt3/praktikum_ws/install/vrpn/include/vrpn_Sound.h
[3.197s] -- Up-to-date: /home/prakt3/praktikum_ws/install/vrpn/include/vrpn_Text.h
[3.197s] -- Up-to-date: /home/prakt3/praktikum_ws/install/vrpn/include/vrpn_Thread.h
[3.197s] -- Up-to-date: /home/prakt3/praktikum_ws/install/vrpn/include/vrpn_Tracker.h
[3.197s] -- Up-to-date: /home/prakt3/praktikum_ws/install/vrpn/include/vrpn_Types.h
[3.197s] -- Up-to-date: /home/prakt3/praktikum_ws/install/vrpn/include/vrpn_WindowsH.h
[3.197s] -- Up-to-date: /home/prakt3/praktikum_ws/install/vrpn/include/vrpn_3DConnexion.h
[3.197s] -- Up-to-date: /home/prakt3/praktikum_ws/install/vrpn/include/vrpn_3DMicroscribe.h
[3.197s] -- Up-to-date: /home/prakt3/praktikum_ws/install/vrpn/include/vrpn_3Space.h
[3.197s] -- Up-to-date: /home/prakt3/praktikum_ws/install/vrpn/include/vrpn_5DT16.h
[3.197s] -- Up-to-date: /home/prakt3/praktikum_ws/install/vrpn/include/vrpn_Adafruit.h
[3.197s] -- Up-to-date: /home/prakt3/praktikum_ws/install/vrpn/include/vrpn_ADBox.h
[3.197s] -- Up-to-date: /home/prakt3/praktikum_ws/install/vrpn/include/vrpn_Analog_5dt.h
[3.197s] -- Up-to-date: /home/prakt3/praktikum_ws/install/vrpn/include/vrpn_Analog_5dtUSB.h
[3.197s] -- Up-to-date: /home/prakt3/praktikum_ws/install/vrpn/include/vrpn_Analog_Radamec_SPI.h
[3.198s] -- Up-to-date: /home/prakt3/praktikum_ws/install/vrpn/include/vrpn_Analog_USDigital_A2.h
[3.198s] -- Up-to-date: /home/prakt3/praktikum_ws/install/vrpn/include/vrpn_Atmel.h
[3.198s] -- Up-to-date: /home/prakt3/praktikum_ws/install/vrpn/include/vrpn_BiosciencesTools.h
[3.198s] -- Up-to-date: /home/prakt3/praktikum_ws/install/vrpn/include/vrpn_Button_NI_DIO24.h
[3.198s] -- Up-to-date: /home/prakt3/praktikum_ws/install/vrpn/include/vrpn_Button_USB.h
[3.198s] -- Up-to-date: /home/prakt3/praktikum_ws/install/vrpn/include/vrpn_CerealBox.h
[3.198s] -- Up-to-date: /home/prakt3/praktikum_ws/install/vrpn/include/vrpn_CHProducts_Controller_Raw.h
[3.198s] -- Up-to-date: /home/prakt3/praktikum_ws/install/vrpn/include/vrpn_Contour.h
[3.198s] -- Up-to-date: /home/prakt3/praktikum_ws/install/vrpn/include/vrpn_DevInput.h
[3.198s] -- Up-to-date: /home/prakt3/praktikum_ws/install/vrpn/include/vrpn_DirectXFFJoystick.h
[3.198s] -- Up-to-date: /home/prakt3/praktikum_ws/install/vrpn/include/vrpn_DirectXRumblePad.h
[3.198s] -- Up-to-date: /home/prakt3/praktikum_ws/install/vrpn/include/vrpn_DreamCheeky.h
[3.198s] -- Up-to-date: /home/prakt3/praktikum_ws/install/vrpn/include/vrpn_Dyna.h
[3.198s] -- Up-to-date: /home/prakt3/praktikum_ws/install/vrpn/include/vrpn_Event_Analog.h
[3.198s] -- Up-to-date: /home/prakt3/praktikum_ws/install/vrpn/include/vrpn_Event.h
[3.198s] -- Up-to-date: /home/prakt3/praktikum_ws/install/vrpn/include/vrpn_Event_Mouse.h
[3.198s] -- Up-to-date: /home/prakt3/praktikum_ws/install/vrpn/include/vrpn_Flock.h
[3.198s] -- Up-to-date: /home/prakt3/praktikum_ws/install/vrpn/include/vrpn_Flock_Parallel.h
[3.198s] -- Up-to-date: /home/prakt3/praktikum_ws/install/vrpn/include/vrpn_ForceDeviceServer.h
[3.198s] -- Up-to-date: /home/prakt3/praktikum_ws/install/vrpn/include/vrpn_Freespace.h
[3.198s] -- Up-to-date: /home/prakt3/praktikum_ws/install/vrpn/include/vrpn_FunctionGenerator.h
[3.199s] -- Up-to-date: /home/prakt3/praktikum_ws/install/vrpn/include/vrpn_Futaba.h
[3.199s] -- Up-to-date: /home/prakt3/praktikum_ws/install/vrpn/include/vrpn_GlobalHapticsOrb.h
[3.199s] -- Up-to-date: /home/prakt3/praktikum_ws/install/vrpn/include/vrpn_Griffin.h
[3.199s] -- Up-to-date: /home/prakt3/praktikum_ws/install/vrpn/include/vrpn_HashST.h
[3.199s] -- Up-to-date: /home/prakt3/praktikum_ws/install/vrpn/include/vrpn_HumanInterface.h
[3.199s] -- Up-to-date: /home/prakt3/praktikum_ws/install/vrpn/include/vrpn_IDEA.h
[3.199s] -- Up-to-date: /home/prakt3/praktikum_ws/install/vrpn/include/vrpn_Imager_Stream_Buffer.h
[3.199s] -- Up-to-date: /home/prakt3/praktikum_ws/install/vrpn/include/vrpn_ImmersionBox.h
[3.199s] -- Up-to-date: /home/prakt3/praktikum_ws/install/vrpn/include/vrpn_inertiamouse.h
[3.199s] -- Up-to-date: /home/prakt3/praktikum_ws/install/vrpn/include/vrpn_JoyFly.h
[3.199s] -- Up-to-date: /home/prakt3/praktikum_ws/install/vrpn/include/vrpn_Joylin.h
[3.199s] -- Up-to-date: /home/prakt3/praktikum_ws/install/vrpn/include/vrpn_Joywin32.h
[3.200s] -- Up-to-date: /home/prakt3/praktikum_ws/install/vrpn/include/vrpn_Keyboard.h
[3.200s] -- Up-to-date: /home/prakt3/praktikum_ws/install/vrpn/include/vrpn_Logitech_Controller_Raw.h
[3.200s] -- Up-to-date: /home/prakt3/praktikum_ws/install/vrpn/include/vrpn_Laputa.h
[3.200s] -- Up-to-date: /home/prakt3/praktikum_ws/install/vrpn/include/vrpn_LUDL.h
[3.200s] -- Up-to-date: /home/prakt3/praktikum_ws/install/vrpn/include/vrpn_Magellan.h
[3.200s] -- Up-to-date: /home/prakt3/praktikum_ws/install/vrpn/include/vrpn_MessageMacros.h
[3.200s] -- Up-to-date: /home/prakt3/praktikum_ws/install/vrpn/include/vrpn_Microsoft_Controller_Raw.h
[3.200s] -- Up-to-date: /home/prakt3/praktikum_ws/install/vrpn/include/vrpn_Mouse.h
[3.200s] -- Up-to-date: /home/prakt3/praktikum_ws/install/vrpn/include/vrpn_NationalInstruments.h
[3.200s] -- Up-to-date: /home/prakt3/praktikum_ws/install/vrpn/include/vrpn_Nidaq.h
[3.200s] -- Up-to-date: /home/prakt3/praktikum_ws/install/vrpn/include/vrpn_nikon_controls.h
[3.200s] -- Up-to-date: /home/prakt3/praktikum_ws/install/vrpn/include/vrpn_nVidia_shield_controller.h
[3.200s] -- Up-to-date: /home/prakt3/praktikum_ws/install/vrpn/include/vrpn_Oculus.h
[3.200s] -- Up-to-date: /home/prakt3/praktikum_ws/install/vrpn/include/vrpn_OmegaTemperature.h
[3.200s] -- Up-to-date: /home/prakt3/praktikum_ws/install/vrpn/include/vrpn_OneEuroFilter.h
[3.200s] -- Up-to-date: /home/prakt3/praktikum_ws/install/vrpn/include/vrpn_OzzMaker.h
[3.200s] -- Up-to-date: /home/prakt3/praktikum_ws/install/vrpn/include/vrpn_Poser_Analog.h
[3.200s] -- Up-to-date: /home/prakt3/praktikum_ws/install/vrpn/include/vrpn_Poser.h
[3.200s] -- Up-to-date: /home/prakt3/praktikum_ws/install/vrpn/include/vrpn_Poser_Tek4662.h
[3.200s] -- Up-to-date: /home/prakt3/praktikum_ws/install/vrpn/include/vrpn_raw_sgibox.h
[3.200s] -- Up-to-date: /home/prakt3/praktikum_ws/install/vrpn/include/vrpn_Retrolink.h
[3.200s] -- Up-to-date: /home/prakt3/praktikum_ws/install/vrpn/include/vrpn_Saitek_Controller_Raw.h
[3.200s] -- Up-to-date: /home/prakt3/praktikum_ws/install/vrpn/include/vrpn_sgibox.h
[3.201s] -- Up-to-date: /home/prakt3/praktikum_ws/install/vrpn/include/vrpn_Spaceball.h
[3.201s] -- Up-to-date: /home/prakt3/praktikum_ws/install/vrpn/include/vrpn_Streaming_Arduino.h
[3.201s] -- Up-to-date: /home/prakt3/praktikum_ws/install/vrpn/include/vrpn_Tng3.h
[3.201s] -- Up-to-date: /home/prakt3/praktikum_ws/install/vrpn/include/vrpn_Tracker_3DMouse.h
[3.201s] -- Up-to-date: /home/prakt3/praktikum_ws/install/vrpn/include/vrpn_Tracker_AnalogFly.h
[3.201s] -- Up-to-date: /home/prakt3/praktikum_ws/install/vrpn/include/vrpn_Tracker_ButtonFly.h
[3.201s] -- Up-to-date: /home/prakt3/praktikum_ws/install/vrpn/include/vrpn_Tracker_Crossbow.h
[3.201s] -- Up-to-date: /home/prakt3/praktikum_ws/install/vrpn/include/vrpn_Tracker_DTrack.h
[3.201s] -- Up-to-date: /home/prakt3/praktikum_ws/install/vrpn/include/vrpn_Tracker_Fastrak.h
[3.201s] -- Up-to-date: /home/prakt3/praktikum_ws/install/vrpn/include/vrpn_Tracker_Filter.h
[3.201s] -- Up-to-date: /home/prakt3/praktikum_ws/install/vrpn/include/vrpn_Tracker_GameTrak.h
[3.201s] -- Up-to-date: /home/prakt3/praktikum_ws/install/vrpn/include/vrpn_Tracker_GPS.h
[3.201s] -- Up-to-date: /home/prakt3/praktikum_ws/install/vrpn/include/vrpn_Tracker_IMU.h
[3.201s] -- Up-to-date: /home/prakt3/praktikum_ws/install/vrpn/include/vrpn_Tracker_isense.h
[3.201s] -- Up-to-date: /home/prakt3/praktikum_ws/install/vrpn/include/vrpn_Tracker_Isotrak.h
[3.201s] -- Up-to-date: /home/prakt3/praktikum_ws/install/vrpn/include/vrpn_Tracker_JsonNet.h
[3.201s] -- Up-to-date: /home/prakt3/praktikum_ws/install/vrpn/include/vrpn_Tracker_Liberty.h
[3.201s] -- Up-to-date: /home/prakt3/praktikum_ws/install/vrpn/include/vrpn_Tracker_MotionNode.h
[3.201s] -- Up-to-date: /home/prakt3/praktikum_ws/install/vrpn/include/vrpn_Tracker_NDI_Polaris.h
[3.201s] -- Up-to-date: /home/prakt3/praktikum_ws/install/vrpn/include/vrpn_Tracker_NovintFalcon.h
[3.201s] -- Up-to-date: /home/prakt3/praktikum_ws/install/vrpn/include/vrpn_Tracker_OSVRHackerDevKit.h
[3.201s] -- Up-to-date: /home/prakt3/praktikum_ws/install/vrpn/include/vrpn_Tracker_PDI.h
[3.202s] -- Up-to-date: /home/prakt3/praktikum_ws/install/vrpn/include/vrpn_Tracker_PhaseSpace.h
[3.202s] -- Up-to-date: /home/prakt3/praktikum_ws/install/vrpn/include/vrpn_Tracker_RazerHydra.h
[3.202s] -- Up-to-date: /home/prakt3/praktikum_ws/install/vrpn/include/vrpn_Tracker_ThalmicLabsMyo.h
[3.202s] -- Up-to-date: /home/prakt3/praktikum_ws/install/vrpn/include/vrpn_Tracker_SpacePoint.h
[3.202s] -- Up-to-date: /home/prakt3/praktikum_ws/install/vrpn/include/vrpn_Tracker_Wintracker.h
[3.202s] -- Up-to-date: /home/prakt3/praktikum_ws/install/vrpn/include/vrpn_Tracker_Colibri.h
[3.202s] -- Up-to-date: /home/prakt3/praktikum_ws/install/vrpn/include/vrpn_Tracker_TrivisioColibri.h
[3.202s] -- Up-to-date: /home/prakt3/praktikum_ws/install/vrpn/include/vrpn_Tracker_WiimoteHead.h
[3.202s] -- Up-to-date: /home/prakt3/praktikum_ws/install/vrpn/include/vrpn_Tracker_zSight.h
[3.202s] -- Up-to-date: /home/prakt3/praktikum_ws/install/vrpn/include/vrpn_Tracker_ViewPoint.h
[3.202s] -- Up-to-date: /home/prakt3/praktikum_ws/install/vrpn/include/vrpn_UNC_Joystick.h
[3.202s] -- Up-to-date: /home/prakt3/praktikum_ws/install/vrpn/include/vrpn_VPJoystick.h
[3.202s] -- Up-to-date: /home/prakt3/praktikum_ws/install/vrpn/include/vrpn_Wanda.h
[3.202s] -- Up-to-date: /home/prakt3/praktikum_ws/install/vrpn/include/vrpn_WiiMote.h
[3.202s] -- Up-to-date: /home/prakt3/praktikum_ws/install/vrpn/include/vrpn_XInputGamepad.h
[3.202s] -- Up-to-date: /home/prakt3/praktikum_ws/install/vrpn/include/vrpn_Xkeys.h
[3.202s] -- Up-to-date: /home/prakt3/praktikum_ws/install/vrpn/include/vrpn_Tracker_LibertyHS.h
[3.202s] -- Up-to-date: /home/prakt3/praktikum_ws/install/vrpn/include/vrpn_YEI_3Space.h
[3.202s] -- Up-to-date: /home/prakt3/praktikum_ws/install/vrpn/include/vrpn_Zaber.h
[3.202s] -- Up-to-date: /home/prakt3/praktikum_ws/install/vrpn/include/vrpn_Generic_server_object.h
[3.202s] -- Up-to-date: /home/prakt3/praktikum_ws/install/vrpn/share/vrpn/package.xml
[3.202s] -- Up-to-date: /home/prakt3/praktikum_ws/install/vrpn/share/vrpn/cmake/VRPNConfig.cmake
[3.203s] -- Up-to-date: /home/prakt3/praktikum_ws/install/vrpn/share/quatlib/cmake/quatlibConfig.cmake
[3.203s] -- Up-to-date: /home/prakt3/praktikum_ws/install/vrpn/lib/libvrpn.a
[3.203s] -- Up-to-date: /home/prakt3/praktikum_ws/install/vrpn/include/vrpn_Configure.h
[3.203s] -- Up-to-date: /home/prakt3/praktikum_ws/install/vrpn/include/vrpn_Analog.h
[3.203s] -- Up-to-date: /home/prakt3/praktikum_ws/install/vrpn/include/vrpn_Analog_Output.h
[3.203s] -- Up-to-date: /home/prakt3/praktikum_ws/install/vrpn/include/vrpn_Assert.h
[3.203s] -- Up-to-date: /home/prakt3/praktikum_ws/install/vrpn/include/vrpn_Auxiliary_Logger.h
[3.203s] -- Up-to-date: /home/prakt3/praktikum_ws/install/vrpn/include/vrpn_BaseClass.h
[3.203s] -- Up-to-date: /home/prakt3/praktikum_ws/install/vrpn/include/vrpn_Button.h
[3.203s] -- Up-to-date: /home/prakt3/praktikum_ws/install/vrpn/include/vrpn_Connection.h
[3.203s] -- Up-to-date: /home/prakt3/praktikum_ws/install/vrpn/include/vrpn_ConnectionPtr.h
[3.203s] -- Up-to-date: /home/prakt3/praktikum_ws/install/vrpn/include/vrpn_Dial.h
[3.203s] -- Up-to-date: /home/prakt3/praktikum_ws/install/vrpn/include/vrpn_EndpointContainer.h
[3.203s] -- Up-to-date: /home/prakt3/praktikum_ws/install/vrpn/include/vrpn_FileConnection.h
[3.203s] -- Up-to-date: /home/prakt3/praktikum_ws/install/vrpn/include/vrpn_FileController.h
[3.203s] -- Up-to-date: /home/prakt3/praktikum_ws/install/vrpn/include/vrpn_ForceDevice.h
[3.203s] -- Up-to-date: /home/prakt3/praktikum_ws/install/vrpn/include/vrpn_ForwarderController.h
[3.203s] -- Up-to-date: /home/prakt3/praktikum_ws/install/vrpn/include/vrpn_Forwarder.h
[3.203s] -- Up-to-date: /home/prakt3/praktikum_ws/install/vrpn/include/vrpn_FunctionGenerator.h
[3.203s] -- Up-to-date: /home/prakt3/praktikum_ws/install/vrpn/include/vrpn_Imager.h
[3.203s] -- Up-to-date: /home/prakt3/praktikum_ws/install/vrpn/include/vrpn_LamportClock.h
[3.203s] -- Up-to-date: /home/prakt3/praktikum_ws/install/vrpn/include/vrpn_Log.h
[3.203s] -- Up-to-date: /home/prakt3/praktikum_ws/install/vrpn/include/vrpn_MainloopContainer.h
[3.203s] -- Up-to-date: /home/prakt3/praktikum_ws/install/vrpn/include/vrpn_MainloopObject.h
[3.204s] -- Up-to-date: /home/prakt3/praktikum_ws/install/vrpn/include/vrpn_Mutex.h
[3.204s] -- Up-to-date: /home/prakt3/praktikum_ws/install/vrpn/include/vrpn_OwningPtr.h
[3.204s] -- Up-to-date: /home/prakt3/praktikum_ws/install/vrpn/include/vrpn_RedundantTransmission.h
[3.204s] -- Up-to-date: /home/prakt3/praktikum_ws/install/vrpn/include/vrpn_SendTextMessageStreamProxy.h
[3.204s] -- Up-to-date: /home/prakt3/praktikum_ws/install/vrpn/include/vrpn_Serial.h
[3.204s] -- Up-to-date: /home/prakt3/praktikum_ws/install/vrpn/include/vrpn_SerialPort.h
[3.204s] -- Up-to-date: /home/prakt3/praktikum_ws/install/vrpn/include/vrpn_Shared.h
[3.204s] -- Up-to-date: /home/prakt3/praktikum_ws/install/vrpn/include/vrpn_SharedObject.h
[3.204s] -- Up-to-date: /home/prakt3/praktikum_ws/install/vrpn/include/vrpn_Sound.h
[3.204s] -- Up-to-date: /home/prakt3/praktikum_ws/install/vrpn/include/vrpn_Text.h
[3.204s] -- Up-to-date: /home/prakt3/praktikum_ws/install/vrpn/include/vrpn_Thread.h
[3.204s] -- Up-to-date: /home/prakt3/praktikum_ws/install/vrpn/include/vrpn_Tracker.h
[3.204s] -- Up-to-date: /home/prakt3/praktikum_ws/install/vrpn/include/vrpn_Types.h
[3.204s] -- Up-to-date: /home/prakt3/praktikum_ws/install/vrpn/include/vrpn_WindowsH.h
[3.204s] -- Up-to-date: /home/prakt3/praktikum_ws/install/vrpn/lib/libquat.a
[3.204s] -- Up-to-date: /home/prakt3/praktikum_ws/install/vrpn/include/quat.h
[3.204s] -- Up-to-date: /home/prakt3/praktikum_ws/install/vrpn/lib/libquat.a
[3.204s] -- Up-to-date: /home/prakt3/praktikum_ws/install/vrpn/include/quat.h
[3.204s] -- Up-to-date: /home/prakt3/praktikum_ws/install/vrpn/lib/libvrpn_atmel.a
[3.204s] -- Up-to-date: /home/prakt3/praktikum_ws/install/vrpn/include/vrpn_atmellib_errno.h
[3.204s] -- Up-to-date: /home/prakt3/praktikum_ws/install/vrpn/include/vrpn_atmellib.h
[3.204s] -- Up-to-date: /home/prakt3/praktikum_ws/install/vrpn/lib/libgpsnmea.a
[3.204s] -- Up-to-date: /home/prakt3/praktikum_ws/install/vrpn/include/nmeaParser.h
[3.204s] -- Up-to-date: /home/prakt3/praktikum_ws/install/vrpn/include/utmCoord.h
[3.205s] -- Up-to-date: /home/prakt3/praktikum_ws/install/vrpn/include/latLonCoord.h
[3.205s] -- Up-to-date: /home/prakt3/praktikum_ws/install/vrpn/bin/c_interface_example
[3.205s] -- Up-to-date: /home/prakt3/praktikum_ws/install/vrpn/bin/vrpn_average_analogs
[3.205s] -- Up-to-date: /home/prakt3/praktikum_ws/install/vrpn/bin/vrpn_print_devices
[3.205s] -- Up-to-date: /home/prakt3/praktikum_ws/install/vrpn/bin/vrpn_print_performance
[3.205s] -- Up-to-date: /home/prakt3/praktikum_ws/install/vrpn/bin/vrpn_print_messages
[3.205s] -- Up-to-date: /home/prakt3/praktikum_ws/install/vrpn/bin/run_auxiliary_logger
[3.205s] -- Up-to-date: /home/prakt3/praktikum_ws/install/vrpn/bin/vrpn_server
[3.205s] -- Up-to-date: /home/prakt3/praktikum_ws/install/vrpn/etc/vrpn.cfg
[3.205s] -- Up-to-date: /home/prakt3/praktikum_ws/install/vrpn/share/vrpn-07.34/vrpn.cfg.sample
[3.205s] -- Up-to-date: /home/prakt3/praktikum_ws/install/vrpn/lib/libvrpn_timecode_generator.a
[3.205s] -- Up-to-date: /home/prakt3/praktikum_ws/install/vrpn/include/vrpn_timecode_generator.h
[3.205s] -- Up-to-date: /home/prakt3/praktikum_ws/install/vrpn/bin/vrpn_streamPrint
[3.205s] -- Up-to-date: /home/prakt3/praktikum_ws/install/vrpn/lib/python3.8/dist-packages/vrpn.so
[3.208s] Invoked command in '/home/prakt3/praktikum_ws/build/vrpn' returned '0': CMAKE_PREFIX_PATH=${CMAKE_PREFIX_PATH}:/opt/ros/galactic /usr/bin/cmake --install /home/prakt3/praktikum_ws/build/vrpn
