-- The C compiler identification is GNU 9.4.0
-- The CXX compiler identification is GNU 9.4.0
-- Check for working C compiler: /usr/bin/cc
-- Check for working C compiler: /usr/bin/cc -- works
-- Detecting C compiler ABI info
-- Detecting C compiler ABI info - done
-- Detecting C compile features
-- Detecting C compile features - done
-- Check for working CXX compiler: /usr/bin/c++
-- Check for working CXX compiler: /usr/bin/c++ -- works
-- Detecting CXX compiler ABI info
-- Detecting CXX compiler ABI info - done
-- Detecting CXX compile features
-- Detecting CXX compile features - done
-- Found ament_cmake: 1.1.6 (/opt/ros/galactic/share/ament_cmake/cmake)
-- Found PythonInterp: /usr/bin/python3 (found suitable version "3.8.10", minimum required is "3") 
-- Using PYTHON_EXECUTABLE: /usr/bin/python3
-- Found ament_lint_auto: 0.10.7 (/opt/ros/galactic/share/ament_lint_auto/cmake)
-- Found rosidl_default_generators: 1.1.1 (/opt/ros/galactic/share/rosidl_default_generators/cmake)
-- Using all available rosidl_typesupport_c: rosidl_typesupport_fastrtps_c;rosidl_typesupport_introspection_c
-- Found rosidl_adapter: 2.2.3 (/opt/ros/galactic/share/rosidl_adapter/cmake)
-- Found OpenSSL: /usr/lib/x86_64-linux-gnu/libcrypto.so (found version "1.1.1f")  
-- Found FastRTPS: /opt/ros/galactic/include  
-- Using all available rosidl_typesupport_cpp: rosidl_typesupport_fastrtps_cpp;rosidl_typesupport_introspection_cpp
-- Found PythonInterp: /usr/bin/python3 (found version "3.8.10") 
-- Found ament_cmake_ros: 0.9.2 (/opt/ros/galactic/share/ament_cmake_ros/cmake)
-- Using all available rosidl_typesupport_c: rosidl_typesupport_fastrtps_c;rosidl_typesupport_introspection_c
-- Using all available rosidl_typesupport_cpp: rosidl_typesupport_fastrtps_cpp;rosidl_typesupport_introspection_cpp
-- Found PythonInterp: /usr/bin/python3 (found suitable version "3.8.10", minimum required is "3.5") 
-- Found python_cmake_module: 0.8.1 (/opt/ros/galactic/share/python_cmake_module/cmake)
-- Found PythonLibs: /usr/lib/x86_64-linux-gnu/libpython3.8.so (found suitable version "3.8.10", minimum required is "3.5") 
-- Using PYTHON_EXECUTABLE: /usr/bin/python3
-- Using PYTHON_INCLUDE_DIRS: /usr/include/python3.8
-- Using PYTHON_LIBRARIES: /usr/lib/x86_64-linux-gnu/libpython3.8.so
-- Found PythonExtra: .so  
-- Added test 'copyright' to check source files copyright and LICENSE
-- Added test 'cppcheck' to perform static code analysis on C / C++ code
-- Configured cppcheck include dirs: 
-- Configured cppcheck exclude dirs and/or files: 
-- Added test 'cpplint' to check C / C++ code against the Google style
-- Configured cpplint exclude dirs and/or files: 
-- Added test 'flake8' to check Python code syntax and style conventions
-- Added test 'lint_cmake' to check CMake code style
-- Added test 'pep257' to check Python code against some of the style conventions in PEP 257
-- Added test 'uncrustify' to check C / C++ code style
-- Configured uncrustify additional arguments: 
-- Added test 'xmllint' to check XML markup files
-- Configuring done
-- Generating done
-- Build files have been written to: /home/prakt3/praktikum_ws/build/interfaces
[  1%] [34m[1mGenerating C code for ROS interfaces[0m
[35m[1mScanning dependencies of target interfaces__cpp[0m
[  2%] [34m[1mGenerating C++ code for ROS interfaces[0m
[  2%] Built target interfaces__cpp
[35m[1mScanning dependencies of target interfaces__rosidl_generator_c[0m
[  3%] [34m[1mGenerating C++ introspection for ROS interfaces[0m
[  4%] [34m[1mGenerating C++ type support dispatch for ROS interfaces[0m
[  5%] [32mBuilding C object CMakeFiles/interfaces__rosidl_generator_c.dir/rosidl_generator_c/interfaces/msg/detail/pointcoords__functions.c.o[0m
[  6%] [32mBuilding C object CMakeFiles/interfaces__rosidl_generator_c.dir/rosidl_generator_c/interfaces/msg/detail/point_translation3_d__functions.c.o[0m
[  8%] [34m[1mGenerating C++ type support for eProsima Fast-RTPS[0m
[  9%] [32mBuilding C object CMakeFiles/interfaces__rosidl_generator_c.dir/rosidl_generator_c/interfaces/srv/detail/move__functions.c.o[0m
[ 10%] [32mBuilding C object CMakeFiles/interfaces__rosidl_generator_c.dir/rosidl_generator_c/interfaces/msg/detail/point_orientation3_d__functions.c.o[0m
[ 11%] [32mBuilding C object CMakeFiles/interfaces__rosidl_generator_c.dir/rosidl_generator_c/interfaces/msg/detail/waypoints__functions.c.o[0m
[ 12%] [32mBuilding C object CMakeFiles/interfaces__rosidl_generator_c.dir/rosidl_generator_c/interfaces/srv/detail/getpose__functions.c.o[0m
[ 13%] [32mBuilding C object CMakeFiles/interfaces__rosidl_generator_c.dir/rosidl_generator_c/interfaces/srv/detail/picturetopoints__functions.c.o[0m
[ 14%] [32mBuilding C object CMakeFiles/interfaces__rosidl_generator_c.dir/rosidl_generator_c/interfaces/srv/detail/set_ur_io__functions.c.o[0m
[ 16%] [32m[1mLinking C shared library libinterfaces__rosidl_generator_c.so[0m
[ 16%] Built target interfaces__rosidl_generator_c
[ 17%] [34m[1mGenerating C type support dispatch for ROS interfaces[0m
[ 18%] [34m[1mGenerating C introspection for ROS interfaces[0m
[35m[1mScanning dependencies of target interfaces__rosidl_typesupport_cpp[0m
[ 19%] [32mBuilding CXX object CMakeFiles/interfaces__rosidl_typesupport_cpp.dir/rosidl_typesupport_cpp/interfaces/msg/waypoints__type_support.cpp.o[0m
[ 20%] [32mBuilding CXX object CMakeFiles/interfaces__rosidl_typesupport_cpp.dir/rosidl_typesupport_cpp/interfaces/msg/pointcoords__type_support.cpp.o[0m
[ 21%] [32mBuilding CXX object CMakeFiles/interfaces__rosidl_typesupport_cpp.dir/rosidl_typesupport_cpp/interfaces/msg/point_translation3_d__type_support.cpp.o[0m
[ 22%] [32mBuilding CXX object CMakeFiles/interfaces__rosidl_typesupport_cpp.dir/rosidl_typesupport_cpp/interfaces/srv/move__type_support.cpp.o[0m
[35m[1mScanning dependencies of target interfaces__rosidl_typesupport_introspection_cpp[0m
[ 24%] [32mBuilding CXX object CMakeFiles/interfaces__rosidl_typesupport_cpp.dir/rosidl_typesupport_cpp/interfaces/msg/point_orientation3_d__type_support.cpp.o[0m
[ 25%] [32mBuilding CXX object CMakeFiles/interfaces__rosidl_typesupport_cpp.dir/rosidl_typesupport_cpp/interfaces/srv/picturetopoints__type_support.cpp.o[0m
[ 26%] [32mBuilding CXX object CMakeFiles/interfaces__rosidl_typesupport_cpp.dir/rosidl_typesupport_cpp/interfaces/srv/getpose__type_support.cpp.o[0m
[ 27%] [32mBuilding CXX object CMakeFiles/interfaces__rosidl_typesupport_introspection_cpp.dir/rosidl_typesupport_introspection_cpp/interfaces/msg/detail/pointcoords__type_support.cpp.o[0m
[ 28%] [32mBuilding CXX object CMakeFiles/interfaces__rosidl_typesupport_introspection_cpp.dir/rosidl_typesupport_introspection_cpp/interfaces/msg/detail/waypoints__type_support.cpp.o[0m
[ 29%] [32mBuilding CXX object CMakeFiles/interfaces__rosidl_typesupport_cpp.dir/rosidl_typesupport_cpp/interfaces/srv/set_ur_io__type_support.cpp.o[0m
[ 31%] [32mBuilding CXX object CMakeFiles/interfaces__rosidl_typesupport_introspection_cpp.dir/rosidl_typesupport_introspection_cpp/interfaces/msg/detail/point_translation3_d__type_support.cpp.o[0m
[ 32%] [32mBuilding CXX object CMakeFiles/interfaces__rosidl_typesupport_introspection_cpp.dir/rosidl_typesupport_introspection_cpp/interfaces/srv/detail/move__type_support.cpp.o[0m
[35m[1mScanning dependencies of target interfaces__rosidl_typesupport_fastrtps_cpp[0m
[ 33%] [32mBuilding CXX object CMakeFiles/interfaces__rosidl_typesupport_introspection_cpp.dir/rosidl_typesupport_introspection_cpp/interfaces/msg/detail/point_orientation3_d__type_support.cpp.o[0m
[ 34%] [32mBuilding CXX object CMakeFiles/interfaces__rosidl_typesupport_introspection_cpp.dir/rosidl_typesupport_introspection_cpp/interfaces/srv/detail/picturetopoints__type_support.cpp.o[0m
[ 35%] [32mBuilding CXX object CMakeFiles/interfaces__rosidl_typesupport_fastrtps_cpp.dir/rosidl_typesupport_fastrtps_cpp/interfaces/msg/detail/dds_fastrtps/pointcoords__type_support.cpp.o[0m
[ 36%] [32mBuilding CXX object CMakeFiles/interfaces__rosidl_typesupport_introspection_cpp.dir/rosidl_typesupport_introspection_cpp/interfaces/srv/detail/getpose__type_support.cpp.o[0m
[ 37%] [32mBuilding CXX object CMakeFiles/interfaces__rosidl_typesupport_fastrtps_cpp.dir/rosidl_typesupport_fastrtps_cpp/interfaces/msg/detail/dds_fastrtps/waypoints__type_support.cpp.o[0m
[ 39%] [32mBuilding CXX object CMakeFiles/interfaces__rosidl_typesupport_introspection_cpp.dir/rosidl_typesupport_introspection_cpp/interfaces/srv/detail/set_ur_io__type_support.cpp.o[0m
[35m[1mScanning dependencies of target interfaces__rosidl_typesupport_c[0m
[ 40%] [32mBuilding CXX object CMakeFiles/interfaces__rosidl_typesupport_c.dir/rosidl_typesupport_c/interfaces/msg/waypoints__type_support.cpp.o[0m
[ 41%] [32mBuilding CXX object CMakeFiles/interfaces__rosidl_typesupport_c.dir/rosidl_typesupport_c/interfaces/msg/pointcoords__type_support.cpp.o[0m
[ 42%] [32m[1mLinking CXX shared library libinterfaces__rosidl_typesupport_cpp.so[0m
[ 43%] [32mBuilding CXX object CMakeFiles/interfaces__rosidl_typesupport_c.dir/rosidl_typesupport_c/interfaces/msg/point_translation3_d__type_support.cpp.o[0m
[ 44%] [32mBuilding CXX object CMakeFiles/interfaces__rosidl_typesupport_c.dir/rosidl_typesupport_c/interfaces/srv/move__type_support.cpp.o[0m
[ 45%] [32mBuilding CXX object CMakeFiles/interfaces__rosidl_typesupport_c.dir/rosidl_typesupport_c/interfaces/msg/point_orientation3_d__type_support.cpp.o[0m
[ 47%] [32mBuilding CXX object CMakeFiles/interfaces__rosidl_typesupport_c.dir/rosidl_typesupport_c/interfaces/srv/picturetopoints__type_support.cpp.o[0m
[ 47%] Built target interfaces__rosidl_typesupport_cpp
[ 48%] [32mBuilding CXX object CMakeFiles/interfaces__rosidl_typesupport_fastrtps_cpp.dir/rosidl_typesupport_fastrtps_cpp/interfaces/msg/detail/dds_fastrtps/point_translation3_d__type_support.cpp.o[0m
[ 49%] [32mBuilding CXX object CMakeFiles/interfaces__rosidl_typesupport_c.dir/rosidl_typesupport_c/interfaces/srv/getpose__type_support.cpp.o[0m
[35m[1mScanning dependencies of target interfaces__rosidl_typesupport_introspection_c[0m
[ 50%] [32mBuilding CXX object CMakeFiles/interfaces__rosidl_typesupport_fastrtps_cpp.dir/rosidl_typesupport_fastrtps_cpp/interfaces/srv/detail/dds_fastrtps/move__type_support.cpp.o[0m
[ 51%] [32mBuilding CXX object CMakeFiles/interfaces__rosidl_typesupport_c.dir/rosidl_typesupport_c/interfaces/srv/set_ur_io__type_support.cpp.o[0m
[ 52%] [32mBuilding C object CMakeFiles/interfaces__rosidl_typesupport_introspection_c.dir/rosidl_typesupport_introspection_c/interfaces/msg/detail/pointcoords__type_support.c.o[0m
[ 54%] [32mBuilding CXX object CMakeFiles/interfaces__rosidl_typesupport_fastrtps_cpp.dir/rosidl_typesupport_fastrtps_cpp/interfaces/msg/detail/dds_fastrtps/point_orientation3_d__type_support.cpp.o[0m
[ 55%] [32mBuilding C object CMakeFiles/interfaces__rosidl_typesupport_introspection_c.dir/rosidl_typesupport_introspection_c/interfaces/msg/detail/waypoints__type_support.c.o[0m
[ 56%] [32mBuilding CXX object CMakeFiles/interfaces__rosidl_typesupport_fastrtps_cpp.dir/rosidl_typesupport_fastrtps_cpp/interfaces/srv/detail/dds_fastrtps/picturetopoints__type_support.cpp.o[0m
[ 57%] [32mBuilding C object CMakeFiles/interfaces__rosidl_typesupport_introspection_c.dir/rosidl_typesupport_introspection_c/interfaces/msg/detail/point_translation3_d__type_support.c.o[0m
[ 58%] [32mBuilding CXX object CMakeFiles/interfaces__rosidl_typesupport_fastrtps_cpp.dir/rosidl_typesupport_fastrtps_cpp/interfaces/srv/detail/dds_fastrtps/getpose__type_support.cpp.o[0m
[ 59%] [32m[1mLinking CXX shared library libinterfaces__rosidl_typesupport_c.so[0m
[ 60%] [32m[1mLinking CXX shared library libinterfaces__rosidl_typesupport_introspection_cpp.so[0m
[ 62%] [32mBuilding CXX object CMakeFiles/interfaces__rosidl_typesupport_fastrtps_cpp.dir/rosidl_typesupport_fastrtps_cpp/interfaces/srv/detail/dds_fastrtps/set_ur_io__type_support.cpp.o[0m
[ 63%] [32mBuilding C object CMakeFiles/interfaces__rosidl_typesupport_introspection_c.dir/rosidl_typesupport_introspection_c/interfaces/srv/detail/move__type_support.c.o[0m
[ 64%] [32mBuilding C object CMakeFiles/interfaces__rosidl_typesupport_introspection_c.dir/rosidl_typesupport_introspection_c/interfaces/msg/detail/point_orientation3_d__type_support.c.o[0m
[ 64%] Built target interfaces__rosidl_typesupport_c
[ 65%] [32mBuilding C object CMakeFiles/interfaces__rosidl_typesupport_introspection_c.dir/rosidl_typesupport_introspection_c/interfaces/srv/detail/picturetopoints__type_support.c.o[0m
[ 66%] [32mBuilding C object CMakeFiles/interfaces__rosidl_typesupport_introspection_c.dir/rosidl_typesupport_introspection_c/interfaces/srv/detail/getpose__type_support.c.o[0m
[ 67%] [32mBuilding C object CMakeFiles/interfaces__rosidl_typesupport_introspection_c.dir/rosidl_typesupport_introspection_c/interfaces/srv/detail/set_ur_io__type_support.c.o[0m
[ 67%] Built target interfaces__rosidl_typesupport_introspection_cpp
[ 68%] [32m[1mLinking C shared library libinterfaces__rosidl_typesupport_introspection_c.so[0m
[ 68%] Built target interfaces__rosidl_typesupport_introspection_c
[ 70%] [32m[1mLinking CXX shared library libinterfaces__rosidl_typesupport_fastrtps_cpp.so[0m
[ 70%] Built target interfaces__rosidl_typesupport_fastrtps_cpp
[ 71%] [34m[1mGenerating C type support for eProsima Fast-RTPS[0m
[35m[1mScanning dependencies of target interfaces__rosidl_typesupport_fastrtps_c[0m
[ 72%] [32mBuilding CXX object CMakeFiles/interfaces__rosidl_typesupport_fastrtps_c.dir/rosidl_typesupport_fastrtps_c/interfaces/msg/detail/pointcoords__type_support_c.cpp.o[0m
[ 73%] [32mBuilding CXX object CMakeFiles/interfaces__rosidl_typesupport_fastrtps_c.dir/rosidl_typesupport_fastrtps_c/interfaces/msg/detail/waypoints__type_support_c.cpp.o[0m
[ 74%] [32mBuilding CXX object CMakeFiles/interfaces__rosidl_typesupport_fastrtps_c.dir/rosidl_typesupport_fastrtps_c/interfaces/msg/detail/point_translation3_d__type_support_c.cpp.o[0m
[ 75%] [32mBuilding CXX object CMakeFiles/interfaces__rosidl_typesupport_fastrtps_c.dir/rosidl_typesupport_fastrtps_c/interfaces/srv/detail/move__type_support_c.cpp.o[0m
[ 77%] [32mBuilding CXX object CMakeFiles/interfaces__rosidl_typesupport_fastrtps_c.dir/rosidl_typesupport_fastrtps_c/interfaces/msg/detail/point_orientation3_d__type_support_c.cpp.o[0m
[ 78%] [32mBuilding CXX object CMakeFiles/interfaces__rosidl_typesupport_fastrtps_c.dir/rosidl_typesupport_fastrtps_c/interfaces/srv/detail/picturetopoints__type_support_c.cpp.o[0m
[ 79%] [32mBuilding CXX object CMakeFiles/interfaces__rosidl_typesupport_fastrtps_c.dir/rosidl_typesupport_fastrtps_c/interfaces/srv/detail/getpose__type_support_c.cpp.o[0m
[ 80%] [32mBuilding CXX object CMakeFiles/interfaces__rosidl_typesupport_fastrtps_c.dir/rosidl_typesupport_fastrtps_c/interfaces/srv/detail/set_ur_io__type_support_c.cpp.o[0m
[ 81%] [32m[1mLinking CXX shared library libinterfaces__rosidl_typesupport_fastrtps_c.so[0m
[ 81%] Built target interfaces__rosidl_typesupport_fastrtps_c
[35m[1mScanning dependencies of target interfaces[0m
[ 81%] Built target interfaces
[35m[1mScanning dependencies of target interfaces__py[0m
[ 82%] [34m[1mGenerating Python code for ROS interfaces[0m
[ 82%] Built target interfaces__py
[35m[1mScanning dependencies of target interfaces__python[0m
[ 83%] [32mBuilding C object CMakeFiles/interfaces__python.dir/rosidl_generator_py/interfaces/msg/_pointcoords_s.c.o[0m
[ 85%] [32mBuilding C object CMakeFiles/interfaces__python.dir/rosidl_generator_py/interfaces/msg/_waypoints_s.c.o[0m
[ 86%] [32mBuilding C object CMakeFiles/interfaces__python.dir/rosidl_generator_py/interfaces/msg/_point_translation3_d_s.c.o[0m
[ 87%] [32mBuilding C object CMakeFiles/interfaces__python.dir/rosidl_generator_py/interfaces/srv/_move_s.c.o[0m
[ 88%] [32mBuilding C object CMakeFiles/interfaces__python.dir/rosidl_generator_py/interfaces/msg/_point_orientation3_d_s.c.o[0m
[ 89%] [32mBuilding C object CMakeFiles/interfaces__python.dir/rosidl_generator_py/interfaces/srv/_picturetopoints_s.c.o[0m
[ 90%] [32mBuilding C object CMakeFiles/interfaces__python.dir/rosidl_generator_py/interfaces/srv/_getpose_s.c.o[0m
[ 91%] [32mBuilding C object CMakeFiles/interfaces__python.dir/rosidl_generator_py/interfaces/srv/_set_ur_io_s.c.o[0m
[ 93%] [32m[1mLinking C shared library rosidl_generator_py/interfaces/libinterfaces__python.so[0m
[ 93%] Built target interfaces__python
[35m[1mScanning dependencies of target interfaces__rosidl_typesupport_c__pyext[0m
[35m[1mScanning dependencies of target interfaces__rosidl_typesupport_fastrtps_c__pyext[0m
[35m[1mScanning dependencies of target interfaces__rosidl_typesupport_introspection_c__pyext[0m
[ 94%] [32mBuilding C object CMakeFiles/interfaces__rosidl_typesupport_c__pyext.dir/rosidl_generator_py/interfaces/_interfaces_s.ep.rosidl_typesupport_c.c.o[0m
[ 95%] [32mBuilding C object CMakeFiles/interfaces__rosidl_typesupport_introspection_c__pyext.dir/rosidl_generator_py/interfaces/_interfaces_s.ep.rosidl_typesupport_introspection_c.c.o[0m
[ 96%] [32mBuilding C object CMakeFiles/interfaces__rosidl_typesupport_fastrtps_c__pyext.dir/rosidl_generator_py/interfaces/_interfaces_s.ep.rosidl_typesupport_fastrtps_c.c.o[0m
[ 97%] [32m[1mLinking C shared library rosidl_generator_py/interfaces/interfaces_s__rosidl_typesupport_c.cpython-38-x86_64-linux-gnu.so[0m
[ 98%] [32m[1mLinking CXX shared library rosidl_generator_py/interfaces/interfaces_s__rosidl_typesupport_fastrtps_c.cpython-38-x86_64-linux-gnu.so[0m
[100%] [32m[1mLinking C shared library rosidl_generator_py/interfaces/interfaces_s__rosidl_typesupport_introspection_c.cpython-38-x86_64-linux-gnu.so[0m
[100%] Built target interfaces__rosidl_typesupport_c__pyext
[100%] Built target interfaces__rosidl_typesupport_introspection_c__pyext
[100%] Built target interfaces__rosidl_typesupport_fastrtps_c__pyext
-- Install configuration: ""
-- Installing: /home/prakt3/praktikum_ws/install/interfaces/share/ament_index/resource_index/rosidl_interfaces/interfaces
-- Installing: /home/prakt3/praktikum_ws/install/interfaces/include/interfaces
-- Installing: /home/prakt3/praktikum_ws/install/interfaces/include/interfaces/srv
-- Installing: /home/prakt3/praktikum_ws/install/interfaces/include/interfaces/srv/picturetopoints.h
-- Installing: /home/prakt3/praktikum_ws/install/interfaces/include/interfaces/srv/move.h
-- Installing: /home/prakt3/praktikum_ws/install/interfaces/include/interfaces/srv/set_ur_io.h
-- Installing: /home/prakt3/praktikum_ws/install/interfaces/include/interfaces/srv/detail
-- Installing: /home/prakt3/praktikum_ws/install/interfaces/include/interfaces/srv/detail/set_ur_io__functions.c
-- Installing: /home/prakt3/praktikum_ws/install/interfaces/include/interfaces/srv/detail/move__type_support.h
-- Installing: /home/prakt3/praktikum_ws/install/interfaces/include/interfaces/srv/detail/set_ur_io__struct.h
-- Installing: /home/prakt3/praktikum_ws/install/interfaces/include/interfaces/srv/detail/set_ur_io__functions.h
-- Installing: /home/prakt3/praktikum_ws/install/interfaces/include/interfaces/srv/detail/picturetopoints__type_support.h
-- Installing: /home/prakt3/praktikum_ws/install/interfaces/include/interfaces/srv/detail/getpose__functions.h
-- Installing: /home/prakt3/praktikum_ws/install/interfaces/include/interfaces/srv/detail/picturetopoints__struct.h
-- Installing: /home/prakt3/praktikum_ws/install/interfaces/include/interfaces/srv/detail/picturetopoints__functions.c
-- Installing: /home/prakt3/praktikum_ws/install/interfaces/include/interfaces/srv/detail/move__functions.h
-- Installing: /home/prakt3/praktikum_ws/install/interfaces/include/interfaces/srv/detail/getpose__struct.h
-- Installing: /home/prakt3/praktikum_ws/install/interfaces/include/interfaces/srv/detail/picturetopoints__functions.h
-- Installing: /home/prakt3/praktikum_ws/install/interfaces/include/interfaces/srv/detail/getpose__functions.c
-- Installing: /home/prakt3/praktikum_ws/install/interfaces/include/interfaces/srv/detail/getpose__type_support.h
-- Installing: /home/prakt3/praktikum_ws/install/interfaces/include/interfaces/srv/detail/move__struct.h
-- Installing: /home/prakt3/praktikum_ws/install/interfaces/include/interfaces/srv/detail/move__functions.c
-- Installing: /home/prakt3/praktikum_ws/install/interfaces/include/interfaces/srv/detail/set_ur_io__type_support.h
-- Installing: /home/prakt3/praktikum_ws/install/interfaces/include/interfaces/srv/getpose.h
-- Installing: /home/prakt3/praktikum_ws/install/interfaces/include/interfaces/msg
-- Installing: /home/prakt3/praktikum_ws/install/interfaces/include/interfaces/msg/waypoints.h
-- Installing: /home/prakt3/praktikum_ws/install/interfaces/include/interfaces/msg/pointcoords.h
-- Installing: /home/prakt3/praktikum_ws/install/interfaces/include/interfaces/msg/point_orientation3_d.h
-- Installing: /home/prakt3/praktikum_ws/install/interfaces/include/interfaces/msg/point_translation3_d.h
-- Installing: /home/prakt3/praktikum_ws/install/interfaces/include/interfaces/msg/detail
-- Installing: /home/prakt3/praktikum_ws/install/interfaces/include/interfaces/msg/detail/point_translation3_d__functions.h
-- Installing: /home/prakt3/praktikum_ws/install/interfaces/include/interfaces/msg/detail/point_orientation3_d__struct.h
-- Installing: /home/prakt3/praktikum_ws/install/interfaces/include/interfaces/msg/detail/point_orientation3_d__functions.h
-- Installing: /home/prakt3/praktikum_ws/install/interfaces/include/interfaces/msg/detail/pointcoords__functions.c
-- Installing: /home/prakt3/praktikum_ws/install/interfaces/include/interfaces/msg/detail/waypoints__type_support.h
-- Installing: /home/prakt3/praktikum_ws/install/interfaces/include/interfaces/msg/detail/pointcoords__functions.h
-- Installing: /home/prakt3/praktikum_ws/install/interfaces/include/interfaces/msg/detail/waypoints__struct.h
-- Installing: /home/prakt3/praktikum_ws/install/interfaces/include/interfaces/msg/detail/pointcoords__type_support.h
-- Installing: /home/prakt3/praktikum_ws/install/interfaces/include/interfaces/msg/detail/point_translation3_d__functions.c
-- Installing: /home/prakt3/praktikum_ws/install/interfaces/include/interfaces/msg/detail/point_orientation3_d__functions.c
-- Installing: /home/prakt3/praktikum_ws/install/interfaces/include/interfaces/msg/detail/point_translation3_d__struct.h
-- Installing: /home/prakt3/praktikum_ws/install/interfaces/include/interfaces/msg/detail/point_orientation3_d__type_support.h
-- Installing: /home/prakt3/praktikum_ws/install/interfaces/include/interfaces/msg/detail/waypoints__functions.h
-- Installing: /home/prakt3/praktikum_ws/install/interfaces/include/interfaces/msg/detail/point_translation3_d__type_support.h
-- Installing: /home/prakt3/praktikum_ws/install/interfaces/include/interfaces/msg/detail/pointcoords__struct.h
-- Installing: /home/prakt3/praktikum_ws/install/interfaces/include/interfaces/msg/detail/waypoints__functions.c
-- Installing: /home/prakt3/praktikum_ws/install/interfaces/include/interfaces/msg/rosidl_generator_c__visibility_control.h
-- Installing: /home/prakt3/praktikum_ws/install/interfaces/share/interfaces/environment/library_path.sh
-- Installing: /home/prakt3/praktikum_ws/install/interfaces/share/interfaces/environment/library_path.dsv
-- Installing: /home/prakt3/praktikum_ws/install/interfaces/lib/libinterfaces__rosidl_generator_c.so
-- Set runtime path of "/home/prakt3/praktikum_ws/install/interfaces/lib/libinterfaces__rosidl_generator_c.so" to ""
-- Up-to-date: /home/prakt3/praktikum_ws/install/interfaces/include/interfaces
-- Up-to-date: /home/prakt3/praktikum_ws/install/interfaces/include/interfaces/srv
-- Up-to-date: /home/prakt3/praktikum_ws/install/interfaces/include/interfaces/srv/detail
-- Installing: /home/prakt3/praktikum_ws/install/interfaces/include/interfaces/srv/detail/move__rosidl_typesupport_fastrtps_c.h
-- Installing: /home/prakt3/praktikum_ws/install/interfaces/include/interfaces/srv/detail/getpose__rosidl_typesupport_fastrtps_c.h
-- Installing: /home/prakt3/praktikum_ws/install/interfaces/include/interfaces/srv/detail/set_ur_io__rosidl_typesupport_fastrtps_c.h
-- Installing: /home/prakt3/praktikum_ws/install/interfaces/include/interfaces/srv/detail/picturetopoints__rosidl_typesupport_fastrtps_c.h
-- Up-to-date: /home/prakt3/praktikum_ws/install/interfaces/include/interfaces/msg
-- Installing: /home/prakt3/praktikum_ws/install/interfaces/include/interfaces/msg/rosidl_typesupport_fastrtps_c__visibility_control.h
-- Up-to-date: /home/prakt3/praktikum_ws/install/interfaces/include/interfaces/msg/detail
-- Installing: /home/prakt3/praktikum_ws/install/interfaces/include/interfaces/msg/detail/point_translation3_d__rosidl_typesupport_fastrtps_c.h
-- Installing: /home/prakt3/praktikum_ws/install/interfaces/include/interfaces/msg/detail/pointcoords__rosidl_typesupport_fastrtps_c.h
-- Installing: /home/prakt3/praktikum_ws/install/interfaces/include/interfaces/msg/detail/waypoints__rosidl_typesupport_fastrtps_c.h
-- Installing: /home/prakt3/praktikum_ws/install/interfaces/include/interfaces/msg/detail/point_orientation3_d__rosidl_typesupport_fastrtps_c.h
-- Installing: /home/prakt3/praktikum_ws/install/interfaces/lib/libinterfaces__rosidl_typesupport_fastrtps_c.so
-- Set runtime path of "/home/prakt3/praktikum_ws/install/interfaces/lib/libinterfaces__rosidl_typesupport_fastrtps_c.so" to ""
-- Up-to-date: /home/prakt3/praktikum_ws/install/interfaces/include/interfaces
-- Up-to-date: /home/prakt3/praktikum_ws/install/interfaces/include/interfaces/srv
-- Up-to-date: /home/prakt3/praktikum_ws/install/interfaces/include/interfaces/srv/detail
-- Installing: /home/prakt3/praktikum_ws/install/interfaces/include/interfaces/srv/detail/move__rosidl_typesupport_fastrtps_cpp.hpp
-- Installing: /home/prakt3/praktikum_ws/install/interfaces/include/interfaces/srv/detail/set_ur_io__rosidl_typesupport_fastrtps_cpp.hpp
-- Installing: /home/prakt3/praktikum_ws/install/interfaces/include/interfaces/srv/detail/getpose__rosidl_typesupport_fastrtps_cpp.hpp
-- Installing: /home/prakt3/praktikum_ws/install/interfaces/include/interfaces/srv/detail/dds_fastrtps
-- Installing: /home/prakt3/praktikum_ws/install/interfaces/include/interfaces/srv/detail/picturetopoints__rosidl_typesupport_fastrtps_cpp.hpp
-- Up-to-date: /home/prakt3/praktikum_ws/install/interfaces/include/interfaces/msg
-- Installing: /home/prakt3/praktikum_ws/install/interfaces/include/interfaces/msg/rosidl_typesupport_fastrtps_cpp__visibility_control.h
-- Up-to-date: /home/prakt3/praktikum_ws/install/interfaces/include/interfaces/msg/detail
-- Installing: /home/prakt3/praktikum_ws/install/interfaces/include/interfaces/msg/detail/pointcoords__rosidl_typesupport_fastrtps_cpp.hpp
-- Installing: /home/prakt3/praktikum_ws/install/interfaces/include/interfaces/msg/detail/point_orientation3_d__rosidl_typesupport_fastrtps_cpp.hpp
-- Installing: /home/prakt3/praktikum_ws/install/interfaces/include/interfaces/msg/detail/waypoints__rosidl_typesupport_fastrtps_cpp.hpp
-- Installing: /home/prakt3/praktikum_ws/install/interfaces/include/interfaces/msg/detail/point_translation3_d__rosidl_typesupport_fastrtps_cpp.hpp
-- Installing: /home/prakt3/praktikum_ws/install/interfaces/include/interfaces/msg/detail/dds_fastrtps
-- Installing: /home/prakt3/praktikum_ws/install/interfaces/lib/libinterfaces__rosidl_typesupport_fastrtps_cpp.so
-- Set runtime path of "/home/prakt3/praktikum_ws/install/interfaces/lib/libinterfaces__rosidl_typesupport_fastrtps_cpp.so" to ""
-- Up-to-date: /home/prakt3/praktikum_ws/install/interfaces/include/interfaces
-- Up-to-date: /home/prakt3/praktikum_ws/install/interfaces/include/interfaces/srv
-- Up-to-date: /home/prakt3/praktikum_ws/install/interfaces/include/interfaces/srv/detail
-- Installing: /home/prakt3/praktikum_ws/install/interfaces/include/interfaces/srv/detail/move__rosidl_typesupport_introspection_c.h
-- Installing: /home/prakt3/praktikum_ws/install/interfaces/include/interfaces/srv/detail/move__type_support.c
-- Installing: /home/prakt3/praktikum_ws/install/interfaces/include/interfaces/srv/detail/picturetopoints__type_support.c
-- Installing: /home/prakt3/praktikum_ws/install/interfaces/include/interfaces/srv/detail/getpose__type_support.c
-- Installing: /home/prakt3/praktikum_ws/install/interfaces/include/interfaces/srv/detail/set_ur_io__rosidl_typesupport_introspection_c.h
-- Installing: /home/prakt3/praktikum_ws/install/interfaces/include/interfaces/srv/detail/set_ur_io__type_support.c
-- Installing: /home/prakt3/praktikum_ws/install/interfaces/include/interfaces/srv/detail/getpose__rosidl_typesupport_introspection_c.h
-- Installing: /home/prakt3/praktikum_ws/install/interfaces/include/interfaces/srv/detail/picturetopoints__rosidl_typesupport_introspection_c.h
-- Up-to-date: /home/prakt3/praktikum_ws/install/interfaces/include/interfaces/msg
-- Up-to-date: /home/prakt3/praktikum_ws/install/interfaces/include/interfaces/msg/detail
-- Installing: /home/prakt3/praktikum_ws/install/interfaces/include/interfaces/msg/detail/point_orientation3_d__type_support.c
-- Installing: /home/prakt3/praktikum_ws/install/interfaces/include/interfaces/msg/detail/waypoints__type_support.c
-- Installing: /home/prakt3/praktikum_ws/install/interfaces/include/interfaces/msg/detail/waypoints__rosidl_typesupport_introspection_c.h
-- Installing: /home/prakt3/praktikum_ws/install/interfaces/include/interfaces/msg/detail/pointcoords__rosidl_typesupport_introspection_c.h
-- Installing: /home/prakt3/praktikum_ws/install/interfaces/include/interfaces/msg/detail/point_orientation3_d__rosidl_typesupport_introspection_c.h
-- Installing: /home/prakt3/praktikum_ws/install/interfaces/include/interfaces/msg/detail/point_translation3_d__type_support.c
-- Installing: /home/prakt3/praktikum_ws/install/interfaces/include/interfaces/msg/detail/point_translation3_d__rosidl_typesupport_introspection_c.h
-- Installing: /home/prakt3/praktikum_ws/install/interfaces/include/interfaces/msg/detail/pointcoords__type_support.c
-- Installing: /home/prakt3/praktikum_ws/install/interfaces/include/interfaces/msg/rosidl_typesupport_introspection_c__visibility_control.h
-- Installing: /home/prakt3/praktikum_ws/install/interfaces/lib/libinterfaces__rosidl_typesupport_introspection_c.so
-- Set runtime path of "/home/prakt3/praktikum_ws/install/interfaces/lib/libinterfaces__rosidl_typesupport_introspection_c.so" to ""
-- Installing: /home/prakt3/praktikum_ws/install/interfaces/lib/libinterfaces__rosidl_typesupport_c.so
-- Set runtime path of "/home/prakt3/praktikum_ws/install/interfaces/lib/libinterfaces__rosidl_typesupport_c.so" to ""
-- Up-to-date: /home/prakt3/praktikum_ws/install/interfaces/include/interfaces
-- Up-to-date: /home/prakt3/praktikum_ws/install/interfaces/include/interfaces/srv
-- Installing: /home/prakt3/praktikum_ws/install/interfaces/include/interfaces/srv/getpose.hpp
-- Installing: /home/prakt3/praktikum_ws/install/interfaces/include/interfaces/srv/picturetopoints.hpp
-- Up-to-date: /home/prakt3/praktikum_ws/install/interfaces/include/interfaces/srv/detail
-- Installing: /home/prakt3/praktikum_ws/install/interfaces/include/interfaces/srv/detail/set_ur_io__struct.hpp
-- Installing: /home/prakt3/praktikum_ws/install/interfaces/include/interfaces/srv/detail/getpose__builder.hpp
-- Installing: /home/prakt3/praktikum_ws/install/interfaces/include/interfaces/srv/detail/move__struct.hpp
-- Installing: /home/prakt3/praktikum_ws/install/interfaces/include/interfaces/srv/detail/getpose__traits.hpp
-- Installing: /home/prakt3/praktikum_ws/install/interfaces/include/interfaces/srv/detail/picturetopoints__builder.hpp
-- Installing: /home/prakt3/praktikum_ws/install/interfaces/include/interfaces/srv/detail/picturetopoints__struct.hpp
-- Installing: /home/prakt3/praktikum_ws/install/interfaces/include/interfaces/srv/detail/getpose__struct.hpp
-- Installing: /home/prakt3/praktikum_ws/install/interfaces/include/interfaces/srv/detail/move__traits.hpp
-- Installing: /home/prakt3/praktikum_ws/install/interfaces/include/interfaces/srv/detail/picturetopoints__traits.hpp
-- Installing: /home/prakt3/praktikum_ws/install/interfaces/include/interfaces/srv/detail/move__builder.hpp
-- Installing: /home/prakt3/praktikum_ws/install/interfaces/include/interfaces/srv/detail/set_ur_io__traits.hpp
-- Installing: /home/prakt3/praktikum_ws/install/interfaces/include/interfaces/srv/detail/set_ur_io__builder.hpp
-- Installing: /home/prakt3/praktikum_ws/install/interfaces/include/interfaces/srv/set_ur_io.hpp
-- Installing: /home/prakt3/praktikum_ws/install/interfaces/include/interfaces/srv/move.hpp
-- Up-to-date: /home/prakt3/praktikum_ws/install/interfaces/include/interfaces/msg
-- Installing: /home/prakt3/praktikum_ws/install/interfaces/include/interfaces/msg/point_translation3_d.hpp
-- Installing: /home/prakt3/praktikum_ws/install/interfaces/include/interfaces/msg/point_orientation3_d.hpp
-- Up-to-date: /home/prakt3/praktikum_ws/install/interfaces/include/interfaces/msg/detail
-- Installing: /home/prakt3/praktikum_ws/install/interfaces/include/interfaces/msg/detail/waypoints__builder.hpp
-- Installing: /home/prakt3/praktikum_ws/install/interfaces/include/interfaces/msg/detail/point_translation3_d__builder.hpp
-- Installing: /home/prakt3/praktikum_ws/install/interfaces/include/interfaces/msg/detail/point_orientation3_d__traits.hpp
-- Installing: /home/prakt3/praktikum_ws/install/interfaces/include/interfaces/msg/detail/point_translation3_d__struct.hpp
-- Installing: /home/prakt3/praktikum_ws/install/interfaces/include/interfaces/msg/detail/waypoints__traits.hpp
-- Installing: /home/prakt3/praktikum_ws/install/interfaces/include/interfaces/msg/detail/waypoints__struct.hpp
-- Installing: /home/prakt3/praktikum_ws/install/interfaces/include/interfaces/msg/detail/point_orientation3_d__builder.hpp
-- Installing: /home/prakt3/praktikum_ws/install/interfaces/include/interfaces/msg/detail/point_translation3_d__traits.hpp
-- Installing: /home/prakt3/praktikum_ws/install/interfaces/include/interfaces/msg/detail/pointcoords__builder.hpp
-- Installing: /home/prakt3/praktikum_ws/install/interfaces/include/interfaces/msg/detail/point_orientation3_d__struct.hpp
-- Installing: /home/prakt3/praktikum_ws/install/interfaces/include/interfaces/msg/detail/pointcoords__traits.hpp
-- Installing: /home/prakt3/praktikum_ws/install/interfaces/include/interfaces/msg/detail/pointcoords__struct.hpp
-- Installing: /home/prakt3/praktikum_ws/install/interfaces/include/interfaces/msg/waypoints.hpp
-- Installing: /home/prakt3/praktikum_ws/install/interfaces/include/interfaces/msg/pointcoords.hpp
-- Up-to-date: /home/prakt3/praktikum_ws/install/interfaces/include/interfaces
-- Up-to-date: /home/prakt3/praktikum_ws/install/interfaces/include/interfaces/srv
-- Up-to-date: /home/prakt3/praktikum_ws/install/interfaces/include/interfaces/srv/detail
-- Installing: /home/prakt3/praktikum_ws/install/interfaces/include/interfaces/srv/detail/picturetopoints__type_support.cpp
-- Installing: /home/prakt3/praktikum_ws/install/interfaces/include/interfaces/srv/detail/set_ur_io__rosidl_typesupport_introspection_cpp.hpp
-- Installing: /home/prakt3/praktikum_ws/install/interfaces/include/interfaces/srv/detail/getpose__type_support.cpp
-- Installing: /home/prakt3/praktikum_ws/install/interfaces/include/interfaces/srv/detail/picturetopoints__rosidl_typesupport_introspection_cpp.hpp
-- Installing: /home/prakt3/praktikum_ws/install/interfaces/include/interfaces/srv/detail/move__rosidl_typesupport_introspection_cpp.hpp
-- Installing: /home/prakt3/praktikum_ws/install/interfaces/include/interfaces/srv/detail/set_ur_io__type_support.cpp
-- Installing: /home/prakt3/praktikum_ws/install/interfaces/include/interfaces/srv/detail/getpose__rosidl_typesupport_introspection_cpp.hpp
-- Installing: /home/prakt3/praktikum_ws/install/interfaces/include/interfaces/srv/detail/move__type_support.cpp
-- Up-to-date: /home/prakt3/praktikum_ws/install/interfaces/include/interfaces/msg
-- Up-to-date: /home/prakt3/praktikum_ws/install/interfaces/include/interfaces/msg/detail
-- Installing: /home/prakt3/praktikum_ws/install/interfaces/include/interfaces/msg/detail/point_translation3_d__rosidl_typesupport_introspection_cpp.hpp
-- Installing: /home/prakt3/praktikum_ws/install/interfaces/include/interfaces/msg/detail/waypoints__type_support.cpp
-- Installing: /home/prakt3/praktikum_ws/install/interfaces/include/interfaces/msg/detail/point_orientation3_d__rosidl_typesupport_introspection_cpp.hpp
-- Installing: /home/prakt3/praktikum_ws/install/interfaces/include/interfaces/msg/detail/pointcoords__rosidl_typesupport_introspection_cpp.hpp
-- Installing: /home/prakt3/praktikum_ws/install/interfaces/include/interfaces/msg/detail/point_translation3_d__type_support.cpp
-- Installing: /home/prakt3/praktikum_ws/install/interfaces/include/interfaces/msg/detail/waypoints__rosidl_typesupport_introspection_cpp.hpp
-- Installing: /home/prakt3/praktikum_ws/install/interfaces/include/interfaces/msg/detail/point_orientation3_d__type_support.cpp
-- Installing: /home/prakt3/praktikum_ws/install/interfaces/include/interfaces/msg/detail/pointcoords__type_support.cpp
-- Installing: /home/prakt3/praktikum_ws/install/interfaces/lib/libinterfaces__rosidl_typesupport_introspection_cpp.so
-- Set runtime path of "/home/prakt3/praktikum_ws/install/interfaces/lib/libinterfaces__rosidl_typesupport_introspection_cpp.so" to ""
-- Installing: /home/prakt3/praktikum_ws/install/interfaces/lib/libinterfaces__rosidl_typesupport_cpp.so
-- Set runtime path of "/home/prakt3/praktikum_ws/install/interfaces/lib/libinterfaces__rosidl_typesupport_cpp.so" to ""
-- Installing: /home/prakt3/praktikum_ws/install/interfaces/share/interfaces/environment/pythonpath.sh
-- Installing: /home/prakt3/praktikum_ws/install/interfaces/share/interfaces/environment/pythonpath.dsv
-- Installing: /home/prakt3/praktikum_ws/install/interfaces/lib/python3.8/site-packages/interfaces/__init__.py
Compiling '/home/prakt3/praktikum_ws/install/interfaces/lib/python3.8/site-packages/interfaces/__init__.py'...
-- Installing: /home/prakt3/praktikum_ws/install/interfaces/lib/python3.8/site-packages/interfaces/msg
-- Installing: /home/prakt3/praktikum_ws/install/interfaces/lib/python3.8/site-packages/interfaces/msg/_waypoints_s.c
-- Installing: /home/prakt3/praktikum_ws/install/interfaces/lib/python3.8/site-packages/interfaces/msg/_point_orientation3_d_s.c
-- Installing: /home/prakt3/praktikum_ws/install/interfaces/lib/python3.8/site-packages/interfaces/msg/_point_translation3_d_s.c
-- Installing: /home/prakt3/praktikum_ws/install/interfaces/lib/python3.8/site-packages/interfaces/msg/_point_orientation3_d.py
-- Installing: /home/prakt3/praktikum_ws/install/interfaces/lib/python3.8/site-packages/interfaces/msg/_waypoints.py
-- Installing: /home/prakt3/praktikum_ws/install/interfaces/lib/python3.8/site-packages/interfaces/msg/__init__.py
-- Installing: /home/prakt3/praktikum_ws/install/interfaces/lib/python3.8/site-packages/interfaces/msg/_pointcoords_s.c
-- Installing: /home/prakt3/praktikum_ws/install/interfaces/lib/python3.8/site-packages/interfaces/msg/_pointcoords.py
-- Installing: /home/prakt3/praktikum_ws/install/interfaces/lib/python3.8/site-packages/interfaces/msg/_point_translation3_d.py
-- Installing: /home/prakt3/praktikum_ws/install/interfaces/lib/python3.8/site-packages/interfaces/srv
-- Installing: /home/prakt3/praktikum_ws/install/interfaces/lib/python3.8/site-packages/interfaces/srv/_move_s.c
-- Installing: /home/prakt3/praktikum_ws/install/interfaces/lib/python3.8/site-packages/interfaces/srv/_set_ur_io_s.c
-- Installing: /home/prakt3/praktikum_ws/install/interfaces/lib/python3.8/site-packages/interfaces/srv/_picturetopoints.py
-- Installing: /home/prakt3/praktikum_ws/install/interfaces/lib/python3.8/site-packages/interfaces/srv/_set_ur_io.py
-- Installing: /home/prakt3/praktikum_ws/install/interfaces/lib/python3.8/site-packages/interfaces/srv/_picturetopoints_s.c
-- Installing: /home/prakt3/praktikum_ws/install/interfaces/lib/python3.8/site-packages/interfaces/srv/__init__.py
-- Installing: /home/prakt3/praktikum_ws/install/interfaces/lib/python3.8/site-packages/interfaces/srv/_move.py
-- Installing: /home/prakt3/praktikum_ws/install/interfaces/lib/python3.8/site-packages/interfaces/srv/_getpose_s.c
-- Installing: /home/prakt3/praktikum_ws/install/interfaces/lib/python3.8/site-packages/interfaces/srv/_getpose.py
-- Installing: /home/prakt3/praktikum_ws/install/interfaces/lib/python3.8/site-packages/interfaces/interfaces_s__rosidl_typesupport_fastrtps_c.cpython-38-x86_64-linux-gnu.so
-- Set runtime path of "/home/prakt3/praktikum_ws/install/interfaces/lib/python3.8/site-packages/interfaces/interfaces_s__rosidl_typesupport_fastrtps_c.cpython-38-x86_64-linux-gnu.so" to ""
-- Installing: /home/prakt3/praktikum_ws/install/interfaces/lib/python3.8/site-packages/interfaces/interfaces_s__rosidl_typesupport_introspection_c.cpython-38-x86_64-linux-gnu.so
-- Set runtime path of "/home/prakt3/praktikum_ws/install/interfaces/lib/python3.8/site-packages/interfaces/interfaces_s__rosidl_typesupport_introspection_c.cpython-38-x86_64-linux-gnu.so" to ""
-- Installing: /home/prakt3/praktikum_ws/install/interfaces/lib/python3.8/site-packages/interfaces/interfaces_s__rosidl_typesupport_c.cpython-38-x86_64-linux-gnu.so
-- Set runtime path of "/home/prakt3/praktikum_ws/install/interfaces/lib/python3.8/site-packages/interfaces/interfaces_s__rosidl_typesupport_c.cpython-38-x86_64-linux-gnu.so" to ""
-- Installing: /home/prakt3/praktikum_ws/install/interfaces/lib/libinterfaces__python.so
-- Set runtime path of "/home/prakt3/praktikum_ws/install/interfaces/lib/libinterfaces__python.so" to ""
-- Installing: /home/prakt3/praktikum_ws/install/interfaces/share/interfaces/msg/Pointcoords.idl
-- Installing: /home/prakt3/praktikum_ws/install/interfaces/share/interfaces/msg/Waypoints.idl
-- Installing: /home/prakt3/praktikum_ws/install/interfaces/share/interfaces/msg/PointTranslation3D.idl
-- Installing: /home/prakt3/praktikum_ws/install/interfaces/share/interfaces/srv/Move.idl
-- Installing: /home/prakt3/praktikum_ws/install/interfaces/share/interfaces/msg/PointOrientation3D.idl
-- Installing: /home/prakt3/praktikum_ws/install/interfaces/share/interfaces/srv/Picturetopoints.idl
-- Installing: /home/prakt3/praktikum_ws/install/interfaces/share/interfaces/srv/Getpose.idl
-- Installing: /home/prakt3/praktikum_ws/install/interfaces/share/interfaces/srv/SetUrIo.idl
-- Installing: /home/prakt3/praktikum_ws/install/interfaces/share/interfaces/msg/Pointcoords.msg
-- Installing: /home/prakt3/praktikum_ws/install/interfaces/share/interfaces/msg/Waypoints.msg
-- Installing: /home/prakt3/praktikum_ws/install/interfaces/share/interfaces/msg/PointTranslation3D.msg
-- Installing: /home/prakt3/praktikum_ws/install/interfaces/share/interfaces/srv/Move.srv
-- Installing: /home/prakt3/praktikum_ws/install/interfaces/share/interfaces/srv/Move_Request.msg
-- Installing: /home/prakt3/praktikum_ws/install/interfaces/share/interfaces/srv/Move_Response.msg
-- Installing: /home/prakt3/praktikum_ws/install/interfaces/share/interfaces/msg/PointOrientation3D.msg
-- Installing: /home/prakt3/praktikum_ws/install/interfaces/share/interfaces/srv/Picturetopoints.srv
-- Installing: /home/prakt3/praktikum_ws/install/interfaces/share/interfaces/srv/Picturetopoints_Request.msg
-- Installing: /home/prakt3/praktikum_ws/install/interfaces/share/interfaces/srv/Picturetopoints_Response.msg
-- Installing: /home/prakt3/praktikum_ws/install/interfaces/share/interfaces/srv/Getpose.srv
-- Installing: /home/prakt3/praktikum_ws/install/interfaces/share/interfaces/srv/Getpose_Request.msg
-- Installing: /home/prakt3/praktikum_ws/install/interfaces/share/interfaces/srv/Getpose_Response.msg
-- Installing: /home/prakt3/praktikum_ws/install/interfaces/share/interfaces/srv/SetUrIo.srv
-- Installing: /home/prakt3/praktikum_ws/install/interfaces/share/interfaces/srv/SetUrIo_Request.msg
-- Installing: /home/prakt3/praktikum_ws/install/interfaces/share/interfaces/srv/SetUrIo_Response.msg
-- Installing: /home/prakt3/praktikum_ws/install/interfaces/share/ament_index/resource_index/package_run_dependencies/interfaces
-- Installing: /home/prakt3/praktikum_ws/install/interfaces/share/ament_index/resource_index/parent_prefix_path/interfaces
-- Installing: /home/prakt3/praktikum_ws/install/interfaces/share/interfaces/environment/ament_prefix_path.sh
-- Installing: /home/prakt3/praktikum_ws/install/interfaces/share/interfaces/environment/ament_prefix_path.dsv
-- Installing: /home/prakt3/praktikum_ws/install/interfaces/share/interfaces/environment/path.sh
-- Installing: /home/prakt3/praktikum_ws/install/interfaces/share/interfaces/environment/path.dsv
-- Installing: /home/prakt3/praktikum_ws/install/interfaces/share/interfaces/local_setup.bash
-- Installing: /home/prakt3/praktikum_ws/install/interfaces/share/interfaces/local_setup.sh
-- Installing: /home/prakt3/praktikum_ws/install/interfaces/share/interfaces/local_setup.zsh
-- Installing: /home/prakt3/praktikum_ws/install/interfaces/share/interfaces/local_setup.dsv
-- Installing: /home/prakt3/praktikum_ws/install/interfaces/share/interfaces/package.dsv
-- Installing: /home/prakt3/praktikum_ws/install/interfaces/share/ament_index/resource_index/packages/interfaces
-- Installing: /home/prakt3/praktikum_ws/install/interfaces/share/interfaces/cmake/interfaces__rosidl_generator_cExport.cmake
-- Installing: /home/prakt3/praktikum_ws/install/interfaces/share/interfaces/cmake/interfaces__rosidl_generator_cExport-noconfig.cmake
-- Installing: /home/prakt3/praktikum_ws/install/interfaces/share/interfaces/cmake/interfaces__rosidl_typesupport_introspection_cExport.cmake
-- Installing: /home/prakt3/praktikum_ws/install/interfaces/share/interfaces/cmake/interfaces__rosidl_typesupport_introspection_cExport-noconfig.cmake
-- Installing: /home/prakt3/praktikum_ws/install/interfaces/share/interfaces/cmake/interfaces__rosidl_typesupport_cExport.cmake
-- Installing: /home/prakt3/praktikum_ws/install/interfaces/share/interfaces/cmake/interfaces__rosidl_typesupport_cExport-noconfig.cmake
-- Installing: /home/prakt3/praktikum_ws/install/interfaces/share/interfaces/cmake/interfaces__rosidl_generator_cppExport.cmake
-- Installing: /home/prakt3/praktikum_ws/install/interfaces/share/interfaces/cmake/interfaces__rosidl_typesupport_introspection_cppExport.cmake
-- Installing: /home/prakt3/praktikum_ws/install/interfaces/share/interfaces/cmake/interfaces__rosidl_typesupport_introspection_cppExport-noconfig.cmake
-- Installing: /home/prakt3/praktikum_ws/install/interfaces/share/interfaces/cmake/interfaces__rosidl_typesupport_cppExport.cmake
-- Installing: /home/prakt3/praktikum_ws/install/interfaces/share/interfaces/cmake/interfaces__rosidl_typesupport_cppExport-noconfig.cmake
-- Installing: /home/prakt3/praktikum_ws/install/interfaces/share/interfaces/cmake/rosidl_cmake-extras.cmake
-- Installing: /home/prakt3/praktikum_ws/install/interfaces/share/interfaces/cmake/ament_cmake_export_dependencies-extras.cmake
-- Installing: /home/prakt3/praktikum_ws/install/interfaces/share/interfaces/cmake/ament_cmake_export_libraries-extras.cmake
-- Installing: /home/prakt3/praktikum_ws/install/interfaces/share/interfaces/cmake/ament_cmake_export_targets-extras.cmake
-- Installing: /home/prakt3/praktikum_ws/install/interfaces/share/interfaces/cmake/ament_cmake_export_include_directories-extras.cmake
-- Installing: /home/prakt3/praktikum_ws/install/interfaces/share/interfaces/cmake/rosidl_cmake_export_typesupport_libraries-extras.cmake
-- Installing: /home/prakt3/praktikum_ws/install/interfaces/share/interfaces/cmake/rosidl_cmake_export_typesupport_targets-extras.cmake
-- Installing: /home/prakt3/praktikum_ws/install/interfaces/share/interfaces/cmake/interfacesConfig.cmake
-- Installing: /home/prakt3/praktikum_ws/install/interfaces/share/interfaces/cmake/interfacesConfig-version.cmake
-- Installing: /home/prakt3/praktikum_ws/install/interfaces/share/interfaces/package.xml
