[0.060s] Invoking command in '/home/prakt3/praktikum_ws/build/interfaces': CMAKE_PREFIX_PATH=${CMAKE_PREFIX_PATH}:/opt/ros/galactic /usr/bin/cmake /home/prakt3/praktikum_ws/src/interfaces -DCMAKE_INSTALL_PREFIX=/home/prakt3/praktikum_ws/install/interfaces
[0.718s] -- The C compiler identification is GNU 9.4.0
[0.718s] -- The CXX compiler identification is GNU 9.4.0
[0.718s] -- Check for working C compiler: /usr/bin/cc
[0.718s] -- Check for working C compiler: /usr/bin/cc -- works
[0.718s] -- Detecting C compiler ABI info
[0.719s] -- Detecting C compiler ABI info - done
[0.719s] -- Detecting C compile features
[0.719s] -- Detecting C compile features - done
[0.719s] -- Check for working CXX compiler: /usr/bin/c++
[0.719s] -- Check for working CXX compiler: /usr/bin/c++ -- works
[0.719s] -- Detecting CXX compiler ABI info
[0.719s] -- Detecting CXX compiler ABI info - done
[0.719s] -- Detecting CXX compile features
[0.719s] -- Detecting CXX compile features - done
[0.719s] -- Found ament_cmake: 1.1.6 (/opt/ros/galactic/share/ament_cmake/cmake)
[0.719s] -- Found PythonInterp: /usr/bin/python3 (found suitable version "3.8.10", minimum required is "3") 
[0.719s] -- Using PYTHON_EXECUTABLE: /usr/bin/python3
[0.719s] -- Found ament_lint_auto: 0.10.7 (/opt/ros/galactic/share/ament_lint_auto/cmake)
[0.719s] -- Found rosidl_default_generators: 1.1.1 (/opt/ros/galactic/share/rosidl_default_generators/cmake)
[0.719s] -- Using all available rosidl_typesupport_c: rosidl_typesupport_fastrtps_c;rosidl_typesupport_introspection_c
[0.719s] -- Found rosidl_adapter: 2.2.3 (/opt/ros/galactic/share/rosidl_adapter/cmake)
[0.719s] -- Found OpenSSL: /usr/lib/x86_64-linux-gnu/libcrypto.so (found version "1.1.1f")  
[0.719s] -- Found FastRTPS: /opt/ros/galactic/include  
[0.719s] -- Using all available rosidl_typesupport_cpp: rosidl_typesupport_fastrtps_cpp;rosidl_typesupport_introspection_cpp
[0.719s] -- Found PythonInterp: /usr/bin/python3 (found version "3.8.10") 
[0.780s] -- Found ament_cmake_ros: 0.9.2 (/opt/ros/galactic/share/ament_cmake_ros/cmake)
[0.861s] -- Using all available rosidl_typesupport_c: rosidl_typesupport_fastrtps_c;rosidl_typesupport_introspection_c
[0.870s] -- Using all available rosidl_typesupport_cpp: rosidl_typesupport_fastrtps_cpp;rosidl_typesupport_introspection_cpp
[0.891s] -- Found PythonInterp: /usr/bin/python3 (found suitable version "3.8.10", minimum required is "3.5") 
[0.895s] -- Found python_cmake_module: 0.8.1 (/opt/ros/galactic/share/python_cmake_module/cmake)
[0.917s] -- Found PythonLibs: /usr/lib/x86_64-linux-gnu/libpython3.8.so (found suitable version "3.8.10", minimum required is "3.5") 
[0.917s] -- Using PYTHON_EXECUTABLE: /usr/bin/python3
[0.918s] -- Using PYTHON_INCLUDE_DIRS: /usr/include/python3.8
[0.918s] -- Using PYTHON_LIBRARIES: /usr/lib/x86_64-linux-gnu/libpython3.8.so
[0.933s] -- Found PythonExtra: .so  
[0.968s] -- Added test 'copyright' to check source files copyright and LICENSE
[0.972s] -- Added test 'cppcheck' to perform static code analysis on C / C++ code
[0.972s] -- Configured cppcheck include dirs: 
[0.972s] -- Configured cppcheck exclude dirs and/or files: 
[0.976s] -- Added test 'cpplint' to check C / C++ code against the Google style
[0.976s] -- Configured cpplint exclude dirs and/or files: 
[0.977s] -- Added test 'flake8' to check Python code syntax and style conventions
[0.978s] -- Added test 'lint_cmake' to check CMake code style
[0.979s] -- Added test 'pep257' to check Python code against some of the style conventions in PEP 257
[0.983s] -- Added test 'uncrustify' to check C / C++ code style
[0.983s] -- Configured uncrustify additional arguments: 
[0.984s] -- Added test 'xmllint' to check XML markup files
[0.989s] -- Configuring done
[1.027s] -- Generating done
[1.030s] -- Build files have been written to: /home/prakt3/praktikum_ws/build/interfaces
[1.136s] Invoked command in '/home/prakt3/praktikum_ws/build/interfaces' returned '0': CMAKE_PREFIX_PATH=${CMAKE_PREFIX_PATH}:/opt/ros/galactic /usr/bin/cmake /home/prakt3/praktikum_ws/src/interfaces -DCMAKE_INSTALL_PREFIX=/home/prakt3/praktikum_ws/install/interfaces
[1.137s] Invoking command in '/home/prakt3/praktikum_ws/build/interfaces': CMAKE_PREFIX_PATH=${CMAKE_PREFIX_PATH}:/opt/ros/galactic /usr/bin/cmake --build /home/prakt3/praktikum_ws/build/interfaces -- -j12 -l12
[1.436s] [  1%] [34m[1mGenerating C code for ROS interfaces[0m
[1.436s] [35m[1mScanning dependencies of target interfaces__cpp[0m
[1.436s] [  2%] [34m[1mGenerating C++ code for ROS interfaces[0m
[1.947s] [  2%] Built target interfaces__cpp
[1.952s] [35m[1mScanning dependencies of target interfaces__rosidl_generator_c[0m
[1.958s] [  3%] [34m[1mGenerating C++ introspection for ROS interfaces[0m
[1.961s] [  4%] [34m[1mGenerating C++ type support dispatch for ROS interfaces[0m
[1.965s] [  5%] [32mBuilding C object CMakeFiles/interfaces__rosidl_generator_c.dir/rosidl_generator_c/interfaces/msg/detail/pointcoords__functions.c.o[0m
[1.968s] [  6%] [32mBuilding C object CMakeFiles/interfaces__rosidl_generator_c.dir/rosidl_generator_c/interfaces/msg/detail/point_translation3_d__functions.c.o[0m
[1.978s] [  8%] [34m[1mGenerating C++ type support for eProsima Fast-RTPS[0m
[1.978s] [  9%] [32mBuilding C object CMakeFiles/interfaces__rosidl_generator_c.dir/rosidl_generator_c/interfaces/srv/detail/move__functions.c.o[0m
[1.978s] [ 10%] [32mBuilding C object CMakeFiles/interfaces__rosidl_generator_c.dir/rosidl_generator_c/interfaces/msg/detail/point_orientation3_d__functions.c.o[0m
[1.978s] [ 11%] [32mBuilding C object CMakeFiles/interfaces__rosidl_generator_c.dir/rosidl_generator_c/interfaces/msg/detail/waypoints__functions.c.o[0m
[1.988s] [ 12%] [32mBuilding C object CMakeFiles/interfaces__rosidl_generator_c.dir/rosidl_generator_c/interfaces/srv/detail/getpose__functions.c.o[0m
[1.992s] [ 13%] [32mBuilding C object CMakeFiles/interfaces__rosidl_generator_c.dir/rosidl_generator_c/interfaces/srv/detail/picturetopoints__functions.c.o[0m
[2.055s] [ 14%] [32mBuilding C object CMakeFiles/interfaces__rosidl_generator_c.dir/rosidl_generator_c/interfaces/srv/detail/set_ur_io__functions.c.o[0m
[2.202s] [ 16%] [32m[1mLinking C shared library libinterfaces__rosidl_generator_c.so[0m
[2.375s] [ 16%] Built target interfaces__rosidl_generator_c
[2.425s] [ 17%] [34m[1mGenerating C type support dispatch for ROS interfaces[0m
[2.432s] [ 18%] [34m[1mGenerating C introspection for ROS interfaces[0m
[2.481s] [35m[1mScanning dependencies of target interfaces__rosidl_typesupport_cpp[0m
[2.567s] [ 19%] [32mBuilding CXX object CMakeFiles/interfaces__rosidl_typesupport_cpp.dir/rosidl_typesupport_cpp/interfaces/msg/waypoints__type_support.cpp.o[0m
[2.581s] [ 20%] [32mBuilding CXX object CMakeFiles/interfaces__rosidl_typesupport_cpp.dir/rosidl_typesupport_cpp/interfaces/msg/pointcoords__type_support.cpp.o[0m
[2.591s] [ 21%] [32mBuilding CXX object CMakeFiles/interfaces__rosidl_typesupport_cpp.dir/rosidl_typesupport_cpp/interfaces/msg/point_translation3_d__type_support.cpp.o[0m
[2.597s] [ 22%] [32mBuilding CXX object CMakeFiles/interfaces__rosidl_typesupport_cpp.dir/rosidl_typesupport_cpp/interfaces/srv/move__type_support.cpp.o[0m
[2.661s] [35m[1mScanning dependencies of target interfaces__rosidl_typesupport_introspection_cpp[0m
[2.674s] [ 24%] [32mBuilding CXX object CMakeFiles/interfaces__rosidl_typesupport_cpp.dir/rosidl_typesupport_cpp/interfaces/msg/point_orientation3_d__type_support.cpp.o[0m
[2.690s] [ 25%] [32mBuilding CXX object CMakeFiles/interfaces__rosidl_typesupport_cpp.dir/rosidl_typesupport_cpp/interfaces/srv/picturetopoints__type_support.cpp.o[0m
[2.697s] [ 26%] [32mBuilding CXX object CMakeFiles/interfaces__rosidl_typesupport_cpp.dir/rosidl_typesupport_cpp/interfaces/srv/getpose__type_support.cpp.o[0m
[2.705s] [ 27%] [32mBuilding CXX object CMakeFiles/interfaces__rosidl_typesupport_introspection_cpp.dir/rosidl_typesupport_introspection_cpp/interfaces/msg/detail/pointcoords__type_support.cpp.o[0m
[2.732s] [ 28%] [32mBuilding CXX object CMakeFiles/interfaces__rosidl_typesupport_introspection_cpp.dir/rosidl_typesupport_introspection_cpp/interfaces/msg/detail/waypoints__type_support.cpp.o[0m
[3.009s] [ 29%] [32mBuilding CXX object CMakeFiles/interfaces__rosidl_typesupport_cpp.dir/rosidl_typesupport_cpp/interfaces/srv/set_ur_io__type_support.cpp.o[0m
[3.045s] [ 31%] [32mBuilding CXX object CMakeFiles/interfaces__rosidl_typesupport_introspection_cpp.dir/rosidl_typesupport_introspection_cpp/interfaces/msg/detail/point_translation3_d__type_support.cpp.o[0m
[3.104s] [ 32%] [32mBuilding CXX object CMakeFiles/interfaces__rosidl_typesupport_introspection_cpp.dir/rosidl_typesupport_introspection_cpp/interfaces/srv/detail/move__type_support.cpp.o[0m
[3.167s] [35m[1mScanning dependencies of target interfaces__rosidl_typesupport_fastrtps_cpp[0m
[3.196s] [ 33%] [32mBuilding CXX object CMakeFiles/interfaces__rosidl_typesupport_introspection_cpp.dir/rosidl_typesupport_introspection_cpp/interfaces/msg/detail/point_orientation3_d__type_support.cpp.o[0m
[3.253s] [ 34%] [32mBuilding CXX object CMakeFiles/interfaces__rosidl_typesupport_introspection_cpp.dir/rosidl_typesupport_introspection_cpp/interfaces/srv/detail/picturetopoints__type_support.cpp.o[0m
[3.253s] [ 35%] [32mBuilding CXX object CMakeFiles/interfaces__rosidl_typesupport_fastrtps_cpp.dir/rosidl_typesupport_fastrtps_cpp/interfaces/msg/detail/dds_fastrtps/pointcoords__type_support.cpp.o[0m
[3.259s] [ 36%] [32mBuilding CXX object CMakeFiles/interfaces__rosidl_typesupport_introspection_cpp.dir/rosidl_typesupport_introspection_cpp/interfaces/srv/detail/getpose__type_support.cpp.o[0m
[3.328s] [ 37%] [32mBuilding CXX object CMakeFiles/interfaces__rosidl_typesupport_fastrtps_cpp.dir/rosidl_typesupport_fastrtps_cpp/interfaces/msg/detail/dds_fastrtps/waypoints__type_support.cpp.o[0m
[3.335s] [ 39%] [32mBuilding CXX object CMakeFiles/interfaces__rosidl_typesupport_introspection_cpp.dir/rosidl_typesupport_introspection_cpp/interfaces/srv/detail/set_ur_io__type_support.cpp.o[0m
[3.349s] [35m[1mScanning dependencies of target interfaces__rosidl_typesupport_c[0m
[3.409s] [ 40%] [32mBuilding CXX object CMakeFiles/interfaces__rosidl_typesupport_c.dir/rosidl_typesupport_c/interfaces/msg/waypoints__type_support.cpp.o[0m
[3.414s] [ 41%] [32mBuilding CXX object CMakeFiles/interfaces__rosidl_typesupport_c.dir/rosidl_typesupport_c/interfaces/msg/pointcoords__type_support.cpp.o[0m
[3.500s] [ 42%] [32m[1mLinking CXX shared library libinterfaces__rosidl_typesupport_cpp.so[0m
[3.511s] [ 43%] [32mBuilding CXX object CMakeFiles/interfaces__rosidl_typesupport_c.dir/rosidl_typesupport_c/interfaces/msg/point_translation3_d__type_support.cpp.o[0m
[3.581s] [ 44%] [32mBuilding CXX object CMakeFiles/interfaces__rosidl_typesupport_c.dir/rosidl_typesupport_c/interfaces/srv/move__type_support.cpp.o[0m
[3.626s] [ 45%] [32mBuilding CXX object CMakeFiles/interfaces__rosidl_typesupport_c.dir/rosidl_typesupport_c/interfaces/msg/point_orientation3_d__type_support.cpp.o[0m
[3.640s] [ 47%] [32mBuilding CXX object CMakeFiles/interfaces__rosidl_typesupport_c.dir/rosidl_typesupport_c/interfaces/srv/picturetopoints__type_support.cpp.o[0m
[3.656s] [ 47%] Built target interfaces__rosidl_typesupport_cpp
[3.694s] [ 48%] [32mBuilding CXX object CMakeFiles/interfaces__rosidl_typesupport_fastrtps_cpp.dir/rosidl_typesupport_fastrtps_cpp/interfaces/msg/detail/dds_fastrtps/point_translation3_d__type_support.cpp.o[0m
[3.706s] [ 49%] [32mBuilding CXX object CMakeFiles/interfaces__rosidl_typesupport_c.dir/rosidl_typesupport_c/interfaces/srv/getpose__type_support.cpp.o[0m
[3.719s] [35m[1mScanning dependencies of target interfaces__rosidl_typesupport_introspection_c[0m
[3.732s] [ 50%] [32mBuilding CXX object CMakeFiles/interfaces__rosidl_typesupport_fastrtps_cpp.dir/rosidl_typesupport_fastrtps_cpp/interfaces/srv/detail/dds_fastrtps/move__type_support.cpp.o[0m
[3.733s] [ 51%] [32mBuilding CXX object CMakeFiles/interfaces__rosidl_typesupport_c.dir/rosidl_typesupport_c/interfaces/srv/set_ur_io__type_support.cpp.o[0m
[3.763s] [ 52%] [32mBuilding C object CMakeFiles/interfaces__rosidl_typesupport_introspection_c.dir/rosidl_typesupport_introspection_c/interfaces/msg/detail/pointcoords__type_support.c.o[0m
[3.764s] [ 54%] [32mBuilding CXX object CMakeFiles/interfaces__rosidl_typesupport_fastrtps_cpp.dir/rosidl_typesupport_fastrtps_cpp/interfaces/msg/detail/dds_fastrtps/point_orientation3_d__type_support.cpp.o[0m
[3.769s] [ 55%] [32mBuilding C object CMakeFiles/interfaces__rosidl_typesupport_introspection_c.dir/rosidl_typesupport_introspection_c/interfaces/msg/detail/waypoints__type_support.c.o[0m
[3.790s] [ 56%] [32mBuilding CXX object CMakeFiles/interfaces__rosidl_typesupport_fastrtps_cpp.dir/rosidl_typesupport_fastrtps_cpp/interfaces/srv/detail/dds_fastrtps/picturetopoints__type_support.cpp.o[0m
[3.819s] [ 57%] [32mBuilding C object CMakeFiles/interfaces__rosidl_typesupport_introspection_c.dir/rosidl_typesupport_introspection_c/interfaces/msg/detail/point_translation3_d__type_support.c.o[0m
[3.850s] [ 58%] [32mBuilding CXX object CMakeFiles/interfaces__rosidl_typesupport_fastrtps_cpp.dir/rosidl_typesupport_fastrtps_cpp/interfaces/srv/detail/dds_fastrtps/getpose__type_support.cpp.o[0m
[3.873s] [ 59%] [32m[1mLinking CXX shared library libinterfaces__rosidl_typesupport_c.so[0m
[3.879s] [ 60%] [32m[1mLinking CXX shared library libinterfaces__rosidl_typesupport_introspection_cpp.so[0m
[3.888s] [ 62%] [32mBuilding CXX object CMakeFiles/interfaces__rosidl_typesupport_fastrtps_cpp.dir/rosidl_typesupport_fastrtps_cpp/interfaces/srv/detail/dds_fastrtps/set_ur_io__type_support.cpp.o[0m
[3.894s] [ 63%] [32mBuilding C object CMakeFiles/interfaces__rosidl_typesupport_introspection_c.dir/rosidl_typesupport_introspection_c/interfaces/srv/detail/move__type_support.c.o[0m
[3.959s] [ 64%] [32mBuilding C object CMakeFiles/interfaces__rosidl_typesupport_introspection_c.dir/rosidl_typesupport_introspection_c/interfaces/msg/detail/point_orientation3_d__type_support.c.o[0m
[3.999s] [ 64%] Built target interfaces__rosidl_typesupport_c
[4.018s] [ 65%] [32mBuilding C object CMakeFiles/interfaces__rosidl_typesupport_introspection_c.dir/rosidl_typesupport_introspection_c/interfaces/srv/detail/picturetopoints__type_support.c.o[0m
[4.035s] [ 66%] [32mBuilding C object CMakeFiles/interfaces__rosidl_typesupport_introspection_c.dir/rosidl_typesupport_introspection_c/interfaces/srv/detail/getpose__type_support.c.o[0m
[4.052s] [ 67%] [32mBuilding C object CMakeFiles/interfaces__rosidl_typesupport_introspection_c.dir/rosidl_typesupport_introspection_c/interfaces/srv/detail/set_ur_io__type_support.c.o[0m
[4.111s] [ 67%] Built target interfaces__rosidl_typesupport_introspection_cpp
[4.194s] [ 68%] [32m[1mLinking C shared library libinterfaces__rosidl_typesupport_introspection_c.so[0m
[4.284s] [ 68%] Built target interfaces__rosidl_typesupport_introspection_c
[4.471s] [ 70%] [32m[1mLinking CXX shared library libinterfaces__rosidl_typesupport_fastrtps_cpp.so[0m
[4.575s] [ 70%] Built target interfaces__rosidl_typesupport_fastrtps_cpp
[4.622s] [ 71%] [34m[1mGenerating C type support for eProsima Fast-RTPS[0m
[5.460s] [35m[1mScanning dependencies of target interfaces__rosidl_typesupport_fastrtps_c[0m
[5.535s] [ 72%] [32mBuilding CXX object CMakeFiles/interfaces__rosidl_typesupport_fastrtps_c.dir/rosidl_typesupport_fastrtps_c/interfaces/msg/detail/pointcoords__type_support_c.cpp.o[0m
[5.544s] [ 73%] [32mBuilding CXX object CMakeFiles/interfaces__rosidl_typesupport_fastrtps_c.dir/rosidl_typesupport_fastrtps_c/interfaces/msg/detail/waypoints__type_support_c.cpp.o[0m
[5.567s] [ 74%] [32mBuilding CXX object CMakeFiles/interfaces__rosidl_typesupport_fastrtps_c.dir/rosidl_typesupport_fastrtps_c/interfaces/msg/detail/point_translation3_d__type_support_c.cpp.o[0m
[5.587s] [ 75%] [32mBuilding CXX object CMakeFiles/interfaces__rosidl_typesupport_fastrtps_c.dir/rosidl_typesupport_fastrtps_c/interfaces/srv/detail/move__type_support_c.cpp.o[0m
[5.627s] [ 77%] [32mBuilding CXX object CMakeFiles/interfaces__rosidl_typesupport_fastrtps_c.dir/rosidl_typesupport_fastrtps_c/interfaces/msg/detail/point_orientation3_d__type_support_c.cpp.o[0m
[5.655s] [ 78%] [32mBuilding CXX object CMakeFiles/interfaces__rosidl_typesupport_fastrtps_c.dir/rosidl_typesupport_fastrtps_c/interfaces/srv/detail/picturetopoints__type_support_c.cpp.o[0m
[5.689s] [ 79%] [32mBuilding CXX object CMakeFiles/interfaces__rosidl_typesupport_fastrtps_c.dir/rosidl_typesupport_fastrtps_c/interfaces/srv/detail/getpose__type_support_c.cpp.o[0m
[5.723s] [ 80%] [32mBuilding CXX object CMakeFiles/interfaces__rosidl_typesupport_fastrtps_c.dir/rosidl_typesupport_fastrtps_c/interfaces/srv/detail/set_ur_io__type_support_c.cpp.o[0m
[6.503s] [ 81%] [32m[1mLinking CXX shared library libinterfaces__rosidl_typesupport_fastrtps_c.so[0m
[6.606s] [ 81%] Built target interfaces__rosidl_typesupport_fastrtps_c
[6.615s] [35m[1mScanning dependencies of target interfaces[0m
[6.639s] [ 81%] Built target interfaces
[6.652s] [35m[1mScanning dependencies of target interfaces__py[0m
[6.672s] [ 82%] [34m[1mGenerating Python code for ROS interfaces[0m
[8.251s] [ 82%] Built target interfaces__py
[8.276s] [35m[1mScanning dependencies of target interfaces__python[0m
[8.347s] [ 83%] [32mBuilding C object CMakeFiles/interfaces__python.dir/rosidl_generator_py/interfaces/msg/_pointcoords_s.c.o[0m
[8.351s] [ 85%] [32mBuilding C object CMakeFiles/interfaces__python.dir/rosidl_generator_py/interfaces/msg/_waypoints_s.c.o[0m
[8.370s] [ 86%] [32mBuilding C object CMakeFiles/interfaces__python.dir/rosidl_generator_py/interfaces/msg/_point_translation3_d_s.c.o[0m
[8.390s] [ 87%] [32mBuilding C object CMakeFiles/interfaces__python.dir/rosidl_generator_py/interfaces/srv/_move_s.c.o[0m
[8.474s] [ 88%] [32mBuilding C object CMakeFiles/interfaces__python.dir/rosidl_generator_py/interfaces/msg/_point_orientation3_d_s.c.o[0m
[8.492s] [ 89%] [32mBuilding C object CMakeFiles/interfaces__python.dir/rosidl_generator_py/interfaces/srv/_picturetopoints_s.c.o[0m
[8.513s] [ 90%] [32mBuilding C object CMakeFiles/interfaces__python.dir/rosidl_generator_py/interfaces/srv/_getpose_s.c.o[0m
[8.549s] [ 91%] [32mBuilding C object CMakeFiles/interfaces__python.dir/rosidl_generator_py/interfaces/srv/_set_ur_io_s.c.o[0m
[8.770s] [ 93%] [32m[1mLinking C shared library rosidl_generator_py/interfaces/libinterfaces__python.so[0m
[8.853s] [ 93%] Built target interfaces__python
[8.864s] [35m[1mScanning dependencies of target interfaces__rosidl_typesupport_c__pyext[0m
[8.883s] [35m[1mScanning dependencies of target interfaces__rosidl_typesupport_fastrtps_c__pyext[0m
[8.888s] [35m[1mScanning dependencies of target interfaces__rosidl_typesupport_introspection_c__pyext[0m
[8.905s] [ 94%] [32mBuilding C object CMakeFiles/interfaces__rosidl_typesupport_c__pyext.dir/rosidl_generator_py/interfaces/_interfaces_s.ep.rosidl_typesupport_c.c.o[0m
[8.905s] [ 95%] [32mBuilding C object CMakeFiles/interfaces__rosidl_typesupport_introspection_c__pyext.dir/rosidl_generator_py/interfaces/_interfaces_s.ep.rosidl_typesupport_introspection_c.c.o[0m
[8.914s] [ 96%] [32mBuilding C object CMakeFiles/interfaces__rosidl_typesupport_fastrtps_c__pyext.dir/rosidl_generator_py/interfaces/_interfaces_s.ep.rosidl_typesupport_fastrtps_c.c.o[0m
[9.019s] [ 97%] [32m[1mLinking C shared library rosidl_generator_py/interfaces/interfaces_s__rosidl_typesupport_c.cpython-38-x86_64-linux-gnu.so[0m
[9.033s] [ 98%] [32m[1mLinking CXX shared library rosidl_generator_py/interfaces/interfaces_s__rosidl_typesupport_fastrtps_c.cpython-38-x86_64-linux-gnu.so[0m
[9.048s] [100%] [32m[1mLinking C shared library rosidl_generator_py/interfaces/interfaces_s__rosidl_typesupport_introspection_c.cpython-38-x86_64-linux-gnu.so[0m
[9.048s] [100%] Built target interfaces__rosidl_typesupport_c__pyext
[9.079s] [100%] Built target interfaces__rosidl_typesupport_introspection_c__pyext
[9.092s] [100%] Built target interfaces__rosidl_typesupport_fastrtps_c__pyext
[9.106s] Invoked command in '/home/prakt3/praktikum_ws/build/interfaces' returned '0': CMAKE_PREFIX_PATH=${CMAKE_PREFIX_PATH}:/opt/ros/galactic /usr/bin/cmake --build /home/prakt3/praktikum_ws/build/interfaces -- -j12 -l12
[9.230s] Invoking command in '/home/prakt3/praktikum_ws/build/interfaces': CMAKE_PREFIX_PATH=${CMAKE_PREFIX_PATH}:/opt/ros/galactic /usr/bin/cmake --install /home/prakt3/praktikum_ws/build/interfaces
[9.238s] -- Install configuration: ""
[9.238s] -- Installing: /home/prakt3/praktikum_ws/install/interfaces/share/ament_index/resource_index/rosidl_interfaces/interfaces
[9.238s] -- Installing: /home/prakt3/praktikum_ws/install/interfaces/include/interfaces
[9.238s] -- Installing: /home/prakt3/praktikum_ws/install/interfaces/include/interfaces/srv
[9.238s] -- Installing: /home/prakt3/praktikum_ws/install/interfaces/include/interfaces/srv/picturetopoints.h
[9.238s] -- Installing: /home/prakt3/praktikum_ws/install/interfaces/include/interfaces/srv/move.h
[9.238s] -- Installing: /home/prakt3/praktikum_ws/install/interfaces/include/interfaces/srv/set_ur_io.h
[9.238s] -- Installing: /home/prakt3/praktikum_ws/install/interfaces/include/interfaces/srv/detail
[9.238s] -- Installing: /home/prakt3/praktikum_ws/install/interfaces/include/interfaces/srv/detail/set_ur_io__functions.c
[9.238s] -- Installing: /home/prakt3/praktikum_ws/install/interfaces/include/interfaces/srv/detail/move__type_support.h
[9.238s] -- Installing: /home/prakt3/praktikum_ws/install/interfaces/include/interfaces/srv/detail/set_ur_io__struct.h
[9.238s] -- Installing: /home/prakt3/praktikum_ws/install/interfaces/include/interfaces/srv/detail/set_ur_io__functions.h
[9.239s] -- Installing: /home/prakt3/praktikum_ws/install/interfaces/include/interfaces/srv/detail/picturetopoints__type_support.h
[9.239s] -- Installing: /home/prakt3/praktikum_ws/install/interfaces/include/interfaces/srv/detail/getpose__functions.h
[9.239s] -- Installing: /home/prakt3/praktikum_ws/install/interfaces/include/interfaces/srv/detail/picturetopoints__struct.h
[9.239s] -- Installing: /home/prakt3/praktikum_ws/install/interfaces/include/interfaces/srv/detail/picturetopoints__functions.c
[9.239s] -- Installing: /home/prakt3/praktikum_ws/install/interfaces/include/interfaces/srv/detail/move__functions.h
[9.239s] -- Installing: /home/prakt3/praktikum_ws/install/interfaces/include/interfaces/srv/detail/getpose__struct.h
[9.239s] -- Installing: /home/prakt3/praktikum_ws/install/interfaces/include/interfaces/srv/detail/picturetopoints__functions.h
[9.239s] -- Installing: /home/prakt3/praktikum_ws/install/interfaces/include/interfaces/srv/detail/getpose__functions.c
[9.239s] -- Installing: /home/prakt3/praktikum_ws/install/interfaces/include/interfaces/srv/detail/getpose__type_support.h
[9.239s] -- Installing: /home/prakt3/praktikum_ws/install/interfaces/include/interfaces/srv/detail/move__struct.h
[9.239s] -- Installing: /home/prakt3/praktikum_ws/install/interfaces/include/interfaces/srv/detail/move__functions.c
[9.239s] -- Installing: /home/prakt3/praktikum_ws/install/interfaces/include/interfaces/srv/detail/set_ur_io__type_support.h
[9.239s] -- Installing: /home/prakt3/praktikum_ws/install/interfaces/include/interfaces/srv/getpose.h
[9.239s] -- Installing: /home/prakt3/praktikum_ws/install/interfaces/include/interfaces/msg
[9.239s] -- Installing: /home/prakt3/praktikum_ws/install/interfaces/include/interfaces/msg/waypoints.h
[9.239s] -- Installing: /home/prakt3/praktikum_ws/install/interfaces/include/interfaces/msg/pointcoords.h
[9.239s] -- Installing: /home/prakt3/praktikum_ws/install/interfaces/include/interfaces/msg/point_orientation3_d.h
[9.240s] -- Installing: /home/prakt3/praktikum_ws/install/interfaces/include/interfaces/msg/point_translation3_d.h
[9.240s] -- Installing: /home/prakt3/praktikum_ws/install/interfaces/include/interfaces/msg/detail
[9.240s] -- Installing: /home/prakt3/praktikum_ws/install/interfaces/include/interfaces/msg/detail/point_translation3_d__functions.h
[9.240s] -- Installing: /home/prakt3/praktikum_ws/install/interfaces/include/interfaces/msg/detail/point_orientation3_d__struct.h
[9.240s] -- Installing: /home/prakt3/praktikum_ws/install/interfaces/include/interfaces/msg/detail/point_orientation3_d__functions.h
[9.240s] -- Installing: /home/prakt3/praktikum_ws/install/interfaces/include/interfaces/msg/detail/pointcoords__functions.c
[9.240s] -- Installing: /home/prakt3/praktikum_ws/install/interfaces/include/interfaces/msg/detail/waypoints__type_support.h
[9.240s] -- Installing: /home/prakt3/praktikum_ws/install/interfaces/include/interfaces/msg/detail/pointcoords__functions.h
[9.240s] -- Installing: /home/prakt3/praktikum_ws/install/interfaces/include/interfaces/msg/detail/waypoints__struct.h
[9.240s] -- Installing: /home/prakt3/praktikum_ws/install/interfaces/include/interfaces/msg/detail/pointcoords__type_support.h
[9.240s] -- Installing: /home/prakt3/praktikum_ws/install/interfaces/include/interfaces/msg/detail/point_translation3_d__functions.c
[9.240s] -- Installing: /home/prakt3/praktikum_ws/install/interfaces/include/interfaces/msg/detail/point_orientation3_d__functions.c
[9.240s] -- Installing: /home/prakt3/praktikum_ws/install/interfaces/include/interfaces/msg/detail/point_translation3_d__struct.h
[9.240s] -- Installing: /home/prakt3/praktikum_ws/install/interfaces/include/interfaces/msg/detail/point_orientation3_d__type_support.h
[9.240s] -- Installing: /home/prakt3/praktikum_ws/install/interfaces/include/interfaces/msg/detail/waypoints__functions.h
[9.240s] -- Installing: /home/prakt3/praktikum_ws/install/interfaces/include/interfaces/msg/detail/point_translation3_d__type_support.h
[9.240s] -- Installing: /home/prakt3/praktikum_ws/install/interfaces/include/interfaces/msg/detail/pointcoords__struct.h
[9.241s] -- Installing: /home/prakt3/praktikum_ws/install/interfaces/include/interfaces/msg/detail/waypoints__functions.c
[9.241s] -- Installing: /home/prakt3/praktikum_ws/install/interfaces/include/interfaces/msg/rosidl_generator_c__visibility_control.h
[9.241s] -- Installing: /home/prakt3/praktikum_ws/install/interfaces/share/interfaces/environment/library_path.sh
[9.241s] -- Installing: /home/prakt3/praktikum_ws/install/interfaces/share/interfaces/environment/library_path.dsv
[9.241s] -- Installing: /home/prakt3/praktikum_ws/install/interfaces/lib/libinterfaces__rosidl_generator_c.so
[9.241s] -- Set runtime path of "/home/prakt3/praktikum_ws/install/interfaces/lib/libinterfaces__rosidl_generator_c.so" to ""
[9.241s] -- Up-to-date: /home/prakt3/praktikum_ws/install/interfaces/include/interfaces
[9.241s] -- Up-to-date: /home/prakt3/praktikum_ws/install/interfaces/include/interfaces/srv
[9.241s] -- Up-to-date: /home/prakt3/praktikum_ws/install/interfaces/include/interfaces/srv/detail
[9.241s] -- Installing: /home/prakt3/praktikum_ws/install/interfaces/include/interfaces/srv/detail/move__rosidl_typesupport_fastrtps_c.h
[9.241s] -- Installing: /home/prakt3/praktikum_ws/install/interfaces/include/interfaces/srv/detail/getpose__rosidl_typesupport_fastrtps_c.h
[9.241s] -- Installing: /home/prakt3/praktikum_ws/install/interfaces/include/interfaces/srv/detail/set_ur_io__rosidl_typesupport_fastrtps_c.h
[9.241s] -- Installing: /home/prakt3/praktikum_ws/install/interfaces/include/interfaces/srv/detail/picturetopoints__rosidl_typesupport_fastrtps_c.h
[9.242s] -- Up-to-date: /home/prakt3/praktikum_ws/install/interfaces/include/interfaces/msg
[9.242s] -- Installing: /home/prakt3/praktikum_ws/install/interfaces/include/interfaces/msg/rosidl_typesupport_fastrtps_c__visibility_control.h
[9.242s] -- Up-to-date: /home/prakt3/praktikum_ws/install/interfaces/include/interfaces/msg/detail
[9.242s] -- Installing: /home/prakt3/praktikum_ws/install/interfaces/include/interfaces/msg/detail/point_translation3_d__rosidl_typesupport_fastrtps_c.h
[9.242s] -- Installing: /home/prakt3/praktikum_ws/install/interfaces/include/interfaces/msg/detail/pointcoords__rosidl_typesupport_fastrtps_c.h
[9.242s] -- Installing: /home/prakt3/praktikum_ws/install/interfaces/include/interfaces/msg/detail/waypoints__rosidl_typesupport_fastrtps_c.h
[9.242s] -- Installing: /home/prakt3/praktikum_ws/install/interfaces/include/interfaces/msg/detail/point_orientation3_d__rosidl_typesupport_fastrtps_c.h
[9.242s] -- Installing: /home/prakt3/praktikum_ws/install/interfaces/lib/libinterfaces__rosidl_typesupport_fastrtps_c.so
[9.242s] -- Set runtime path of "/home/prakt3/praktikum_ws/install/interfaces/lib/libinterfaces__rosidl_typesupport_fastrtps_c.so" to ""
[9.242s] -- Up-to-date: /home/prakt3/praktikum_ws/install/interfaces/include/interfaces
[9.242s] -- Up-to-date: /home/prakt3/praktikum_ws/install/interfaces/include/interfaces/srv
[9.242s] -- Up-to-date: /home/prakt3/praktikum_ws/install/interfaces/include/interfaces/srv/detail
[9.242s] -- Installing: /home/prakt3/praktikum_ws/install/interfaces/include/interfaces/srv/detail/move__rosidl_typesupport_fastrtps_cpp.hpp
[9.242s] -- Installing: /home/prakt3/praktikum_ws/install/interfaces/include/interfaces/srv/detail/set_ur_io__rosidl_typesupport_fastrtps_cpp.hpp
[9.243s] -- Installing: /home/prakt3/praktikum_ws/install/interfaces/include/interfaces/srv/detail/getpose__rosidl_typesupport_fastrtps_cpp.hpp
[9.243s] -- Installing: /home/prakt3/praktikum_ws/install/interfaces/include/interfaces/srv/detail/dds_fastrtps
[9.243s] -- Installing: /home/prakt3/praktikum_ws/install/interfaces/include/interfaces/srv/detail/picturetopoints__rosidl_typesupport_fastrtps_cpp.hpp
[9.243s] -- Up-to-date: /home/prakt3/praktikum_ws/install/interfaces/include/interfaces/msg
[9.243s] -- Installing: /home/prakt3/praktikum_ws/install/interfaces/include/interfaces/msg/rosidl_typesupport_fastrtps_cpp__visibility_control.h
[9.243s] -- Up-to-date: /home/prakt3/praktikum_ws/install/interfaces/include/interfaces/msg/detail
[9.243s] -- Installing: /home/prakt3/praktikum_ws/install/interfaces/include/interfaces/msg/detail/pointcoords__rosidl_typesupport_fastrtps_cpp.hpp
[9.243s] -- Installing: /home/prakt3/praktikum_ws/install/interfaces/include/interfaces/msg/detail/point_orientation3_d__rosidl_typesupport_fastrtps_cpp.hpp
[9.243s] -- Installing: /home/prakt3/praktikum_ws/install/interfaces/include/interfaces/msg/detail/waypoints__rosidl_typesupport_fastrtps_cpp.hpp
[9.243s] -- Installing: /home/prakt3/praktikum_ws/install/interfaces/include/interfaces/msg/detail/point_translation3_d__rosidl_typesupport_fastrtps_cpp.hpp
[9.243s] -- Installing: /home/prakt3/praktikum_ws/install/interfaces/include/interfaces/msg/detail/dds_fastrtps
[9.243s] -- Installing: /home/prakt3/praktikum_ws/install/interfaces/lib/libinterfaces__rosidl_typesupport_fastrtps_cpp.so
[9.243s] -- Set runtime path of "/home/prakt3/praktikum_ws/install/interfaces/lib/libinterfaces__rosidl_typesupport_fastrtps_cpp.so" to ""
[9.243s] -- Up-to-date: /home/prakt3/praktikum_ws/install/interfaces/include/interfaces
[9.243s] -- Up-to-date: /home/prakt3/praktikum_ws/install/interfaces/include/interfaces/srv
[9.244s] -- Up-to-date: /home/prakt3/praktikum_ws/install/interfaces/include/interfaces/srv/detail
[9.244s] -- Installing: /home/prakt3/praktikum_ws/install/interfaces/include/interfaces/srv/detail/move__rosidl_typesupport_introspection_c.h
[9.244s] -- Installing: /home/prakt3/praktikum_ws/install/interfaces/include/interfaces/srv/detail/move__type_support.c
[9.244s] -- Installing: /home/prakt3/praktikum_ws/install/interfaces/include/interfaces/srv/detail/picturetopoints__type_support.c
[9.244s] -- Installing: /home/prakt3/praktikum_ws/install/interfaces/include/interfaces/srv/detail/getpose__type_support.c
[9.244s] -- Installing: /home/prakt3/praktikum_ws/install/interfaces/include/interfaces/srv/detail/set_ur_io__rosidl_typesupport_introspection_c.h
[9.244s] -- Installing: /home/prakt3/praktikum_ws/install/interfaces/include/interfaces/srv/detail/set_ur_io__type_support.c
[9.244s] -- Installing: /home/prakt3/praktikum_ws/install/interfaces/include/interfaces/srv/detail/getpose__rosidl_typesupport_introspection_c.h
[9.244s] -- Installing: /home/prakt3/praktikum_ws/install/interfaces/include/interfaces/srv/detail/picturetopoints__rosidl_typesupport_introspection_c.h
[9.245s] -- Up-to-date: /home/prakt3/praktikum_ws/install/interfaces/include/interfaces/msg
[9.245s] -- Up-to-date: /home/prakt3/praktikum_ws/install/interfaces/include/interfaces/msg/detail
[9.245s] -- Installing: /home/prakt3/praktikum_ws/install/interfaces/include/interfaces/msg/detail/point_orientation3_d__type_support.c
[9.245s] -- Installing: /home/prakt3/praktikum_ws/install/interfaces/include/interfaces/msg/detail/waypoints__type_support.c
[9.245s] -- Installing: /home/prakt3/praktikum_ws/install/interfaces/include/interfaces/msg/detail/waypoints__rosidl_typesupport_introspection_c.h
[9.245s] -- Installing: /home/prakt3/praktikum_ws/install/interfaces/include/interfaces/msg/detail/pointcoords__rosidl_typesupport_introspection_c.h
[9.245s] -- Installing: /home/prakt3/praktikum_ws/install/interfaces/include/interfaces/msg/detail/point_orientation3_d__rosidl_typesupport_introspection_c.h
[9.245s] -- Installing: /home/prakt3/praktikum_ws/install/interfaces/include/interfaces/msg/detail/point_translation3_d__type_support.c
[9.245s] -- Installing: /home/prakt3/praktikum_ws/install/interfaces/include/interfaces/msg/detail/point_translation3_d__rosidl_typesupport_introspection_c.h
[9.245s] -- Installing: /home/prakt3/praktikum_ws/install/interfaces/include/interfaces/msg/detail/pointcoords__type_support.c
[9.245s] -- Installing: /home/prakt3/praktikum_ws/install/interfaces/include/interfaces/msg/rosidl_typesupport_introspection_c__visibility_control.h
[9.245s] -- Installing: /home/prakt3/praktikum_ws/install/interfaces/lib/libinterfaces__rosidl_typesupport_introspection_c.so
[9.245s] -- Set runtime path of "/home/prakt3/praktikum_ws/install/interfaces/lib/libinterfaces__rosidl_typesupport_introspection_c.so" to ""
[9.245s] -- Installing: /home/prakt3/praktikum_ws/install/interfaces/lib/libinterfaces__rosidl_typesupport_c.so
[9.245s] -- Set runtime path of "/home/prakt3/praktikum_ws/install/interfaces/lib/libinterfaces__rosidl_typesupport_c.so" to ""
[9.245s] -- Up-to-date: /home/prakt3/praktikum_ws/install/interfaces/include/interfaces
[9.245s] -- Up-to-date: /home/prakt3/praktikum_ws/install/interfaces/include/interfaces/srv
[9.245s] -- Installing: /home/prakt3/praktikum_ws/install/interfaces/include/interfaces/srv/getpose.hpp
[9.246s] -- Installing: /home/prakt3/praktikum_ws/install/interfaces/include/interfaces/srv/picturetopoints.hpp
[9.246s] -- Up-to-date: /home/prakt3/praktikum_ws/install/interfaces/include/interfaces/srv/detail
[9.246s] -- Installing: /home/prakt3/praktikum_ws/install/interfaces/include/interfaces/srv/detail/set_ur_io__struct.hpp
[9.246s] -- Installing: /home/prakt3/praktikum_ws/install/interfaces/include/interfaces/srv/detail/getpose__builder.hpp
[9.246s] -- Installing: /home/prakt3/praktikum_ws/install/interfaces/include/interfaces/srv/detail/move__struct.hpp
[9.246s] -- Installing: /home/prakt3/praktikum_ws/install/interfaces/include/interfaces/srv/detail/getpose__traits.hpp
[9.246s] -- Installing: /home/prakt3/praktikum_ws/install/interfaces/include/interfaces/srv/detail/picturetopoints__builder.hpp
[9.246s] -- Installing: /home/prakt3/praktikum_ws/install/interfaces/include/interfaces/srv/detail/picturetopoints__struct.hpp
[9.246s] -- Installing: /home/prakt3/praktikum_ws/install/interfaces/include/interfaces/srv/detail/getpose__struct.hpp
[9.246s] -- Installing: /home/prakt3/praktikum_ws/install/interfaces/include/interfaces/srv/detail/move__traits.hpp
[9.246s] -- Installing: /home/prakt3/praktikum_ws/install/interfaces/include/interfaces/srv/detail/picturetopoints__traits.hpp
[9.246s] -- Installing: /home/prakt3/praktikum_ws/install/interfaces/include/interfaces/srv/detail/move__builder.hpp
[9.246s] -- Installing: /home/prakt3/praktikum_ws/install/interfaces/include/interfaces/srv/detail/set_ur_io__traits.hpp
[9.246s] -- Installing: /home/prakt3/praktikum_ws/install/interfaces/include/interfaces/srv/detail/set_ur_io__builder.hpp
[9.246s] -- Installing: /home/prakt3/praktikum_ws/install/interfaces/include/interfaces/srv/set_ur_io.hpp
[9.246s] -- Installing: /home/prakt3/praktikum_ws/install/interfaces/include/interfaces/srv/move.hpp
[9.247s] -- Up-to-date: /home/prakt3/praktikum_ws/install/interfaces/include/interfaces/msg
[9.247s] -- Installing: /home/prakt3/praktikum_ws/install/interfaces/include/interfaces/msg/point_translation3_d.hpp
[9.247s] -- Installing: /home/prakt3/praktikum_ws/install/interfaces/include/interfaces/msg/point_orientation3_d.hpp
[9.247s] -- Up-to-date: /home/prakt3/praktikum_ws/install/interfaces/include/interfaces/msg/detail
[9.247s] -- Installing: /home/prakt3/praktikum_ws/install/interfaces/include/interfaces/msg/detail/waypoints__builder.hpp
[9.247s] -- Installing: /home/prakt3/praktikum_ws/install/interfaces/include/interfaces/msg/detail/point_translation3_d__builder.hpp
[9.247s] -- Installing: /home/prakt3/praktikum_ws/install/interfaces/include/interfaces/msg/detail/point_orientation3_d__traits.hpp
[9.247s] -- Installing: /home/prakt3/praktikum_ws/install/interfaces/include/interfaces/msg/detail/point_translation3_d__struct.hpp
[9.247s] -- Installing: /home/prakt3/praktikum_ws/install/interfaces/include/interfaces/msg/detail/waypoints__traits.hpp
[9.247s] -- Installing: /home/prakt3/praktikum_ws/install/interfaces/include/interfaces/msg/detail/waypoints__struct.hpp
[9.247s] -- Installing: /home/prakt3/praktikum_ws/install/interfaces/include/interfaces/msg/detail/point_orientation3_d__builder.hpp
[9.247s] -- Installing: /home/prakt3/praktikum_ws/install/interfaces/include/interfaces/msg/detail/point_translation3_d__traits.hpp
[9.247s] -- Installing: /home/prakt3/praktikum_ws/install/interfaces/include/interfaces/msg/detail/pointcoords__builder.hpp
[9.247s] -- Installing: /home/prakt3/praktikum_ws/install/interfaces/include/interfaces/msg/detail/point_orientation3_d__struct.hpp
[9.247s] -- Installing: /home/prakt3/praktikum_ws/install/interfaces/include/interfaces/msg/detail/pointcoords__traits.hpp
[9.248s] -- Installing: /home/prakt3/praktikum_ws/install/interfaces/include/interfaces/msg/detail/pointcoords__struct.hpp
[9.248s] -- Installing: /home/prakt3/praktikum_ws/install/interfaces/include/interfaces/msg/waypoints.hpp
[9.248s] -- Installing: /home/prakt3/praktikum_ws/install/interfaces/include/interfaces/msg/pointcoords.hpp
[9.248s] -- Up-to-date: /home/prakt3/praktikum_ws/install/interfaces/include/interfaces
[9.248s] -- Up-to-date: /home/prakt3/praktikum_ws/install/interfaces/include/interfaces/srv
[9.248s] -- Up-to-date: /home/prakt3/praktikum_ws/install/interfaces/include/interfaces/srv/detail
[9.248s] -- Installing: /home/prakt3/praktikum_ws/install/interfaces/include/interfaces/srv/detail/picturetopoints__type_support.cpp
[9.248s] -- Installing: /home/prakt3/praktikum_ws/install/interfaces/include/interfaces/srv/detail/set_ur_io__rosidl_typesupport_introspection_cpp.hpp
[9.248s] -- Installing: /home/prakt3/praktikum_ws/install/interfaces/include/interfaces/srv/detail/getpose__type_support.cpp
[9.248s] -- Installing: /home/prakt3/praktikum_ws/install/interfaces/include/interfaces/srv/detail/picturetopoints__rosidl_typesupport_introspection_cpp.hpp
[9.248s] -- Installing: /home/prakt3/praktikum_ws/install/interfaces/include/interfaces/srv/detail/move__rosidl_typesupport_introspection_cpp.hpp
[9.248s] -- Installing: /home/prakt3/praktikum_ws/install/interfaces/include/interfaces/srv/detail/set_ur_io__type_support.cpp
[9.248s] -- Installing: /home/prakt3/praktikum_ws/install/interfaces/include/interfaces/srv/detail/getpose__rosidl_typesupport_introspection_cpp.hpp
[9.248s] -- Installing: /home/prakt3/praktikum_ws/install/interfaces/include/interfaces/srv/detail/move__type_support.cpp
[9.248s] -- Up-to-date: /home/prakt3/praktikum_ws/install/interfaces/include/interfaces/msg
[9.248s] -- Up-to-date: /home/prakt3/praktikum_ws/install/interfaces/include/interfaces/msg/detail
[9.248s] -- Installing: /home/prakt3/praktikum_ws/install/interfaces/include/interfaces/msg/detail/point_translation3_d__rosidl_typesupport_introspection_cpp.hpp
[9.249s] -- Installing: /home/prakt3/praktikum_ws/install/interfaces/include/interfaces/msg/detail/waypoints__type_support.cpp
[9.249s] -- Installing: /home/prakt3/praktikum_ws/install/interfaces/include/interfaces/msg/detail/point_orientation3_d__rosidl_typesupport_introspection_cpp.hpp
[9.249s] -- Installing: /home/prakt3/praktikum_ws/install/interfaces/include/interfaces/msg/detail/pointcoords__rosidl_typesupport_introspection_cpp.hpp
[9.249s] -- Installing: /home/prakt3/praktikum_ws/install/interfaces/include/interfaces/msg/detail/point_translation3_d__type_support.cpp
[9.249s] -- Installing: /home/prakt3/praktikum_ws/install/interfaces/include/interfaces/msg/detail/waypoints__rosidl_typesupport_introspection_cpp.hpp
[9.249s] -- Installing: /home/prakt3/praktikum_ws/install/interfaces/include/interfaces/msg/detail/point_orientation3_d__type_support.cpp
[9.249s] -- Installing: /home/prakt3/praktikum_ws/install/interfaces/include/interfaces/msg/detail/pointcoords__type_support.cpp
[9.249s] -- Installing: /home/prakt3/praktikum_ws/install/interfaces/lib/libinterfaces__rosidl_typesupport_introspection_cpp.so
[9.249s] -- Set runtime path of "/home/prakt3/praktikum_ws/install/interfaces/lib/libinterfaces__rosidl_typesupport_introspection_cpp.so" to ""
[9.249s] -- Installing: /home/prakt3/praktikum_ws/install/interfaces/lib/libinterfaces__rosidl_typesupport_cpp.so
[9.250s] -- Set runtime path of "/home/prakt3/praktikum_ws/install/interfaces/lib/libinterfaces__rosidl_typesupport_cpp.so" to ""
[9.250s] -- Installing: /home/prakt3/praktikum_ws/install/interfaces/share/interfaces/environment/pythonpath.sh
[9.250s] -- Installing: /home/prakt3/praktikum_ws/install/interfaces/share/interfaces/environment/pythonpath.dsv
[9.250s] -- Installing: /home/prakt3/praktikum_ws/install/interfaces/lib/python3.8/site-packages/interfaces/__init__.py
[9.278s] Compiling '/home/prakt3/praktikum_ws/install/interfaces/lib/python3.8/site-packages/interfaces/__init__.py'...
[9.282s] -- Installing: /home/prakt3/praktikum_ws/install/interfaces/lib/python3.8/site-packages/interfaces/msg
[9.282s] -- Installing: /home/prakt3/praktikum_ws/install/interfaces/lib/python3.8/site-packages/interfaces/msg/_waypoints_s.c
[9.282s] -- Installing: /home/prakt3/praktikum_ws/install/interfaces/lib/python3.8/site-packages/interfaces/msg/_point_orientation3_d_s.c
[9.282s] -- Installing: /home/prakt3/praktikum_ws/install/interfaces/lib/python3.8/site-packages/interfaces/msg/_point_translation3_d_s.c
[9.282s] -- Installing: /home/prakt3/praktikum_ws/install/interfaces/lib/python3.8/site-packages/interfaces/msg/_point_orientation3_d.py
[9.282s] -- Installing: /home/prakt3/praktikum_ws/install/interfaces/lib/python3.8/site-packages/interfaces/msg/_waypoints.py
[9.282s] -- Installing: /home/prakt3/praktikum_ws/install/interfaces/lib/python3.8/site-packages/interfaces/msg/__init__.py
[9.282s] -- Installing: /home/prakt3/praktikum_ws/install/interfaces/lib/python3.8/site-packages/interfaces/msg/_pointcoords_s.c
[9.282s] -- Installing: /home/prakt3/praktikum_ws/install/interfaces/lib/python3.8/site-packages/interfaces/msg/_pointcoords.py
[9.283s] -- Installing: /home/prakt3/praktikum_ws/install/interfaces/lib/python3.8/site-packages/interfaces/msg/_point_translation3_d.py
[9.283s] -- Installing: /home/prakt3/praktikum_ws/install/interfaces/lib/python3.8/site-packages/interfaces/srv
[9.283s] -- Installing: /home/prakt3/praktikum_ws/install/interfaces/lib/python3.8/site-packages/interfaces/srv/_move_s.c
[9.283s] -- Installing: /home/prakt3/praktikum_ws/install/interfaces/lib/python3.8/site-packages/interfaces/srv/_set_ur_io_s.c
[9.283s] -- Installing: /home/prakt3/praktikum_ws/install/interfaces/lib/python3.8/site-packages/interfaces/srv/_picturetopoints.py
[9.283s] -- Installing: /home/prakt3/praktikum_ws/install/interfaces/lib/python3.8/site-packages/interfaces/srv/_set_ur_io.py
[9.283s] -- Installing: /home/prakt3/praktikum_ws/install/interfaces/lib/python3.8/site-packages/interfaces/srv/_picturetopoints_s.c
[9.283s] -- Installing: /home/prakt3/praktikum_ws/install/interfaces/lib/python3.8/site-packages/interfaces/srv/__init__.py
[9.283s] -- Installing: /home/prakt3/praktikum_ws/install/interfaces/lib/python3.8/site-packages/interfaces/srv/_move.py
[9.283s] -- Installing: /home/prakt3/praktikum_ws/install/interfaces/lib/python3.8/site-packages/interfaces/srv/_getpose_s.c
[9.283s] -- Installing: /home/prakt3/praktikum_ws/install/interfaces/lib/python3.8/site-packages/interfaces/srv/_getpose.py
[9.283s] -- Installing: /home/prakt3/praktikum_ws/install/interfaces/lib/python3.8/site-packages/interfaces/interfaces_s__rosidl_typesupport_fastrtps_c.cpython-38-x86_64-linux-gnu.so
[9.284s] -- Set runtime path of "/home/prakt3/praktikum_ws/install/interfaces/lib/python3.8/site-packages/interfaces/interfaces_s__rosidl_typesupport_fastrtps_c.cpython-38-x86_64-linux-gnu.so" to ""
[9.284s] -- Installing: /home/prakt3/praktikum_ws/install/interfaces/lib/python3.8/site-packages/interfaces/interfaces_s__rosidl_typesupport_introspection_c.cpython-38-x86_64-linux-gnu.so
[9.285s] -- Set runtime path of "/home/prakt3/praktikum_ws/install/interfaces/lib/python3.8/site-packages/interfaces/interfaces_s__rosidl_typesupport_introspection_c.cpython-38-x86_64-linux-gnu.so" to ""
[9.285s] -- Installing: /home/prakt3/praktikum_ws/install/interfaces/lib/python3.8/site-packages/interfaces/interfaces_s__rosidl_typesupport_c.cpython-38-x86_64-linux-gnu.so
[9.285s] -- Set runtime path of "/home/prakt3/praktikum_ws/install/interfaces/lib/python3.8/site-packages/interfaces/interfaces_s__rosidl_typesupport_c.cpython-38-x86_64-linux-gnu.so" to ""
[9.285s] -- Installing: /home/prakt3/praktikum_ws/install/interfaces/lib/libinterfaces__python.so
[9.286s] -- Set runtime path of "/home/prakt3/praktikum_ws/install/interfaces/lib/libinterfaces__python.so" to ""
[9.286s] -- Installing: /home/prakt3/praktikum_ws/install/interfaces/share/interfaces/msg/Pointcoords.idl
[9.286s] -- Installing: /home/prakt3/praktikum_ws/install/interfaces/share/interfaces/msg/Waypoints.idl
[9.286s] -- Installing: /home/prakt3/praktikum_ws/install/interfaces/share/interfaces/msg/PointTranslation3D.idl
[9.286s] -- Installing: /home/prakt3/praktikum_ws/install/interfaces/share/interfaces/srv/Move.idl
[9.286s] -- Installing: /home/prakt3/praktikum_ws/install/interfaces/share/interfaces/msg/PointOrientation3D.idl
[9.286s] -- Installing: /home/prakt3/praktikum_ws/install/interfaces/share/interfaces/srv/Picturetopoints.idl
[9.286s] -- Installing: /home/prakt3/praktikum_ws/install/interfaces/share/interfaces/srv/Getpose.idl
[9.286s] -- Installing: /home/prakt3/praktikum_ws/install/interfaces/share/interfaces/srv/SetUrIo.idl
[9.286s] -- Installing: /home/prakt3/praktikum_ws/install/interfaces/share/interfaces/msg/Pointcoords.msg
[9.287s] -- Installing: /home/prakt3/praktikum_ws/install/interfaces/share/interfaces/msg/Waypoints.msg
[9.287s] -- Installing: /home/prakt3/praktikum_ws/install/interfaces/share/interfaces/msg/PointTranslation3D.msg
[9.287s] -- Installing: /home/prakt3/praktikum_ws/install/interfaces/share/interfaces/srv/Move.srv
[9.287s] -- Installing: /home/prakt3/praktikum_ws/install/interfaces/share/interfaces/srv/Move_Request.msg
[9.287s] -- Installing: /home/prakt3/praktikum_ws/install/interfaces/share/interfaces/srv/Move_Response.msg
[9.287s] -- Installing: /home/prakt3/praktikum_ws/install/interfaces/share/interfaces/msg/PointOrientation3D.msg
[9.287s] -- Installing: /home/prakt3/praktikum_ws/install/interfaces/share/interfaces/srv/Picturetopoints.srv
[9.287s] -- Installing: /home/prakt3/praktikum_ws/install/interfaces/share/interfaces/srv/Picturetopoints_Request.msg
[9.287s] -- Installing: /home/prakt3/praktikum_ws/install/interfaces/share/interfaces/srv/Picturetopoints_Response.msg
[9.287s] -- Installing: /home/prakt3/praktikum_ws/install/interfaces/share/interfaces/srv/Getpose.srv
[9.287s] -- Installing: /home/prakt3/praktikum_ws/install/interfaces/share/interfaces/srv/Getpose_Request.msg
[9.288s] -- Installing: /home/prakt3/praktikum_ws/install/interfaces/share/interfaces/srv/Getpose_Response.msg
[9.288s] -- Installing: /home/prakt3/praktikum_ws/install/interfaces/share/interfaces/srv/SetUrIo.srv
[9.288s] -- Installing: /home/prakt3/praktikum_ws/install/interfaces/share/interfaces/srv/SetUrIo_Request.msg
[9.288s] -- Installing: /home/prakt3/praktikum_ws/install/interfaces/share/interfaces/srv/SetUrIo_Response.msg
[9.288s] -- Installing: /home/prakt3/praktikum_ws/install/interfaces/share/ament_index/resource_index/package_run_dependencies/interfaces
[9.288s] -- Installing: /home/prakt3/praktikum_ws/install/interfaces/share/ament_index/resource_index/parent_prefix_path/interfaces
[9.288s] -- Installing: /home/prakt3/praktikum_ws/install/interfaces/share/interfaces/environment/ament_prefix_path.sh
[9.288s] -- Installing: /home/prakt3/praktikum_ws/install/interfaces/share/interfaces/environment/ament_prefix_path.dsv
[9.288s] -- Installing: /home/prakt3/praktikum_ws/install/interfaces/share/interfaces/environment/path.sh
[9.289s] -- Installing: /home/prakt3/praktikum_ws/install/interfaces/share/interfaces/environment/path.dsv
[9.289s] -- Installing: /home/prakt3/praktikum_ws/install/interfaces/share/interfaces/local_setup.bash
[9.289s] -- Installing: /home/prakt3/praktikum_ws/install/interfaces/share/interfaces/local_setup.sh
[9.289s] -- Installing: /home/prakt3/praktikum_ws/install/interfaces/share/interfaces/local_setup.zsh
[9.289s] -- Installing: /home/prakt3/praktikum_ws/install/interfaces/share/interfaces/local_setup.dsv
[9.289s] -- Installing: /home/prakt3/praktikum_ws/install/interfaces/share/interfaces/package.dsv
[9.289s] -- Installing: /home/prakt3/praktikum_ws/install/interfaces/share/ament_index/resource_index/packages/interfaces
[9.289s] -- Installing: /home/prakt3/praktikum_ws/install/interfaces/share/interfaces/cmake/interfaces__rosidl_generator_cExport.cmake
[9.289s] -- Installing: /home/prakt3/praktikum_ws/install/interfaces/share/interfaces/cmake/interfaces__rosidl_generator_cExport-noconfig.cmake
[9.290s] -- Installing: /home/prakt3/praktikum_ws/install/interfaces/share/interfaces/cmake/interfaces__rosidl_typesupport_introspection_cExport.cmake
[9.290s] -- Installing: /home/prakt3/praktikum_ws/install/interfaces/share/interfaces/cmake/interfaces__rosidl_typesupport_introspection_cExport-noconfig.cmake
[9.290s] -- Installing: /home/prakt3/praktikum_ws/install/interfaces/share/interfaces/cmake/interfaces__rosidl_typesupport_cExport.cmake
[9.290s] -- Installing: /home/prakt3/praktikum_ws/install/interfaces/share/interfaces/cmake/interfaces__rosidl_typesupport_cExport-noconfig.cmake
[9.290s] -- Installing: /home/prakt3/praktikum_ws/install/interfaces/share/interfaces/cmake/interfaces__rosidl_generator_cppExport.cmake
[9.290s] -- Installing: /home/prakt3/praktikum_ws/install/interfaces/share/interfaces/cmake/interfaces__rosidl_typesupport_introspection_cppExport.cmake
[9.290s] -- Installing: /home/prakt3/praktikum_ws/install/interfaces/share/interfaces/cmake/interfaces__rosidl_typesupport_introspection_cppExport-noconfig.cmake
[9.290s] -- Installing: /home/prakt3/praktikum_ws/install/interfaces/share/interfaces/cmake/interfaces__rosidl_typesupport_cppExport.cmake
[9.290s] -- Installing: /home/prakt3/praktikum_ws/install/interfaces/share/interfaces/cmake/interfaces__rosidl_typesupport_cppExport-noconfig.cmake
[9.291s] -- Installing: /home/prakt3/praktikum_ws/install/interfaces/share/interfaces/cmake/rosidl_cmake-extras.cmake
[9.291s] -- Installing: /home/prakt3/praktikum_ws/install/interfaces/share/interfaces/cmake/ament_cmake_export_dependencies-extras.cmake
[9.291s] -- Installing: /home/prakt3/praktikum_ws/install/interfaces/share/interfaces/cmake/ament_cmake_export_libraries-extras.cmake
[9.291s] -- Installing: /home/prakt3/praktikum_ws/install/interfaces/share/interfaces/cmake/ament_cmake_export_targets-extras.cmake
[9.291s] -- Installing: /home/prakt3/praktikum_ws/install/interfaces/share/interfaces/cmake/ament_cmake_export_include_directories-extras.cmake
[9.291s] -- Installing: /home/prakt3/praktikum_ws/install/interfaces/share/interfaces/cmake/rosidl_cmake_export_typesupport_libraries-extras.cmake
[9.291s] -- Installing: /home/prakt3/praktikum_ws/install/interfaces/share/interfaces/cmake/rosidl_cmake_export_typesupport_targets-extras.cmake
[9.291s] -- Installing: /home/prakt3/praktikum_ws/install/interfaces/share/interfaces/cmake/interfacesConfig.cmake
[9.291s] -- Installing: /home/prakt3/praktikum_ws/install/interfaces/share/interfaces/cmake/interfacesConfig-version.cmake
[9.291s] -- Installing: /home/prakt3/praktikum_ws/install/interfaces/share/interfaces/package.xml
[9.299s] Invoked command in '/home/prakt3/praktikum_ws/build/interfaces' returned '0': CMAKE_PREFIX_PATH=${CMAKE_PREFIX_PATH}:/opt/ros/galactic /usr/bin/cmake --install /home/prakt3/praktikum_ws/build/interfaces
