[0.052s] Invoking command in '/home/prakt3/praktikum_ws/build/rviz_visual_tools': CMAKE_PREFIX_PATH=${CMAKE_PREFIX_PATH}:/opt/ros/galactic /usr/bin/cmake /home/prakt3/praktikum_ws/src/rviz_visual_tools -DCMAKE_INSTALL_PREFIX=/home/prakt3/praktikum_ws/install/rviz_visual_tools
[0.730s] -- The C compiler identification is GNU 9.4.0
[0.730s] -- The CXX compiler identification is GNU 9.4.0
[0.730s] -- Check for working C compiler: /usr/bin/cc
[0.730s] -- Check for working C compiler: /usr/bin/cc -- works
[0.730s] -- Detecting C compiler ABI info
[0.730s] -- Detecting C compiler ABI info - done
[0.730s] -- Detecting C compile features
[0.730s] -- Detecting C compile features - done
[0.730s] -- Check for working CXX compiler: /usr/bin/c++
[0.730s] -- Check for working CXX compiler: /usr/bin/c++ -- works
[0.730s] -- Detecting CXX compiler ABI info
[0.730s] -- Detecting CXX compiler ABI info - done
[0.730s] -- Detecting CXX compile features
[0.730s] -- Detecting CXX compile features - done
[0.730s] -- Found ament_cmake: 1.1.6 (/opt/ros/galactic/share/ament_cmake/cmake)
[0.730s] -- Found PythonInterp: /usr/bin/python3 (found suitable version "3.8.10", minimum required is "3") 
[0.730s] -- Using PYTHON_EXECUTABLE: /usr/bin/python3
[0.730s] -- Found rclcpp: 9.2.2 (/opt/ros/galactic/share/rclcpp/cmake)
[0.730s] -- Using all available rosidl_typesupport_c: rosidl_typesupport_fastrtps_c;rosidl_typesupport_introspection_c
[0.730s] -- Found rosidl_adapter: 2.2.3 (/opt/ros/galactic/share/rosidl_adapter/cmake)
[0.730s] -- Found OpenSSL: /usr/lib/x86_64-linux-gnu/libcrypto.so (found version "1.1.1f")  
[0.730s] -- Found FastRTPS: /opt/ros/galactic/include  
[0.730s] -- Using all available rosidl_typesupport_cpp: rosidl_typesupport_fastrtps_cpp;rosidl_typesupport_introspection_cpp
[0.730s] -- Found rmw_implementation_cmake: 3.3.1 (/opt/ros/galactic/share/rmw_implementation_cmake/cmake)
[0.730s] -- Found rmw_cyclonedds_cpp: 0.22.6 (/opt/ros/galactic/share/rmw_cyclonedds_cpp/cmake)
[0.730s] -- Using RMW implementation 'rmw_cyclonedds_cpp' as default
[0.731s] -- Looking for pthread.h
[0.731s] -- Looking for pthread.h - found
[0.731s] -- Performing Test CMAKE_HAVE_LIBC_PTHREAD
[0.746s] -- Performing Test CMAKE_HAVE_LIBC_PTHREAD - Failed
[0.747s] -- Looking for pthread_create in pthreads
[0.790s] -- Looking for pthread_create in pthreads - not found
[0.790s] -- Looking for pthread_create in pthread
[0.852s] -- Looking for pthread_create in pthread - found
[0.852s] -- Found Threads: TRUE  
[1.013s] -- Found rclcpp_components: 9.2.2 (/opt/ros/galactic/share/rclcpp_components/cmake)
[1.074s] -- Found rviz_ogre_vendor: 8.5.2 (/opt/ros/galactic/share/rviz_ogre_vendor/cmake)
[1.074s] -- Setting OGRE_DIR to: '/opt/ros/galactic/share/rviz_ogre_vendor/cmake/../../../opt/rviz_ogre_vendor/lib/OGRE/cmake'
[1.076s] -- Found OGRE
[1.076s] --   static     : OFF
[1.076s] --   components : HLMS;MeshLodGenerator;Overlay;Paging;Property;RTShaderSystem;Terrain;Volume
[1.076s] --   plugins    : Plugin_BSPSceneManager;Plugin_OctreeSceneManager;Plugin_PCZSceneManager;Plugin_ParticleFX;RenderSystem_GL;RenderSystem_GL3Plus;Codec_STBI
[1.077s] --   media      : /opt/ros/galactic/opt/rviz_ogre_vendor/share/OGRE/Media
[1.077s] -- OGRE_LIBRARIES: OgreHLMS;OgreMeshLodGenerator;OgreOverlay;OgrePaging;OgreProperty;OgreRTShaderSystem;OgreTerrain;OgreVolume;OgreMain
[1.077s] -- OGRE_LIBRARY_DIRS: /opt/ros/galactic/opt/rviz_ogre_vendor/lib
[1.077s] -- OGRE_PLUGINS: Plugin_BSPSceneManager;Plugin_OctreeSceneManager;Plugin_PCZSceneManager;Plugin_ParticleFX;RenderSystem_GL;RenderSystem_GL3Plus;Codec_STBI
[1.077s] -- OGRE_PLUGIN_DIR: /opt/ros/galactic/opt/rviz_ogre_vendor/lib/OGRE
[1.077s] -- rviz_ogre_vendor::OgreOverlay for IMPORTED_LOCATION_RELEASE: /opt/ros/galactic/opt/rviz_ogre_vendor/lib/libOgreOverlay.so
[1.077s] -- rviz_ogre_vendor::OgreOverlay for IMPORTED_LOCATION_DEBUG: /opt/ros/galactic/opt/rviz_ogre_vendor/lib/libOgreOverlay.so
[1.077s] -- rviz_ogre_vendor::OgreMain for IMPORTED_LOCATION_RELEASE: /opt/ros/galactic/opt/rviz_ogre_vendor/lib/libOgreMain.so
[1.077s] -- rviz_ogre_vendor::OgreMain for IMPORTED_LOCATION_DEBUG: /opt/ros/galactic/opt/rviz_ogre_vendor/lib/libOgreMain.so
[1.079s] -- Could not find freeimage library
[1.092s] -- Found ZLIB: /usr/lib/x86_64-linux-gnu/libz.so (found version "1.2.11") 
[1.096s] -- Found OpenGL: /usr/lib/x86_64-linux-gnu/libOpenGL.so   
[1.156s] -- Found X11: /usr/include   
[1.156s] -- Looking for XOpenDisplay in /usr/lib/x86_64-linux-gnu/libX11.so;/usr/lib/x86_64-linux-gnu/libXext.so
[1.228s] -- Looking for XOpenDisplay in /usr/lib/x86_64-linux-gnu/libX11.so;/usr/lib/x86_64-linux-gnu/libXext.so - found
[1.228s] -- Looking for gethostbyname
[1.311s] -- Looking for gethostbyname - found
[1.311s] -- Looking for connect
[1.477s] -- Looking for connect - found
[1.477s] -- Looking for remove
[1.594s] -- Looking for remove - found
[1.597s] -- Looking for shmat
[1.741s] -- Looking for shmat - found
[1.741s] -- Looking for IceConnectionNumber in ICE
[1.845s] -- Looking for IceConnectionNumber in ICE - found
[1.847s] -- rviz_ogre_vendor::RenderSystem_GL for IMPORTED_LOCATION_RELEASE: _render_system_gl_static_library_abs-NOTFOUND
[1.848s] -- rviz_ogre_vendor::RenderSystem_GL for IMPORTED_LOCATION_DEBUG: _render_system_gl_static_library_abs-NOTFOUND
[1.849s] -- Found sensor_msgs: 2.2.4 (/opt/ros/galactic/share/sensor_msgs/cmake)
[1.971s] -- Found shape_msgs: 2.2.4 (/opt/ros/galactic/share/shape_msgs/cmake)
[2.040s] -- Found visualization_msgs: 2.2.4 (/opt/ros/galactic/share/visualization_msgs/cmake)
[2.117s] -- Found trajectory_msgs: 2.2.4 (/opt/ros/galactic/share/trajectory_msgs/cmake)
[2.194s] -- Found eigen3_cmake_module: 0.1.1 (/opt/ros/galactic/share/eigen3_cmake_module/cmake)
[2.195s] -- Found eigen_stl_containers: 1.0.0 (/opt/ros/galactic/share/eigen_stl_containers/cmake)
[2.199s] -- Found Eigen3: TRUE (found version "3.3.7") 
[2.203s] -- Found PkgConfig: /usr/bin/pkg-config (found version "0.29.1") 
[2.205s] -- Found tf2: 0.17.5 (/opt/ros/galactic/share/tf2/cmake)
[2.215s] -- Found tf2_eigen: 0.17.5 (/opt/ros/galactic/share/tf2_eigen/cmake)
[2.549s] -- Found tf2_geometry_msgs: 0.17.5 (/opt/ros/galactic/share/tf2_geometry_msgs/cmake)
[2.592s] -- Found pluginlib: 5.0.1 (/opt/ros/galactic/share/pluginlib/cmake)
[2.612s] -- Found interactive_markers: 2.2.0 (/opt/ros/galactic/share/interactive_markers/cmake)
[2.638s] -- Found rviz_common: 8.5.2 (/opt/ros/galactic/share/rviz_common/cmake)
[2.655s] -- library: libassimp.so.5
[3.155s] -- library: /usr/lib/x86_64-linux-gnu/libcurl.so
[3.269s] -- Found rviz_default_plugins: 8.5.2 (/opt/ros/galactic/share/rviz_default_plugins/cmake)
[4.043s] -- Found ament_cmake_gtest: 1.1.6 (/opt/ros/galactic/share/ament_cmake_gtest/cmake)
[4.046s] -- Found gtest sources under '/opt/ros/galactic/src/gtest_vendor': C++ tests using 'Google Test' will be built
[4.060s] -- Check if compiler accepts -pthread
[4.320s] -- Check if compiler accepts -pthread - yes
[4.442s] -- Configuring done
[4.604s] -- Generating done
[4.607s] -- Build files have been written to: /home/prakt3/praktikum_ws/build/rviz_visual_tools
[4.621s] Invoked command in '/home/prakt3/praktikum_ws/build/rviz_visual_tools' returned '0': CMAKE_PREFIX_PATH=${CMAKE_PREFIX_PATH}:/opt/ros/galactic /usr/bin/cmake /home/prakt3/praktikum_ws/src/rviz_visual_tools -DCMAKE_INSTALL_PREFIX=/home/prakt3/praktikum_ws/install/rviz_visual_tools
[4.624s] Invoking command in '/home/prakt3/praktikum_ws/build/rviz_visual_tools': CMAKE_PREFIX_PATH=${CMAKE_PREFIX_PATH}:/opt/ros/galactic /usr/bin/cmake --build /home/prakt3/praktikum_ws/build/rviz_visual_tools -- -j12 -l12
[4.704s] [35m[1mScanning dependencies of target rviz_visual_tools_remote_control_autogen[0m
[4.711s] [35m[1mScanning dependencies of target gtest_autogen[0m
[4.764s] [35m[1mScanning dependencies of target gtest_main_autogen[0m
[4.766s] [  2%] [34m[1mAutomatic MOC for target gtest[0m
[4.771s] [  5%] [34m[1mAutomatic MOC for target rviz_visual_tools_remote_control[0m
[4.780s] [  7%] [34m[1mAutomatic MOC for target gtest_main[0m
[4.798s] [35m[1mScanning dependencies of target rviz_visual_tools_gui_autogen[0m
[4.838s] [ 10%] [34m[1mAutomatic MOC for target rviz_visual_tools_gui[0m
[4.842s] [ 10%] Built target gtest_autogen
[4.849s] [ 10%] Built target rviz_visual_tools_remote_control_autogen
[4.860s] [35m[1mScanning dependencies of target rviz_visual_tools_remote_control[0m
[4.866s] [ 10%] Built target gtest_main_autogen
[4.874s] [35m[1mScanning dependencies of target gtest[0m
[4.922s] [ 12%] [32mBuilding CXX object CMakeFiles/rviz_visual_tools_remote_control.dir/rviz_visual_tools_remote_control_autogen/mocs_compilation.cpp.o[0m
[4.925s] [ 15%] [32mBuilding CXX object CMakeFiles/rviz_visual_tools_remote_control.dir/src/remote_control.cpp.o[0m
[4.925s] [35m[1mScanning dependencies of target gtest_main[0m
[4.958s] [ 17%] [32mBuilding CXX object gtest/CMakeFiles/gtest.dir/gtest_autogen/mocs_compilation.cpp.o[0m
[4.967s] [ 20%] [32mBuilding CXX object gtest/CMakeFiles/gtest.dir/src/gtest-all.cc.o[0m
[4.982s] [ 23%] [32mBuilding CXX object gtest/CMakeFiles/gtest_main.dir/gtest_main_autogen/mocs_compilation.cpp.o[0m
[5.012s] [ 25%] [32mBuilding CXX object gtest/CMakeFiles/gtest_main.dir/src/gtest_main.cc.o[0m
[5.072s] [ 25%] Built target rviz_visual_tools_gui_autogen
[5.082s] [35m[1mScanning dependencies of target rviz_visual_tools_gui[0m
[5.171s] [ 28%] [32mBuilding CXX object CMakeFiles/rviz_visual_tools_gui.dir/rviz_visual_tools_gui_autogen/mocs_compilation.cpp.o[0m
[5.182s] [ 30%] [32mBuilding CXX object CMakeFiles/rviz_visual_tools_gui.dir/src/rviz_visual_tools_gui.cpp.o[0m
[5.206s] [ 33%] [32mBuilding CXX object CMakeFiles/rviz_visual_tools_gui.dir/src/key_tool.cpp.o[0m
[5.234s] [ 35%] [32mBuilding CXX object CMakeFiles/rviz_visual_tools_gui.dir/src/remote_control.cpp.o[0m
[5.653s] [ 38%] [32m[1mLinking CXX static library libgtest_main.a[0m
[5.802s] [ 38%] Built target gtest_main
[8.454s] [ 41%] [32m[1mLinking CXX static library libgtest.a[0m
[8.526s] [ 41%] Built target gtest
[11.787s] [ 43%] [32m[1mLinking CXX shared library librviz_visual_tools_gui.so[0m
[11.886s] [ 46%] [32m[1mLinking CXX shared library librviz_visual_tools_remote_control.so[0m
[12.479s] [ 46%] Built target rviz_visual_tools_remote_control
[12.531s] [35m[1mScanning dependencies of target rviz_visual_tools_autogen[0m
[12.594s] [ 48%] [34m[1mAutomatic MOC for target rviz_visual_tools[0m
[12.686s] [ 48%] Built target rviz_visual_tools_autogen
[12.723s] [35m[1mScanning dependencies of target rviz_visual_tools[0m
[12.855s] [ 51%] [32mBuilding CXX object CMakeFiles/rviz_visual_tools.dir/rviz_visual_tools_autogen/mocs_compilation.cpp.o[0m
[12.866s] [ 53%] [32mBuilding CXX object CMakeFiles/rviz_visual_tools.dir/src/rviz_visual_tools.cpp.o[0m
[12.879s] [ 56%] [32mBuilding CXX object CMakeFiles/rviz_visual_tools.dir/src/tf_visual_tools.cpp.o[0m
[14.593s] [ 56%] Built target rviz_visual_tools_gui
[30.266s] [ 58%] [32m[1mLinking CXX shared library librviz_visual_tools.so[0m
[30.962s] [ 58%] Built target rviz_visual_tools
[30.968s] [35m[1mScanning dependencies of target rviz_visual_tools_imarker_simple_autogen[0m
[30.968s] [35m[1mScanning dependencies of target rviz_visual_tools_demo_autogen[0m
[30.968s] [35m[1mScanning dependencies of target rviz_visual_tools_rvt_test_autogen[0m
[30.975s] [ 66%] [34m[1mAutomatic MOC for target rviz_visual_tools_demo[0m
[30.975s] [ 66%] [34m[1mAutomatic MOC for target rviz_visual_tools_rvt_test[0m
[30.975s] [ 66%] [34m[1mAutomatic MOC for target rviz_visual_tools_imarker_simple[0m
[30.987s] [ 66%] Built target rviz_visual_tools_imarker_simple_autogen
[30.987s] [ 66%] Built target rviz_visual_tools_demo_autogen
[30.987s] [ 66%] Built target rviz_visual_tools_rvt_test_autogen
[30.993s] [35m[1mScanning dependencies of target rviz_visual_tools_rvt_test[0m
[30.993s] [35m[1mScanning dependencies of target rviz_visual_tools_demo[0m
[31.026s] [ 69%] [32mBuilding CXX object CMakeFiles/rviz_visual_tools_demo.dir/rviz_visual_tools_demo_autogen/mocs_compilation.cpp.o[0m
[31.028s] [ 71%] [32mBuilding CXX object CMakeFiles/rviz_visual_tools_rvt_test.dir/rviz_visual_tools_rvt_test_autogen/mocs_compilation.cpp.o[0m
[31.032s] [ 74%] [32mBuilding CXX object CMakeFiles/rviz_visual_tools_demo.dir/src/rviz_visual_tools_demo.cpp.o[0m
[31.034s] [ 76%] [32mBuilding CXX object CMakeFiles/rviz_visual_tools_rvt_test.dir/tests/rvt_test.cpp.o[0m
[33.415s] [ 79%] [32m[1mLinking CXX executable rviz_visual_tools_demo[0m
[33.667s] [ 79%] Built target rviz_visual_tools_demo
[33.673s] [35m[1mScanning dependencies of target rviz_visual_tools_imarker_simple[0m
[33.707s] [ 82%] [32mBuilding CXX object CMakeFiles/rviz_visual_tools_imarker_simple.dir/rviz_visual_tools_imarker_simple_autogen/mocs_compilation.cpp.o[0m
[33.711s] [ 84%] [32mBuilding CXX object CMakeFiles/rviz_visual_tools_imarker_simple.dir/src/imarker_simple.cpp.o[0m
[34.681s] [ 87%] [32m[1mLinking CXX executable rviz_visual_tools_rvt_test[0m
[35.056s] [ 87%] Built target rviz_visual_tools_rvt_test
[36.316s] [ 89%] [32m[1mLinking CXX shared library librviz_visual_tools_imarker_simple.so[0m
[36.730s] [ 89%] Built target rviz_visual_tools_imarker_simple
[36.739s] [35m[1mScanning dependencies of target rviz_visual_tools_imarker_simple_demo_autogen[0m
[36.766s] [ 92%] [34m[1mAutomatic MOC for target rviz_visual_tools_imarker_simple_demo[0m
[36.834s] [ 92%] Built target rviz_visual_tools_imarker_simple_demo_autogen
[36.873s] [35m[1mScanning dependencies of target rviz_visual_tools_imarker_simple_demo[0m
[36.992s] [ 94%] [32mBuilding CXX object CMakeFiles/rviz_visual_tools_imarker_simple_demo.dir/rviz_visual_tools_imarker_simple_demo_autogen/mocs_compilation.cpp.o[0m
[37.020s] [ 97%] [32mBuilding CXX object CMakeFiles/rviz_visual_tools_imarker_simple_demo.dir/src/imarker_simple_demo.cpp.o[0m
[39.231s] [100%] [32m[1mLinking CXX executable rviz_visual_tools_imarker_simple_demo[0m
[39.467s] [100%] Built target rviz_visual_tools_imarker_simple_demo
