In file included from [01m[K/home/prakt3/praktikum_ws/src/vrpn_client_ros2/src/time_manager.cpp:2[m[K:
[01m[K/home/prakt3/praktikum_ws/src/vrpn_client_ros2/include/vrpn_client_ros/time_manager.h:22:52:[m[K [01;35m[Kwarning: [m[K‘[01m[Krclcpp::Duration::Duration(rcl_duration_value_t)[m[K’ is deprecated: Use Duration::from_nanoseconds instead or std::chrono_literals. For example:rclcpp::Duration::from_nanoseconds(int64_variable);rclcpp::Duration(0ns); [[01;35m[K-Wdeprecated-declarations[m[K]
   22 |     rclcpp::Duration offset_ = rclcpp::Duration(0.0[01;35m[K)[m[K;
      |                                                    [01;35m[K^[m[K
In file included from [01m[K/opt/ros/galactic/include/rclcpp/qos.hpp:20[m[K,
                 from [01m[K/opt/ros/galactic/include/rclcpp/node_interfaces/node_graph_interface.hpp:31[m[K,
                 from [01m[K/opt/ros/galactic/include/rclcpp/client.hpp:34[m[K,
                 from [01m[K/opt/ros/galactic/include/rclcpp/callback_group.hpp:23[m[K,
                 from [01m[K/opt/ros/galactic/include/rclcpp/any_executable.hpp:20[m[K,
                 from [01m[K/opt/ros/galactic/include/rclcpp/memory_strategy.hpp:25[m[K,
                 from [01m[K/opt/ros/galactic/include/rclcpp/memory_strategies.hpp:18[m[K,
                 from [01m[K/opt/ros/galactic/include/rclcpp/executor_options.hpp:20[m[K,
                 from [01m[K/opt/ros/galactic/include/rclcpp/executor.hpp:36[m[K,
                 from [01m[K/opt/ros/galactic/include/rclcpp/executors/multi_threaded_executor.hpp:26[m[K,
                 from [01m[K/opt/ros/galactic/include/rclcpp/executors.hpp:21[m[K,
                 from [01m[K/opt/ros/galactic/include/rclcpp/rclcpp.hpp:156[m[K,
                 from [01m[K/home/prakt3/praktikum_ws/src/vrpn_client_ros2/include/vrpn_client_ros/time_manager.h:4[m[K,
                 from [01m[K/home/prakt3/praktikum_ws/src/vrpn_client_ros2/src/time_manager.cpp:2[m[K:
[01m[K/opt/ros/galactic/include/rclcpp/duration.hpp:46:12:[m[K [01;36m[Knote: [m[Kdeclared here
   46 |   explicit [01;36m[KDuration[m[K(rcl_duration_value_t nanoseconds);
      |            [01;36m[K^~~~~~~~[m[K
[01m[K/home/prakt3/praktikum_ws/src/vrpn_client_ros2/src/time_manager.cpp:[m[K In member function ‘[01m[Krclcpp::Time vrpn_client_ros::TimeManager::resolve_timestamp(const timeval&, rclcpp::Node::SharedPtr)[m[K’:
[01m[K/home/prakt3/praktikum_ws/src/vrpn_client_ros2/src/time_manager.cpp:34:45:[m[K [01;35m[Kwarning: [m[K‘[01m[Krclcpp::Duration::Duration(rcl_duration_value_t)[m[K’ is deprecated: Use Duration::from_nanoseconds instead or std::chrono_literals. For example:rclcpp::Duration::from_nanoseconds(int64_variable);rclcpp::Duration(0ns); [[01;35m[K-Wdeprecated-declarations[m[K]
   34 |       offset_ = rclcpp::Duration(min_offset_[01;35m[K)[m[K;
      |                                             [01;35m[K^[m[K
In file included from [01m[K/opt/ros/galactic/include/rclcpp/qos.hpp:20[m[K,
                 from [01m[K/opt/ros/galactic/include/rclcpp/node_interfaces/node_graph_interface.hpp:31[m[K,
                 from [01m[K/opt/ros/galactic/include/rclcpp/client.hpp:34[m[K,
                 from [01m[K/opt/ros/galactic/include/rclcpp/callback_group.hpp:23[m[K,
                 from [01m[K/opt/ros/galactic/include/rclcpp/any_executable.hpp:20[m[K,
                 from [01m[K/opt/ros/galactic/include/rclcpp/memory_strategy.hpp:25[m[K,
                 from [01m[K/opt/ros/galactic/include/rclcpp/memory_strategies.hpp:18[m[K,
                 from [01m[K/opt/ros/galactic/include/rclcpp/executor_options.hpp:20[m[K,
                 from [01m[K/opt/ros/galactic/include/rclcpp/executor.hpp:36[m[K,
                 from [01m[K/opt/ros/galactic/include/rclcpp/executors/multi_threaded_executor.hpp:26[m[K,
                 from [01m[K/opt/ros/galactic/include/rclcpp/executors.hpp:21[m[K,
                 from [01m[K/opt/ros/galactic/include/rclcpp/rclcpp.hpp:156[m[K,
                 from [01m[K/home/prakt3/praktikum_ws/src/vrpn_client_ros2/include/vrpn_client_ros/time_manager.h:4[m[K,
                 from [01m[K/home/prakt3/praktikum_ws/src/vrpn_client_ros2/src/time_manager.cpp:2[m[K:
[01m[K/opt/ros/galactic/include/rclcpp/duration.hpp:46:12:[m[K [01;36m[Knote: [m[Kdeclared here
   46 |   explicit [01;36m[KDuration[m[K(rcl_duration_value_t nanoseconds);
      |            [01;36m[K^~~~~~~~[m[K
In file included from [01m[K/home/prakt3/praktikum_ws/src/vrpn_client_ros2/include/vrpn_client_ros/vrpn_client_ros.h:36[m[K,
                 from [01m[K/home/prakt3/praktikum_ws/src/vrpn_client_ros2/src/vrpn_client_ros.cpp:32[m[K:
[01m[K/home/prakt3/praktikum_ws/src/vrpn_client_ros2/include/vrpn_client_ros/time_manager.h:22:52:[m[K [01;35m[Kwarning: [m[K‘[01m[Krclcpp::Duration::Duration(rcl_duration_value_t)[m[K’ is deprecated: Use Duration::from_nanoseconds instead or std::chrono_literals. For example:rclcpp::Duration::from_nanoseconds(int64_variable);rclcpp::Duration(0ns); [[01;35m[K-Wdeprecated-declarations[m[K]
   22 |     rclcpp::Duration offset_ = rclcpp::Duration(0.0[01;35m[K)[m[K;
      |                                                    [01;35m[K^[m[K
In file included from [01m[K/opt/ros/galactic/include/rclcpp/qos.hpp:20[m[K,
                 from [01m[K/opt/ros/galactic/include/rclcpp/node_interfaces/node_graph_interface.hpp:31[m[K,
                 from [01m[K/opt/ros/galactic/include/rclcpp/client.hpp:34[m[K,
                 from [01m[K/opt/ros/galactic/include/rclcpp/callback_group.hpp:23[m[K,
                 from [01m[K/opt/ros/galactic/include/rclcpp/any_executable.hpp:20[m[K,
                 from [01m[K/opt/ros/galactic/include/rclcpp/memory_strategy.hpp:25[m[K,
                 from [01m[K/opt/ros/galactic/include/rclcpp/memory_strategies.hpp:18[m[K,
                 from [01m[K/opt/ros/galactic/include/rclcpp/executor_options.hpp:20[m[K,
                 from [01m[K/opt/ros/galactic/include/rclcpp/executor.hpp:36[m[K,
                 from [01m[K/opt/ros/galactic/include/rclcpp/executors/multi_threaded_executor.hpp:26[m[K,
                 from [01m[K/opt/ros/galactic/include/rclcpp/executors.hpp:21[m[K,
                 from [01m[K/opt/ros/galactic/include/rclcpp/rclcpp.hpp:156[m[K,
                 from [01m[K/home/prakt3/praktikum_ws/src/vrpn_client_ros2/include/vrpn_client_ros/time_manager.h:4[m[K,
                 from [01m[K/home/prakt3/praktikum_ws/src/vrpn_client_ros2/include/vrpn_client_ros/vrpn_client_ros.h:36[m[K,
                 from [01m[K/home/prakt3/praktikum_ws/src/vrpn_client_ros2/src/vrpn_client_ros.cpp:32[m[K:
[01m[K/opt/ros/galactic/include/rclcpp/duration.hpp:46:12:[m[K [01;36m[Knote: [m[Kdeclared here
   46 |   explicit [01;36m[KDuration[m[K(rcl_duration_value_t nanoseconds);
      |            [01;36m[K^~~~~~~~[m[K
In file included from [01m[K/home/prakt3/praktikum_ws/src/vrpn_client_ros2/include/vrpn_client_ros/vrpn_client_ros.h:36[m[K,
                 from [01m[K/home/prakt3/praktikum_ws/src/vrpn_client_ros2/src/vrpn_client_node.cpp:32[m[K:
[01m[K/home/prakt3/praktikum_ws/src/vrpn_client_ros2/include/vrpn_client_ros/time_manager.h:22:52:[m[K [01;35m[Kwarning: [m[K‘[01m[Krclcpp::Duration::Duration(rcl_duration_value_t)[m[K’ is deprecated: Use Duration::from_nanoseconds instead or std::chrono_literals. For example:rclcpp::Duration::from_nanoseconds(int64_variable);rclcpp::Duration(0ns); [[01;35m[K-Wdeprecated-declarations[m[K]
   22 |     rclcpp::Duration offset_ = rclcpp::Duration(0.0[01;35m[K)[m[K;
      |                                                    [01;35m[K^[m[K
In file included from [01m[K/opt/ros/galactic/include/rclcpp/qos.hpp:20[m[K,
                 from [01m[K/opt/ros/galactic/include/rclcpp/node_interfaces/node_graph_interface.hpp:31[m[K,
                 from [01m[K/opt/ros/galactic/include/rclcpp/client.hpp:34[m[K,
                 from [01m[K/opt/ros/galactic/include/rclcpp/callback_group.hpp:23[m[K,
                 from [01m[K/opt/ros/galactic/include/rclcpp/any_executable.hpp:20[m[K,
                 from [01m[K/opt/ros/galactic/include/rclcpp/memory_strategy.hpp:25[m[K,
                 from [01m[K/opt/ros/galactic/include/rclcpp/memory_strategies.hpp:18[m[K,
                 from [01m[K/opt/ros/galactic/include/rclcpp/executor_options.hpp:20[m[K,
                 from [01m[K/opt/ros/galactic/include/rclcpp/executor.hpp:36[m[K,
                 from [01m[K/opt/ros/galactic/include/rclcpp/executors/multi_threaded_executor.hpp:26[m[K,
                 from [01m[K/opt/ros/galactic/include/rclcpp/executors.hpp:21[m[K,
                 from [01m[K/opt/ros/galactic/include/rclcpp/rclcpp.hpp:156[m[K,
                 from [01m[K/home/prakt3/praktikum_ws/src/vrpn_client_ros2/include/vrpn_client_ros/time_manager.h:4[m[K,
                 from [01m[K/home/prakt3/praktikum_ws/src/vrpn_client_ros2/include/vrpn_client_ros/vrpn_client_ros.h:36[m[K,
                 from [01m[K/home/prakt3/praktikum_ws/src/vrpn_client_ros2/src/vrpn_client_node.cpp:32[m[K:
[01m[K/opt/ros/galactic/include/rclcpp/duration.hpp:46:12:[m[K [01;36m[Knote: [m[Kdeclared here
   46 |   explicit [01;36m[KDuration[m[K(rcl_duration_value_t nanoseconds);
      |            [01;36m[K^~~~~~~~[m[K
In file included from [01m[K/home/prakt3/praktikum_ws/src/vrpn_client_ros2/include/vrpn_client_ros/vrpn_client_ros.h:36[m[K,
                 from [01m[K/home/prakt3/praktikum_ws/src/vrpn_client_ros2/src/vrpn_tracker_node.cpp:32[m[K:
[01m[K/home/prakt3/praktikum_ws/src/vrpn_client_ros2/include/vrpn_client_ros/time_manager.h:22:52:[m[K [01;35m[Kwarning: [m[K‘[01m[Krclcpp::Duration::Duration(rcl_duration_value_t)[m[K’ is deprecated: Use Duration::from_nanoseconds instead or std::chrono_literals. For example:rclcpp::Duration::from_nanoseconds(int64_variable);rclcpp::Duration(0ns); [[01;35m[K-Wdeprecated-declarations[m[K]
   22 |     rclcpp::Duration offset_ = rclcpp::Duration(0.0[01;35m[K)[m[K;
      |                                                    [01;35m[K^[m[K
In file included from [01m[K/opt/ros/galactic/include/rclcpp/qos.hpp:20[m[K,
                 from [01m[K/opt/ros/galactic/include/rclcpp/node_interfaces/node_graph_interface.hpp:31[m[K,
                 from [01m[K/opt/ros/galactic/include/rclcpp/client.hpp:34[m[K,
                 from [01m[K/opt/ros/galactic/include/rclcpp/callback_group.hpp:23[m[K,
                 from [01m[K/opt/ros/galactic/include/rclcpp/any_executable.hpp:20[m[K,
                 from [01m[K/opt/ros/galactic/include/rclcpp/memory_strategy.hpp:25[m[K,
                 from [01m[K/opt/ros/galactic/include/rclcpp/memory_strategies.hpp:18[m[K,
                 from [01m[K/opt/ros/galactic/include/rclcpp/executor_options.hpp:20[m[K,
                 from [01m[K/opt/ros/galactic/include/rclcpp/executor.hpp:36[m[K,
                 from [01m[K/opt/ros/galactic/include/rclcpp/executors/multi_threaded_executor.hpp:26[m[K,
                 from [01m[K/opt/ros/galactic/include/rclcpp/executors.hpp:21[m[K,
                 from [01m[K/opt/ros/galactic/include/rclcpp/rclcpp.hpp:156[m[K,
                 from [01m[K/home/prakt3/praktikum_ws/src/vrpn_client_ros2/include/vrpn_client_ros/time_manager.h:4[m[K,
                 from [01m[K/home/prakt3/praktikum_ws/src/vrpn_client_ros2/include/vrpn_client_ros/vrpn_client_ros.h:36[m[K,
                 from [01m[K/home/prakt3/praktikum_ws/src/vrpn_client_ros2/src/vrpn_tracker_node.cpp:32[m[K:
[01m[K/opt/ros/galactic/include/rclcpp/duration.hpp:46:12:[m[K [01;36m[Knote: [m[Kdeclared here
   46 |   explicit [01;36m[KDuration[m[K(rcl_duration_value_t nanoseconds);
      |            [01;36m[K^~~~~~~~[m[K
CMake Error at cmake_install.cmake:45 (file):
  file INSTALL cannot find
  "/home/prakt3/praktikum_ws/src/vrpn_client_ros2/config/DEADJOE": Permission
  denied.


