[0.010s] Invoking command in '/home/prakt3/praktikum_ws/build/moveit2_tutorials': AMENT_PREFIX_PATH=/home/prakt3/praktikum_ws/install/moveit_visual_tools:/home/prakt3/praktikum_ws/install/moveit_resources_panda_moveit_config:/home/prakt3/praktikum_ws/install/rviz_visual_tools:/home/prakt3/praktikum_ws/install/moveit_resources_panda_description:/home/prakt3/praktikum_ws/install/geometric_shapes:${AMENT_PREFIX_PATH} CMAKE_PREFIX_PATH=/home/prakt3/praktikum_ws/install/moveit_visual_tools:/home/prakt3/praktikum_ws/install/moveit_resources_panda_moveit_config:/home/prakt3/praktikum_ws/install/rviz_visual_tools:/home/prakt3/praktikum_ws/install/moveit_resources_panda_description:/home/prakt3/praktikum_ws/install/geometric_shapes:/home/prakt3/praktikum_ws/install/vrpn:/opt/ros/galactic LD_LIBRARY_PATH=/home/prakt3/praktikum_ws/install/moveit_visual_tools/lib:/home/prakt3/praktikum_ws/install/rviz_visual_tools/lib:/home/prakt3/praktikum_ws/install/geometric_shapes/lib:${LD_LIBRARY_PATH} /usr/bin/cmake /home/prakt3/praktikum_ws/src/moveit2_tutorials -DCMAKE_INSTALL_PREFIX=/home/prakt3/praktikum_ws/install/moveit2_tutorials
[0.055s] -- The C compiler identification is GNU 9.4.0
[0.101s] -- The CXX compiler identification is GNU 9.4.0
[0.104s] -- Check for working C compiler: /usr/bin/cc
[0.169s] -- Check for working C compiler: /usr/bin/cc -- works
[0.169s] -- Detecting C compiler ABI info
[0.231s] -- Detecting C compiler ABI info - done
[0.237s] -- Detecting C compile features
[0.238s] -- Detecting C compile features - done
[0.239s] -- Check for working CXX compiler: /usr/bin/c++
[0.287s] -- Check for working CXX compiler: /usr/bin/c++ -- works
[0.287s] -- Detecting CXX compiler ABI info
[0.347s] -- Detecting CXX compiler ABI info - done
[0.353s] -- Detecting CXX compile features
[0.354s] -- Detecting CXX compile features - done
[0.355s] -- Found moveit_common: 2.3.4 (/opt/ros/galactic/share/moveit_common/cmake)
[0.356s] -- Found ament_cmake: 1.1.6 (/opt/ros/galactic/share/ament_cmake/cmake)
[0.374s] -- Found PythonInterp: /usr/bin/python3 (found suitable version "3.8.10", minimum required is "3") 
[0.374s] -- Using PYTHON_EXECUTABLE: /usr/bin/python3
[0.457s] -- Found libdw: /usr/lib/x86_64-linux-gnu/libdw.so  
[0.460s] -- Could NOT find libbfd (missing: LIBBFD_LIBRARY LIBBFD_INCLUDE_DIR) 
[0.461s] -- BACKWARD_HAS_UNWIND=1
[0.461s] -- BACKWARD_HAS_BACKTRACE=0
[0.461s] -- BACKWARD_HAS_BACKTRACE_SYMBOL=0
[0.461s] -- BACKWARD_HAS_DW=1
[0.461s] -- BACKWARD_HAS_BFD=0
[0.461s] -- Found Backward: /opt/ros/galactic/share/backward_ros/cmake  
[0.461s] moveit2_tutorials: You did not request a specific build type: Choosing 'Release' for maximum performance
[0.760s] -- Found Boost: /usr/lib/x86_64-linux-gnu/cmake/Boost-1.71.0/BoostConfig.cmake (found version "1.71.0") found components: system filesystem date_time thread 
[0.763s] -- Found control_msgs: 3.0.0 (/opt/ros/galactic/share/control_msgs/cmake)
[0.777s] -- Using all available rosidl_typesupport_c: rosidl_typesupport_fastrtps_c;rosidl_typesupport_introspection_c
[0.782s] -- Found rosidl_adapter: 2.2.3 (/opt/ros/galactic/share/rosidl_adapter/cmake)
[0.821s] -- Found OpenSSL: /usr/lib/x86_64-linux-gnu/libcrypto.so (found version "1.1.1f")  
[0.836s] -- Found FastRTPS: /opt/ros/galactic/include  
[0.880s] -- Using all available rosidl_typesupport_cpp: rosidl_typesupport_fastrtps_cpp;rosidl_typesupport_introspection_cpp
[1.134s] -- Found moveit_core: 2.3.4 (/opt/ros/galactic/share/moveit_core/cmake)
[1.144s] -- Found Boost: /usr/lib/x86_64-linux-gnu/cmake/Boost-1.71.0/BoostConfig.cmake (found version "1.71.0") found components: chrono date_time filesystem iostreams program_options regex serialization system thread 
[1.155s] -- Found Boost: /usr/lib/x86_64-linux-gnu/cmake/Boost-1.71.0/BoostConfig.cmake (found version "1.71.0") found components: filesystem 
[1.204s] -- Found rmw_implementation_cmake: 3.3.1 (/opt/ros/galactic/share/rmw_implementation_cmake/cmake)
[1.206s] -- Found rmw_cyclonedds_cpp: 0.22.6 (/opt/ros/galactic/share/rmw_cyclonedds_cpp/cmake)
[1.217s] -- Using RMW implementation 'rmw_cyclonedds_cpp' as default
[1.218s] -- Found Threads: TRUE  
[1.335s] -- library: /usr/lib/x86_64-linux-gnu/libcurl.so
[1.439s] -- Found Eigen3: TRUE (found version "3.3.7") 
[2.447s] -- Found moveit_ros_planning: 2.3.4 (/opt/ros/galactic/share/moveit_ros_planning/cmake)
[2.451s] -- Found Boost: /usr/lib/x86_64-linux-gnu/cmake/Boost-1.71.0/BoostConfig.cmake (found version "1.71.0") found components: system filesystem date_time program_options thread chrono 
[2.610s] -- Found Boost: /usr/lib/x86_64-linux-gnu/cmake/Boost-1.71.0/BoostConfig.cmake (found version "1.71.0") found components: thread 
[2.979s] -- Found moveit_ros_planning_interface: 2.3.4 (/opt/ros/galactic/share/moveit_ros_planning_interface/cmake)
[2.983s] -- Found Boost: /usr/lib/x86_64-linux-gnu/cmake/Boost-1.71.0/BoostConfig.cmake (found version "1.71.0") found components: date_time filesystem program_options system thread 
[3.212s] -- Found Boost: /usr/lib/x86_64-linux-gnu/cmake/Boost-1.71.0/BoostConfig.cmake (found version "1.71.0") found components: thread system filesystem regex date_time program_options 
[3.438s] -- Found Boost: /usr/lib/x86_64-linux-gnu/cmake/Boost-1.71.0/BoostConfig.cmake (found version "1.71.0") found components: system filesystem date_time program_options thread 
[3.803s] -- Found moveit_ros_perception: 2.3.4 (/opt/ros/galactic/share/moveit_ros_perception/cmake)
[3.806s] -- Found Boost: /usr/lib/x86_64-linux-gnu/cmake/Boost-1.71.0/BoostConfig.cmake (found version "1.71.0") found components: thread 
[4.150s] -- Found moveit_servo: 2.3.4 (/opt/ros/galactic/share/moveit_servo/cmake)
[4.663s] -- Found interactive_markers: 2.2.0 (/opt/ros/galactic/share/interactive_markers/cmake)
[4.676s] -- Found rviz_visual_tools: 4.1.2 (/home/prakt3/praktikum_ws/install/rviz_visual_tools/share/rviz_visual_tools/cmake)
[4.739s] -- Setting OGRE_DIR to: '/opt/ros/galactic/share/rviz_ogre_vendor/cmake/../../../opt/rviz_ogre_vendor/lib/OGRE/cmake'
[4.740s] -- Found OGRE
[4.740s] --   static     : OFF
[4.740s] --   components : HLMS;MeshLodGenerator;Overlay;Paging;Property;RTShaderSystem;Terrain;Volume
[4.740s] --   plugins    : Plugin_BSPSceneManager;Plugin_OctreeSceneManager;Plugin_PCZSceneManager;Plugin_ParticleFX;RenderSystem_GL;RenderSystem_GL3Plus;Codec_STBI
[4.740s] --   media      : /opt/ros/galactic/opt/rviz_ogre_vendor/share/OGRE/Media
[4.740s] -- OGRE_LIBRARIES: OgreHLMS;OgreMeshLodGenerator;OgreOverlay;OgrePaging;OgreProperty;OgreRTShaderSystem;OgreTerrain;OgreVolume;OgreMain
[4.740s] -- OGRE_LIBRARY_DIRS: /opt/ros/galactic/opt/rviz_ogre_vendor/lib
[4.741s] -- OGRE_PLUGINS: Plugin_BSPSceneManager;Plugin_OctreeSceneManager;Plugin_PCZSceneManager;Plugin_ParticleFX;RenderSystem_GL;RenderSystem_GL3Plus;Codec_STBI
[4.741s] -- OGRE_PLUGIN_DIR: /opt/ros/galactic/opt/rviz_ogre_vendor/lib/OGRE
[4.741s] -- rviz_ogre_vendor::OgreOverlay for IMPORTED_LOCATION_RELEASE: /opt/ros/galactic/opt/rviz_ogre_vendor/lib/libOgreOverlay.so
[4.741s] -- rviz_ogre_vendor::OgreOverlay for IMPORTED_LOCATION_DEBUG: /opt/ros/galactic/opt/rviz_ogre_vendor/lib/libOgreOverlay.so
[4.741s] -- rviz_ogre_vendor::OgreMain for IMPORTED_LOCATION_RELEASE: /opt/ros/galactic/opt/rviz_ogre_vendor/lib/libOgreMain.so
[4.741s] -- rviz_ogre_vendor::OgreMain for IMPORTED_LOCATION_DEBUG: /opt/ros/galactic/opt/rviz_ogre_vendor/lib/libOgreMain.so
[4.742s] -- Could not find freeimage library
[4.753s] -- Found ZLIB: /usr/lib/x86_64-linux-gnu/libz.so (found version "1.2.11") 
[4.756s] -- Found OpenGL: /usr/lib/x86_64-linux-gnu/libOpenGL.so   
[4.802s] -- Found X11: /usr/include   
[4.802s] -- Looking for XOpenDisplay in /usr/lib/x86_64-linux-gnu/libX11.so;/usr/lib/x86_64-linux-gnu/libXext.so
[4.881s] -- Looking for XOpenDisplay in /usr/lib/x86_64-linux-gnu/libX11.so;/usr/lib/x86_64-linux-gnu/libXext.so - found
[4.881s] -- Looking for gethostbyname
[4.949s] -- Looking for gethostbyname - found
[4.949s] -- Looking for connect
[5.022s] -- Looking for connect - found
[5.022s] -- Looking for remove
[5.087s] -- Looking for remove - found
[5.087s] -- Looking for shmat
[5.153s] -- Looking for shmat - found
[5.153s] -- Looking for IceConnectionNumber in ICE
[5.223s] -- Looking for IceConnectionNumber in ICE - found
[5.225s] -- rviz_ogre_vendor::RenderSystem_GL for IMPORTED_LOCATION_RELEASE: _render_system_gl_static_library_abs-NOTFOUND
[5.225s] -- rviz_ogre_vendor::RenderSystem_GL for IMPORTED_LOCATION_DEBUG: _render_system_gl_static_library_abs-NOTFOUND
[5.228s] -- library: libassimp.so.5
[5.526s] -- Found moveit_visual_tools: 4.1.0 (/home/prakt3/praktikum_ws/install/moveit_visual_tools/share/moveit_visual_tools/cmake)
[6.007s] -- Configuring done
[6.217s] -- Generating done
[6.219s] -- Build files have been written to: /home/prakt3/praktikum_ws/build/moveit2_tutorials
[6.230s] Invoked command in '/home/prakt3/praktikum_ws/build/moveit2_tutorials' returned '0': AMENT_PREFIX_PATH=/home/prakt3/praktikum_ws/install/moveit_visual_tools:/home/prakt3/praktikum_ws/install/moveit_resources_panda_moveit_config:/home/prakt3/praktikum_ws/install/rviz_visual_tools:/home/prakt3/praktikum_ws/install/moveit_resources_panda_description:/home/prakt3/praktikum_ws/install/geometric_shapes:${AMENT_PREFIX_PATH} CMAKE_PREFIX_PATH=/home/prakt3/praktikum_ws/install/moveit_visual_tools:/home/prakt3/praktikum_ws/install/moveit_resources_panda_moveit_config:/home/prakt3/praktikum_ws/install/rviz_visual_tools:/home/prakt3/praktikum_ws/install/moveit_resources_panda_description:/home/prakt3/praktikum_ws/install/geometric_shapes:/home/prakt3/praktikum_ws/install/vrpn:/opt/ros/galactic LD_LIBRARY_PATH=/home/prakt3/praktikum_ws/install/moveit_visual_tools/lib:/home/prakt3/praktikum_ws/install/rviz_visual_tools/lib:/home/prakt3/praktikum_ws/install/geometric_shapes/lib:${LD_LIBRARY_PATH} /usr/bin/cmake /home/prakt3/praktikum_ws/src/moveit2_tutorials -DCMAKE_INSTALL_PREFIX=/home/prakt3/praktikum_ws/install/moveit2_tutorials
[6.231s] Invoking command in '/home/prakt3/praktikum_ws/build/moveit2_tutorials': AMENT_PREFIX_PATH=/home/prakt3/praktikum_ws/install/moveit_visual_tools:/home/prakt3/praktikum_ws/install/moveit_resources_panda_moveit_config:/home/prakt3/praktikum_ws/install/rviz_visual_tools:/home/prakt3/praktikum_ws/install/moveit_resources_panda_description:/home/prakt3/praktikum_ws/install/geometric_shapes:${AMENT_PREFIX_PATH} CMAKE_PREFIX_PATH=/home/prakt3/praktikum_ws/install/moveit_visual_tools:/home/prakt3/praktikum_ws/install/moveit_resources_panda_moveit_config:/home/prakt3/praktikum_ws/install/rviz_visual_tools:/home/prakt3/praktikum_ws/install/moveit_resources_panda_description:/home/prakt3/praktikum_ws/install/geometric_shapes:/home/prakt3/praktikum_ws/install/vrpn:/opt/ros/galactic LD_LIBRARY_PATH=/home/prakt3/praktikum_ws/install/moveit_visual_tools/lib:/home/prakt3/praktikum_ws/install/rviz_visual_tools/lib:/home/prakt3/praktikum_ws/install/geometric_shapes/lib:${LD_LIBRARY_PATH} /usr/bin/cmake --build /home/prakt3/praktikum_ws/build/moveit2_tutorials -- -j12 -l12
[6.257s] [35m[1mScanning dependencies of target planning_scene_tutorial[0m
[6.257s] [35m[1mScanning dependencies of target move_group_interface_tutorial[0m
[6.257s] [35m[1mScanning dependencies of target robot_model_and_robot_state_tutorial[0m
[6.257s] [35m[1mScanning dependencies of target servo_keyboard_input[0m
[6.258s] [35m[1mScanning dependencies of target motion_planning_api_tutorial[0m
[6.258s] [35m[1mScanning dependencies of target planning_scene_ros_api_tutorial[0m
[6.258s] [35m[1mScanning dependencies of target moveit_cpp_tutorial[0m
[6.258s] [35m[1mScanning dependencies of target servo_cpp_interface_demo[0m
[6.284s] [  6%] [32mBuilding CXX object doc/examples/realtime_servo/CMakeFiles/servo_keyboard_input.dir/src/servo_keyboard_input.cpp.o[0m
[6.304s] [ 12%] [32mBuilding CXX object doc/examples/robot_model_and_robot_state/CMakeFiles/robot_model_and_robot_state_tutorial.dir/src/robot_model_and_robot_state_tutorial.cpp.o[0m
[6.305s] [ 18%] [32mBuilding CXX object doc/examples/planning_scene/CMakeFiles/planning_scene_tutorial.dir/src/planning_scene_tutorial.cpp.o[0m
[6.316s] [ 25%] [32mBuilding CXX object doc/examples/planning_scene_ros_api/CMakeFiles/planning_scene_ros_api_tutorial.dir/src/planning_scene_ros_api_tutorial.cpp.o[0m
[6.317s] [ 31%] [32mBuilding CXX object doc/examples/moveit_cpp/CMakeFiles/moveit_cpp_tutorial.dir/src/moveit_cpp_tutorial.cpp.o[0m
[6.332s] [ 37%] [32mBuilding CXX object doc/examples/realtime_servo/CMakeFiles/servo_cpp_interface_demo.dir/src/servo_cpp_interface_demo.cpp.o[0m
[6.348s] [ 43%] [32mBuilding CXX object doc/examples/move_group_interface/CMakeFiles/move_group_interface_tutorial.dir/src/move_group_interface_tutorial.cpp.o[0m
[6.353s] [ 50%] [32mBuilding CXX object doc/examples/motion_planning_api/CMakeFiles/motion_planning_api_tutorial.dir/src/motion_planning_api_tutorial.cpp.o[0m
[11.689s] [ 56%] [32m[1mLinking CXX executable servo_keyboard_input[0m
[12.243s] [ 62%] [32m[1mLinking CXX executable robot_model_and_robot_state_tutorial[0m
[12.246s] [ 62%] Built target servo_keyboard_input
[12.711s] [ 68%] [32m[1mLinking CXX executable planning_scene_tutorial[0m
[12.747s] [ 68%] Built target robot_model_and_robot_state_tutorial
[12.943s] [ 75%] [32m[1mLinking CXX executable planning_scene_ros_api_tutorial[0m
[13.083s] [ 75%] Built target planning_scene_tutorial
[13.487s] [ 75%] Built target planning_scene_ros_api_tutorial
[13.963s] [ 81%] [32m[1mLinking CXX executable moveit_cpp_tutorial[0m
[14.586s] [ 81%] Built target moveit_cpp_tutorial
[15.293s] [ 87%] [32m[1mLinking CXX executable move_group_interface_tutorial[0m
[15.884s] [ 87%] Built target move_group_interface_tutorial
[16.176s] [ 93%] [32m[1mLinking CXX executable servo_cpp_interface_demo[0m
[16.541s] [ 93%] Built target servo_cpp_interface_demo
[18.135s] [100%] [32m[1mLinking CXX executable motion_planning_api_tutorial[0m
[18.722s] [100%] Built target motion_planning_api_tutorial
[18.729s] Invoked command in '/home/prakt3/praktikum_ws/build/moveit2_tutorials' returned '0': AMENT_PREFIX_PATH=/home/prakt3/praktikum_ws/install/moveit_visual_tools:/home/prakt3/praktikum_ws/install/moveit_resources_panda_moveit_config:/home/prakt3/praktikum_ws/install/rviz_visual_tools:/home/prakt3/praktikum_ws/install/moveit_resources_panda_description:/home/prakt3/praktikum_ws/install/geometric_shapes:${AMENT_PREFIX_PATH} CMAKE_PREFIX_PATH=/home/prakt3/praktikum_ws/install/moveit_visual_tools:/home/prakt3/praktikum_ws/install/moveit_resources_panda_moveit_config:/home/prakt3/praktikum_ws/install/rviz_visual_tools:/home/prakt3/praktikum_ws/install/moveit_resources_panda_description:/home/prakt3/praktikum_ws/install/geometric_shapes:/home/prakt3/praktikum_ws/install/vrpn:/opt/ros/galactic LD_LIBRARY_PATH=/home/prakt3/praktikum_ws/install/moveit_visual_tools/lib:/home/prakt3/praktikum_ws/install/rviz_visual_tools/lib:/home/prakt3/praktikum_ws/install/geometric_shapes/lib:${LD_LIBRARY_PATH} /usr/bin/cmake --build /home/prakt3/praktikum_ws/build/moveit2_tutorials -- -j12 -l12
[18.748s] Invoking command in '/home/prakt3/praktikum_ws/build/moveit2_tutorials': AMENT_PREFIX_PATH=/home/prakt3/praktikum_ws/install/moveit_visual_tools:/home/prakt3/praktikum_ws/install/moveit_resources_panda_moveit_config:/home/prakt3/praktikum_ws/install/rviz_visual_tools:/home/prakt3/praktikum_ws/install/moveit_resources_panda_description:/home/prakt3/praktikum_ws/install/geometric_shapes:${AMENT_PREFIX_PATH} CMAKE_PREFIX_PATH=/home/prakt3/praktikum_ws/install/moveit_visual_tools:/home/prakt3/praktikum_ws/install/moveit_resources_panda_moveit_config:/home/prakt3/praktikum_ws/install/rviz_visual_tools:/home/prakt3/praktikum_ws/install/moveit_resources_panda_description:/home/prakt3/praktikum_ws/install/geometric_shapes:/home/prakt3/praktikum_ws/install/vrpn:/opt/ros/galactic LD_LIBRARY_PATH=/home/prakt3/praktikum_ws/install/moveit_visual_tools/lib:/home/prakt3/praktikum_ws/install/rviz_visual_tools/lib:/home/prakt3/praktikum_ws/install/geometric_shapes/lib:${LD_LIBRARY_PATH} /usr/bin/cmake --install /home/prakt3/praktikum_ws/build/moveit2_tutorials
[18.757s] -- Install configuration: "Release"
[18.758s] -- Installing: /home/prakt3/praktikum_ws/install/moveit2_tutorials/share/ament_index/resource_index/package_run_dependencies/moveit2_tutorials
[18.758s] -- Installing: /home/prakt3/praktikum_ws/install/moveit2_tutorials/share/ament_index/resource_index/parent_prefix_path/moveit2_tutorials
[18.758s] -- Installing: /home/prakt3/praktikum_ws/install/moveit2_tutorials/share/moveit2_tutorials/environment/ament_prefix_path.sh
[18.758s] -- Installing: /home/prakt3/praktikum_ws/install/moveit2_tutorials/share/moveit2_tutorials/environment/ament_prefix_path.dsv
[18.758s] -- Installing: /home/prakt3/praktikum_ws/install/moveit2_tutorials/share/moveit2_tutorials/environment/path.sh
[18.758s] -- Installing: /home/prakt3/praktikum_ws/install/moveit2_tutorials/share/moveit2_tutorials/environment/path.dsv
[18.758s] -- Installing: /home/prakt3/praktikum_ws/install/moveit2_tutorials/share/moveit2_tutorials/local_setup.bash
[18.758s] -- Installing: /home/prakt3/praktikum_ws/install/moveit2_tutorials/share/moveit2_tutorials/local_setup.sh
[18.758s] -- Installing: /home/prakt3/praktikum_ws/install/moveit2_tutorials/share/moveit2_tutorials/local_setup.zsh
[18.759s] -- Installing: /home/prakt3/praktikum_ws/install/moveit2_tutorials/share/moveit2_tutorials/local_setup.dsv
[18.759s] -- Installing: /home/prakt3/praktikum_ws/install/moveit2_tutorials/share/moveit2_tutorials/package.dsv
[18.759s] -- Installing: /home/prakt3/praktikum_ws/install/moveit2_tutorials/share/ament_index/resource_index/packages/moveit2_tutorials
[18.759s] -- Installing: /home/prakt3/praktikum_ws/install/moveit2_tutorials/share/moveit2_tutorials/cmake/ament_cmake_export_dependencies-extras.cmake
[18.759s] -- Installing: /home/prakt3/praktikum_ws/install/moveit2_tutorials/share/moveit2_tutorials/cmake/ament_cmake_export_include_directories-extras.cmake
[18.759s] -- Installing: /home/prakt3/praktikum_ws/install/moveit2_tutorials/share/moveit2_tutorials/cmake/moveit2_tutorialsConfig.cmake
[18.759s] -- Installing: /home/prakt3/praktikum_ws/install/moveit2_tutorials/share/moveit2_tutorials/cmake/moveit2_tutorialsConfig-version.cmake
[18.759s] -- Installing: /home/prakt3/praktikum_ws/install/moveit2_tutorials/share/moveit2_tutorials/package.xml
[18.759s] -- Installing: /home/prakt3/praktikum_ws/install/moveit2_tutorials/share/moveit2_tutorials/launch
[18.759s] -- Installing: /home/prakt3/praktikum_ws/install/moveit2_tutorials/share/moveit2_tutorials/launch/panda_moveit_config_demo_empty.rviz
[18.759s] -- Installing: /home/prakt3/praktikum_ws/install/moveit2_tutorials/share/moveit2_tutorials/launch/demo.launch.py
[18.759s] -- Installing: /home/prakt3/praktikum_ws/install/moveit2_tutorials/share/moveit2_tutorials/launch/panda_moveit_config_demo.rviz
[18.760s] -- Installing: /home/prakt3/praktikum_ws/install/moveit2_tutorials/lib/moveit2_tutorials/motion_planning_api_tutorial
[18.760s] -- Set runtime path of "/home/prakt3/praktikum_ws/install/moveit2_tutorials/lib/moveit2_tutorials/motion_planning_api_tutorial" to ""
[18.760s] -- Up-to-date: /home/prakt3/praktikum_ws/install/moveit2_tutorials/share/moveit2_tutorials/launch
[18.760s] -- Installing: /home/prakt3/praktikum_ws/install/moveit2_tutorials/share/moveit2_tutorials/launch/motion_planning_api_tutorial.launch.py
[18.761s] -- Installing: /home/prakt3/praktikum_ws/install/moveit2_tutorials/lib/moveit2_tutorials/move_group_interface_tutorial
[18.761s] -- Set runtime path of "/home/prakt3/praktikum_ws/install/moveit2_tutorials/lib/moveit2_tutorials/move_group_interface_tutorial" to ""
[18.761s] -- Up-to-date: /home/prakt3/praktikum_ws/install/moveit2_tutorials/share/moveit2_tutorials/launch
[18.761s] -- Installing: /home/prakt3/praktikum_ws/install/moveit2_tutorials/share/moveit2_tutorials/launch/move_group.launch.py
[18.761s] -- Installing: /home/prakt3/praktikum_ws/install/moveit2_tutorials/share/moveit2_tutorials/launch/move_group.rviz
[18.761s] -- Installing: /home/prakt3/praktikum_ws/install/moveit2_tutorials/share/moveit2_tutorials/launch/move_group_interface_tutorial.launch.py
[18.761s] -- Installing: /home/prakt3/praktikum_ws/install/moveit2_tutorials/lib/moveit2_tutorials/planning_scene_tutorial
[18.761s] -- Set runtime path of "/home/prakt3/praktikum_ws/install/moveit2_tutorials/lib/moveit2_tutorials/planning_scene_tutorial" to ""
[18.761s] -- Up-to-date: /home/prakt3/praktikum_ws/install/moveit2_tutorials/share/moveit2_tutorials/launch
[18.761s] -- Installing: /home/prakt3/praktikum_ws/install/moveit2_tutorials/share/moveit2_tutorials/launch/planning_scene_tutorial.launch.py
[18.761s] -- Installing: /home/prakt3/praktikum_ws/install/moveit2_tutorials/lib/moveit2_tutorials/planning_scene_ros_api_tutorial
[18.762s] -- Set runtime path of "/home/prakt3/praktikum_ws/install/moveit2_tutorials/lib/moveit2_tutorials/planning_scene_ros_api_tutorial" to ""
[18.762s] -- Up-to-date: /home/prakt3/praktikum_ws/install/moveit2_tutorials/share/moveit2_tutorials/launch
[18.762s] -- Installing: /home/prakt3/praktikum_ws/install/moveit2_tutorials/share/moveit2_tutorials/launch/planning_scene_ros_api_tutorial.launch.py
[18.762s] -- Installing: /home/prakt3/praktikum_ws/install/moveit2_tutorials/lib/moveit2_tutorials/robot_model_and_robot_state_tutorial
[18.762s] -- Set runtime path of "/home/prakt3/praktikum_ws/install/moveit2_tutorials/lib/moveit2_tutorials/robot_model_and_robot_state_tutorial" to ""
[18.762s] -- Up-to-date: /home/prakt3/praktikum_ws/install/moveit2_tutorials/share/moveit2_tutorials/launch
[18.762s] -- Installing: /home/prakt3/praktikum_ws/install/moveit2_tutorials/share/moveit2_tutorials/launch/robot_model_and_robot_state_tutorial.launch.py
[18.762s] -- Installing: /home/prakt3/praktikum_ws/install/moveit2_tutorials/lib/moveit2_tutorials/moveit_cpp_tutorial
[18.763s] -- Set runtime path of "/home/prakt3/praktikum_ws/install/moveit2_tutorials/lib/moveit2_tutorials/moveit_cpp_tutorial" to ""
[18.763s] -- Up-to-date: /home/prakt3/praktikum_ws/install/moveit2_tutorials/share/moveit2_tutorials/launch
[18.763s] -- Installing: /home/prakt3/praktikum_ws/install/moveit2_tutorials/share/moveit2_tutorials/launch/moveit_cpp_tutorial.launch.py
[18.763s] -- Installing: /home/prakt3/praktikum_ws/install/moveit2_tutorials/share/moveit2_tutorials/launch/moveit_cpp_tutorial.rviz
[18.763s] -- Installing: /home/prakt3/praktikum_ws/install/moveit2_tutorials/share/moveit2_tutorials/config
[18.763s] -- Installing: /home/prakt3/praktikum_ws/install/moveit2_tutorials/share/moveit2_tutorials/config/moveit_cpp.yaml
[18.763s] -- Installing: /home/prakt3/praktikum_ws/install/moveit2_tutorials/lib/moveit2_tutorials/servo_keyboard_input
[18.763s] -- Set runtime path of "/home/prakt3/praktikum_ws/install/moveit2_tutorials/lib/moveit2_tutorials/servo_keyboard_input" to ""
[18.763s] -- Installing: /home/prakt3/praktikum_ws/install/moveit2_tutorials/lib/moveit2_tutorials/servo_cpp_interface_demo
[18.764s] -- Set runtime path of "/home/prakt3/praktikum_ws/install/moveit2_tutorials/lib/moveit2_tutorials/servo_cpp_interface_demo" to ""
[18.764s] -- Up-to-date: /home/prakt3/praktikum_ws/install/moveit2_tutorials/share/moveit2_tutorials/launch
[18.764s] -- Installing: /home/prakt3/praktikum_ws/install/moveit2_tutorials/share/moveit2_tutorials/launch/servo_cpp_interface_demo.launch.py
[18.764s] -- Up-to-date: /home/prakt3/praktikum_ws/install/moveit2_tutorials/share/moveit2_tutorials/config
[18.764s] -- Installing: /home/prakt3/praktikum_ws/install/moveit2_tutorials/share/moveit2_tutorials/config/demo_rviz_config.rviz
[18.766s] Invoked command in '/home/prakt3/praktikum_ws/build/moveit2_tutorials' returned '0': AMENT_PREFIX_PATH=/home/prakt3/praktikum_ws/install/moveit_visual_tools:/home/prakt3/praktikum_ws/install/moveit_resources_panda_moveit_config:/home/prakt3/praktikum_ws/install/rviz_visual_tools:/home/prakt3/praktikum_ws/install/moveit_resources_panda_description:/home/prakt3/praktikum_ws/install/geometric_shapes:${AMENT_PREFIX_PATH} CMAKE_PREFIX_PATH=/home/prakt3/praktikum_ws/install/moveit_visual_tools:/home/prakt3/praktikum_ws/install/moveit_resources_panda_moveit_config:/home/prakt3/praktikum_ws/install/rviz_visual_tools:/home/prakt3/praktikum_ws/install/moveit_resources_panda_description:/home/prakt3/praktikum_ws/install/geometric_shapes:/home/prakt3/praktikum_ws/install/vrpn:/opt/ros/galactic LD_LIBRARY_PATH=/home/prakt3/praktikum_ws/install/moveit_visual_tools/lib:/home/prakt3/praktikum_ws/install/rviz_visual_tools/lib:/home/prakt3/praktikum_ws/install/geometric_shapes/lib:${LD_LIBRARY_PATH} /usr/bin/cmake --install /home/prakt3/praktikum_ws/build/moveit2_tutorials
