Performing C SOURCE FILE Test CMAKE_HAVE_LIBC_PTHREAD failed with the following output:
Change Dir: /home/prakt3/praktikum_ws/build/moveit2_tutorials/CMakeFiles/CMakeTmp

Run Build Command(s):/usr/bin/make cmTC_90bce/fast && /usr/bin/make -f CMakeFiles/cmTC_90bce.dir/build.make CMakeFiles/cmTC_90bce.dir/build
make[1]: Entering directory '/home/prakt3/praktikum_ws/build/moveit2_tutorials/CMakeFiles/CMakeTmp'
Building C object CMakeFiles/cmTC_90bce.dir/src.c.o
/usr/bin/cc   -DCMAKE_HAVE_LIBC_PTHREAD   -o CMakeFiles/cmTC_90bce.dir/src.c.o   -c /home/prakt3/praktikum_ws/build/moveit2_tutorials/CMakeFiles/CMakeTmp/src.c
Linking C executable cmTC_90bce
/usr/bin/cmake -E cmake_link_script CMakeFiles/cmTC_90bce.dir/link.txt --verbose=1
/usr/bin/cc  -DCMAKE_HAVE_LIBC_PTHREAD  -Wl,--no-as-needed  /opt/ros/galactic/lib/libbackward.so /usr/lib/x86_64-linux-gnu/libdw.so -Wl,--as-needed   CMakeFiles/cmTC_90bce.dir/src.c.o  -o cmTC_90bce 
/usr/bin/ld: CMakeFiles/cmTC_90bce.dir/src.c.o: undefined reference to symbol 'pthread_join@@GLIBC_2.2.5'
/usr/bin/ld: /lib/x86_64-linux-gnu/libpthread.so.0: error adding symbols: DSO missing from command line
collect2: error: ld returned 1 exit status
make[1]: *** [CMakeFiles/cmTC_90bce.dir/build.make:87: cmTC_90bce] Error 1
make[1]: Leaving directory '/home/prakt3/praktikum_ws/build/moveit2_tutorials/CMakeFiles/CMakeTmp'
make: *** [Makefile:121: cmTC_90bce/fast] Error 2


Source file was:
#include <pthread.h>

void* test_func(void* data)
{
  return data;
}

int main(void)
{
  pthread_t thread;
  pthread_create(&thread, NULL, test_func, NULL);
  pthread_detach(thread);
  pthread_join(thread, NULL);
  pthread_atfork(NULL, NULL, NULL);
  pthread_exit(NULL);

  return 0;
}

Determining if the function pthread_create exists in the pthreads failed with the following output:
Change Dir: /home/prakt3/praktikum_ws/build/moveit2_tutorials/CMakeFiles/CMakeTmp

Run Build Command(s):/usr/bin/make cmTC_1267c/fast && /usr/bin/make -f CMakeFiles/cmTC_1267c.dir/build.make CMakeFiles/cmTC_1267c.dir/build
make[1]: Entering directory '/home/prakt3/praktikum_ws/build/moveit2_tutorials/CMakeFiles/CMakeTmp'
Building C object CMakeFiles/cmTC_1267c.dir/CheckFunctionExists.c.o
/usr/bin/cc   -DCHECK_FUNCTION_EXISTS=pthread_create   -o CMakeFiles/cmTC_1267c.dir/CheckFunctionExists.c.o   -c /usr/share/cmake-3.16/Modules/CheckFunctionExists.c
Linking C executable cmTC_1267c
/usr/bin/cmake -E cmake_link_script CMakeFiles/cmTC_1267c.dir/link.txt --verbose=1
/usr/bin/cc  -DCHECK_FUNCTION_EXISTS=pthread_create  -Wl,--no-as-needed  /opt/ros/galactic/lib/libbackward.so /usr/lib/x86_64-linux-gnu/libdw.so -Wl,--as-needed   CMakeFiles/cmTC_1267c.dir/CheckFunctionExists.c.o  -o cmTC_1267c  -lpthreads 
/usr/bin/ld: cannot find -lpthreads
collect2: error: ld returned 1 exit status
make[1]: *** [CMakeFiles/cmTC_1267c.dir/build.make:87: cmTC_1267c] Error 1
make[1]: Leaving directory '/home/prakt3/praktikum_ws/build/moveit2_tutorials/CMakeFiles/CMakeTmp'
make: *** [Makefile:121: cmTC_1267c/fast] Error 2



