[0.091s] Invoking command in '/home/prakt3/praktikum_ws/build/moveit_resources_fanuc_moveit_config': CMAKE_PREFIX_PATH=/home/prakt3/praktikum_ws/install/moveit_resources_fanuc_description:/home/prakt3/praktikum_ws/install/vrpn_client_ros:/home/prakt3/praktikum_ws/install/vrpn:/home/prakt3/praktikum_ws/install/ur5e_bringup:/home/prakt3/praktikum_ws/install/moveit2_tutorials:/home/prakt3/praktikum_ws/install/moveit_visual_tools:/home/prakt3/praktikum_ws/install/rviz_visual_tools:/home/prakt3/praktikum_ws/install/robprakt_interfaces:/home/prakt3/praktikum_ws/install/pymoveit2:/home/prakt3/praktikum_ws/install/moveit_resources:/home/prakt3/praktikum_ws/install/moveit_resources_pr2_description:/home/prakt3/praktikum_ws/install/moveit_resources_panda_moveit_config:/home/prakt3/praktikum_ws/install/moveit_resources_panda_description:/home/prakt3/praktikum_ws/install/moveit_resources_fanuc_moveit_config:/home/prakt3/praktikum_ws/install/move_it_service:/home/prakt3/praktikum_ws/install/moveit_msgs:/home/prakt3/praktikum_ws/install/interfaces:/home/prakt3/praktikum_ws/install/geometric_shapes:/home/prakt3/praktikum_ws/install/trajectory:/home/prakt3/praktikum_ws/install/tracking_service:/home/prakt3/praktikum_ws/install/robprakt:/home/prakt3/praktikum_ws/install/picture_to_points_service:/home/prakt3/praktikum_ws/install/move_it_service_python:/home/prakt3/praktikum_ws/install/move_client:/home/prakt3/praktikum_ws/install/launch_param_builder:/opt/ros/galactic /usr/bin/cmake --build /home/prakt3/praktikum_ws/build/moveit_resources_fanuc_moveit_config -- -j12 -l12
[0.305s] Invoked command in '/home/prakt3/praktikum_ws/build/moveit_resources_fanuc_moveit_config' returned '0': CMAKE_PREFIX_PATH=/home/prakt3/praktikum_ws/install/moveit_resources_fanuc_description:/home/prakt3/praktikum_ws/install/vrpn_client_ros:/home/prakt3/praktikum_ws/install/vrpn:/home/prakt3/praktikum_ws/install/ur5e_bringup:/home/prakt3/praktikum_ws/install/moveit2_tutorials:/home/prakt3/praktikum_ws/install/moveit_visual_tools:/home/prakt3/praktikum_ws/install/rviz_visual_tools:/home/prakt3/praktikum_ws/install/robprakt_interfaces:/home/prakt3/praktikum_ws/install/pymoveit2:/home/prakt3/praktikum_ws/install/moveit_resources:/home/prakt3/praktikum_ws/install/moveit_resources_pr2_description:/home/prakt3/praktikum_ws/install/moveit_resources_panda_moveit_config:/home/prakt3/praktikum_ws/install/moveit_resources_panda_description:/home/prakt3/praktikum_ws/install/moveit_resources_fanuc_moveit_config:/home/prakt3/praktikum_ws/install/move_it_service:/home/prakt3/praktikum_ws/install/moveit_msgs:/home/prakt3/praktikum_ws/install/interfaces:/home/prakt3/praktikum_ws/install/geometric_shapes:/home/prakt3/praktikum_ws/install/trajectory:/home/prakt3/praktikum_ws/install/tracking_service:/home/prakt3/praktikum_ws/install/robprakt:/home/prakt3/praktikum_ws/install/picture_to_points_service:/home/prakt3/praktikum_ws/install/move_it_service_python:/home/prakt3/praktikum_ws/install/move_client:/home/prakt3/praktikum_ws/install/launch_param_builder:/opt/ros/galactic /usr/bin/cmake --build /home/prakt3/praktikum_ws/build/moveit_resources_fanuc_moveit_config -- -j12 -l12
[0.341s] Invoking command in '/home/prakt3/praktikum_ws/build/moveit_resources_fanuc_moveit_config': CMAKE_PREFIX_PATH=/home/prakt3/praktikum_ws/install/moveit_resources_fanuc_description:/home/prakt3/praktikum_ws/install/vrpn_client_ros:/home/prakt3/praktikum_ws/install/vrpn:/home/prakt3/praktikum_ws/install/ur5e_bringup:/home/prakt3/praktikum_ws/install/moveit2_tutorials:/home/prakt3/praktikum_ws/install/moveit_visual_tools:/home/prakt3/praktikum_ws/install/rviz_visual_tools:/home/prakt3/praktikum_ws/install/robprakt_interfaces:/home/prakt3/praktikum_ws/install/pymoveit2:/home/prakt3/praktikum_ws/install/moveit_resources:/home/prakt3/praktikum_ws/install/moveit_resources_pr2_description:/home/prakt3/praktikum_ws/install/moveit_resources_panda_moveit_config:/home/prakt3/praktikum_ws/install/moveit_resources_panda_description:/home/prakt3/praktikum_ws/install/moveit_resources_fanuc_moveit_config:/home/prakt3/praktikum_ws/install/move_it_service:/home/prakt3/praktikum_ws/install/moveit_msgs:/home/prakt3/praktikum_ws/install/interfaces:/home/prakt3/praktikum_ws/install/geometric_shapes:/home/prakt3/praktikum_ws/install/trajectory:/home/prakt3/praktikum_ws/install/tracking_service:/home/prakt3/praktikum_ws/install/robprakt:/home/prakt3/praktikum_ws/install/picture_to_points_service:/home/prakt3/praktikum_ws/install/move_it_service_python:/home/prakt3/praktikum_ws/install/move_client:/home/prakt3/praktikum_ws/install/launch_param_builder:/opt/ros/galactic /usr/bin/cmake --install /home/prakt3/praktikum_ws/build/moveit_resources_fanuc_moveit_config
[0.373s] -- Install configuration: ""
[0.373s] -- Up-to-date: /home/prakt3/praktikum_ws/install/moveit_resources_fanuc_moveit_config/share/ament_index/resource_index/package_run_dependencies/moveit_resources_fanuc_moveit_config
[0.373s] -- Up-to-date: /home/prakt3/praktikum_ws/install/moveit_resources_fanuc_moveit_config/share/ament_index/resource_index/parent_prefix_path/moveit_resources_fanuc_moveit_config
[0.373s] -- Up-to-date: /home/prakt3/praktikum_ws/install/moveit_resources_fanuc_moveit_config/share/moveit_resources_fanuc_moveit_config/environment/ament_prefix_path.sh
[0.373s] -- Up-to-date: /home/prakt3/praktikum_ws/install/moveit_resources_fanuc_moveit_config/share/moveit_resources_fanuc_moveit_config/environment/ament_prefix_path.dsv
[0.373s] -- Up-to-date: /home/prakt3/praktikum_ws/install/moveit_resources_fanuc_moveit_config/share/moveit_resources_fanuc_moveit_config/environment/path.sh
[0.373s] -- Up-to-date: /home/prakt3/praktikum_ws/install/moveit_resources_fanuc_moveit_config/share/moveit_resources_fanuc_moveit_config/environment/path.dsv
[0.373s] -- Up-to-date: /home/prakt3/praktikum_ws/install/moveit_resources_fanuc_moveit_config/share/moveit_resources_fanuc_moveit_config/local_setup.bash
[0.373s] -- Up-to-date: /home/prakt3/praktikum_ws/install/moveit_resources_fanuc_moveit_config/share/moveit_resources_fanuc_moveit_config/local_setup.sh
[0.373s] -- Up-to-date: /home/prakt3/praktikum_ws/install/moveit_resources_fanuc_moveit_config/share/moveit_resources_fanuc_moveit_config/local_setup.zsh
[0.373s] -- Up-to-date: /home/prakt3/praktikum_ws/install/moveit_resources_fanuc_moveit_config/share/moveit_resources_fanuc_moveit_config/local_setup.dsv
[0.373s] -- Installing: /home/prakt3/praktikum_ws/install/moveit_resources_fanuc_moveit_config/share/moveit_resources_fanuc_moveit_config/package.dsv
[0.373s] -- Up-to-date: /home/prakt3/praktikum_ws/install/moveit_resources_fanuc_moveit_config/share/ament_index/resource_index/packages/moveit_resources_fanuc_moveit_config
[0.373s] -- Up-to-date: /home/prakt3/praktikum_ws/install/moveit_resources_fanuc_moveit_config/share/moveit_resources_fanuc_moveit_config/cmake/moveit_resources_fanuc_moveit_configConfig.cmake
[0.374s] -- Up-to-date: /home/prakt3/praktikum_ws/install/moveit_resources_fanuc_moveit_config/share/moveit_resources_fanuc_moveit_config/cmake/moveit_resources_fanuc_moveit_configConfig-version.cmake
[0.374s] -- Up-to-date: /home/prakt3/praktikum_ws/install/moveit_resources_fanuc_moveit_config/share/moveit_resources_fanuc_moveit_config/package.xml
[0.374s] -- Up-to-date: /home/prakt3/praktikum_ws/install/moveit_resources_fanuc_moveit_config/share/moveit_resources_fanuc_moveit_config/launch
[0.374s] -- Up-to-date: /home/prakt3/praktikum_ws/install/moveit_resources_fanuc_moveit_config/share/moveit_resources_fanuc_moveit_config/launch/fanuc_moveit_sensor_manager.launch.xml
[0.374s] -- Up-to-date: /home/prakt3/praktikum_ws/install/moveit_resources_fanuc_moveit_config/share/moveit_resources_fanuc_moveit_config/launch/warehouse_settings.launch.xml
[0.374s] -- Up-to-date: /home/prakt3/praktikum_ws/install/moveit_resources_fanuc_moveit_config/share/moveit_resources_fanuc_moveit_config/launch/ompl_planning_pipeline.launch.xml
[0.374s] -- Up-to-date: /home/prakt3/praktikum_ws/install/moveit_resources_fanuc_moveit_config/share/moveit_resources_fanuc_moveit_config/launch/run_benchmark_ompl.launch
[0.374s] -- Up-to-date: /home/prakt3/praktikum_ws/install/moveit_resources_fanuc_moveit_config/share/moveit_resources_fanuc_moveit_config/launch/fanuc_moveit_controller_manager.launch.xml
[0.374s] -- Up-to-date: /home/prakt3/praktikum_ws/install/moveit_resources_fanuc_moveit_config/share/moveit_resources_fanuc_moveit_config/launch/joystick_control.launch
[0.374s] -- Up-to-date: /home/prakt3/praktikum_ws/install/moveit_resources_fanuc_moveit_config/share/moveit_resources_fanuc_moveit_config/launch/ros_controllers.launch
[0.374s] -- Up-to-date: /home/prakt3/praktikum_ws/install/moveit_resources_fanuc_moveit_config/share/moveit_resources_fanuc_moveit_config/launch/demo_chomp.launch
[0.374s] -- Up-to-date: /home/prakt3/praktikum_ws/install/moveit_resources_fanuc_moveit_config/share/moveit_resources_fanuc_moveit_config/launch/moveit.rviz
[0.375s] -- Up-to-date: /home/prakt3/praktikum_ws/install/moveit_resources_fanuc_moveit_config/share/moveit_resources_fanuc_moveit_config/launch/demo.launch
[0.375s] -- Up-to-date: /home/prakt3/praktikum_ws/install/moveit_resources_fanuc_moveit_config/share/moveit_resources_fanuc_moveit_config/launch/warehouse.launch
[0.375s] -- Up-to-date: /home/prakt3/praktikum_ws/install/moveit_resources_fanuc_moveit_config/share/moveit_resources_fanuc_moveit_config/launch/gazebo.launch
[0.375s] -- Up-to-date: /home/prakt3/praktikum_ws/install/moveit_resources_fanuc_moveit_config/share/moveit_resources_fanuc_moveit_config/launch/planning_pipeline.launch.xml
[0.375s] -- Up-to-date: /home/prakt3/praktikum_ws/install/moveit_resources_fanuc_moveit_config/share/moveit_resources_fanuc_moveit_config/launch/test_environment.launch
[0.375s] -- Up-to-date: /home/prakt3/praktikum_ws/install/moveit_resources_fanuc_moveit_config/share/moveit_resources_fanuc_moveit_config/launch/fake_moveit_controller_manager.launch.xml
[0.375s] -- Up-to-date: /home/prakt3/praktikum_ws/install/moveit_resources_fanuc_moveit_config/share/moveit_resources_fanuc_moveit_config/launch/move_group.launch
[0.375s] -- Up-to-date: /home/prakt3/praktikum_ws/install/moveit_resources_fanuc_moveit_config/share/moveit_resources_fanuc_moveit_config/launch/planning_context.launch
[0.375s] -- Up-to-date: /home/prakt3/praktikum_ws/install/moveit_resources_fanuc_moveit_config/share/moveit_resources_fanuc_moveit_config/launch/moveit_rviz.launch
[0.375s] -- Up-to-date: /home/prakt3/praktikum_ws/install/moveit_resources_fanuc_moveit_config/share/moveit_resources_fanuc_moveit_config/launch/sensor_manager.launch.xml
[0.375s] -- Up-to-date: /home/prakt3/praktikum_ws/install/moveit_resources_fanuc_moveit_config/share/moveit_resources_fanuc_moveit_config/launch/demo_gazebo.launch
[0.375s] -- Up-to-date: /home/prakt3/praktikum_ws/install/moveit_resources_fanuc_moveit_config/share/moveit_resources_fanuc_moveit_config/launch/default_warehouse_db.launch
[0.375s] -- Up-to-date: /home/prakt3/praktikum_ws/install/moveit_resources_fanuc_moveit_config/share/moveit_resources_fanuc_moveit_config/launch/chomp_planning_pipeline.launch.xml
[0.375s] -- Up-to-date: /home/prakt3/praktikum_ws/install/moveit_resources_fanuc_moveit_config/share/moveit_resources_fanuc_moveit_config/launch/trajectory_execution.launch.xml
[0.375s] -- Up-to-date: /home/prakt3/praktikum_ws/install/moveit_resources_fanuc_moveit_config/share/moveit_resources_fanuc_moveit_config/config
[0.375s] -- Up-to-date: /home/prakt3/praktikum_ws/install/moveit_resources_fanuc_moveit_config/share/moveit_resources_fanuc_moveit_config/config/cartesian_limits.yaml
[0.375s] -- Up-to-date: /home/prakt3/praktikum_ws/install/moveit_resources_fanuc_moveit_config/share/moveit_resources_fanuc_moveit_config/config/ompl_planning.yaml
[0.375s] -- Up-to-date: /home/prakt3/praktikum_ws/install/moveit_resources_fanuc_moveit_config/share/moveit_resources_fanuc_moveit_config/config/fanuc.srdf
[0.375s] -- Up-to-date: /home/prakt3/praktikum_ws/install/moveit_resources_fanuc_moveit_config/share/moveit_resources_fanuc_moveit_config/config/sensors_3d.yaml
[0.375s] -- Up-to-date: /home/prakt3/praktikum_ws/install/moveit_resources_fanuc_moveit_config/share/moveit_resources_fanuc_moveit_config/config/joint_limits.yaml
[0.375s] -- Up-to-date: /home/prakt3/praktikum_ws/install/moveit_resources_fanuc_moveit_config/share/moveit_resources_fanuc_moveit_config/config/kinematics.yaml
[0.375s] -- Up-to-date: /home/prakt3/praktikum_ws/install/moveit_resources_fanuc_moveit_config/share/moveit_resources_fanuc_moveit_config/config/chomp_planning.yaml
[0.375s] -- Up-to-date: /home/prakt3/praktikum_ws/install/moveit_resources_fanuc_moveit_config/share/moveit_resources_fanuc_moveit_config/config/fake_controllers.yaml
[0.375s] -- Up-to-date: /home/prakt3/praktikum_ws/install/moveit_resources_fanuc_moveit_config/share/moveit_resources_fanuc_moveit_config/config/ros_controllers.yaml
[0.375s] -- Up-to-date: /home/prakt3/praktikum_ws/install/moveit_resources_fanuc_moveit_config/share/moveit_resources_fanuc_moveit_config/.setup_assistant
[0.376s] Invoked command in '/home/prakt3/praktikum_ws/build/moveit_resources_fanuc_moveit_config' returned '0': CMAKE_PREFIX_PATH=/home/prakt3/praktikum_ws/install/moveit_resources_fanuc_description:/home/prakt3/praktikum_ws/install/vrpn_client_ros:/home/prakt3/praktikum_ws/install/vrpn:/home/prakt3/praktikum_ws/install/ur5e_bringup:/home/prakt3/praktikum_ws/install/moveit2_tutorials:/home/prakt3/praktikum_ws/install/moveit_visual_tools:/home/prakt3/praktikum_ws/install/rviz_visual_tools:/home/prakt3/praktikum_ws/install/robprakt_interfaces:/home/prakt3/praktikum_ws/install/pymoveit2:/home/prakt3/praktikum_ws/install/moveit_resources:/home/prakt3/praktikum_ws/install/moveit_resources_pr2_description:/home/prakt3/praktikum_ws/install/moveit_resources_panda_moveit_config:/home/prakt3/praktikum_ws/install/moveit_resources_panda_description:/home/prakt3/praktikum_ws/install/moveit_resources_fanuc_moveit_config:/home/prakt3/praktikum_ws/install/move_it_service:/home/prakt3/praktikum_ws/install/moveit_msgs:/home/prakt3/praktikum_ws/install/interfaces:/home/prakt3/praktikum_ws/install/geometric_shapes:/home/prakt3/praktikum_ws/install/trajectory:/home/prakt3/praktikum_ws/install/tracking_service:/home/prakt3/praktikum_ws/install/robprakt:/home/prakt3/praktikum_ws/install/picture_to_points_service:/home/prakt3/praktikum_ws/install/move_it_service_python:/home/prakt3/praktikum_ws/install/move_client:/home/prakt3/praktikum_ws/install/launch_param_builder:/opt/ros/galactic /usr/bin/cmake --install /home/prakt3/praktikum_ws/build/moveit_resources_fanuc_moveit_config
