[ 42%] Built target vrpn_client_ros
[ 71%] Built target vrpn_tracker_node
[100%] Built target vrpn_client_node
-- Install configuration: ""
-- Up-to-date: /home/prakt3/praktikum_ws/install/vrpn_client_ros/share/vrpn_client_ros//launch
-- Up-to-date: /home/prakt3/praktikum_ws/install/vrpn_client_ros/share/vrpn_client_ros//launch/sample.launch.py
-- Up-to-date: /home/prakt3/praktikum_ws/install/vrpn_client_ros/share/vrpn_client_ros//config
-- Up-to-date: /home/prakt3/praktikum_ws/install/vrpn_client_ros/share/vrpn_client_ros//config/sample.params.yaml
-- Up-to-date: /home/prakt3/praktikum_ws/install/vrpn_client_ros/share/vrpn_client_ros//config/sample.params.yaml~
-- Up-to-date: /home/prakt3/praktikum_ws/install/vrpn_client_ros/share/vrpn_client_ros//config/rob_optitrack.params.yaml
-- Installing: /home/prakt3/praktikum_ws/install/vrpn_client_ros/lib/libvrpn_client_ros.a
-- Installing: /home/prakt3/praktikum_ws/install/vrpn_client_ros/lib/vrpn_client_ros/vrpn_tracker_node
-- Set runtime path of "/home/prakt3/praktikum_ws/install/vrpn_client_ros/lib/vrpn_client_ros/vrpn_tracker_node" to ""
-- Installing: /home/prakt3/praktikum_ws/install/vrpn_client_ros/lib/vrpn_client_ros/vrpn_client_node
-- Set runtime path of "/home/prakt3/praktikum_ws/install/vrpn_client_ros/lib/vrpn_client_ros/vrpn_client_node" to ""
-- Installing: /home/prakt3/praktikum_ws/install/vrpn_client_ros/share/ament_index/resource_index/package_run_dependencies/vrpn_client_ros
-- Installing: /home/prakt3/praktikum_ws/install/vrpn_client_ros/share/ament_index/resource_index/parent_prefix_path/vrpn_client_ros
-- Installing: /home/prakt3/praktikum_ws/install/vrpn_client_ros/share/vrpn_client_ros/environment/ament_prefix_path.sh
-- Installing: /home/prakt3/praktikum_ws/install/vrpn_client_ros/share/vrpn_client_ros/environment/ament_prefix_path.dsv
-- Installing: /home/prakt3/praktikum_ws/install/vrpn_client_ros/share/vrpn_client_ros/environment/path.sh
-- Installing: /home/prakt3/praktikum_ws/install/vrpn_client_ros/share/vrpn_client_ros/environment/path.dsv
-- Installing: /home/prakt3/praktikum_ws/install/vrpn_client_ros/share/vrpn_client_ros/local_setup.bash
-- Installing: /home/prakt3/praktikum_ws/install/vrpn_client_ros/share/vrpn_client_ros/local_setup.sh
-- Installing: /home/prakt3/praktikum_ws/install/vrpn_client_ros/share/vrpn_client_ros/local_setup.zsh
-- Installing: /home/prakt3/praktikum_ws/install/vrpn_client_ros/share/vrpn_client_ros/local_setup.dsv
-- Installing: /home/prakt3/praktikum_ws/install/vrpn_client_ros/share/vrpn_client_ros/package.dsv
-- Installing: /home/prakt3/praktikum_ws/install/vrpn_client_ros/share/ament_index/resource_index/packages/vrpn_client_ros
-- Installing: /home/prakt3/praktikum_ws/install/vrpn_client_ros/share/vrpn_client_ros/cmake/vrpn_client_rosConfig.cmake
-- Installing: /home/prakt3/praktikum_ws/install/vrpn_client_ros/share/vrpn_client_ros/cmake/vrpn_client_rosConfig-version.cmake
-- Installing: /home/prakt3/praktikum_ws/install/vrpn_client_ros/share/vrpn_client_ros/package.xml
