[0.089s] Invoking command in '/home/prakt3/praktikum_ws/build/moveit_visual_tools': CMAKE_PREFIX_PATH=/home/prakt3/praktikum_ws/install/rviz_visual_tools:/home/prakt3/praktikum_ws/install/vrpn_client_ros:/home/prakt3/praktikum_ws/install/vrpn:/home/prakt3/praktikum_ws/install/ur5e_bringup:/home/prakt3/praktikum_ws/install/moveit2_tutorials:/home/prakt3/praktikum_ws/install/moveit_visual_tools:/home/prakt3/praktikum_ws/install/robprakt_interfaces:/home/prakt3/praktikum_ws/install/pymoveit2:/home/prakt3/praktikum_ws/install/moveit_resources:/home/prakt3/praktikum_ws/install/moveit_resources_pr2_description:/home/prakt3/praktikum_ws/install/moveit_resources_panda_moveit_config:/home/prakt3/praktikum_ws/install/moveit_resources_panda_description:/home/prakt3/praktikum_ws/install/moveit_resources_fanuc_moveit_config:/home/prakt3/praktikum_ws/install/moveit_resources_fanuc_description:/home/prakt3/praktikum_ws/install/move_it_service:/home/prakt3/praktikum_ws/install/moveit_msgs:/home/prakt3/praktikum_ws/install/interfaces:/home/prakt3/praktikum_ws/install/geometric_shapes:/home/prakt3/praktikum_ws/install/trajectory:/home/prakt3/praktikum_ws/install/tracking_service:/home/prakt3/praktikum_ws/install/robprakt:/home/prakt3/praktikum_ws/install/picture_to_points_service:/home/prakt3/praktikum_ws/install/move_it_service_python:/home/prakt3/praktikum_ws/install/move_client:/home/prakt3/praktikum_ws/install/launch_param_builder:/opt/ros/galactic LD_LIBRARY_PATH=/home/prakt3/praktikum_ws/install/rviz_visual_tools/lib:/home/prakt3/praktikum_ws/install/moveit_visual_tools/lib:/home/prakt3/praktikum_ws/install/robprakt_interfaces/lib:/home/prakt3/praktikum_ws/install/moveit_msgs/lib:/home/prakt3/praktikum_ws/install/interfaces/lib:/home/prakt3/praktikum_ws/install/geometric_shapes/lib:/opt/ros/galactic/opt/yaml_cpp_vendor/lib:/opt/ros/galactic/opt/rviz_ogre_vendor/lib:/opt/ros/galactic/lib/x86_64-linux-gnu:/opt/ros/galactic/lib /usr/bin/cmake --build /home/prakt3/praktikum_ws/build/moveit_visual_tools -- -j12 -l12
[0.207s] [ 66%] Built target moveit_visual_tools
[0.256s] [100%] Built target moveit_visual_tools_demo
[0.375s] Invoked command in '/home/prakt3/praktikum_ws/build/moveit_visual_tools' returned '0': CMAKE_PREFIX_PATH=/home/prakt3/praktikum_ws/install/rviz_visual_tools:/home/prakt3/praktikum_ws/install/vrpn_client_ros:/home/prakt3/praktikum_ws/install/vrpn:/home/prakt3/praktikum_ws/install/ur5e_bringup:/home/prakt3/praktikum_ws/install/moveit2_tutorials:/home/prakt3/praktikum_ws/install/moveit_visual_tools:/home/prakt3/praktikum_ws/install/robprakt_interfaces:/home/prakt3/praktikum_ws/install/pymoveit2:/home/prakt3/praktikum_ws/install/moveit_resources:/home/prakt3/praktikum_ws/install/moveit_resources_pr2_description:/home/prakt3/praktikum_ws/install/moveit_resources_panda_moveit_config:/home/prakt3/praktikum_ws/install/moveit_resources_panda_description:/home/prakt3/praktikum_ws/install/moveit_resources_fanuc_moveit_config:/home/prakt3/praktikum_ws/install/moveit_resources_fanuc_description:/home/prakt3/praktikum_ws/install/move_it_service:/home/prakt3/praktikum_ws/install/moveit_msgs:/home/prakt3/praktikum_ws/install/interfaces:/home/prakt3/praktikum_ws/install/geometric_shapes:/home/prakt3/praktikum_ws/install/trajectory:/home/prakt3/praktikum_ws/install/tracking_service:/home/prakt3/praktikum_ws/install/robprakt:/home/prakt3/praktikum_ws/install/picture_to_points_service:/home/prakt3/praktikum_ws/install/move_it_service_python:/home/prakt3/praktikum_ws/install/move_client:/home/prakt3/praktikum_ws/install/launch_param_builder:/opt/ros/galactic LD_LIBRARY_PATH=/home/prakt3/praktikum_ws/install/rviz_visual_tools/lib:/home/prakt3/praktikum_ws/install/moveit_visual_tools/lib:/home/prakt3/praktikum_ws/install/robprakt_interfaces/lib:/home/prakt3/praktikum_ws/install/moveit_msgs/lib:/home/prakt3/praktikum_ws/install/interfaces/lib:/home/prakt3/praktikum_ws/install/geometric_shapes/lib:/opt/ros/galactic/opt/yaml_cpp_vendor/lib:/opt/ros/galactic/opt/rviz_ogre_vendor/lib:/opt/ros/galactic/lib/x86_64-linux-gnu:/opt/ros/galactic/lib /usr/bin/cmake --build /home/prakt3/praktikum_ws/build/moveit_visual_tools -- -j12 -l12
[0.450s] Invoking command in '/home/prakt3/praktikum_ws/build/moveit_visual_tools': CMAKE_PREFIX_PATH=/home/prakt3/praktikum_ws/install/rviz_visual_tools:/home/prakt3/praktikum_ws/install/vrpn_client_ros:/home/prakt3/praktikum_ws/install/vrpn:/home/prakt3/praktikum_ws/install/ur5e_bringup:/home/prakt3/praktikum_ws/install/moveit2_tutorials:/home/prakt3/praktikum_ws/install/moveit_visual_tools:/home/prakt3/praktikum_ws/install/robprakt_interfaces:/home/prakt3/praktikum_ws/install/pymoveit2:/home/prakt3/praktikum_ws/install/moveit_resources:/home/prakt3/praktikum_ws/install/moveit_resources_pr2_description:/home/prakt3/praktikum_ws/install/moveit_resources_panda_moveit_config:/home/prakt3/praktikum_ws/install/moveit_resources_panda_description:/home/prakt3/praktikum_ws/install/moveit_resources_fanuc_moveit_config:/home/prakt3/praktikum_ws/install/moveit_resources_fanuc_description:/home/prakt3/praktikum_ws/install/move_it_service:/home/prakt3/praktikum_ws/install/moveit_msgs:/home/prakt3/praktikum_ws/install/interfaces:/home/prakt3/praktikum_ws/install/geometric_shapes:/home/prakt3/praktikum_ws/install/trajectory:/home/prakt3/praktikum_ws/install/tracking_service:/home/prakt3/praktikum_ws/install/robprakt:/home/prakt3/praktikum_ws/install/picture_to_points_service:/home/prakt3/praktikum_ws/install/move_it_service_python:/home/prakt3/praktikum_ws/install/move_client:/home/prakt3/praktikum_ws/install/launch_param_builder:/opt/ros/galactic LD_LIBRARY_PATH=/home/prakt3/praktikum_ws/install/rviz_visual_tools/lib:/home/prakt3/praktikum_ws/install/moveit_visual_tools/lib:/home/prakt3/praktikum_ws/install/robprakt_interfaces/lib:/home/prakt3/praktikum_ws/install/moveit_msgs/lib:/home/prakt3/praktikum_ws/install/interfaces/lib:/home/prakt3/praktikum_ws/install/geometric_shapes/lib:/opt/ros/galactic/opt/yaml_cpp_vendor/lib:/opt/ros/galactic/opt/rviz_ogre_vendor/lib:/opt/ros/galactic/lib/x86_64-linux-gnu:/opt/ros/galactic/lib /usr/bin/cmake --install /home/prakt3/praktikum_ws/build/moveit_visual_tools
[0.642s] -- Install configuration: "Release"
[0.643s] -- Up-to-date: /home/prakt3/praktikum_ws/install/moveit_visual_tools/share/moveit_visual_tools/environment/library_path.sh
[0.643s] -- Up-to-date: /home/prakt3/praktikum_ws/install/moveit_visual_tools/share/moveit_visual_tools/environment/library_path.dsv
[0.643s] -- Up-to-date: /home/prakt3/praktikum_ws/install/moveit_visual_tools/lib/libmoveit_visual_tools.so
[0.643s] -- Up-to-date: /home/prakt3/praktikum_ws/install/moveit_visual_tools/lib/moveit_visual_tools/moveit_visual_tools_demo
[0.644s] -- Up-to-date: /home/prakt3/praktikum_ws/install/moveit_visual_tools/include
[0.644s] -- Up-to-date: /home/prakt3/praktikum_ws/install/moveit_visual_tools/include/moveit_visual_tools
[0.644s] -- Up-to-date: /home/prakt3/praktikum_ws/install/moveit_visual_tools/include/moveit_visual_tools/imarker_robot_state.h
[0.645s] -- Up-to-date: /home/prakt3/praktikum_ws/install/moveit_visual_tools/include/moveit_visual_tools/moveit_visual_tools.h
[0.645s] -- Up-to-date: /home/prakt3/praktikum_ws/install/moveit_visual_tools/include/moveit_visual_tools/imarker_end_effector.h
[0.645s] -- Up-to-date: /home/prakt3/praktikum_ws/install/moveit_visual_tools/share/moveit_visual_tools/launch
[0.645s] -- Up-to-date: /home/prakt3/praktikum_ws/install/moveit_visual_tools/share/moveit_visual_tools/launch/demo_rviz.launch.py
[0.645s] -- Up-to-date: /home/prakt3/praktikum_ws/install/moveit_visual_tools/share/moveit_visual_tools/launch/demo.rviz
[0.645s] -- Up-to-date: /home/prakt3/praktikum_ws/install/moveit_visual_tools/share/moveit_visual_tools/resources
[0.645s] -- Up-to-date: /home/prakt3/praktikum_ws/install/moveit_visual_tools/share/moveit_visual_tools/resources/rrbot.urdf
[0.645s] -- Up-to-date: /home/prakt3/praktikum_ws/install/moveit_visual_tools/share/moveit_visual_tools/resources/rrbot.srdf
[0.645s] -- Up-to-date: /home/prakt3/praktikum_ws/install/moveit_visual_tools/share/moveit_visual_tools/resources/demo_mesh.stl
[0.645s] -- Up-to-date: /home/prakt3/praktikum_ws/install/moveit_visual_tools/share/moveit_visual_tools/resources/screenshot.png
[0.645s] -- Up-to-date: /home/prakt3/praktikum_ws/install/moveit_visual_tools/share/moveit_visual_tools/resources/demo.png
[0.645s] -- Up-to-date: /home/prakt3/praktikum_ws/install/moveit_visual_tools/share/ament_index/resource_index/package_run_dependencies/moveit_visual_tools
[0.645s] -- Up-to-date: /home/prakt3/praktikum_ws/install/moveit_visual_tools/share/ament_index/resource_index/parent_prefix_path/moveit_visual_tools
[0.645s] -- Up-to-date: /home/prakt3/praktikum_ws/install/moveit_visual_tools/share/moveit_visual_tools/environment/ament_prefix_path.sh
[0.645s] -- Up-to-date: /home/prakt3/praktikum_ws/install/moveit_visual_tools/share/moveit_visual_tools/environment/ament_prefix_path.dsv
[0.645s] -- Up-to-date: /home/prakt3/praktikum_ws/install/moveit_visual_tools/share/moveit_visual_tools/environment/path.sh
[0.645s] -- Up-to-date: /home/prakt3/praktikum_ws/install/moveit_visual_tools/share/moveit_visual_tools/environment/path.dsv
[0.645s] -- Up-to-date: /home/prakt3/praktikum_ws/install/moveit_visual_tools/share/moveit_visual_tools/local_setup.bash
[0.645s] -- Up-to-date: /home/prakt3/praktikum_ws/install/moveit_visual_tools/share/moveit_visual_tools/local_setup.sh
[0.645s] -- Up-to-date: /home/prakt3/praktikum_ws/install/moveit_visual_tools/share/moveit_visual_tools/local_setup.zsh
[0.645s] -- Up-to-date: /home/prakt3/praktikum_ws/install/moveit_visual_tools/share/moveit_visual_tools/local_setup.dsv
[0.645s] -- Installing: /home/prakt3/praktikum_ws/install/moveit_visual_tools/share/moveit_visual_tools/package.dsv
[0.645s] -- Up-to-date: /home/prakt3/praktikum_ws/install/moveit_visual_tools/share/ament_index/resource_index/packages/moveit_visual_tools
[0.646s] -- Up-to-date: /home/prakt3/praktikum_ws/install/moveit_visual_tools/share/moveit_visual_tools/cmake/export_moveit_visual_toolsExport.cmake
[0.646s] -- Up-to-date: /home/prakt3/praktikum_ws/install/moveit_visual_tools/share/moveit_visual_tools/cmake/export_moveit_visual_toolsExport-release.cmake
[0.646s] -- Up-to-date: /home/prakt3/praktikum_ws/install/moveit_visual_tools/share/moveit_visual_tools/cmake/ament_cmake_export_targets-extras.cmake
[0.646s] -- Up-to-date: /home/prakt3/praktikum_ws/install/moveit_visual_tools/share/moveit_visual_tools/cmake/ament_cmake_export_dependencies-extras.cmake
[0.646s] -- Up-to-date: /home/prakt3/praktikum_ws/install/moveit_visual_tools/share/moveit_visual_tools/cmake/moveit_visual_toolsConfig.cmake
[0.646s] -- Up-to-date: /home/prakt3/praktikum_ws/install/moveit_visual_tools/share/moveit_visual_tools/cmake/moveit_visual_toolsConfig-version.cmake
[0.646s] -- Up-to-date: /home/prakt3/praktikum_ws/install/moveit_visual_tools/share/moveit_visual_tools/package.xml
[0.672s] Invoked command in '/home/prakt3/praktikum_ws/build/moveit_visual_tools' returned '0': CMAKE_PREFIX_PATH=/home/prakt3/praktikum_ws/install/rviz_visual_tools:/home/prakt3/praktikum_ws/install/vrpn_client_ros:/home/prakt3/praktikum_ws/install/vrpn:/home/prakt3/praktikum_ws/install/ur5e_bringup:/home/prakt3/praktikum_ws/install/moveit2_tutorials:/home/prakt3/praktikum_ws/install/moveit_visual_tools:/home/prakt3/praktikum_ws/install/robprakt_interfaces:/home/prakt3/praktikum_ws/install/pymoveit2:/home/prakt3/praktikum_ws/install/moveit_resources:/home/prakt3/praktikum_ws/install/moveit_resources_pr2_description:/home/prakt3/praktikum_ws/install/moveit_resources_panda_moveit_config:/home/prakt3/praktikum_ws/install/moveit_resources_panda_description:/home/prakt3/praktikum_ws/install/moveit_resources_fanuc_moveit_config:/home/prakt3/praktikum_ws/install/moveit_resources_fanuc_description:/home/prakt3/praktikum_ws/install/move_it_service:/home/prakt3/praktikum_ws/install/moveit_msgs:/home/prakt3/praktikum_ws/install/interfaces:/home/prakt3/praktikum_ws/install/geometric_shapes:/home/prakt3/praktikum_ws/install/trajectory:/home/prakt3/praktikum_ws/install/tracking_service:/home/prakt3/praktikum_ws/install/robprakt:/home/prakt3/praktikum_ws/install/picture_to_points_service:/home/prakt3/praktikum_ws/install/move_it_service_python:/home/prakt3/praktikum_ws/install/move_client:/home/prakt3/praktikum_ws/install/launch_param_builder:/opt/ros/galactic LD_LIBRARY_PATH=/home/prakt3/praktikum_ws/install/rviz_visual_tools/lib:/home/prakt3/praktikum_ws/install/moveit_visual_tools/lib:/home/prakt3/praktikum_ws/install/robprakt_interfaces/lib:/home/prakt3/praktikum_ws/install/moveit_msgs/lib:/home/prakt3/praktikum_ws/install/interfaces/lib:/home/prakt3/praktikum_ws/install/geometric_shapes/lib:/opt/ros/galactic/opt/yaml_cpp_vendor/lib:/opt/ros/galactic/opt/rviz_ogre_vendor/lib:/opt/ros/galactic/lib/x86_64-linux-gnu:/opt/ros/galactic/lib /usr/bin/cmake --install /home/prakt3/praktikum_ws/build/moveit_visual_tools
