[1.156s] Invoking command in '/home/prakt3/praktikum_ws/src/tracking_service': PYTHONPATH=/home/prakt3/praktikum_ws/build/tracking_service/prefix_override:/home/prakt3/praktikum_ws/install/tracking_service/lib/python3.8/site-packages:${PYTHONPATH} /usr/bin/python3 setup.py egg_info --egg-base ../../build/tracking_service build --build-base /home/prakt3/praktikum_ws/build/tracking_service/build install --record /home/prakt3/praktikum_ws/build/tracking_service/install.log --single-version-externally-managed
[1.358s] running egg_info
[1.359s] writing ../../build/tracking_service/tracking_service.egg-info/PKG-INFO
[1.359s] writing dependency_links to ../../build/tracking_service/tracking_service.egg-info/dependency_links.txt
[1.359s] writing entry points to ../../build/tracking_service/tracking_service.egg-info/entry_points.txt
[1.359s] writing requirements to ../../build/tracking_service/tracking_service.egg-info/requires.txt
[1.359s] writing top-level names to ../../build/tracking_service/tracking_service.egg-info/top_level.txt
[1.382s] reading manifest file '../../build/tracking_service/tracking_service.egg-info/SOURCES.txt'
[1.382s] writing manifest file '../../build/tracking_service/tracking_service.egg-info/SOURCES.txt'
[1.382s] running build
[1.383s] running build_py
[1.383s] running install
[1.383s] running install_lib
[1.384s] running install_data
[1.385s] running install_egg_info
[1.386s] removing '/home/prakt3/praktikum_ws/install/tracking_service/lib/python3.8/site-packages/tracking_service-0.0.0-py3.8.egg-info' (and everything under it)
[1.386s] Copying ../../build/tracking_service/tracking_service.egg-info to /home/prakt3/praktikum_ws/install/tracking_service/lib/python3.8/site-packages/tracking_service-0.0.0-py3.8.egg-info
[1.386s] running install_scripts
[1.399s] Installing client script to /home/prakt3/praktikum_ws/install/tracking_service/lib/tracking_service
[1.399s] Installing gripper script to /home/prakt3/praktikum_ws/install/tracking_service/lib/tracking_service
[1.399s] Installing penhold script to /home/prakt3/praktikum_ws/install/tracking_service/lib/tracking_service
[1.400s] Installing whiteboard script to /home/prakt3/praktikum_ws/install/tracking_service/lib/tracking_service
[1.400s] writing list of installed files to '/home/prakt3/praktikum_ws/build/tracking_service/install.log'
[1.480s] Invoked command in '/home/prakt3/praktikum_ws/src/tracking_service' returned '0': PYTHONPATH=/home/prakt3/praktikum_ws/build/tracking_service/prefix_override:/home/prakt3/praktikum_ws/install/tracking_service/lib/python3.8/site-packages:${PYTHONPATH} /usr/bin/python3 setup.py egg_info --egg-base ../../build/tracking_service build --build-base /home/prakt3/praktikum_ws/build/tracking_service/build install --record /home/prakt3/praktikum_ws/build/tracking_service/install.log --single-version-externally-managed
