[0.053s] Invoking command in '/home/prakt3/praktikum_ws/build/robprakt_interfaces': CMAKE_PREFIX_PATH=/opt/ros/galactic /usr/bin/cmake --build /home/prakt3/praktikum_ws/build/robprakt_interfaces -- -j12 -l12
[0.670s] [  9%] Built target robprakt_interfaces__rosidl_generator_c
[0.670s] [ 12%] Built target robprakt_interfaces__cpp
[0.670s] [ 22%] Built target robprakt_interfaces__rosidl_typesupport_c
[0.672s] [ 41%] Built target robprakt_interfaces__rosidl_typesupport_introspection_cpp
[0.673s] [ 41%] Built target robprakt_interfaces__rosidl_typesupport_cpp
[0.673s] [ 51%] Built target robprakt_interfaces__rosidl_typesupport_fastrtps_cpp
[0.674s] [ 61%] Built target robprakt_interfaces__rosidl_typesupport_introspection_c
[0.674s] [ 70%] Built target robprakt_interfaces__rosidl_typesupport_fastrtps_c
[0.674s] [ 70%] Built target robprakt_interfaces
[0.675s] [ 74%] Built target robprakt_interfaces__py
[0.675s] [ 80%] Built target robprakt_interfaces__python
[0.675s] [ 87%] Built target robprakt_interfaces__rosidl_typesupport_fastrtps_c__pyext
[0.675s] [ 93%] Built target robprakt_interfaces__rosidl_typesupport_introspection_c__pyext
[0.675s] [100%] Built target robprakt_interfaces__rosidl_typesupport_c__pyext
[0.681s] Invoked command in '/home/prakt3/praktikum_ws/build/robprakt_interfaces' returned '0': CMAKE_PREFIX_PATH=/opt/ros/galactic /usr/bin/cmake --build /home/prakt3/praktikum_ws/build/robprakt_interfaces -- -j12 -l12
[0.802s] Invoking command in '/home/prakt3/praktikum_ws/build/robprakt_interfaces': CMAKE_PREFIX_PATH=/opt/ros/galactic /usr/bin/cmake --install /home/prakt3/praktikum_ws/build/robprakt_interfaces
[0.817s] -- Install configuration: ""
[0.817s] -- Up-to-date: /home/prakt3/praktikum_ws/install/robprakt_interfaces/share/ament_index/resource_index/rosidl_interfaces/robprakt_interfaces
[0.817s] -- Up-to-date: /home/prakt3/praktikum_ws/install/robprakt_interfaces/include/robprakt_interfaces
[0.818s] -- Up-to-date: /home/prakt3/praktikum_ws/install/robprakt_interfaces/include/robprakt_interfaces/srv
[0.818s] -- Up-to-date: /home/prakt3/praktikum_ws/install/robprakt_interfaces/include/robprakt_interfaces/srv/set_ur_io.h
[0.818s] -- Up-to-date: /home/prakt3/praktikum_ws/install/robprakt_interfaces/include/robprakt_interfaces/srv/detail
[0.818s] -- Up-to-date: /home/prakt3/praktikum_ws/install/robprakt_interfaces/include/robprakt_interfaces/srv/detail/set_ur_io__functions.c
[0.818s] -- Up-to-date: /home/prakt3/praktikum_ws/install/robprakt_interfaces/include/robprakt_interfaces/srv/detail/set_ur_io__struct.h
[0.818s] -- Up-to-date: /home/prakt3/praktikum_ws/install/robprakt_interfaces/include/robprakt_interfaces/srv/detail/set_ur_io__functions.h
[0.818s] -- Up-to-date: /home/prakt3/praktikum_ws/install/robprakt_interfaces/include/robprakt_interfaces/srv/detail/set_ur_io__type_support.h
[0.818s] -- Up-to-date: /home/prakt3/praktikum_ws/install/robprakt_interfaces/include/robprakt_interfaces/msg
[0.818s] -- Up-to-date: /home/prakt3/praktikum_ws/install/robprakt_interfaces/include/robprakt_interfaces/msg/rosidl_generator_c__visibility_control.h
[0.818s] -- Up-to-date: /home/prakt3/praktikum_ws/install/robprakt_interfaces/share/robprakt_interfaces/environment/library_path.sh
[0.818s] -- Up-to-date: /home/prakt3/praktikum_ws/install/robprakt_interfaces/share/robprakt_interfaces/environment/library_path.dsv
[0.818s] -- Up-to-date: /home/prakt3/praktikum_ws/install/robprakt_interfaces/lib/librobprakt_interfaces__rosidl_generator_c.so
[0.818s] -- Up-to-date: /home/prakt3/praktikum_ws/install/robprakt_interfaces/include/robprakt_interfaces
[0.818s] -- Up-to-date: /home/prakt3/praktikum_ws/install/robprakt_interfaces/include/robprakt_interfaces/srv
[0.818s] -- Up-to-date: /home/prakt3/praktikum_ws/install/robprakt_interfaces/include/robprakt_interfaces/srv/detail
[0.818s] -- Up-to-date: /home/prakt3/praktikum_ws/install/robprakt_interfaces/include/robprakt_interfaces/srv/detail/set_ur_io__rosidl_typesupport_fastrtps_c.h
[0.818s] -- Up-to-date: /home/prakt3/praktikum_ws/install/robprakt_interfaces/include/robprakt_interfaces/msg
[0.818s] -- Up-to-date: /home/prakt3/praktikum_ws/install/robprakt_interfaces/include/robprakt_interfaces/msg/rosidl_typesupport_fastrtps_c__visibility_control.h
[0.819s] -- Up-to-date: /home/prakt3/praktikum_ws/install/robprakt_interfaces/lib/librobprakt_interfaces__rosidl_typesupport_fastrtps_c.so
[0.820s] -- Up-to-date: /home/prakt3/praktikum_ws/install/robprakt_interfaces/include/robprakt_interfaces
[0.820s] -- Up-to-date: /home/prakt3/praktikum_ws/install/robprakt_interfaces/include/robprakt_interfaces/srv
[0.820s] -- Up-to-date: /home/prakt3/praktikum_ws/install/robprakt_interfaces/include/robprakt_interfaces/srv/detail
[0.820s] -- Up-to-date: /home/prakt3/praktikum_ws/install/robprakt_interfaces/include/robprakt_interfaces/srv/detail/set_ur_io__rosidl_typesupport_fastrtps_cpp.hpp
[0.820s] -- Up-to-date: /home/prakt3/praktikum_ws/install/robprakt_interfaces/include/robprakt_interfaces/srv/detail/dds_fastrtps
[0.820s] -- Up-to-date: /home/prakt3/praktikum_ws/install/robprakt_interfaces/include/robprakt_interfaces/msg
[0.820s] -- Up-to-date: /home/prakt3/praktikum_ws/install/robprakt_interfaces/include/robprakt_interfaces/msg/rosidl_typesupport_fastrtps_cpp__visibility_control.h
[0.820s] -- Up-to-date: /home/prakt3/praktikum_ws/install/robprakt_interfaces/lib/librobprakt_interfaces__rosidl_typesupport_fastrtps_cpp.so
[0.820s] -- Up-to-date: /home/prakt3/praktikum_ws/install/robprakt_interfaces/include/robprakt_interfaces
[0.820s] -- Up-to-date: /home/prakt3/praktikum_ws/install/robprakt_interfaces/include/robprakt_interfaces/srv
[0.820s] -- Up-to-date: /home/prakt3/praktikum_ws/install/robprakt_interfaces/include/robprakt_interfaces/srv/detail
[0.820s] -- Up-to-date: /home/prakt3/praktikum_ws/install/robprakt_interfaces/include/robprakt_interfaces/srv/detail/set_ur_io__rosidl_typesupport_introspection_c.h
[0.820s] -- Up-to-date: /home/prakt3/praktikum_ws/install/robprakt_interfaces/include/robprakt_interfaces/srv/detail/set_ur_io__type_support.c
[0.821s] -- Up-to-date: /home/prakt3/praktikum_ws/install/robprakt_interfaces/include/robprakt_interfaces/msg
[0.827s] -- Up-to-date: /home/prakt3/praktikum_ws/install/robprakt_interfaces/include/robprakt_interfaces/msg/rosidl_typesupport_introspection_c__visibility_control.h
[0.827s] -- Up-to-date: /home/prakt3/praktikum_ws/install/robprakt_interfaces/lib/librobprakt_interfaces__rosidl_typesupport_introspection_c.so
[0.827s] -- Up-to-date: /home/prakt3/praktikum_ws/install/robprakt_interfaces/lib/librobprakt_interfaces__rosidl_typesupport_c.so
[0.827s] -- Up-to-date: /home/prakt3/praktikum_ws/install/robprakt_interfaces/include/robprakt_interfaces
[0.827s] -- Up-to-date: /home/prakt3/praktikum_ws/install/robprakt_interfaces/include/robprakt_interfaces/srv
[0.827s] -- Up-to-date: /home/prakt3/praktikum_ws/install/robprakt_interfaces/include/robprakt_interfaces/srv/detail
[0.827s] -- Up-to-date: /home/prakt3/praktikum_ws/install/robprakt_interfaces/include/robprakt_interfaces/srv/detail/set_ur_io__struct.hpp
[0.827s] -- Up-to-date: /home/prakt3/praktikum_ws/install/robprakt_interfaces/include/robprakt_interfaces/srv/detail/set_ur_io__traits.hpp
[0.827s] -- Up-to-date: /home/prakt3/praktikum_ws/install/robprakt_interfaces/include/robprakt_interfaces/srv/detail/set_ur_io__builder.hpp
[0.827s] -- Up-to-date: /home/prakt3/praktikum_ws/install/robprakt_interfaces/include/robprakt_interfaces/srv/set_ur_io.hpp
[0.827s] -- Up-to-date: /home/prakt3/praktikum_ws/install/robprakt_interfaces/include/robprakt_interfaces
[0.827s] -- Up-to-date: /home/prakt3/praktikum_ws/install/robprakt_interfaces/include/robprakt_interfaces/srv
[0.827s] -- Up-to-date: /home/prakt3/praktikum_ws/install/robprakt_interfaces/include/robprakt_interfaces/srv/detail
[0.827s] -- Up-to-date: /home/prakt3/praktikum_ws/install/robprakt_interfaces/include/robprakt_interfaces/srv/detail/set_ur_io__rosidl_typesupport_introspection_cpp.hpp
[0.827s] -- Up-to-date: /home/prakt3/praktikum_ws/install/robprakt_interfaces/include/robprakt_interfaces/srv/detail/set_ur_io__type_support.cpp
[0.827s] -- Up-to-date: /home/prakt3/praktikum_ws/install/robprakt_interfaces/lib/librobprakt_interfaces__rosidl_typesupport_introspection_cpp.so
[0.827s] -- Up-to-date: /home/prakt3/praktikum_ws/install/robprakt_interfaces/lib/librobprakt_interfaces__rosidl_typesupport_cpp.so
[0.827s] -- Up-to-date: /home/prakt3/praktikum_ws/install/robprakt_interfaces/share/robprakt_interfaces/environment/pythonpath.sh
[0.828s] -- Up-to-date: /home/prakt3/praktikum_ws/install/robprakt_interfaces/share/robprakt_interfaces/environment/pythonpath.dsv
[0.828s] -- Up-to-date: /home/prakt3/praktikum_ws/install/robprakt_interfaces/lib/python3.8/site-packages/robprakt_interfaces/__init__.py
[0.856s] -- Up-to-date: /home/prakt3/praktikum_ws/install/robprakt_interfaces/lib/python3.8/site-packages/robprakt_interfaces/srv
[0.857s] -- Up-to-date: /home/prakt3/praktikum_ws/install/robprakt_interfaces/lib/python3.8/site-packages/robprakt_interfaces/srv/_set_ur_io_s.c
[0.857s] -- Up-to-date: /home/prakt3/praktikum_ws/install/robprakt_interfaces/lib/python3.8/site-packages/robprakt_interfaces/srv/_set_ur_io.py
[0.857s] -- Up-to-date: /home/prakt3/praktikum_ws/install/robprakt_interfaces/lib/python3.8/site-packages/robprakt_interfaces/srv/__init__.py
[0.857s] -- Up-to-date: /home/prakt3/praktikum_ws/install/robprakt_interfaces/lib/python3.8/site-packages/robprakt_interfaces/robprakt_interfaces_s__rosidl_typesupport_fastrtps_c.cpython-38-x86_64-linux-gnu.so
[0.858s] -- Up-to-date: /home/prakt3/praktikum_ws/install/robprakt_interfaces/lib/python3.8/site-packages/robprakt_interfaces/robprakt_interfaces_s__rosidl_typesupport_introspection_c.cpython-38-x86_64-linux-gnu.so
[0.858s] -- Up-to-date: /home/prakt3/praktikum_ws/install/robprakt_interfaces/lib/python3.8/site-packages/robprakt_interfaces/robprakt_interfaces_s__rosidl_typesupport_c.cpython-38-x86_64-linux-gnu.so
[0.859s] -- Up-to-date: /home/prakt3/praktikum_ws/install/robprakt_interfaces/lib/librobprakt_interfaces__python.so
[0.859s] -- Up-to-date: /home/prakt3/praktikum_ws/install/robprakt_interfaces/share/robprakt_interfaces/srv/SetUrIo.idl
[0.859s] -- Up-to-date: /home/prakt3/praktikum_ws/install/robprakt_interfaces/share/robprakt_interfaces/srv/SetUrIo.srv
[0.860s] -- Up-to-date: /home/prakt3/praktikum_ws/install/robprakt_interfaces/share/robprakt_interfaces/srv/SetUrIo_Request.msg
[0.860s] -- Up-to-date: /home/prakt3/praktikum_ws/install/robprakt_interfaces/share/robprakt_interfaces/srv/SetUrIo_Response.msg
[0.860s] -- Up-to-date: /home/prakt3/praktikum_ws/install/robprakt_interfaces/share/ament_index/resource_index/package_run_dependencies/robprakt_interfaces
[0.860s] -- Up-to-date: /home/prakt3/praktikum_ws/install/robprakt_interfaces/share/ament_index/resource_index/parent_prefix_path/robprakt_interfaces
[0.860s] -- Up-to-date: /home/prakt3/praktikum_ws/install/robprakt_interfaces/share/robprakt_interfaces/environment/ament_prefix_path.sh
[0.860s] -- Up-to-date: /home/prakt3/praktikum_ws/install/robprakt_interfaces/share/robprakt_interfaces/environment/ament_prefix_path.dsv
[0.860s] -- Up-to-date: /home/prakt3/praktikum_ws/install/robprakt_interfaces/share/robprakt_interfaces/environment/path.sh
[0.860s] -- Up-to-date: /home/prakt3/praktikum_ws/install/robprakt_interfaces/share/robprakt_interfaces/environment/path.dsv
[0.860s] -- Up-to-date: /home/prakt3/praktikum_ws/install/robprakt_interfaces/share/robprakt_interfaces/local_setup.bash
[0.860s] -- Up-to-date: /home/prakt3/praktikum_ws/install/robprakt_interfaces/share/robprakt_interfaces/local_setup.sh
[0.860s] -- Up-to-date: /home/prakt3/praktikum_ws/install/robprakt_interfaces/share/robprakt_interfaces/local_setup.zsh
[0.860s] -- Up-to-date: /home/prakt3/praktikum_ws/install/robprakt_interfaces/share/robprakt_interfaces/local_setup.dsv
[0.860s] -- Installing: /home/prakt3/praktikum_ws/install/robprakt_interfaces/share/robprakt_interfaces/package.dsv
[0.861s] -- Up-to-date: /home/prakt3/praktikum_ws/install/robprakt_interfaces/share/ament_index/resource_index/packages/robprakt_interfaces
[0.862s] -- Up-to-date: /home/prakt3/praktikum_ws/install/robprakt_interfaces/share/robprakt_interfaces/cmake/robprakt_interfaces__rosidl_generator_cExport.cmake
[0.862s] -- Up-to-date: /home/prakt3/praktikum_ws/install/robprakt_interfaces/share/robprakt_interfaces/cmake/robprakt_interfaces__rosidl_generator_cExport-noconfig.cmake
[0.863s] -- Up-to-date: /home/prakt3/praktikum_ws/install/robprakt_interfaces/share/robprakt_interfaces/cmake/robprakt_interfaces__rosidl_typesupport_introspection_cExport.cmake
[0.863s] -- Up-to-date: /home/prakt3/praktikum_ws/install/robprakt_interfaces/share/robprakt_interfaces/cmake/robprakt_interfaces__rosidl_typesupport_introspection_cExport-noconfig.cmake
[0.863s] -- Up-to-date: /home/prakt3/praktikum_ws/install/robprakt_interfaces/share/robprakt_interfaces/cmake/robprakt_interfaces__rosidl_typesupport_cExport.cmake
[0.863s] -- Up-to-date: /home/prakt3/praktikum_ws/install/robprakt_interfaces/share/robprakt_interfaces/cmake/robprakt_interfaces__rosidl_typesupport_cExport-noconfig.cmake
[0.863s] -- Up-to-date: /home/prakt3/praktikum_ws/install/robprakt_interfaces/share/robprakt_interfaces/cmake/robprakt_interfaces__rosidl_generator_cppExport.cmake
[0.863s] -- Up-to-date: /home/prakt3/praktikum_ws/install/robprakt_interfaces/share/robprakt_interfaces/cmake/robprakt_interfaces__rosidl_typesupport_introspection_cppExport.cmake
[0.863s] -- Up-to-date: /home/prakt3/praktikum_ws/install/robprakt_interfaces/share/robprakt_interfaces/cmake/robprakt_interfaces__rosidl_typesupport_introspection_cppExport-noconfig.cmake
[0.863s] -- Up-to-date: /home/prakt3/praktikum_ws/install/robprakt_interfaces/share/robprakt_interfaces/cmake/robprakt_interfaces__rosidl_typesupport_cppExport.cmake
[0.863s] -- Up-to-date: /home/prakt3/praktikum_ws/install/robprakt_interfaces/share/robprakt_interfaces/cmake/robprakt_interfaces__rosidl_typesupport_cppExport-noconfig.cmake
[0.863s] -- Up-to-date: /home/prakt3/praktikum_ws/install/robprakt_interfaces/share/robprakt_interfaces/cmake/rosidl_cmake-extras.cmake
[0.863s] -- Up-to-date: /home/prakt3/praktikum_ws/install/robprakt_interfaces/share/robprakt_interfaces/cmake/ament_cmake_export_dependencies-extras.cmake
[0.863s] -- Up-to-date: /home/prakt3/praktikum_ws/install/robprakt_interfaces/share/robprakt_interfaces/cmake/ament_cmake_export_libraries-extras.cmake
[0.864s] -- Up-to-date: /home/prakt3/praktikum_ws/install/robprakt_interfaces/share/robprakt_interfaces/cmake/ament_cmake_export_targets-extras.cmake
[0.864s] -- Up-to-date: /home/prakt3/praktikum_ws/install/robprakt_interfaces/share/robprakt_interfaces/cmake/ament_cmake_export_include_directories-extras.cmake
[0.864s] -- Up-to-date: /home/prakt3/praktikum_ws/install/robprakt_interfaces/share/robprakt_interfaces/cmake/rosidl_cmake_export_typesupport_libraries-extras.cmake
[0.864s] -- Up-to-date: /home/prakt3/praktikum_ws/install/robprakt_interfaces/share/robprakt_interfaces/cmake/rosidl_cmake_export_typesupport_targets-extras.cmake
[0.864s] -- Up-to-date: /home/prakt3/praktikum_ws/install/robprakt_interfaces/share/robprakt_interfaces/cmake/robprakt_interfacesConfig.cmake
[0.864s] -- Up-to-date: /home/prakt3/praktikum_ws/install/robprakt_interfaces/share/robprakt_interfaces/cmake/robprakt_interfacesConfig-version.cmake
[0.864s] -- Up-to-date: /home/prakt3/praktikum_ws/install/robprakt_interfaces/share/robprakt_interfaces/package.xml
[0.913s] Invoked command in '/home/prakt3/praktikum_ws/build/robprakt_interfaces' returned '0': CMAKE_PREFIX_PATH=/opt/ros/galactic /usr/bin/cmake --install /home/prakt3/praktikum_ws/build/robprakt_interfaces
