[0.216s] Invoking command in '/home/prakt3/praktikum_ws/build/vrpn': CMAKE_PREFIX_PATH=${CMAKE_PREFIX_PATH}:/home/prakt3/praktikum_ws/install/trajectory:/home/prakt3/praktikum_ws/install/tracking_service:/home/prakt3/praktikum_ws/install/robprakt:/home/prakt3/praktikum_ws/install/picture_to_points_service:/home/prakt3/praktikum_ws/install/move_it_service_python:/home/prakt3/praktikum_ws/install/move_client:/home/prakt3/praktikum_ws/install/launch_param_builder:/opt/ros/galactic /usr/bin/cmake --build /home/prakt3/praktikum_ws/build/vrpn -- -j12 -l12
[0.256s] [  3%] Built target quat
[0.257s] [  6%] Built target vrpn_atmel
[0.258s] [  8%] Built target gpsnmea
[0.263s] [  9%] Built target vrpn_timecode_generator
[0.270s] [ 23%] Built target vrpn
[0.288s] [ 86%] Built target vrpnserver
[0.307s] [ 87%] Built target c_interface_example
[0.307s] [ 87%] Built target run_auxiliary_logger
[0.315s] [ 88%] Built target vrpn_print_devices
[0.328s] [ 89%] Built target vrpn_print_performance
[0.328s] [ 90%] Built target vrpn_print_messages
[0.328s] [ 90%] Built target vrpn_average_analogs
[0.346s] [ 91%] Built target vrpn_streamPrint
[0.355s] [ 99%] Built target vrpn-python
[0.356s] [100%] Built target vrpn_server
[0.577s] Invoked command in '/home/prakt3/praktikum_ws/build/vrpn' returned '0': CMAKE_PREFIX_PATH=${CMAKE_PREFIX_PATH}:/home/prakt3/praktikum_ws/install/trajectory:/home/prakt3/praktikum_ws/install/tracking_service:/home/prakt3/praktikum_ws/install/robprakt:/home/prakt3/praktikum_ws/install/picture_to_points_service:/home/prakt3/praktikum_ws/install/move_it_service_python:/home/prakt3/praktikum_ws/install/move_client:/home/prakt3/praktikum_ws/install/launch_param_builder:/opt/ros/galactic /usr/bin/cmake --build /home/prakt3/praktikum_ws/build/vrpn -- -j12 -l12
[0.905s] Invoking command in '/home/prakt3/praktikum_ws/build/vrpn': CMAKE_PREFIX_PATH=${CMAKE_PREFIX_PATH}:/home/prakt3/praktikum_ws/install/trajectory:/home/prakt3/praktikum_ws/install/tracking_service:/home/prakt3/praktikum_ws/install/robprakt:/home/prakt3/praktikum_ws/install/picture_to_points_service:/home/prakt3/praktikum_ws/install/move_it_service_python:/home/prakt3/praktikum_ws/install/move_client:/home/prakt3/praktikum_ws/install/launch_param_builder:/opt/ros/galactic /usr/bin/cmake --install /home/prakt3/praktikum_ws/build/vrpn
[0.916s] -- Install configuration: "RelWithDebInfo"
[0.916s] -- Up-to-date: /home/prakt3/praktikum_ws/install/vrpn/lib/libvrpnserver.a
[0.916s] -- Up-to-date: /home/prakt3/praktikum_ws/install/vrpn/include/vrpn_Configure.h
[0.916s] -- Up-to-date: /home/prakt3/praktikum_ws/install/vrpn/include/vrpn_Analog.h
[0.916s] -- Up-to-date: /home/prakt3/praktikum_ws/install/vrpn/include/vrpn_Analog_Output.h
[0.916s] -- Up-to-date: /home/prakt3/praktikum_ws/install/vrpn/include/vrpn_Assert.h
[0.916s] -- Up-to-date: /home/prakt3/praktikum_ws/install/vrpn/include/vrpn_Auxiliary_Logger.h
[0.916s] -- Up-to-date: /home/prakt3/praktikum_ws/install/vrpn/include/vrpn_BaseClass.h
[0.916s] -- Up-to-date: /home/prakt3/praktikum_ws/install/vrpn/include/vrpn_Button.h
[0.916s] -- Up-to-date: /home/prakt3/praktikum_ws/install/vrpn/include/vrpn_Connection.h
[0.917s] -- Up-to-date: /home/prakt3/praktikum_ws/install/vrpn/include/vrpn_ConnectionPtr.h
[0.917s] -- Up-to-date: /home/prakt3/praktikum_ws/install/vrpn/include/vrpn_Dial.h
[0.917s] -- Up-to-date: /home/prakt3/praktikum_ws/install/vrpn/include/vrpn_EndpointContainer.h
[0.917s] -- Up-to-date: /home/prakt3/praktikum_ws/install/vrpn/include/vrpn_FileConnection.h
[0.917s] -- Up-to-date: /home/prakt3/praktikum_ws/install/vrpn/include/vrpn_FileController.h
[0.917s] -- Up-to-date: /home/prakt3/praktikum_ws/install/vrpn/include/vrpn_ForceDevice.h
[0.917s] -- Up-to-date: /home/prakt3/praktikum_ws/install/vrpn/include/vrpn_ForwarderController.h
[0.917s] -- Up-to-date: /home/prakt3/praktikum_ws/install/vrpn/include/vrpn_Forwarder.h
[0.917s] -- Up-to-date: /home/prakt3/praktikum_ws/install/vrpn/include/vrpn_FunctionGenerator.h
[0.917s] -- Up-to-date: /home/prakt3/praktikum_ws/install/vrpn/include/vrpn_Imager.h
[0.917s] -- Up-to-date: /home/prakt3/praktikum_ws/install/vrpn/include/vrpn_LamportClock.h
[0.917s] -- Up-to-date: /home/prakt3/praktikum_ws/install/vrpn/include/vrpn_Log.h
[0.917s] -- Up-to-date: /home/prakt3/praktikum_ws/install/vrpn/include/vrpn_MainloopContainer.h
[0.917s] -- Up-to-date: /home/prakt3/praktikum_ws/install/vrpn/include/vrpn_MainloopObject.h
[0.917s] -- Up-to-date: /home/prakt3/praktikum_ws/install/vrpn/include/vrpn_Mutex.h
[0.917s] -- Up-to-date: /home/prakt3/praktikum_ws/install/vrpn/include/vrpn_OwningPtr.h
[0.917s] -- Up-to-date: /home/prakt3/praktikum_ws/install/vrpn/include/vrpn_RedundantTransmission.h
[0.917s] -- Up-to-date: /home/prakt3/praktikum_ws/install/vrpn/include/vrpn_SendTextMessageStreamProxy.h
[0.917s] -- Up-to-date: /home/prakt3/praktikum_ws/install/vrpn/include/vrpn_Serial.h
[0.917s] -- Up-to-date: /home/prakt3/praktikum_ws/install/vrpn/include/vrpn_SerialPort.h
[0.917s] -- Up-to-date: /home/prakt3/praktikum_ws/install/vrpn/include/vrpn_Shared.h
[0.918s] -- Up-to-date: /home/prakt3/praktikum_ws/install/vrpn/include/vrpn_SharedObject.h
[0.918s] -- Up-to-date: /home/prakt3/praktikum_ws/install/vrpn/include/vrpn_Sound.h
[0.918s] -- Up-to-date: /home/prakt3/praktikum_ws/install/vrpn/include/vrpn_Text.h
[0.918s] -- Up-to-date: /home/prakt3/praktikum_ws/install/vrpn/include/vrpn_Thread.h
[0.918s] -- Up-to-date: /home/prakt3/praktikum_ws/install/vrpn/include/vrpn_Tracker.h
[0.918s] -- Up-to-date: /home/prakt3/praktikum_ws/install/vrpn/include/vrpn_Types.h
[0.918s] -- Up-to-date: /home/prakt3/praktikum_ws/install/vrpn/include/vrpn_WindowsH.h
[0.918s] -- Up-to-date: /home/prakt3/praktikum_ws/install/vrpn/include/vrpn_3DConnexion.h
[0.918s] -- Up-to-date: /home/prakt3/praktikum_ws/install/vrpn/include/vrpn_3DMicroscribe.h
[0.918s] -- Up-to-date: /home/prakt3/praktikum_ws/install/vrpn/include/vrpn_3Space.h
[0.918s] -- Up-to-date: /home/prakt3/praktikum_ws/install/vrpn/include/vrpn_5DT16.h
[0.918s] -- Up-to-date: /home/prakt3/praktikum_ws/install/vrpn/include/vrpn_Adafruit.h
[0.918s] -- Up-to-date: /home/prakt3/praktikum_ws/install/vrpn/include/vrpn_ADBox.h
[0.918s] -- Up-to-date: /home/prakt3/praktikum_ws/install/vrpn/include/vrpn_Analog_5dt.h
[0.918s] -- Up-to-date: /home/prakt3/praktikum_ws/install/vrpn/include/vrpn_Analog_5dtUSB.h
[0.918s] -- Up-to-date: /home/prakt3/praktikum_ws/install/vrpn/include/vrpn_Analog_Radamec_SPI.h
[0.918s] -- Up-to-date: /home/prakt3/praktikum_ws/install/vrpn/include/vrpn_Analog_USDigital_A2.h
[0.918s] -- Up-to-date: /home/prakt3/praktikum_ws/install/vrpn/include/vrpn_Atmel.h
[0.918s] -- Up-to-date: /home/prakt3/praktikum_ws/install/vrpn/include/vrpn_BiosciencesTools.h
[0.918s] -- Up-to-date: /home/prakt3/praktikum_ws/install/vrpn/include/vrpn_Button_NI_DIO24.h
[0.919s] -- Up-to-date: /home/prakt3/praktikum_ws/install/vrpn/include/vrpn_Button_USB.h
[0.919s] -- Up-to-date: /home/prakt3/praktikum_ws/install/vrpn/include/vrpn_CerealBox.h
[0.919s] -- Up-to-date: /home/prakt3/praktikum_ws/install/vrpn/include/vrpn_CHProducts_Controller_Raw.h
[0.919s] -- Up-to-date: /home/prakt3/praktikum_ws/install/vrpn/include/vrpn_Contour.h
[0.919s] -- Up-to-date: /home/prakt3/praktikum_ws/install/vrpn/include/vrpn_DevInput.h
[0.919s] -- Up-to-date: /home/prakt3/praktikum_ws/install/vrpn/include/vrpn_DirectXFFJoystick.h
[0.919s] -- Up-to-date: /home/prakt3/praktikum_ws/install/vrpn/include/vrpn_DirectXRumblePad.h
[0.923s] -- Up-to-date: /home/prakt3/praktikum_ws/install/vrpn/include/vrpn_DreamCheeky.h
[0.923s] -- Up-to-date: /home/prakt3/praktikum_ws/install/vrpn/include/vrpn_Dyna.h
[0.923s] -- Up-to-date: /home/prakt3/praktikum_ws/install/vrpn/include/vrpn_Event_Analog.h
[0.923s] -- Up-to-date: /home/prakt3/praktikum_ws/install/vrpn/include/vrpn_Event.h
[0.923s] -- Up-to-date: /home/prakt3/praktikum_ws/install/vrpn/include/vrpn_Event_Mouse.h
[0.923s] -- Up-to-date: /home/prakt3/praktikum_ws/install/vrpn/include/vrpn_Flock.h
[0.923s] -- Up-to-date: /home/prakt3/praktikum_ws/install/vrpn/include/vrpn_Flock_Parallel.h
[0.923s] -- Up-to-date: /home/prakt3/praktikum_ws/install/vrpn/include/vrpn_ForceDeviceServer.h
[0.923s] -- Up-to-date: /home/prakt3/praktikum_ws/install/vrpn/include/vrpn_Freespace.h
[0.924s] -- Up-to-date: /home/prakt3/praktikum_ws/install/vrpn/include/vrpn_FunctionGenerator.h
[0.925s] -- Up-to-date: /home/prakt3/praktikum_ws/install/vrpn/include/vrpn_Futaba.h
[0.925s] -- Up-to-date: /home/prakt3/praktikum_ws/install/vrpn/include/vrpn_GlobalHapticsOrb.h
[0.925s] -- Up-to-date: /home/prakt3/praktikum_ws/install/vrpn/include/vrpn_Griffin.h
[0.925s] -- Up-to-date: /home/prakt3/praktikum_ws/install/vrpn/include/vrpn_HashST.h
[0.926s] -- Up-to-date: /home/prakt3/praktikum_ws/install/vrpn/include/vrpn_HumanInterface.h
[0.926s] -- Up-to-date: /home/prakt3/praktikum_ws/install/vrpn/include/vrpn_IDEA.h
[0.927s] -- Up-to-date: /home/prakt3/praktikum_ws/install/vrpn/include/vrpn_Imager_Stream_Buffer.h
[0.927s] -- Up-to-date: /home/prakt3/praktikum_ws/install/vrpn/include/vrpn_ImmersionBox.h
[0.927s] -- Up-to-date: /home/prakt3/praktikum_ws/install/vrpn/include/vrpn_inertiamouse.h
[0.927s] -- Up-to-date: /home/prakt3/praktikum_ws/install/vrpn/include/vrpn_JoyFly.h
[0.928s] -- Up-to-date: /home/prakt3/praktikum_ws/install/vrpn/include/vrpn_Joylin.h
[0.928s] -- Up-to-date: /home/prakt3/praktikum_ws/install/vrpn/include/vrpn_Joywin32.h
[0.929s] -- Up-to-date: /home/prakt3/praktikum_ws/install/vrpn/include/vrpn_Keyboard.h
[0.929s] -- Up-to-date: /home/prakt3/praktikum_ws/install/vrpn/include/vrpn_Logitech_Controller_Raw.h
[0.930s] -- Up-to-date: /home/prakt3/praktikum_ws/install/vrpn/include/vrpn_Laputa.h
[0.930s] -- Up-to-date: /home/prakt3/praktikum_ws/install/vrpn/include/vrpn_LUDL.h
[0.930s] -- Up-to-date: /home/prakt3/praktikum_ws/install/vrpn/include/vrpn_Magellan.h
[0.930s] -- Up-to-date: /home/prakt3/praktikum_ws/install/vrpn/include/vrpn_MessageMacros.h
[0.930s] -- Up-to-date: /home/prakt3/praktikum_ws/install/vrpn/include/vrpn_Microsoft_Controller_Raw.h
[0.931s] -- Up-to-date: /home/prakt3/praktikum_ws/install/vrpn/include/vrpn_Mouse.h
[0.931s] -- Up-to-date: /home/prakt3/praktikum_ws/install/vrpn/include/vrpn_NationalInstruments.h
[0.931s] -- Up-to-date: /home/prakt3/praktikum_ws/install/vrpn/include/vrpn_Nidaq.h
[0.931s] -- Up-to-date: /home/prakt3/praktikum_ws/install/vrpn/include/vrpn_nikon_controls.h
[0.931s] -- Up-to-date: /home/prakt3/praktikum_ws/install/vrpn/include/vrpn_nVidia_shield_controller.h
[0.931s] -- Up-to-date: /home/prakt3/praktikum_ws/install/vrpn/include/vrpn_Oculus.h
[0.932s] -- Up-to-date: /home/prakt3/praktikum_ws/install/vrpn/include/vrpn_OmegaTemperature.h
[0.934s] -- Up-to-date: /home/prakt3/praktikum_ws/install/vrpn/include/vrpn_OneEuroFilter.h
[0.934s] -- Up-to-date: /home/prakt3/praktikum_ws/install/vrpn/include/vrpn_OzzMaker.h
[0.934s] -- Up-to-date: /home/prakt3/praktikum_ws/install/vrpn/include/vrpn_Poser_Analog.h
[0.934s] -- Up-to-date: /home/prakt3/praktikum_ws/install/vrpn/include/vrpn_Poser.h
[0.934s] -- Up-to-date: /home/prakt3/praktikum_ws/install/vrpn/include/vrpn_Poser_Tek4662.h
[0.934s] -- Up-to-date: /home/prakt3/praktikum_ws/install/vrpn/include/vrpn_raw_sgibox.h
[0.934s] -- Up-to-date: /home/prakt3/praktikum_ws/install/vrpn/include/vrpn_Retrolink.h
[0.935s] -- Up-to-date: /home/prakt3/praktikum_ws/install/vrpn/include/vrpn_Saitek_Controller_Raw.h
[0.935s] -- Up-to-date: /home/prakt3/praktikum_ws/install/vrpn/include/vrpn_sgibox.h
[0.935s] -- Up-to-date: /home/prakt3/praktikum_ws/install/vrpn/include/vrpn_Spaceball.h
[0.935s] -- Up-to-date: /home/prakt3/praktikum_ws/install/vrpn/include/vrpn_Streaming_Arduino.h
[0.935s] -- Up-to-date: /home/prakt3/praktikum_ws/install/vrpn/include/vrpn_Tng3.h
[0.935s] -- Up-to-date: /home/prakt3/praktikum_ws/install/vrpn/include/vrpn_Tracker_3DMouse.h
[0.935s] -- Up-to-date: /home/prakt3/praktikum_ws/install/vrpn/include/vrpn_Tracker_AnalogFly.h
[0.935s] -- Up-to-date: /home/prakt3/praktikum_ws/install/vrpn/include/vrpn_Tracker_ButtonFly.h
[0.935s] -- Up-to-date: /home/prakt3/praktikum_ws/install/vrpn/include/vrpn_Tracker_Crossbow.h
[0.935s] -- Up-to-date: /home/prakt3/praktikum_ws/install/vrpn/include/vrpn_Tracker_DTrack.h
[0.935s] -- Up-to-date: /home/prakt3/praktikum_ws/install/vrpn/include/vrpn_Tracker_Fastrak.h
[0.935s] -- Up-to-date: /home/prakt3/praktikum_ws/install/vrpn/include/vrpn_Tracker_Filter.h
[0.935s] -- Up-to-date: /home/prakt3/praktikum_ws/install/vrpn/include/vrpn_Tracker_GameTrak.h
[0.935s] -- Up-to-date: /home/prakt3/praktikum_ws/install/vrpn/include/vrpn_Tracker_GPS.h
[0.935s] -- Up-to-date: /home/prakt3/praktikum_ws/install/vrpn/include/vrpn_Tracker_IMU.h
[0.935s] -- Up-to-date: /home/prakt3/praktikum_ws/install/vrpn/include/vrpn_Tracker_isense.h
[0.935s] -- Up-to-date: /home/prakt3/praktikum_ws/install/vrpn/include/vrpn_Tracker_Isotrak.h
[0.935s] -- Up-to-date: /home/prakt3/praktikum_ws/install/vrpn/include/vrpn_Tracker_JsonNet.h
[0.936s] -- Up-to-date: /home/prakt3/praktikum_ws/install/vrpn/include/vrpn_Tracker_Liberty.h
[0.936s] -- Up-to-date: /home/prakt3/praktikum_ws/install/vrpn/include/vrpn_Tracker_MotionNode.h
[0.936s] -- Up-to-date: /home/prakt3/praktikum_ws/install/vrpn/include/vrpn_Tracker_NDI_Polaris.h
[0.936s] -- Up-to-date: /home/prakt3/praktikum_ws/install/vrpn/include/vrpn_Tracker_NovintFalcon.h
[0.936s] -- Up-to-date: /home/prakt3/praktikum_ws/install/vrpn/include/vrpn_Tracker_OSVRHackerDevKit.h
[0.936s] -- Up-to-date: /home/prakt3/praktikum_ws/install/vrpn/include/vrpn_Tracker_PDI.h
[0.936s] -- Up-to-date: /home/prakt3/praktikum_ws/install/vrpn/include/vrpn_Tracker_PhaseSpace.h
[0.936s] -- Up-to-date: /home/prakt3/praktikum_ws/install/vrpn/include/vrpn_Tracker_RazerHydra.h
[0.936s] -- Up-to-date: /home/prakt3/praktikum_ws/install/vrpn/include/vrpn_Tracker_ThalmicLabsMyo.h
[0.936s] -- Up-to-date: /home/prakt3/praktikum_ws/install/vrpn/include/vrpn_Tracker_SpacePoint.h
[0.936s] -- Up-to-date: /home/prakt3/praktikum_ws/install/vrpn/include/vrpn_Tracker_Wintracker.h
[0.936s] -- Up-to-date: /home/prakt3/praktikum_ws/install/vrpn/include/vrpn_Tracker_Colibri.h
[0.936s] -- Up-to-date: /home/prakt3/praktikum_ws/install/vrpn/include/vrpn_Tracker_TrivisioColibri.h
[0.936s] -- Up-to-date: /home/prakt3/praktikum_ws/install/vrpn/include/vrpn_Tracker_WiimoteHead.h
[0.936s] -- Up-to-date: /home/prakt3/praktikum_ws/install/vrpn/include/vrpn_Tracker_zSight.h
[0.936s] -- Up-to-date: /home/prakt3/praktikum_ws/install/vrpn/include/vrpn_Tracker_ViewPoint.h
[0.936s] -- Up-to-date: /home/prakt3/praktikum_ws/install/vrpn/include/vrpn_UNC_Joystick.h
[0.936s] -- Up-to-date: /home/prakt3/praktikum_ws/install/vrpn/include/vrpn_VPJoystick.h
[0.936s] -- Up-to-date: /home/prakt3/praktikum_ws/install/vrpn/include/vrpn_Wanda.h
[0.937s] -- Up-to-date: /home/prakt3/praktikum_ws/install/vrpn/include/vrpn_WiiMote.h
[0.937s] -- Up-to-date: /home/prakt3/praktikum_ws/install/vrpn/include/vrpn_XInputGamepad.h
[0.937s] -- Up-to-date: /home/prakt3/praktikum_ws/install/vrpn/include/vrpn_Xkeys.h
[0.937s] -- Up-to-date: /home/prakt3/praktikum_ws/install/vrpn/include/vrpn_Tracker_LibertyHS.h
[0.937s] -- Up-to-date: /home/prakt3/praktikum_ws/install/vrpn/include/vrpn_YEI_3Space.h
[0.937s] -- Up-to-date: /home/prakt3/praktikum_ws/install/vrpn/include/vrpn_Zaber.h
[0.937s] -- Up-to-date: /home/prakt3/praktikum_ws/install/vrpn/include/vrpn_Generic_server_object.h
[0.937s] -- Up-to-date: /home/prakt3/praktikum_ws/install/vrpn/share/vrpn/package.xml
[0.937s] -- Up-to-date: /home/prakt3/praktikum_ws/install/vrpn/share/vrpn/cmake/VRPNConfig.cmake
[0.937s] -- Up-to-date: /home/prakt3/praktikum_ws/install/vrpn/share/quatlib/cmake/quatlibConfig.cmake
[0.937s] -- Up-to-date: /home/prakt3/praktikum_ws/install/vrpn/lib/libvrpn.a
[0.937s] -- Up-to-date: /home/prakt3/praktikum_ws/install/vrpn/include/vrpn_Configure.h
[0.937s] -- Up-to-date: /home/prakt3/praktikum_ws/install/vrpn/include/vrpn_Analog.h
[0.937s] -- Up-to-date: /home/prakt3/praktikum_ws/install/vrpn/include/vrpn_Analog_Output.h
[0.937s] -- Up-to-date: /home/prakt3/praktikum_ws/install/vrpn/include/vrpn_Assert.h
[0.937s] -- Up-to-date: /home/prakt3/praktikum_ws/install/vrpn/include/vrpn_Auxiliary_Logger.h
[0.937s] -- Up-to-date: /home/prakt3/praktikum_ws/install/vrpn/include/vrpn_BaseClass.h
[0.937s] -- Up-to-date: /home/prakt3/praktikum_ws/install/vrpn/include/vrpn_Button.h
[0.937s] -- Up-to-date: /home/prakt3/praktikum_ws/install/vrpn/include/vrpn_Connection.h
[0.938s] -- Up-to-date: /home/prakt3/praktikum_ws/install/vrpn/include/vrpn_ConnectionPtr.h
[0.938s] -- Up-to-date: /home/prakt3/praktikum_ws/install/vrpn/include/vrpn_Dial.h
[0.938s] -- Up-to-date: /home/prakt3/praktikum_ws/install/vrpn/include/vrpn_EndpointContainer.h
[0.938s] -- Up-to-date: /home/prakt3/praktikum_ws/install/vrpn/include/vrpn_FileConnection.h
[0.938s] -- Up-to-date: /home/prakt3/praktikum_ws/install/vrpn/include/vrpn_FileController.h
[0.938s] -- Up-to-date: /home/prakt3/praktikum_ws/install/vrpn/include/vrpn_ForceDevice.h
[0.938s] -- Up-to-date: /home/prakt3/praktikum_ws/install/vrpn/include/vrpn_ForwarderController.h
[0.938s] -- Up-to-date: /home/prakt3/praktikum_ws/install/vrpn/include/vrpn_Forwarder.h
[0.938s] -- Up-to-date: /home/prakt3/praktikum_ws/install/vrpn/include/vrpn_FunctionGenerator.h
[0.938s] -- Up-to-date: /home/prakt3/praktikum_ws/install/vrpn/include/vrpn_Imager.h
[0.938s] -- Up-to-date: /home/prakt3/praktikum_ws/install/vrpn/include/vrpn_LamportClock.h
[0.938s] -- Up-to-date: /home/prakt3/praktikum_ws/install/vrpn/include/vrpn_Log.h
[0.938s] -- Up-to-date: /home/prakt3/praktikum_ws/install/vrpn/include/vrpn_MainloopContainer.h
[0.938s] -- Up-to-date: /home/prakt3/praktikum_ws/install/vrpn/include/vrpn_MainloopObject.h
[0.938s] -- Up-to-date: /home/prakt3/praktikum_ws/install/vrpn/include/vrpn_Mutex.h
[0.938s] -- Up-to-date: /home/prakt3/praktikum_ws/install/vrpn/include/vrpn_OwningPtr.h
[0.938s] -- Up-to-date: /home/prakt3/praktikum_ws/install/vrpn/include/vrpn_RedundantTransmission.h
[0.938s] -- Up-to-date: /home/prakt3/praktikum_ws/install/vrpn/include/vrpn_SendTextMessageStreamProxy.h
[0.938s] -- Up-to-date: /home/prakt3/praktikum_ws/install/vrpn/include/vrpn_Serial.h
[0.939s] -- Up-to-date: /home/prakt3/praktikum_ws/install/vrpn/include/vrpn_SerialPort.h
[0.939s] -- Up-to-date: /home/prakt3/praktikum_ws/install/vrpn/include/vrpn_Shared.h
[0.939s] -- Up-to-date: /home/prakt3/praktikum_ws/install/vrpn/include/vrpn_SharedObject.h
[0.939s] -- Up-to-date: /home/prakt3/praktikum_ws/install/vrpn/include/vrpn_Sound.h
[0.939s] -- Up-to-date: /home/prakt3/praktikum_ws/install/vrpn/include/vrpn_Text.h
[0.939s] -- Up-to-date: /home/prakt3/praktikum_ws/install/vrpn/include/vrpn_Thread.h
[0.939s] -- Up-to-date: /home/prakt3/praktikum_ws/install/vrpn/include/vrpn_Tracker.h
[0.939s] -- Up-to-date: /home/prakt3/praktikum_ws/install/vrpn/include/vrpn_Types.h
[0.939s] -- Up-to-date: /home/prakt3/praktikum_ws/install/vrpn/include/vrpn_WindowsH.h
[0.939s] -- Up-to-date: /home/prakt3/praktikum_ws/install/vrpn/lib/libquat.a
[0.939s] -- Up-to-date: /home/prakt3/praktikum_ws/install/vrpn/include/quat.h
[0.939s] -- Up-to-date: /home/prakt3/praktikum_ws/install/vrpn/lib/libquat.a
[0.939s] -- Up-to-date: /home/prakt3/praktikum_ws/install/vrpn/include/quat.h
[0.939s] -- Up-to-date: /home/prakt3/praktikum_ws/install/vrpn/lib/libvrpn_atmel.a
[0.939s] -- Up-to-date: /home/prakt3/praktikum_ws/install/vrpn/include/vrpn_atmellib_errno.h
[0.939s] -- Up-to-date: /home/prakt3/praktikum_ws/install/vrpn/include/vrpn_atmellib.h
[0.939s] -- Up-to-date: /home/prakt3/praktikum_ws/install/vrpn/lib/libgpsnmea.a
[0.939s] -- Up-to-date: /home/prakt3/praktikum_ws/install/vrpn/include/nmeaParser.h
[0.939s] -- Up-to-date: /home/prakt3/praktikum_ws/install/vrpn/include/utmCoord.h
[0.939s] -- Up-to-date: /home/prakt3/praktikum_ws/install/vrpn/include/latLonCoord.h
[0.940s] -- Up-to-date: /home/prakt3/praktikum_ws/install/vrpn/bin/c_interface_example
[0.940s] -- Up-to-date: /home/prakt3/praktikum_ws/install/vrpn/bin/vrpn_average_analogs
[0.940s] -- Up-to-date: /home/prakt3/praktikum_ws/install/vrpn/bin/vrpn_print_devices
[0.940s] -- Up-to-date: /home/prakt3/praktikum_ws/install/vrpn/bin/vrpn_print_performance
[0.940s] -- Up-to-date: /home/prakt3/praktikum_ws/install/vrpn/bin/vrpn_print_messages
[0.940s] -- Up-to-date: /home/prakt3/praktikum_ws/install/vrpn/bin/run_auxiliary_logger
[0.940s] -- Up-to-date: /home/prakt3/praktikum_ws/install/vrpn/bin/vrpn_server
[0.940s] -- Up-to-date: /home/prakt3/praktikum_ws/install/vrpn/etc/vrpn.cfg
[0.940s] -- Up-to-date: /home/prakt3/praktikum_ws/install/vrpn/share/vrpn-07.34/vrpn.cfg.sample
[0.940s] -- Up-to-date: /home/prakt3/praktikum_ws/install/vrpn/lib/libvrpn_timecode_generator.a
[0.940s] -- Up-to-date: /home/prakt3/praktikum_ws/install/vrpn/include/vrpn_timecode_generator.h
[0.941s] -- Up-to-date: /home/prakt3/praktikum_ws/install/vrpn/bin/vrpn_streamPrint
[0.942s] -- Up-to-date: /home/prakt3/praktikum_ws/install/vrpn/lib/python3.8/dist-packages/vrpn.so
[0.956s] Invoked command in '/home/prakt3/praktikum_ws/build/vrpn' returned '0': CMAKE_PREFIX_PATH=${CMAKE_PREFIX_PATH}:/home/prakt3/praktikum_ws/install/trajectory:/home/prakt3/praktikum_ws/install/tracking_service:/home/prakt3/praktikum_ws/install/robprakt:/home/prakt3/praktikum_ws/install/picture_to_points_service:/home/prakt3/praktikum_ws/install/move_it_service_python:/home/prakt3/praktikum_ws/install/move_client:/home/prakt3/praktikum_ws/install/launch_param_builder:/opt/ros/galactic /usr/bin/cmake --install /home/prakt3/praktikum_ws/build/vrpn
