[  3%] Built target robprakt_interfaces__cpp
[ 12%] Built target robprakt_interfaces__rosidl_generator_c
[ 22%] Built target robprakt_interfaces__rosidl_typesupport_introspection_cpp
[ 32%] Built target robprakt_interfaces__rosidl_typesupport_cpp
[ 41%] Built target robprakt_interfaces__rosidl_typesupport_c
[ 51%] Built target robprakt_interfaces__rosidl_typesupport_fastrtps_cpp
[ 61%] Built target robprakt_interfaces__rosidl_typesupport_introspection_c
[ 70%] Built target robprakt_interfaces__rosidl_typesupport_fastrtps_c
[ 70%] Built target robprakt_interfaces
[ 74%] Built target robprakt_interfaces__py
[ 80%] Built target robprakt_interfaces__python
[ 87%] Built target robprakt_interfaces__rosidl_typesupport_c__pyext
[ 96%] Built target robprakt_interfaces__rosidl_typesupport_introspection_c__pyext
[100%] Built target robprakt_interfaces__rosidl_typesupport_fastrtps_c__pyext
-- Install configuration: ""
-- Up-to-date: /home/prakt3/praktikum_ws/install/robprakt_interfaces/share/ament_index/resource_index/rosidl_interfaces/robprakt_interfaces
-- Up-to-date: /home/prakt3/praktikum_ws/install/robprakt_interfaces/include/robprakt_interfaces
-- Up-to-date: /home/prakt3/praktikum_ws/install/robprakt_interfaces/include/robprakt_interfaces/srv
-- Up-to-date: /home/prakt3/praktikum_ws/install/robprakt_interfaces/include/robprakt_interfaces/srv/set_ur_io.h
-- Up-to-date: /home/prakt3/praktikum_ws/install/robprakt_interfaces/include/robprakt_interfaces/srv/detail
-- Up-to-date: /home/prakt3/praktikum_ws/install/robprakt_interfaces/include/robprakt_interfaces/srv/detail/set_ur_io__functions.c
-- Up-to-date: /home/prakt3/praktikum_ws/install/robprakt_interfaces/include/robprakt_interfaces/srv/detail/set_ur_io__struct.h
-- Up-to-date: /home/prakt3/praktikum_ws/install/robprakt_interfaces/include/robprakt_interfaces/srv/detail/set_ur_io__functions.h
-- Up-to-date: /home/prakt3/praktikum_ws/install/robprakt_interfaces/include/robprakt_interfaces/srv/detail/set_ur_io__type_support.h
-- Up-to-date: /home/prakt3/praktikum_ws/install/robprakt_interfaces/include/robprakt_interfaces/msg
-- Up-to-date: /home/prakt3/praktikum_ws/install/robprakt_interfaces/include/robprakt_interfaces/msg/rosidl_generator_c__visibility_control.h
-- Up-to-date: /home/prakt3/praktikum_ws/install/robprakt_interfaces/share/robprakt_interfaces/environment/library_path.sh
-- Up-to-date: /home/prakt3/praktikum_ws/install/robprakt_interfaces/share/robprakt_interfaces/environment/library_path.dsv
-- Up-to-date: /home/prakt3/praktikum_ws/install/robprakt_interfaces/lib/librobprakt_interfaces__rosidl_generator_c.so
-- Up-to-date: /home/prakt3/praktikum_ws/install/robprakt_interfaces/include/robprakt_interfaces
-- Up-to-date: /home/prakt3/praktikum_ws/install/robprakt_interfaces/include/robprakt_interfaces/srv
-- Up-to-date: /home/prakt3/praktikum_ws/install/robprakt_interfaces/include/robprakt_interfaces/srv/detail
-- Up-to-date: /home/prakt3/praktikum_ws/install/robprakt_interfaces/include/robprakt_interfaces/srv/detail/set_ur_io__rosidl_typesupport_fastrtps_c.h
-- Up-to-date: /home/prakt3/praktikum_ws/install/robprakt_interfaces/include/robprakt_interfaces/msg
-- Up-to-date: /home/prakt3/praktikum_ws/install/robprakt_interfaces/include/robprakt_interfaces/msg/rosidl_typesupport_fastrtps_c__visibility_control.h
-- Up-to-date: /home/prakt3/praktikum_ws/install/robprakt_interfaces/lib/librobprakt_interfaces__rosidl_typesupport_fastrtps_c.so
-- Up-to-date: /home/prakt3/praktikum_ws/install/robprakt_interfaces/include/robprakt_interfaces
-- Up-to-date: /home/prakt3/praktikum_ws/install/robprakt_interfaces/include/robprakt_interfaces/srv
-- Up-to-date: /home/prakt3/praktikum_ws/install/robprakt_interfaces/include/robprakt_interfaces/srv/detail
-- Up-to-date: /home/prakt3/praktikum_ws/install/robprakt_interfaces/include/robprakt_interfaces/srv/detail/set_ur_io__rosidl_typesupport_fastrtps_cpp.hpp
-- Up-to-date: /home/prakt3/praktikum_ws/install/robprakt_interfaces/include/robprakt_interfaces/srv/detail/dds_fastrtps
-- Up-to-date: /home/prakt3/praktikum_ws/install/robprakt_interfaces/include/robprakt_interfaces/msg
-- Up-to-date: /home/prakt3/praktikum_ws/install/robprakt_interfaces/include/robprakt_interfaces/msg/rosidl_typesupport_fastrtps_cpp__visibility_control.h
-- Up-to-date: /home/prakt3/praktikum_ws/install/robprakt_interfaces/lib/librobprakt_interfaces__rosidl_typesupport_fastrtps_cpp.so
-- Up-to-date: /home/prakt3/praktikum_ws/install/robprakt_interfaces/include/robprakt_interfaces
-- Up-to-date: /home/prakt3/praktikum_ws/install/robprakt_interfaces/include/robprakt_interfaces/srv
-- Up-to-date: /home/prakt3/praktikum_ws/install/robprakt_interfaces/include/robprakt_interfaces/srv/detail
-- Up-to-date: /home/prakt3/praktikum_ws/install/robprakt_interfaces/include/robprakt_interfaces/srv/detail/set_ur_io__rosidl_typesupport_introspection_c.h
-- Up-to-date: /home/prakt3/praktikum_ws/install/robprakt_interfaces/include/robprakt_interfaces/srv/detail/set_ur_io__type_support.c
-- Up-to-date: /home/prakt3/praktikum_ws/install/robprakt_interfaces/include/robprakt_interfaces/msg
-- Up-to-date: /home/prakt3/praktikum_ws/install/robprakt_interfaces/include/robprakt_interfaces/msg/rosidl_typesupport_introspection_c__visibility_control.h
-- Up-to-date: /home/prakt3/praktikum_ws/install/robprakt_interfaces/lib/librobprakt_interfaces__rosidl_typesupport_introspection_c.so
-- Up-to-date: /home/prakt3/praktikum_ws/install/robprakt_interfaces/lib/librobprakt_interfaces__rosidl_typesupport_c.so
-- Up-to-date: /home/prakt3/praktikum_ws/install/robprakt_interfaces/include/robprakt_interfaces
-- Up-to-date: /home/prakt3/praktikum_ws/install/robprakt_interfaces/include/robprakt_interfaces/srv
-- Up-to-date: /home/prakt3/praktikum_ws/install/robprakt_interfaces/include/robprakt_interfaces/srv/detail
-- Up-to-date: /home/prakt3/praktikum_ws/install/robprakt_interfaces/include/robprakt_interfaces/srv/detail/set_ur_io__struct.hpp
-- Up-to-date: /home/prakt3/praktikum_ws/install/robprakt_interfaces/include/robprakt_interfaces/srv/detail/set_ur_io__traits.hpp
-- Up-to-date: /home/prakt3/praktikum_ws/install/robprakt_interfaces/include/robprakt_interfaces/srv/detail/set_ur_io__builder.hpp
-- Up-to-date: /home/prakt3/praktikum_ws/install/robprakt_interfaces/include/robprakt_interfaces/srv/set_ur_io.hpp
-- Up-to-date: /home/prakt3/praktikum_ws/install/robprakt_interfaces/include/robprakt_interfaces
-- Up-to-date: /home/prakt3/praktikum_ws/install/robprakt_interfaces/include/robprakt_interfaces/srv
-- Up-to-date: /home/prakt3/praktikum_ws/install/robprakt_interfaces/include/robprakt_interfaces/srv/detail
-- Up-to-date: /home/prakt3/praktikum_ws/install/robprakt_interfaces/include/robprakt_interfaces/srv/detail/set_ur_io__rosidl_typesupport_introspection_cpp.hpp
-- Up-to-date: /home/prakt3/praktikum_ws/install/robprakt_interfaces/include/robprakt_interfaces/srv/detail/set_ur_io__type_support.cpp
-- Up-to-date: /home/prakt3/praktikum_ws/install/robprakt_interfaces/lib/librobprakt_interfaces__rosidl_typesupport_introspection_cpp.so
-- Up-to-date: /home/prakt3/praktikum_ws/install/robprakt_interfaces/lib/librobprakt_interfaces__rosidl_typesupport_cpp.so
-- Up-to-date: /home/prakt3/praktikum_ws/install/robprakt_interfaces/share/robprakt_interfaces/environment/pythonpath.sh
-- Up-to-date: /home/prakt3/praktikum_ws/install/robprakt_interfaces/share/robprakt_interfaces/environment/pythonpath.dsv
-- Up-to-date: /home/prakt3/praktikum_ws/install/robprakt_interfaces/lib/python3.8/site-packages/robprakt_interfaces/__init__.py
-- Up-to-date: /home/prakt3/praktikum_ws/install/robprakt_interfaces/lib/python3.8/site-packages/robprakt_interfaces/srv
-- Up-to-date: /home/prakt3/praktikum_ws/install/robprakt_interfaces/lib/python3.8/site-packages/robprakt_interfaces/srv/_set_ur_io_s.c
-- Up-to-date: /home/prakt3/praktikum_ws/install/robprakt_interfaces/lib/python3.8/site-packages/robprakt_interfaces/srv/_set_ur_io.py
-- Up-to-date: /home/prakt3/praktikum_ws/install/robprakt_interfaces/lib/python3.8/site-packages/robprakt_interfaces/srv/__init__.py
-- Up-to-date: /home/prakt3/praktikum_ws/install/robprakt_interfaces/lib/python3.8/site-packages/robprakt_interfaces/robprakt_interfaces_s__rosidl_typesupport_fastrtps_c.cpython-38-x86_64-linux-gnu.so
-- Up-to-date: /home/prakt3/praktikum_ws/install/robprakt_interfaces/lib/python3.8/site-packages/robprakt_interfaces/robprakt_interfaces_s__rosidl_typesupport_introspection_c.cpython-38-x86_64-linux-gnu.so
-- Up-to-date: /home/prakt3/praktikum_ws/install/robprakt_interfaces/lib/python3.8/site-packages/robprakt_interfaces/robprakt_interfaces_s__rosidl_typesupport_c.cpython-38-x86_64-linux-gnu.so
-- Up-to-date: /home/prakt3/praktikum_ws/install/robprakt_interfaces/lib/librobprakt_interfaces__python.so
-- Up-to-date: /home/prakt3/praktikum_ws/install/robprakt_interfaces/share/robprakt_interfaces/srv/SetUrIo.idl
-- Up-to-date: /home/prakt3/praktikum_ws/install/robprakt_interfaces/share/robprakt_interfaces/srv/SetUrIo.srv
-- Up-to-date: /home/prakt3/praktikum_ws/install/robprakt_interfaces/share/robprakt_interfaces/srv/SetUrIo_Request.msg
-- Up-to-date: /home/prakt3/praktikum_ws/install/robprakt_interfaces/share/robprakt_interfaces/srv/SetUrIo_Response.msg
-- Up-to-date: /home/prakt3/praktikum_ws/install/robprakt_interfaces/share/ament_index/resource_index/package_run_dependencies/robprakt_interfaces
-- Up-to-date: /home/prakt3/praktikum_ws/install/robprakt_interfaces/share/ament_index/resource_index/parent_prefix_path/robprakt_interfaces
-- Up-to-date: /home/prakt3/praktikum_ws/install/robprakt_interfaces/share/robprakt_interfaces/environment/ament_prefix_path.sh
-- Up-to-date: /home/prakt3/praktikum_ws/install/robprakt_interfaces/share/robprakt_interfaces/environment/ament_prefix_path.dsv
-- Up-to-date: /home/prakt3/praktikum_ws/install/robprakt_interfaces/share/robprakt_interfaces/environment/path.sh
-- Up-to-date: /home/prakt3/praktikum_ws/install/robprakt_interfaces/share/robprakt_interfaces/environment/path.dsv
-- Up-to-date: /home/prakt3/praktikum_ws/install/robprakt_interfaces/share/robprakt_interfaces/local_setup.bash
-- Up-to-date: /home/prakt3/praktikum_ws/install/robprakt_interfaces/share/robprakt_interfaces/local_setup.sh
-- Up-to-date: /home/prakt3/praktikum_ws/install/robprakt_interfaces/share/robprakt_interfaces/local_setup.zsh
-- Up-to-date: /home/prakt3/praktikum_ws/install/robprakt_interfaces/share/robprakt_interfaces/local_setup.dsv
-- Installing: /home/prakt3/praktikum_ws/install/robprakt_interfaces/share/robprakt_interfaces/package.dsv
-- Up-to-date: /home/prakt3/praktikum_ws/install/robprakt_interfaces/share/ament_index/resource_index/packages/robprakt_interfaces
-- Up-to-date: /home/prakt3/praktikum_ws/install/robprakt_interfaces/share/robprakt_interfaces/cmake/robprakt_interfaces__rosidl_generator_cExport.cmake
-- Up-to-date: /home/prakt3/praktikum_ws/install/robprakt_interfaces/share/robprakt_interfaces/cmake/robprakt_interfaces__rosidl_generator_cExport-noconfig.cmake
-- Up-to-date: /home/prakt3/praktikum_ws/install/robprakt_interfaces/share/robprakt_interfaces/cmake/robprakt_interfaces__rosidl_typesupport_introspection_cExport.cmake
-- Up-to-date: /home/prakt3/praktikum_ws/install/robprakt_interfaces/share/robprakt_interfaces/cmake/robprakt_interfaces__rosidl_typesupport_introspection_cExport-noconfig.cmake
-- Up-to-date: /home/prakt3/praktikum_ws/install/robprakt_interfaces/share/robprakt_interfaces/cmake/robprakt_interfaces__rosidl_typesupport_cExport.cmake
-- Up-to-date: /home/prakt3/praktikum_ws/install/robprakt_interfaces/share/robprakt_interfaces/cmake/robprakt_interfaces__rosidl_typesupport_cExport-noconfig.cmake
-- Up-to-date: /home/prakt3/praktikum_ws/install/robprakt_interfaces/share/robprakt_interfaces/cmake/robprakt_interfaces__rosidl_generator_cppExport.cmake
-- Up-to-date: /home/prakt3/praktikum_ws/install/robprakt_interfaces/share/robprakt_interfaces/cmake/robprakt_interfaces__rosidl_typesupport_introspection_cppExport.cmake
-- Up-to-date: /home/prakt3/praktikum_ws/install/robprakt_interfaces/share/robprakt_interfaces/cmake/robprakt_interfaces__rosidl_typesupport_introspection_cppExport-noconfig.cmake
-- Up-to-date: /home/prakt3/praktikum_ws/install/robprakt_interfaces/share/robprakt_interfaces/cmake/robprakt_interfaces__rosidl_typesupport_cppExport.cmake
-- Up-to-date: /home/prakt3/praktikum_ws/install/robprakt_interfaces/share/robprakt_interfaces/cmake/robprakt_interfaces__rosidl_typesupport_cppExport-noconfig.cmake
-- Up-to-date: /home/prakt3/praktikum_ws/install/robprakt_interfaces/share/robprakt_interfaces/cmake/rosidl_cmake-extras.cmake
-- Up-to-date: /home/prakt3/praktikum_ws/install/robprakt_interfaces/share/robprakt_interfaces/cmake/ament_cmake_export_dependencies-extras.cmake
-- Up-to-date: /home/prakt3/praktikum_ws/install/robprakt_interfaces/share/robprakt_interfaces/cmake/ament_cmake_export_libraries-extras.cmake
-- Up-to-date: /home/prakt3/praktikum_ws/install/robprakt_interfaces/share/robprakt_interfaces/cmake/ament_cmake_export_targets-extras.cmake
-- Up-to-date: /home/prakt3/praktikum_ws/install/robprakt_interfaces/share/robprakt_interfaces/cmake/ament_cmake_export_include_directories-extras.cmake
-- Up-to-date: /home/prakt3/praktikum_ws/install/robprakt_interfaces/share/robprakt_interfaces/cmake/rosidl_cmake_export_typesupport_libraries-extras.cmake
-- Up-to-date: /home/prakt3/praktikum_ws/install/robprakt_interfaces/share/robprakt_interfaces/cmake/rosidl_cmake_export_typesupport_targets-extras.cmake
-- Up-to-date: /home/prakt3/praktikum_ws/install/robprakt_interfaces/share/robprakt_interfaces/cmake/robprakt_interfacesConfig.cmake
-- Up-to-date: /home/prakt3/praktikum_ws/install/robprakt_interfaces/share/robprakt_interfaces/cmake/robprakt_interfacesConfig-version.cmake
-- Up-to-date: /home/prakt3/praktikum_ws/install/robprakt_interfaces/share/robprakt_interfaces/package.xml
