/home/prakt3/praktikum_ws/install/move_it_service_python/lib/python3.8/site-packages/move_it_service_python/tf_service.py
/home/prakt3/praktikum_ws/install/move_it_service_python/lib/python3.8/site-packages/move_it_service_python/ex_pose_goal_ur.py
/home/prakt3/praktikum_ws/install/move_it_service_python/lib/python3.8/site-packages/move_it_service_python/get_matrices.py
/home/prakt3/praktikum_ws/install/move_it_service_python/lib/python3.8/site-packages/move_it_service_python/__init__.py
/home/prakt3/praktikum_ws/install/move_it_service_python/lib/python3.8/site-packages/move_it_service_python/move_it_service.py
/home/prakt3/praktikum_ws/install/move_it_service_python/lib/python3.8/site-packages/move_it_service_python/add_collision_objects.py
/home/prakt3/praktikum_ws/install/move_it_service_python/lib/python3.8/site-packages/move_it_service_python/__pycache__/tf_service.cpython-38.pyc
/home/prakt3/praktikum_ws/install/move_it_service_python/lib/python3.8/site-packages/move_it_service_python/__pycache__/ex_pose_goal_ur.cpython-38.pyc
/home/prakt3/praktikum_ws/install/move_it_service_python/lib/python3.8/site-packages/move_it_service_python/__pycache__/get_matrices.cpython-38.pyc
/home/prakt3/praktikum_ws/install/move_it_service_python/lib/python3.8/site-packages/move_it_service_python/__pycache__/__init__.cpython-38.pyc
/home/prakt3/praktikum_ws/install/move_it_service_python/lib/python3.8/site-packages/move_it_service_python/__pycache__/move_it_service.cpython-38.pyc
/home/prakt3/praktikum_ws/install/move_it_service_python/lib/python3.8/site-packages/move_it_service_python/__pycache__/add_collision_objects.cpython-38.pyc
/home/prakt3/praktikum_ws/install/move_it_service_python/share/ament_index/resource_index/packages/move_it_service_python
/home/prakt3/praktikum_ws/install/move_it_service_python/share/move_it_service_python/package.xml
/home/prakt3/praktikum_ws/install/move_it_service_python/lib/python3.8/site-packages/move_it_service_python-0.0.0-py3.8.egg-info/PKG-INFO
/home/prakt3/praktikum_ws/install/move_it_service_python/lib/python3.8/site-packages/move_it_service_python-0.0.0-py3.8.egg-info/entry_points.txt
/home/prakt3/praktikum_ws/install/move_it_service_python/lib/python3.8/site-packages/move_it_service_python-0.0.0-py3.8.egg-info/dependency_links.txt
/home/prakt3/praktikum_ws/install/move_it_service_python/lib/python3.8/site-packages/move_it_service_python-0.0.0-py3.8.egg-info/SOURCES.txt
/home/prakt3/praktikum_ws/install/move_it_service_python/lib/python3.8/site-packages/move_it_service_python-0.0.0-py3.8.egg-info/top_level.txt
/home/prakt3/praktikum_ws/install/move_it_service_python/lib/python3.8/site-packages/move_it_service_python-0.0.0-py3.8.egg-info/requires.txt
/home/prakt3/praktikum_ws/install/move_it_service_python/lib/python3.8/site-packages/move_it_service_python-0.0.0-py3.8.egg-info/zip-safe
/home/prakt3/praktikum_ws/install/move_it_service_python/lib/move_it_service_python/collision_object
/home/prakt3/praktikum_ws/install/move_it_service_python/lib/move_it_service_python/ralf
/home/prakt3/praktikum_ws/install/move_it_service_python/lib/move_it_service_python/service
/home/prakt3/praktikum_ws/install/move_it_service_python/lib/move_it_service_python/spirale
/home/prakt3/praktikum_ws/install/move_it_service_python/lib/move_it_service_python/tf
