[0.046s] Invoking command in '/home/prakt3/praktikum_ws/build/robprakt_interfaces': CMAKE_PREFIX_PATH=${CMAKE_PREFIX_PATH}:/opt/ros/galactic /usr/bin/cmake /home/prakt3/praktikum_ws/src/robprakt_interfaces -DCMAKE_INSTALL_PREFIX=/home/prakt3/praktikum_ws/install/robprakt_interfaces
[0.719s] -- The C compiler identification is GNU 9.4.0
[0.719s] -- The CXX compiler identification is GNU 9.4.0
[0.719s] -- Check for working C compiler: /usr/bin/cc
[0.719s] -- Check for working C compiler: /usr/bin/cc -- works
[0.719s] -- Detecting C compiler ABI info
[0.719s] -- Detecting C compiler ABI info - done
[0.719s] -- Detecting C compile features
[0.719s] -- Detecting C compile features - done
[0.719s] -- Check for working CXX compiler: /usr/bin/c++
[0.719s] -- Check for working CXX compiler: /usr/bin/c++ -- works
[0.719s] -- Detecting CXX compiler ABI info
[0.720s] -- Detecting CXX compiler ABI info - done
[0.720s] -- Detecting CXX compile features
[0.720s] -- Detecting CXX compile features - done
[0.720s] -- Found ament_cmake: 1.1.6 (/opt/ros/galactic/share/ament_cmake/cmake)
[0.720s] -- Found PythonInterp: /usr/bin/python3 (found suitable version "3.8.10", minimum required is "3") 
[0.720s] -- Using PYTHON_EXECUTABLE: /usr/bin/python3
[0.720s] -- Found rosidl_default_generators: 1.1.1 (/opt/ros/galactic/share/rosidl_default_generators/cmake)
[0.720s] -- Using all available rosidl_typesupport_c: rosidl_typesupport_fastrtps_c;rosidl_typesupport_introspection_c
[0.720s] -- Found rosidl_adapter: 2.2.3 (/opt/ros/galactic/share/rosidl_adapter/cmake)
[0.720s] -- Found OpenSSL: /usr/lib/x86_64-linux-gnu/libcrypto.so (found version "1.1.1f")  
[0.720s] -- Found FastRTPS: /opt/ros/galactic/include  
[0.720s] -- Using all available rosidl_typesupport_cpp: rosidl_typesupport_fastrtps_cpp;rosidl_typesupport_introspection_cpp
[0.720s] -- Found PythonInterp: /usr/bin/python3 (found version "3.8.10") 
[0.720s] -- Found ament_cmake_ros: 0.9.2 (/opt/ros/galactic/share/ament_cmake_ros/cmake)
[0.787s] -- Using all available rosidl_typesupport_c: rosidl_typesupport_fastrtps_c;rosidl_typesupport_introspection_c
[0.793s] -- Using all available rosidl_typesupport_cpp: rosidl_typesupport_fastrtps_cpp;rosidl_typesupport_introspection_cpp
[0.817s] -- Found PythonInterp: /usr/bin/python3 (found suitable version "3.8.10", minimum required is "3.5") 
[0.818s] -- Found python_cmake_module: 0.8.1 (/opt/ros/galactic/share/python_cmake_module/cmake)
[0.850s] -- Found PythonLibs: /usr/lib/x86_64-linux-gnu/libpython3.8.so (found suitable version "3.8.10", minimum required is "3.5") 
[0.850s] -- Using PYTHON_EXECUTABLE: /usr/bin/python3
[0.850s] -- Using PYTHON_INCLUDE_DIRS: /usr/include/python3.8
[0.850s] -- Using PYTHON_LIBRARIES: /usr/lib/x86_64-linux-gnu/libpython3.8.so
[0.863s] -- Found PythonExtra: .so  
[0.896s] -- Found ament_lint_auto: 0.10.7 (/opt/ros/galactic/share/ament_lint_auto/cmake)
[0.914s] -- Added test 'copyright' to check source files copyright and LICENSE
[0.917s] -- Added test 'lint_cmake' to check CMake code style
[0.918s] -- Added test 'xmllint' to check XML markup files
[0.924s] -- Configuring done
[0.947s] -- Generating done
[0.949s] -- Build files have been written to: /home/prakt3/praktikum_ws/build/robprakt_interfaces
[0.959s] Invoked command in '/home/prakt3/praktikum_ws/build/robprakt_interfaces' returned '0': CMAKE_PREFIX_PATH=${CMAKE_PREFIX_PATH}:/opt/ros/galactic /usr/bin/cmake /home/prakt3/praktikum_ws/src/robprakt_interfaces -DCMAKE_INSTALL_PREFIX=/home/prakt3/praktikum_ws/install/robprakt_interfaces
[0.960s] Invoking command in '/home/prakt3/praktikum_ws/build/robprakt_interfaces': CMAKE_PREFIX_PATH=${CMAKE_PREFIX_PATH}:/opt/ros/galactic /usr/bin/cmake --build /home/prakt3/praktikum_ws/build/robprakt_interfaces -- -j12 -l12
[1.014s] [  3%] [34m[1mGenerating C code for ROS interfaces[0m
[1.018s] [35m[1mScanning dependencies of target robprakt_interfaces__cpp[0m
[1.027s] [  6%] [34m[1mGenerating C++ code for ROS interfaces[0m
[1.279s] [35m[1mScanning dependencies of target robprakt_interfaces__rosidl_generator_c[0m
[1.283s] [  6%] Built target robprakt_interfaces__cpp
[1.294s] [  9%] [34m[1mGenerating C++ type support for eProsima Fast-RTPS[0m
[1.302s] [ 12%] [32mBuilding C object CMakeFiles/robprakt_interfaces__rosidl_generator_c.dir/rosidl_generator_c/robprakt_interfaces/srv/detail/set_ur_io__functions.c.o[0m
[1.308s] [ 16%] [34m[1mGenerating C++ introspection for ROS interfaces[0m
[1.312s] [ 19%] [34m[1mGenerating C++ type support dispatch for ROS interfaces[0m
[1.367s] [ 22%] [32m[1mLinking C shared library librobprakt_interfaces__rosidl_generator_c.so[0m
[1.433s] [ 22%] Built target robprakt_interfaces__rosidl_generator_c
[1.456s] [ 25%] [34m[1mGenerating C introspection for ROS interfaces[0m
[1.465s] [ 29%] [34m[1mGenerating C type support dispatch for ROS interfaces[0m
[1.535s] [35m[1mScanning dependencies of target robprakt_interfaces__rosidl_typesupport_fastrtps_cpp[0m
[1.557s] [ 32%] [32mBuilding CXX object CMakeFiles/robprakt_interfaces__rosidl_typesupport_fastrtps_cpp.dir/rosidl_typesupport_fastrtps_cpp/robprakt_interfaces/srv/detail/dds_fastrtps/set_ur_io__type_support.cpp.o[0m
[1.587s] [35m[1mScanning dependencies of target robprakt_interfaces__rosidl_typesupport_cpp[0m
[1.595s] [35m[1mScanning dependencies of target robprakt_interfaces__rosidl_typesupport_introspection_cpp[0m
[1.608s] [ 35%] [32mBuilding CXX object CMakeFiles/robprakt_interfaces__rosidl_typesupport_cpp.dir/rosidl_typesupport_cpp/robprakt_interfaces/srv/set_ur_io__type_support.cpp.o[0m
[1.623s] [ 38%] [32mBuilding CXX object CMakeFiles/robprakt_interfaces__rosidl_typesupport_introspection_cpp.dir/rosidl_typesupport_introspection_cpp/robprakt_interfaces/srv/detail/set_ur_io__type_support.cpp.o[0m
[1.687s] [35m[1mScanning dependencies of target robprakt_interfaces__rosidl_typesupport_introspection_c[0m
[1.697s] [35m[1mScanning dependencies of target robprakt_interfaces__rosidl_typesupport_c[0m
[1.722s] [ 41%] [32mBuilding CXX object CMakeFiles/robprakt_interfaces__rosidl_typesupport_c.dir/rosidl_typesupport_c/robprakt_interfaces/srv/set_ur_io__type_support.cpp.o[0m
[1.733s] [ 45%] [32mBuilding C object CMakeFiles/robprakt_interfaces__rosidl_typesupport_introspection_c.dir/rosidl_typesupport_introspection_c/robprakt_interfaces/srv/detail/set_ur_io__type_support.c.o[0m
[1.759s] [ 48%] [32m[1mLinking CXX shared library librobprakt_interfaces__rosidl_typesupport_c.so[0m
[1.781s] [ 51%] [32m[1mLinking C shared library librobprakt_interfaces__rosidl_typesupport_introspection_c.so[0m
[1.800s] [ 51%] Built target robprakt_interfaces__rosidl_typesupport_c
[1.803s] [ 51%] Built target robprakt_interfaces__rosidl_typesupport_introspection_c
[1.873s] [ 54%] [32m[1mLinking CXX shared library librobprakt_interfaces__rosidl_typesupport_cpp.so[0m
[1.903s] [ 58%] [32m[1mLinking CXX shared library librobprakt_interfaces__rosidl_typesupport_introspection_cpp.so[0m
[1.906s] [ 58%] Built target robprakt_interfaces__rosidl_typesupport_cpp
[1.938s] [ 58%] Built target robprakt_interfaces__rosidl_typesupport_introspection_cpp
[1.954s] [ 61%] [32m[1mLinking CXX shared library librobprakt_interfaces__rosidl_typesupport_fastrtps_cpp.so[0m
[2.105s] [ 61%] Built target robprakt_interfaces__rosidl_typesupport_fastrtps_cpp
[2.160s] [ 64%] [34m[1mGenerating C type support for eProsima Fast-RTPS[0m
[2.447s] [35m[1mScanning dependencies of target robprakt_interfaces__rosidl_typesupport_fastrtps_c[0m
[2.517s] [ 67%] [32mBuilding CXX object CMakeFiles/robprakt_interfaces__rosidl_typesupport_fastrtps_c.dir/rosidl_typesupport_fastrtps_c/robprakt_interfaces/srv/detail/set_ur_io__type_support_c.cpp.o[0m
[3.127s] [ 70%] [32m[1mLinking CXX shared library librobprakt_interfaces__rosidl_typesupport_fastrtps_c.so[0m
[3.345s] [ 70%] Built target robprakt_interfaces__rosidl_typesupport_fastrtps_c
[3.411s] [35m[1mScanning dependencies of target robprakt_interfaces[0m
[3.482s] [ 70%] Built target robprakt_interfaces
[3.566s] [35m[1mScanning dependencies of target robprakt_interfaces__py[0m
[3.635s] [ 74%] [34m[1mGenerating Python code for ROS interfaces[0m
[4.459s] [ 74%] Built target robprakt_interfaces__py
[4.466s] [35m[1mScanning dependencies of target robprakt_interfaces__python[0m
[4.508s] [ 77%] [32mBuilding C object CMakeFiles/robprakt_interfaces__python.dir/rosidl_generator_py/robprakt_interfaces/srv/_set_ur_io_s.c.o[0m
[4.616s] [ 80%] [32m[1mLinking C shared library rosidl_generator_py/robprakt_interfaces/librobprakt_interfaces__python.so[0m
[4.660s] [ 80%] Built target robprakt_interfaces__python
[4.674s] [35m[1mScanning dependencies of target robprakt_interfaces__rosidl_typesupport_introspection_c__pyext[0m
[4.692s] [35m[1mScanning dependencies of target robprakt_interfaces__rosidl_typesupport_fastrtps_c__pyext[0m
[4.698s] [35m[1mScanning dependencies of target robprakt_interfaces__rosidl_typesupport_c__pyext[0m
[4.705s] [ 83%] [32mBuilding C object CMakeFiles/robprakt_interfaces__rosidl_typesupport_introspection_c__pyext.dir/rosidl_generator_py/robprakt_interfaces/_robprakt_interfaces_s.ep.rosidl_typesupport_introspection_c.c.o[0m
[4.749s] [ 87%] [32mBuilding C object CMakeFiles/robprakt_interfaces__rosidl_typesupport_fastrtps_c__pyext.dir/rosidl_generator_py/robprakt_interfaces/_robprakt_interfaces_s.ep.rosidl_typesupport_fastrtps_c.c.o[0m
[4.774s] [ 90%] [32mBuilding C object CMakeFiles/robprakt_interfaces__rosidl_typesupport_c__pyext.dir/rosidl_generator_py/robprakt_interfaces/_robprakt_interfaces_s.ep.rosidl_typesupport_c.c.o[0m
[4.823s] [ 93%] [32m[1mLinking C shared library rosidl_generator_py/robprakt_interfaces/robprakt_interfaces_s__rosidl_typesupport_introspection_c.cpython-38-x86_64-linux-gnu.so[0m
[4.877s] [ 96%] [32m[1mLinking CXX shared library rosidl_generator_py/robprakt_interfaces/robprakt_interfaces_s__rosidl_typesupport_fastrtps_c.cpython-38-x86_64-linux-gnu.so[0m
[4.900s] [ 96%] Built target robprakt_interfaces__rosidl_typesupport_introspection_c__pyext
[4.952s] [100%] [32m[1mLinking C shared library rosidl_generator_py/robprakt_interfaces/robprakt_interfaces_s__rosidl_typesupport_c.cpython-38-x86_64-linux-gnu.so[0m
[4.981s] [100%] Built target robprakt_interfaces__rosidl_typesupport_fastrtps_c__pyext
[5.066s] [100%] Built target robprakt_interfaces__rosidl_typesupport_c__pyext
[5.088s] Invoked command in '/home/prakt3/praktikum_ws/build/robprakt_interfaces' returned '0': CMAKE_PREFIX_PATH=${CMAKE_PREFIX_PATH}:/opt/ros/galactic /usr/bin/cmake --build /home/prakt3/praktikum_ws/build/robprakt_interfaces -- -j12 -l12
[5.711s] Invoking command in '/home/prakt3/praktikum_ws/build/robprakt_interfaces': CMAKE_PREFIX_PATH=${CMAKE_PREFIX_PATH}:/opt/ros/galactic /usr/bin/cmake --install /home/prakt3/praktikum_ws/build/robprakt_interfaces
[5.745s] -- Install configuration: ""
[5.746s] -- Installing: /home/prakt3/praktikum_ws/install/robprakt_interfaces/share/ament_index/resource_index/rosidl_interfaces/robprakt_interfaces
[5.746s] -- Installing: /home/prakt3/praktikum_ws/install/robprakt_interfaces/include/robprakt_interfaces
[5.746s] -- Installing: /home/prakt3/praktikum_ws/install/robprakt_interfaces/include/robprakt_interfaces/srv
[5.746s] -- Installing: /home/prakt3/praktikum_ws/install/robprakt_interfaces/include/robprakt_interfaces/srv/set_ur_io.h
[5.746s] -- Installing: /home/prakt3/praktikum_ws/install/robprakt_interfaces/include/robprakt_interfaces/srv/detail
[5.746s] -- Installing: /home/prakt3/praktikum_ws/install/robprakt_interfaces/include/robprakt_interfaces/srv/detail/set_ur_io__functions.c
[5.746s] -- Installing: /home/prakt3/praktikum_ws/install/robprakt_interfaces/include/robprakt_interfaces/srv/detail/set_ur_io__struct.h
[5.746s] -- Installing: /home/prakt3/praktikum_ws/install/robprakt_interfaces/include/robprakt_interfaces/srv/detail/set_ur_io__functions.h
[5.746s] -- Installing: /home/prakt3/praktikum_ws/install/robprakt_interfaces/include/robprakt_interfaces/srv/detail/set_ur_io__type_support.h
[5.746s] -- Installing: /home/prakt3/praktikum_ws/install/robprakt_interfaces/include/robprakt_interfaces/msg
[5.747s] -- Installing: /home/prakt3/praktikum_ws/install/robprakt_interfaces/include/robprakt_interfaces/msg/rosidl_generator_c__visibility_control.h
[5.747s] -- Installing: /home/prakt3/praktikum_ws/install/robprakt_interfaces/share/robprakt_interfaces/environment/library_path.sh
[5.747s] -- Installing: /home/prakt3/praktikum_ws/install/robprakt_interfaces/share/robprakt_interfaces/environment/library_path.dsv
[5.747s] -- Installing: /home/prakt3/praktikum_ws/install/robprakt_interfaces/lib/librobprakt_interfaces__rosidl_generator_c.so
[5.747s] -- Set runtime path of "/home/prakt3/praktikum_ws/install/robprakt_interfaces/lib/librobprakt_interfaces__rosidl_generator_c.so" to ""
[5.747s] -- Up-to-date: /home/prakt3/praktikum_ws/install/robprakt_interfaces/include/robprakt_interfaces
[5.747s] -- Up-to-date: /home/prakt3/praktikum_ws/install/robprakt_interfaces/include/robprakt_interfaces/srv
[5.747s] -- Up-to-date: /home/prakt3/praktikum_ws/install/robprakt_interfaces/include/robprakt_interfaces/srv/detail
[5.747s] -- Installing: /home/prakt3/praktikum_ws/install/robprakt_interfaces/include/robprakt_interfaces/srv/detail/set_ur_io__rosidl_typesupport_fastrtps_c.h
[5.748s] -- Up-to-date: /home/prakt3/praktikum_ws/install/robprakt_interfaces/include/robprakt_interfaces/msg
[5.748s] -- Installing: /home/prakt3/praktikum_ws/install/robprakt_interfaces/include/robprakt_interfaces/msg/rosidl_typesupport_fastrtps_c__visibility_control.h
[5.748s] -- Installing: /home/prakt3/praktikum_ws/install/robprakt_interfaces/lib/librobprakt_interfaces__rosidl_typesupport_fastrtps_c.so
[5.748s] -- Set runtime path of "/home/prakt3/praktikum_ws/install/robprakt_interfaces/lib/librobprakt_interfaces__rosidl_typesupport_fastrtps_c.so" to ""
[5.748s] -- Up-to-date: /home/prakt3/praktikum_ws/install/robprakt_interfaces/include/robprakt_interfaces
[5.748s] -- Up-to-date: /home/prakt3/praktikum_ws/install/robprakt_interfaces/include/robprakt_interfaces/srv
[5.748s] -- Up-to-date: /home/prakt3/praktikum_ws/install/robprakt_interfaces/include/robprakt_interfaces/srv/detail
[5.748s] -- Installing: /home/prakt3/praktikum_ws/install/robprakt_interfaces/include/robprakt_interfaces/srv/detail/set_ur_io__rosidl_typesupport_fastrtps_cpp.hpp
[5.748s] -- Installing: /home/prakt3/praktikum_ws/install/robprakt_interfaces/include/robprakt_interfaces/srv/detail/dds_fastrtps
[5.748s] -- Up-to-date: /home/prakt3/praktikum_ws/install/robprakt_interfaces/include/robprakt_interfaces/msg
[5.749s] -- Installing: /home/prakt3/praktikum_ws/install/robprakt_interfaces/include/robprakt_interfaces/msg/rosidl_typesupport_fastrtps_cpp__visibility_control.h
[5.749s] -- Installing: /home/prakt3/praktikum_ws/install/robprakt_interfaces/lib/librobprakt_interfaces__rosidl_typesupport_fastrtps_cpp.so
[5.749s] -- Set runtime path of "/home/prakt3/praktikum_ws/install/robprakt_interfaces/lib/librobprakt_interfaces__rosidl_typesupport_fastrtps_cpp.so" to ""
[5.749s] -- Up-to-date: /home/prakt3/praktikum_ws/install/robprakt_interfaces/include/robprakt_interfaces
[5.749s] -- Up-to-date: /home/prakt3/praktikum_ws/install/robprakt_interfaces/include/robprakt_interfaces/srv
[5.749s] -- Up-to-date: /home/prakt3/praktikum_ws/install/robprakt_interfaces/include/robprakt_interfaces/srv/detail
[5.749s] -- Installing: /home/prakt3/praktikum_ws/install/robprakt_interfaces/include/robprakt_interfaces/srv/detail/set_ur_io__rosidl_typesupport_introspection_c.h
[5.749s] -- Installing: /home/prakt3/praktikum_ws/install/robprakt_interfaces/include/robprakt_interfaces/srv/detail/set_ur_io__type_support.c
[5.749s] -- Up-to-date: /home/prakt3/praktikum_ws/install/robprakt_interfaces/include/robprakt_interfaces/msg
[5.750s] -- Installing: /home/prakt3/praktikum_ws/install/robprakt_interfaces/include/robprakt_interfaces/msg/rosidl_typesupport_introspection_c__visibility_control.h
[5.750s] -- Installing: /home/prakt3/praktikum_ws/install/robprakt_interfaces/lib/librobprakt_interfaces__rosidl_typesupport_introspection_c.so
[5.750s] -- Set runtime path of "/home/prakt3/praktikum_ws/install/robprakt_interfaces/lib/librobprakt_interfaces__rosidl_typesupport_introspection_c.so" to ""
[5.750s] -- Installing: /home/prakt3/praktikum_ws/install/robprakt_interfaces/lib/librobprakt_interfaces__rosidl_typesupport_c.so
[5.750s] -- Set runtime path of "/home/prakt3/praktikum_ws/install/robprakt_interfaces/lib/librobprakt_interfaces__rosidl_typesupport_c.so" to ""
[5.751s] -- Up-to-date: /home/prakt3/praktikum_ws/install/robprakt_interfaces/include/robprakt_interfaces
[5.751s] -- Up-to-date: /home/prakt3/praktikum_ws/install/robprakt_interfaces/include/robprakt_interfaces/srv
[5.751s] -- Up-to-date: /home/prakt3/praktikum_ws/install/robprakt_interfaces/include/robprakt_interfaces/srv/detail
[5.751s] -- Installing: /home/prakt3/praktikum_ws/install/robprakt_interfaces/include/robprakt_interfaces/srv/detail/set_ur_io__struct.hpp
[5.751s] -- Installing: /home/prakt3/praktikum_ws/install/robprakt_interfaces/include/robprakt_interfaces/srv/detail/set_ur_io__traits.hpp
[5.751s] -- Installing: /home/prakt3/praktikum_ws/install/robprakt_interfaces/include/robprakt_interfaces/srv/detail/set_ur_io__builder.hpp
[5.751s] -- Installing: /home/prakt3/praktikum_ws/install/robprakt_interfaces/include/robprakt_interfaces/srv/set_ur_io.hpp
[5.751s] -- Up-to-date: /home/prakt3/praktikum_ws/install/robprakt_interfaces/include/robprakt_interfaces
[5.751s] -- Up-to-date: /home/prakt3/praktikum_ws/install/robprakt_interfaces/include/robprakt_interfaces/srv
[5.751s] -- Up-to-date: /home/prakt3/praktikum_ws/install/robprakt_interfaces/include/robprakt_interfaces/srv/detail
[5.751s] -- Installing: /home/prakt3/praktikum_ws/install/robprakt_interfaces/include/robprakt_interfaces/srv/detail/set_ur_io__rosidl_typesupport_introspection_cpp.hpp
[5.752s] -- Installing: /home/prakt3/praktikum_ws/install/robprakt_interfaces/include/robprakt_interfaces/srv/detail/set_ur_io__type_support.cpp
[5.752s] -- Installing: /home/prakt3/praktikum_ws/install/robprakt_interfaces/lib/librobprakt_interfaces__rosidl_typesupport_introspection_cpp.so
[5.752s] -- Set runtime path of "/home/prakt3/praktikum_ws/install/robprakt_interfaces/lib/librobprakt_interfaces__rosidl_typesupport_introspection_cpp.so" to ""
[5.752s] -- Installing: /home/prakt3/praktikum_ws/install/robprakt_interfaces/lib/librobprakt_interfaces__rosidl_typesupport_cpp.so
[5.752s] -- Set runtime path of "/home/prakt3/praktikum_ws/install/robprakt_interfaces/lib/librobprakt_interfaces__rosidl_typesupport_cpp.so" to ""
[5.753s] -- Installing: /home/prakt3/praktikum_ws/install/robprakt_interfaces/share/robprakt_interfaces/environment/pythonpath.sh
[5.753s] -- Installing: /home/prakt3/praktikum_ws/install/robprakt_interfaces/share/robprakt_interfaces/environment/pythonpath.dsv
[5.753s] -- Installing: /home/prakt3/praktikum_ws/install/robprakt_interfaces/lib/python3.8/site-packages/robprakt_interfaces/__init__.py
[5.815s] Compiling '/home/prakt3/praktikum_ws/install/robprakt_interfaces/lib/python3.8/site-packages/robprakt_interfaces/__init__.py'...
[5.824s] -- Installing: /home/prakt3/praktikum_ws/install/robprakt_interfaces/lib/python3.8/site-packages/robprakt_interfaces/srv
[5.824s] -- Installing: /home/prakt3/praktikum_ws/install/robprakt_interfaces/lib/python3.8/site-packages/robprakt_interfaces/srv/_set_ur_io_s.c
[5.824s] -- Installing: /home/prakt3/praktikum_ws/install/robprakt_interfaces/lib/python3.8/site-packages/robprakt_interfaces/srv/_set_ur_io.py
[5.825s] -- Installing: /home/prakt3/praktikum_ws/install/robprakt_interfaces/lib/python3.8/site-packages/robprakt_interfaces/srv/__init__.py
[5.825s] -- Installing: /home/prakt3/praktikum_ws/install/robprakt_interfaces/lib/python3.8/site-packages/robprakt_interfaces/robprakt_interfaces_s__rosidl_typesupport_fastrtps_c.cpython-38-x86_64-linux-gnu.so
[5.825s] -- Set runtime path of "/home/prakt3/praktikum_ws/install/robprakt_interfaces/lib/python3.8/site-packages/robprakt_interfaces/robprakt_interfaces_s__rosidl_typesupport_fastrtps_c.cpython-38-x86_64-linux-gnu.so" to ""
[5.825s] -- Installing: /home/prakt3/praktikum_ws/install/robprakt_interfaces/lib/python3.8/site-packages/robprakt_interfaces/robprakt_interfaces_s__rosidl_typesupport_introspection_c.cpython-38-x86_64-linux-gnu.so
[5.826s] -- Set runtime path of "/home/prakt3/praktikum_ws/install/robprakt_interfaces/lib/python3.8/site-packages/robprakt_interfaces/robprakt_interfaces_s__rosidl_typesupport_introspection_c.cpython-38-x86_64-linux-gnu.so" to ""
[5.826s] -- Installing: /home/prakt3/praktikum_ws/install/robprakt_interfaces/lib/python3.8/site-packages/robprakt_interfaces/robprakt_interfaces_s__rosidl_typesupport_c.cpython-38-x86_64-linux-gnu.so
[5.826s] -- Set runtime path of "/home/prakt3/praktikum_ws/install/robprakt_interfaces/lib/python3.8/site-packages/robprakt_interfaces/robprakt_interfaces_s__rosidl_typesupport_c.cpython-38-x86_64-linux-gnu.so" to ""
[5.826s] -- Installing: /home/prakt3/praktikum_ws/install/robprakt_interfaces/lib/librobprakt_interfaces__python.so
[5.826s] -- Set runtime path of "/home/prakt3/praktikum_ws/install/robprakt_interfaces/lib/librobprakt_interfaces__python.so" to ""
[5.826s] -- Installing: /home/prakt3/praktikum_ws/install/robprakt_interfaces/share/robprakt_interfaces/srv/SetUrIo.idl
[5.827s] -- Installing: /home/prakt3/praktikum_ws/install/robprakt_interfaces/share/robprakt_interfaces/srv/SetUrIo.srv
[5.827s] -- Installing: /home/prakt3/praktikum_ws/install/robprakt_interfaces/share/robprakt_interfaces/srv/SetUrIo_Request.msg
[5.827s] -- Installing: /home/prakt3/praktikum_ws/install/robprakt_interfaces/share/robprakt_interfaces/srv/SetUrIo_Response.msg
[5.827s] -- Installing: /home/prakt3/praktikum_ws/install/robprakt_interfaces/share/ament_index/resource_index/package_run_dependencies/robprakt_interfaces
[5.827s] -- Installing: /home/prakt3/praktikum_ws/install/robprakt_interfaces/share/ament_index/resource_index/parent_prefix_path/robprakt_interfaces
[5.827s] -- Installing: /home/prakt3/praktikum_ws/install/robprakt_interfaces/share/robprakt_interfaces/environment/ament_prefix_path.sh
[5.827s] -- Installing: /home/prakt3/praktikum_ws/install/robprakt_interfaces/share/robprakt_interfaces/environment/ament_prefix_path.dsv
[5.827s] -- Installing: /home/prakt3/praktikum_ws/install/robprakt_interfaces/share/robprakt_interfaces/environment/path.sh
[5.827s] -- Installing: /home/prakt3/praktikum_ws/install/robprakt_interfaces/share/robprakt_interfaces/environment/path.dsv
[5.828s] -- Installing: /home/prakt3/praktikum_ws/install/robprakt_interfaces/share/robprakt_interfaces/local_setup.bash
[5.828s] -- Installing: /home/prakt3/praktikum_ws/install/robprakt_interfaces/share/robprakt_interfaces/local_setup.sh
[5.828s] -- Installing: /home/prakt3/praktikum_ws/install/robprakt_interfaces/share/robprakt_interfaces/local_setup.zsh
[5.828s] -- Installing: /home/prakt3/praktikum_ws/install/robprakt_interfaces/share/robprakt_interfaces/local_setup.dsv
[5.828s] -- Installing: /home/prakt3/praktikum_ws/install/robprakt_interfaces/share/robprakt_interfaces/package.dsv
[5.828s] -- Installing: /home/prakt3/praktikum_ws/install/robprakt_interfaces/share/ament_index/resource_index/packages/robprakt_interfaces
[5.829s] -- Installing: /home/prakt3/praktikum_ws/install/robprakt_interfaces/share/robprakt_interfaces/cmake/robprakt_interfaces__rosidl_generator_cExport.cmake
[5.829s] -- Installing: /home/prakt3/praktikum_ws/install/robprakt_interfaces/share/robprakt_interfaces/cmake/robprakt_interfaces__rosidl_generator_cExport-noconfig.cmake
[5.829s] -- Installing: /home/prakt3/praktikum_ws/install/robprakt_interfaces/share/robprakt_interfaces/cmake/robprakt_interfaces__rosidl_typesupport_introspection_cExport.cmake
[5.829s] -- Installing: /home/prakt3/praktikum_ws/install/robprakt_interfaces/share/robprakt_interfaces/cmake/robprakt_interfaces__rosidl_typesupport_introspection_cExport-noconfig.cmake
[5.829s] -- Installing: /home/prakt3/praktikum_ws/install/robprakt_interfaces/share/robprakt_interfaces/cmake/robprakt_interfaces__rosidl_typesupport_cExport.cmake
[5.829s] -- Installing: /home/prakt3/praktikum_ws/install/robprakt_interfaces/share/robprakt_interfaces/cmake/robprakt_interfaces__rosidl_typesupport_cExport-noconfig.cmake
[5.829s] -- Installing: /home/prakt3/praktikum_ws/install/robprakt_interfaces/share/robprakt_interfaces/cmake/robprakt_interfaces__rosidl_generator_cppExport.cmake
[5.830s] -- Installing: /home/prakt3/praktikum_ws/install/robprakt_interfaces/share/robprakt_interfaces/cmake/robprakt_interfaces__rosidl_typesupport_introspection_cppExport.cmake
[5.830s] -- Installing: /home/prakt3/praktikum_ws/install/robprakt_interfaces/share/robprakt_interfaces/cmake/robprakt_interfaces__rosidl_typesupport_introspection_cppExport-noconfig.cmake
[5.830s] -- Installing: /home/prakt3/praktikum_ws/install/robprakt_interfaces/share/robprakt_interfaces/cmake/robprakt_interfaces__rosidl_typesupport_cppExport.cmake
[5.830s] -- Installing: /home/prakt3/praktikum_ws/install/robprakt_interfaces/share/robprakt_interfaces/cmake/robprakt_interfaces__rosidl_typesupport_cppExport-noconfig.cmake
[5.830s] -- Installing: /home/prakt3/praktikum_ws/install/robprakt_interfaces/share/robprakt_interfaces/cmake/rosidl_cmake-extras.cmake
[5.830s] -- Installing: /home/prakt3/praktikum_ws/install/robprakt_interfaces/share/robprakt_interfaces/cmake/ament_cmake_export_dependencies-extras.cmake
[5.831s] -- Installing: /home/prakt3/praktikum_ws/install/robprakt_interfaces/share/robprakt_interfaces/cmake/ament_cmake_export_libraries-extras.cmake
[5.831s] -- Installing: /home/prakt3/praktikum_ws/install/robprakt_interfaces/share/robprakt_interfaces/cmake/ament_cmake_export_targets-extras.cmake
[5.831s] -- Installing: /home/prakt3/praktikum_ws/install/robprakt_interfaces/share/robprakt_interfaces/cmake/ament_cmake_export_include_directories-extras.cmake
[5.831s] -- Installing: /home/prakt3/praktikum_ws/install/robprakt_interfaces/share/robprakt_interfaces/cmake/rosidl_cmake_export_typesupport_libraries-extras.cmake
[5.831s] -- Installing: /home/prakt3/praktikum_ws/install/robprakt_interfaces/share/robprakt_interfaces/cmake/rosidl_cmake_export_typesupport_targets-extras.cmake
[5.831s] -- Installing: /home/prakt3/praktikum_ws/install/robprakt_interfaces/share/robprakt_interfaces/cmake/robprakt_interfacesConfig.cmake
[5.831s] -- Installing: /home/prakt3/praktikum_ws/install/robprakt_interfaces/share/robprakt_interfaces/cmake/robprakt_interfacesConfig-version.cmake
[5.831s] -- Installing: /home/prakt3/praktikum_ws/install/robprakt_interfaces/share/robprakt_interfaces/package.xml
[5.843s] Invoked command in '/home/prakt3/praktikum_ws/build/robprakt_interfaces' returned '0': CMAKE_PREFIX_PATH=${CMAKE_PREFIX_PATH}:/opt/ros/galactic /usr/bin/cmake --install /home/prakt3/praktikum_ws/build/robprakt_interfaces
