running egg_info
creating ../../build/tracking_service/tracking_service.egg-info
writing ../../build/tracking_service/tracking_service.egg-info/PKG-INFO
writing dependency_links to ../../build/tracking_service/tracking_service.egg-info/dependency_links.txt
writing entry points to ../../build/tracking_service/tracking_service.egg-info/entry_points.txt
writing requirements to ../../build/tracking_service/tracking_service.egg-info/requires.txt
writing top-level names to ../../build/tracking_service/tracking_service.egg-info/top_level.txt
writing manifest file '../../build/tracking_service/tracking_service.egg-info/SOURCES.txt'
reading manifest file '../../build/tracking_service/tracking_service.egg-info/SOURCES.txt'
writing manifest file '../../build/tracking_service/tracking_service.egg-info/SOURCES.txt'
running build
running build_py
creating /home/prakt3/praktikum_ws/build/tracking_service/build
creating /home/prakt3/praktikum_ws/build/tracking_service/build/lib
creating /home/prakt3/praktikum_ws/build/tracking_service/build/lib/tracking_service
copying tracking_service/gripper_tracking.py -> /home/prakt3/praktikum_ws/build/tracking_service/build/lib/tracking_service
copying tracking_service/whiteboard_tracking.py -> /home/prakt3/praktikum_ws/build/tracking_service/build/lib/tracking_service
copying tracking_service/penhold_tracking.py -> /home/prakt3/praktikum_ws/build/tracking_service/build/lib/tracking_service
copying tracking_service/test_client.py -> /home/prakt3/praktikum_ws/build/tracking_service/build/lib/tracking_service
copying tracking_service/__init__.py -> /home/prakt3/praktikum_ws/build/tracking_service/build/lib/tracking_service
running install
running install_lib
creating /home/prakt3/praktikum_ws/install/tracking_service/lib/python3.8/site-packages/tracking_service
copying /home/prakt3/praktikum_ws/build/tracking_service/build/lib/tracking_service/gripper_tracking.py -> /home/prakt3/praktikum_ws/install/tracking_service/lib/python3.8/site-packages/tracking_service
copying /home/prakt3/praktikum_ws/build/tracking_service/build/lib/tracking_service/whiteboard_tracking.py -> /home/prakt3/praktikum_ws/install/tracking_service/lib/python3.8/site-packages/tracking_service
copying /home/prakt3/praktikum_ws/build/tracking_service/build/lib/tracking_service/penhold_tracking.py -> /home/prakt3/praktikum_ws/install/tracking_service/lib/python3.8/site-packages/tracking_service
copying /home/prakt3/praktikum_ws/build/tracking_service/build/lib/tracking_service/test_client.py -> /home/prakt3/praktikum_ws/install/tracking_service/lib/python3.8/site-packages/tracking_service
copying /home/prakt3/praktikum_ws/build/tracking_service/build/lib/tracking_service/__init__.py -> /home/prakt3/praktikum_ws/install/tracking_service/lib/python3.8/site-packages/tracking_service
byte-compiling /home/prakt3/praktikum_ws/install/tracking_service/lib/python3.8/site-packages/tracking_service/gripper_tracking.py to gripper_tracking.cpython-38.pyc
byte-compiling /home/prakt3/praktikum_ws/install/tracking_service/lib/python3.8/site-packages/tracking_service/whiteboard_tracking.py to whiteboard_tracking.cpython-38.pyc
byte-compiling /home/prakt3/praktikum_ws/install/tracking_service/lib/python3.8/site-packages/tracking_service/penhold_tracking.py to penhold_tracking.cpython-38.pyc
byte-compiling /home/prakt3/praktikum_ws/install/tracking_service/lib/python3.8/site-packages/tracking_service/test_client.py to test_client.cpython-38.pyc
byte-compiling /home/prakt3/praktikum_ws/install/tracking_service/lib/python3.8/site-packages/tracking_service/__init__.py to __init__.cpython-38.pyc
running install_data
creating /home/prakt3/praktikum_ws/install/tracking_service/share/ament_index
creating /home/prakt3/praktikum_ws/install/tracking_service/share/ament_index/resource_index
creating /home/prakt3/praktikum_ws/install/tracking_service/share/ament_index/resource_index/packages
copying resource/tracking_service -> /home/prakt3/praktikum_ws/install/tracking_service/share/ament_index/resource_index/packages
copying package.xml -> /home/prakt3/praktikum_ws/install/tracking_service/share/tracking_service
running install_egg_info
Copying ../../build/tracking_service/tracking_service.egg-info to /home/prakt3/praktikum_ws/install/tracking_service/lib/python3.8/site-packages/tracking_service-0.0.0-py3.8.egg-info
running install_scripts
Installing gripper script to /home/prakt3/praktikum_ws/install/tracking_service/lib/tracking_service
Installing whiteboard script to /home/prakt3/praktikum_ws/install/tracking_service/lib/tracking_service
writing list of installed files to '/home/prakt3/praktikum_ws/build/tracking_service/install.log'
