[0.060s] Invoking command in '/home/prakt3/praktikum_ws/build/interfaces': CMAKE_PREFIX_PATH=${CMAKE_PREFIX_PATH}:/opt/ros/galactic /usr/bin/cmake /home/prakt3/praktikum_ws/src/interfaces -DCMAKE_INSTALL_PREFIX=/home/prakt3/praktikum_ws/install/interfaces
[0.741s] -- The C compiler identification is GNU 9.4.0
[0.742s] -- The CXX compiler identification is GNU 9.4.0
[0.742s] -- Check for working C compiler: /usr/bin/cc
[0.742s] -- Check for working C compiler: /usr/bin/cc -- works
[0.742s] -- Detecting C compiler ABI info
[0.742s] -- Detecting C compiler ABI info - done
[0.742s] -- Detecting C compile features
[0.742s] -- Detecting C compile features - done
[0.742s] -- Check for working CXX compiler: /usr/bin/c++
[0.742s] -- Check for working CXX compiler: /usr/bin/c++ -- works
[0.743s] -- Detecting CXX compiler ABI info
[0.743s] -- Detecting CXX compiler ABI info - done
[0.743s] -- Detecting CXX compile features
[0.743s] -- Detecting CXX compile features - done
[0.743s] -- Found ament_cmake: 1.1.6 (/opt/ros/galactic/share/ament_cmake/cmake)
[0.743s] -- Found PythonInterp: /usr/bin/python3 (found suitable version "3.8.10", minimum required is "3") 
[0.743s] -- Using PYTHON_EXECUTABLE: /usr/bin/python3
[0.743s] -- Found ament_lint_auto: 0.10.7 (/opt/ros/galactic/share/ament_lint_auto/cmake)
[0.743s] -- Found rosidl_default_generators: 1.1.1 (/opt/ros/galactic/share/rosidl_default_generators/cmake)
[0.743s] -- Using all available rosidl_typesupport_c: rosidl_typesupport_fastrtps_c;rosidl_typesupport_introspection_c
[0.743s] -- Found rosidl_adapter: 2.2.3 (/opt/ros/galactic/share/rosidl_adapter/cmake)
[0.743s] -- Found OpenSSL: /usr/lib/x86_64-linux-gnu/libcrypto.so (found version "1.1.1f")  
[0.743s] -- Found FastRTPS: /opt/ros/galactic/include  
[0.743s] -- Using all available rosidl_typesupport_cpp: rosidl_typesupport_fastrtps_cpp;rosidl_typesupport_introspection_cpp
[0.743s] -- Found PythonInterp: /usr/bin/python3 (found version "3.8.10") 
[0.746s] -- Found ament_cmake_ros: 0.9.2 (/opt/ros/galactic/share/ament_cmake_ros/cmake)
[0.823s] -- Using all available rosidl_typesupport_c: rosidl_typesupport_fastrtps_c;rosidl_typesupport_introspection_c
[0.830s] -- Using all available rosidl_typesupport_cpp: rosidl_typesupport_fastrtps_cpp;rosidl_typesupport_introspection_cpp
[0.861s] -- Found PythonInterp: /usr/bin/python3 (found suitable version "3.8.10", minimum required is "3.5") 
[0.863s] -- Found python_cmake_module: 0.8.1 (/opt/ros/galactic/share/python_cmake_module/cmake)
[0.887s] -- Found PythonLibs: /usr/lib/x86_64-linux-gnu/libpython3.8.so (found suitable version "3.8.10", minimum required is "3.5") 
[0.887s] -- Using PYTHON_EXECUTABLE: /usr/bin/python3
[0.887s] -- Using PYTHON_INCLUDE_DIRS: /usr/include/python3.8
[0.887s] -- Using PYTHON_LIBRARIES: /usr/lib/x86_64-linux-gnu/libpython3.8.so
[0.900s] -- Found PythonExtra: .so  
[0.938s] -- Added test 'copyright' to check source files copyright and LICENSE
[0.942s] -- Added test 'cppcheck' to perform static code analysis on C / C++ code
[0.942s] -- Configured cppcheck include dirs: 
[0.942s] -- Configured cppcheck exclude dirs and/or files: 
[0.944s] -- Added test 'cpplint' to check C / C++ code against the Google style
[0.944s] -- Configured cpplint exclude dirs and/or files: 
[0.945s] -- Added test 'flake8' to check Python code syntax and style conventions
[0.948s] -- Added test 'lint_cmake' to check CMake code style
[0.948s] -- Added test 'pep257' to check Python code against some of the style conventions in PEP 257
[0.949s] -- Added test 'uncrustify' to check C / C++ code style
[0.949s] -- Configured uncrustify additional arguments: 
[0.949s] -- Added test 'xmllint' to check XML markup files
[0.955s] -- Configuring done
[0.990s] -- Generating done
[0.991s] -- Build files have been written to: /home/prakt3/praktikum_ws/build/interfaces
[1.178s] Invoked command in '/home/prakt3/praktikum_ws/build/interfaces' returned '0': CMAKE_PREFIX_PATH=${CMAKE_PREFIX_PATH}:/opt/ros/galactic /usr/bin/cmake /home/prakt3/praktikum_ws/src/interfaces -DCMAKE_INSTALL_PREFIX=/home/prakt3/praktikum_ws/install/interfaces
[1.178s] Invoking command in '/home/prakt3/praktikum_ws/build/interfaces': CMAKE_PREFIX_PATH=${CMAKE_PREFIX_PATH}:/opt/ros/galactic /usr/bin/cmake --build /home/prakt3/praktikum_ws/build/interfaces -- -j12 -l12
[1.468s] [  1%] [34m[1mGenerating C code for ROS interfaces[0m
[1.468s] [35m[1mScanning dependencies of target interfaces__cpp[0m
[1.468s] [  2%] [34m[1mGenerating C++ code for ROS interfaces[0m
[1.963s] [  2%] Built target interfaces__cpp
[1.975s] [  3%] [34m[1mGenerating C++ type support dispatch for ROS interfaces[0m
[1.977s] [  4%] [34m[1mGenerating C++ introspection for ROS interfaces[0m
[1.978s] [35m[1mScanning dependencies of target interfaces__rosidl_generator_c[0m
[1.980s] [  5%] [34m[1mGenerating C++ type support for eProsima Fast-RTPS[0m
[1.990s] [  6%] [32mBuilding C object CMakeFiles/interfaces__rosidl_generator_c.dir/rosidl_generator_c/interfaces/msg/detail/pointcoords__functions.c.o[0m
[1.993s] [  8%] [32mBuilding C object CMakeFiles/interfaces__rosidl_generator_c.dir/rosidl_generator_c/interfaces/msg/detail/waypoints__functions.c.o[0m
[2.001s] [  9%] [32mBuilding C object CMakeFiles/interfaces__rosidl_generator_c.dir/rosidl_generator_c/interfaces/msg/detail/point_translation3_d__functions.c.o[0m
[2.011s] [ 10%] [32mBuilding C object CMakeFiles/interfaces__rosidl_generator_c.dir/rosidl_generator_c/interfaces/srv/detail/move__functions.c.o[0m
[2.021s] [ 11%] [32mBuilding C object CMakeFiles/interfaces__rosidl_generator_c.dir/rosidl_generator_c/interfaces/srv/detail/set_ur_io__functions.c.o[0m
[2.023s] [ 12%] [32mBuilding C object CMakeFiles/interfaces__rosidl_generator_c.dir/rosidl_generator_c/interfaces/msg/detail/point_orientation3_d__functions.c.o[0m
[2.030s] [ 13%] [32mBuilding C object CMakeFiles/interfaces__rosidl_generator_c.dir/rosidl_generator_c/interfaces/srv/detail/getpose__functions.c.o[0m
[2.041s] [ 14%] [32mBuilding C object CMakeFiles/interfaces__rosidl_generator_c.dir/rosidl_generator_c/interfaces/srv/detail/picturetopoints__functions.c.o[0m
[2.190s] [ 16%] [32m[1mLinking C shared library libinterfaces__rosidl_generator_c.so[0m
[2.309s] [ 16%] Built target interfaces__rosidl_generator_c
[2.368s] [ 17%] [34m[1mGenerating C type support dispatch for ROS interfaces[0m
[2.407s] [ 18%] [34m[1mGenerating C introspection for ROS interfaces[0m
[2.545s] [35m[1mScanning dependencies of target interfaces__rosidl_typesupport_cpp[0m
[2.588s] [ 19%] [32mBuilding CXX object CMakeFiles/interfaces__rosidl_typesupport_cpp.dir/rosidl_typesupport_cpp/interfaces/msg/pointcoords__type_support.cpp.o[0m
[2.600s] [ 20%] [32mBuilding CXX object CMakeFiles/interfaces__rosidl_typesupport_cpp.dir/rosidl_typesupport_cpp/interfaces/msg/waypoints__type_support.cpp.o[0m
[2.634s] [ 21%] [32mBuilding CXX object CMakeFiles/interfaces__rosidl_typesupport_cpp.dir/rosidl_typesupport_cpp/interfaces/msg/point_translation3_d__type_support.cpp.o[0m
[2.655s] [ 22%] [32mBuilding CXX object CMakeFiles/interfaces__rosidl_typesupport_cpp.dir/rosidl_typesupport_cpp/interfaces/srv/move__type_support.cpp.o[0m
[2.680s] [ 24%] [32mBuilding CXX object CMakeFiles/interfaces__rosidl_typesupport_cpp.dir/rosidl_typesupport_cpp/interfaces/msg/point_orientation3_d__type_support.cpp.o[0m
[2.742s] [ 25%] [32mBuilding CXX object CMakeFiles/interfaces__rosidl_typesupport_cpp.dir/rosidl_typesupport_cpp/interfaces/srv/picturetopoints__type_support.cpp.o[0m
[2.742s] [ 26%] [32mBuilding CXX object CMakeFiles/interfaces__rosidl_typesupport_cpp.dir/rosidl_typesupport_cpp/interfaces/srv/getpose__type_support.cpp.o[0m
[2.752s] [35m[1mScanning dependencies of target interfaces__rosidl_typesupport_introspection_cpp[0m
[2.755s] [ 27%] [32mBuilding CXX object CMakeFiles/interfaces__rosidl_typesupport_cpp.dir/rosidl_typesupport_cpp/interfaces/srv/set_ur_io__type_support.cpp.o[0m
[2.821s] [ 28%] [32mBuilding CXX object CMakeFiles/interfaces__rosidl_typesupport_introspection_cpp.dir/rosidl_typesupport_introspection_cpp/interfaces/msg/detail/pointcoords__type_support.cpp.o[0m
[3.106s] [ 29%] [32mBuilding CXX object CMakeFiles/interfaces__rosidl_typesupport_introspection_cpp.dir/rosidl_typesupport_introspection_cpp/interfaces/msg/detail/waypoints__type_support.cpp.o[0m
[3.172s] [ 31%] [32mBuilding CXX object CMakeFiles/interfaces__rosidl_typesupport_introspection_cpp.dir/rosidl_typesupport_introspection_cpp/interfaces/msg/detail/point_translation3_d__type_support.cpp.o[0m
[3.228s] [ 32%] [32mBuilding CXX object CMakeFiles/interfaces__rosidl_typesupport_introspection_cpp.dir/rosidl_typesupport_introspection_cpp/interfaces/srv/detail/move__type_support.cpp.o[0m
[3.248s] [ 33%] [32mBuilding CXX object CMakeFiles/interfaces__rosidl_typesupport_introspection_cpp.dir/rosidl_typesupport_introspection_cpp/interfaces/msg/detail/point_orientation3_d__type_support.cpp.o[0m
[3.269s] [35m[1mScanning dependencies of target interfaces__rosidl_typesupport_fastrtps_cpp[0m
[3.320s] [ 34%] [32mBuilding CXX object CMakeFiles/interfaces__rosidl_typesupport_introspection_cpp.dir/rosidl_typesupport_introspection_cpp/interfaces/srv/detail/picturetopoints__type_support.cpp.o[0m
[3.320s] [35m[1mScanning dependencies of target interfaces__rosidl_typesupport_c[0m
[3.331s] [ 35%] [32mBuilding CXX object CMakeFiles/interfaces__rosidl_typesupport_introspection_cpp.dir/rosidl_typesupport_introspection_cpp/interfaces/srv/detail/getpose__type_support.cpp.o[0m
[3.332s] [ 36%] [32mBuilding CXX object CMakeFiles/interfaces__rosidl_typesupport_fastrtps_cpp.dir/rosidl_typesupport_fastrtps_cpp/interfaces/msg/detail/dds_fastrtps/pointcoords__type_support.cpp.o[0m
[3.342s] [ 37%] [32mBuilding CXX object CMakeFiles/interfaces__rosidl_typesupport_introspection_cpp.dir/rosidl_typesupport_introspection_cpp/interfaces/srv/detail/set_ur_io__type_support.cpp.o[0m
[3.354s] [ 39%] [32m[1mLinking CXX shared library libinterfaces__rosidl_typesupport_cpp.so[0m
[3.376s] [ 40%] [32mBuilding CXX object CMakeFiles/interfaces__rosidl_typesupport_c.dir/rosidl_typesupport_c/interfaces/msg/pointcoords__type_support.cpp.o[0m
[3.443s] [ 41%] [32mBuilding CXX object CMakeFiles/interfaces__rosidl_typesupport_fastrtps_cpp.dir/rosidl_typesupport_fastrtps_cpp/interfaces/msg/detail/dds_fastrtps/waypoints__type_support.cpp.o[0m
[3.482s] [ 41%] Built target interfaces__rosidl_typesupport_cpp
[3.487s] [ 42%] [32mBuilding CXX object CMakeFiles/interfaces__rosidl_typesupport_c.dir/rosidl_typesupport_c/interfaces/msg/waypoints__type_support.cpp.o[0m
[3.510s] [35m[1mScanning dependencies of target interfaces__rosidl_typesupport_introspection_c[0m
[3.514s] [ 43%] [32mBuilding CXX object CMakeFiles/interfaces__rosidl_typesupport_fastrtps_cpp.dir/rosidl_typesupport_fastrtps_cpp/interfaces/msg/detail/dds_fastrtps/point_translation3_d__type_support.cpp.o[0m
[3.561s] [ 44%] [32mBuilding C object CMakeFiles/interfaces__rosidl_typesupport_introspection_c.dir/rosidl_typesupport_introspection_c/interfaces/msg/detail/pointcoords__type_support.c.o[0m
[3.580s] [ 45%] [32mBuilding C object CMakeFiles/interfaces__rosidl_typesupport_introspection_c.dir/rosidl_typesupport_introspection_c/interfaces/msg/detail/waypoints__type_support.c.o[0m
[3.634s] [ 47%] [32mBuilding CXX object CMakeFiles/interfaces__rosidl_typesupport_c.dir/rosidl_typesupport_c/interfaces/msg/point_translation3_d__type_support.cpp.o[0m
[3.657s] [ 48%] [32mBuilding CXX object CMakeFiles/interfaces__rosidl_typesupport_c.dir/rosidl_typesupport_c/interfaces/srv/move__type_support.cpp.o[0m
[3.685s] [ 49%] [32mBuilding C object CMakeFiles/interfaces__rosidl_typesupport_introspection_c.dir/rosidl_typesupport_introspection_c/interfaces/msg/detail/point_translation3_d__type_support.c.o[0m
[3.718s] [ 50%] [32mBuilding C object CMakeFiles/interfaces__rosidl_typesupport_introspection_c.dir/rosidl_typesupport_introspection_c/interfaces/srv/detail/move__type_support.c.o[0m
[3.718s] [ 51%] [32mBuilding C object CMakeFiles/interfaces__rosidl_typesupport_introspection_c.dir/rosidl_typesupport_introspection_c/interfaces/msg/detail/point_orientation3_d__type_support.c.o[0m
[3.729s] [ 52%] [32mBuilding CXX object CMakeFiles/interfaces__rosidl_typesupport_c.dir/rosidl_typesupport_c/interfaces/msg/point_orientation3_d__type_support.cpp.o[0m
[3.756s] [ 54%] [32mBuilding CXX object CMakeFiles/interfaces__rosidl_typesupport_c.dir/rosidl_typesupport_c/interfaces/srv/picturetopoints__type_support.cpp.o[0m
[3.794s] [ 55%] [32mBuilding CXX object CMakeFiles/interfaces__rosidl_typesupport_fastrtps_cpp.dir/rosidl_typesupport_fastrtps_cpp/interfaces/srv/detail/dds_fastrtps/move__type_support.cpp.o[0m
[3.808s] [ 56%] [32mBuilding C object CMakeFiles/interfaces__rosidl_typesupport_introspection_c.dir/rosidl_typesupport_introspection_c/interfaces/srv/detail/picturetopoints__type_support.c.o[0m
[3.823s] [ 57%] [32mBuilding CXX object CMakeFiles/interfaces__rosidl_typesupport_c.dir/rosidl_typesupport_c/interfaces/srv/getpose__type_support.cpp.o[0m
[3.849s] [ 58%] [32mBuilding C object CMakeFiles/interfaces__rosidl_typesupport_introspection_c.dir/rosidl_typesupport_introspection_c/interfaces/srv/detail/getpose__type_support.c.o[0m
[3.869s] [ 59%] [32mBuilding CXX object CMakeFiles/interfaces__rosidl_typesupport_fastrtps_cpp.dir/rosidl_typesupport_fastrtps_cpp/interfaces/msg/detail/dds_fastrtps/point_orientation3_d__type_support.cpp.o[0m
[3.880s] [ 60%] [32mBuilding CXX object CMakeFiles/interfaces__rosidl_typesupport_c.dir/rosidl_typesupport_c/interfaces/srv/set_ur_io__type_support.cpp.o[0m
[3.910s] [ 62%] [32mBuilding C object CMakeFiles/interfaces__rosidl_typesupport_introspection_c.dir/rosidl_typesupport_introspection_c/interfaces/srv/detail/set_ur_io__type_support.c.o[0m
[3.942s] [ 63%] [32mBuilding CXX object CMakeFiles/interfaces__rosidl_typesupport_fastrtps_cpp.dir/rosidl_typesupport_fastrtps_cpp/interfaces/srv/detail/dds_fastrtps/picturetopoints__type_support.cpp.o[0m
[3.942s] [ 64%] [32m[1mLinking CXX shared library libinterfaces__rosidl_typesupport_introspection_cpp.so[0m
[3.947s] [ 65%] [32mBuilding CXX object CMakeFiles/interfaces__rosidl_typesupport_fastrtps_cpp.dir/rosidl_typesupport_fastrtps_cpp/interfaces/srv/detail/dds_fastrtps/getpose__type_support.cpp.o[0m
[3.977s] [ 66%] [32m[1mLinking CXX shared library libinterfaces__rosidl_typesupport_c.so[0m
[3.991s] [ 67%] [32mBuilding CXX object CMakeFiles/interfaces__rosidl_typesupport_fastrtps_cpp.dir/rosidl_typesupport_fastrtps_cpp/interfaces/srv/detail/dds_fastrtps/set_ur_io__type_support.cpp.o[0m
[4.048s] [ 68%] [32m[1mLinking C shared library libinterfaces__rosidl_typesupport_introspection_c.so[0m
[4.145s] [ 68%] Built target interfaces__rosidl_typesupport_introspection_cpp
[4.171s] [ 68%] Built target interfaces__rosidl_typesupport_c
[4.201s] [ 68%] Built target interfaces__rosidl_typesupport_introspection_c
[4.616s] [ 70%] [32m[1mLinking CXX shared library libinterfaces__rosidl_typesupport_fastrtps_cpp.so[0m
[4.701s] [ 70%] Built target interfaces__rosidl_typesupport_fastrtps_cpp
[4.712s] [ 71%] [34m[1mGenerating C type support for eProsima Fast-RTPS[0m
[5.558s] [35m[1mScanning dependencies of target interfaces__rosidl_typesupport_fastrtps_c[0m
[5.638s] [ 72%] [32mBuilding CXX object CMakeFiles/interfaces__rosidl_typesupport_fastrtps_c.dir/rosidl_typesupport_fastrtps_c/interfaces/msg/detail/pointcoords__type_support_c.cpp.o[0m
[5.638s] [ 73%] [32mBuilding CXX object CMakeFiles/interfaces__rosidl_typesupport_fastrtps_c.dir/rosidl_typesupport_fastrtps_c/interfaces/msg/detail/waypoints__type_support_c.cpp.o[0m
[5.647s] [ 74%] [32mBuilding CXX object CMakeFiles/interfaces__rosidl_typesupport_fastrtps_c.dir/rosidl_typesupport_fastrtps_c/interfaces/msg/detail/point_translation3_d__type_support_c.cpp.o[0m
[5.662s] [ 75%] [32mBuilding CXX object CMakeFiles/interfaces__rosidl_typesupport_fastrtps_c.dir/rosidl_typesupport_fastrtps_c/interfaces/srv/detail/move__type_support_c.cpp.o[0m
[5.755s] [ 77%] [32mBuilding CXX object CMakeFiles/interfaces__rosidl_typesupport_fastrtps_c.dir/rosidl_typesupport_fastrtps_c/interfaces/msg/detail/point_orientation3_d__type_support_c.cpp.o[0m
[5.759s] [ 79%] [32mBuilding CXX object CMakeFiles/interfaces__rosidl_typesupport_fastrtps_c.dir/rosidl_typesupport_fastrtps_c/interfaces/srv/detail/picturetopoints__type_support_c.cpp.o[0m
[5.759s] [ 79%] [32mBuilding CXX object CMakeFiles/interfaces__rosidl_typesupport_fastrtps_c.dir/rosidl_typesupport_fastrtps_c/interfaces/srv/detail/getpose__type_support_c.cpp.o[0m
[5.781s] [ 80%] [32mBuilding CXX object CMakeFiles/interfaces__rosidl_typesupport_fastrtps_c.dir/rosidl_typesupport_fastrtps_c/interfaces/srv/detail/set_ur_io__type_support_c.cpp.o[0m
[6.470s] [ 81%] [32m[1mLinking CXX shared library libinterfaces__rosidl_typesupport_fastrtps_c.so[0m
[6.708s] [ 81%] Built target interfaces__rosidl_typesupport_fastrtps_c
[6.778s] [35m[1mScanning dependencies of target interfaces[0m
[6.844s] [ 81%] Built target interfaces
[6.921s] [35m[1mScanning dependencies of target interfaces__py[0m
[6.987s] [ 82%] [34m[1mGenerating Python code for ROS interfaces[0m
[8.482s] [ 82%] Built target interfaces__py
[8.492s] [35m[1mScanning dependencies of target interfaces__python[0m
[8.520s] [ 83%] [32mBuilding C object CMakeFiles/interfaces__python.dir/rosidl_generator_py/interfaces/msg/_waypoints_s.c.o[0m
[8.529s] [ 85%] [32mBuilding C object CMakeFiles/interfaces__python.dir/rosidl_generator_py/interfaces/msg/_pointcoords_s.c.o[0m
[8.533s] [ 86%] [32mBuilding C object CMakeFiles/interfaces__python.dir/rosidl_generator_py/interfaces/msg/_point_translation3_d_s.c.o[0m
[8.537s] [ 87%] [32mBuilding C object CMakeFiles/interfaces__python.dir/rosidl_generator_py/interfaces/msg/_point_orientation3_d_s.c.o[0m
[8.546s] [ 88%] [32mBuilding C object CMakeFiles/interfaces__python.dir/rosidl_generator_py/interfaces/srv/_picturetopoints_s.c.o[0m
[8.556s] [ 89%] [32mBuilding C object CMakeFiles/interfaces__python.dir/rosidl_generator_py/interfaces/srv/_move_s.c.o[0m
[8.573s] [ 90%] [32mBuilding C object CMakeFiles/interfaces__python.dir/rosidl_generator_py/interfaces/srv/_getpose_s.c.o[0m
[8.624s] [ 91%] [32mBuilding C object CMakeFiles/interfaces__python.dir/rosidl_generator_py/interfaces/srv/_set_ur_io_s.c.o[0m
[8.748s] [ 93%] [32m[1mLinking C shared library rosidl_generator_py/interfaces/libinterfaces__python.so[0m
[8.774s] [ 93%] Built target interfaces__python
[8.782s] [35m[1mScanning dependencies of target interfaces__rosidl_typesupport_introspection_c__pyext[0m
[8.782s] [35m[1mScanning dependencies of target interfaces__rosidl_typesupport_c__pyext[0m
[8.795s] [35m[1mScanning dependencies of target interfaces__rosidl_typesupport_fastrtps_c__pyext[0m
[8.808s] [ 94%] [32mBuilding C object CMakeFiles/interfaces__rosidl_typesupport_c__pyext.dir/rosidl_generator_py/interfaces/_interfaces_s.ep.rosidl_typesupport_c.c.o[0m
[8.810s] [ 95%] [32mBuilding C object CMakeFiles/interfaces__rosidl_typesupport_introspection_c__pyext.dir/rosidl_generator_py/interfaces/_interfaces_s.ep.rosidl_typesupport_introspection_c.c.o[0m
[8.826s] [ 96%] [32mBuilding C object CMakeFiles/interfaces__rosidl_typesupport_fastrtps_c__pyext.dir/rosidl_generator_py/interfaces/_interfaces_s.ep.rosidl_typesupport_fastrtps_c.c.o[0m
[8.914s] [ 97%] [32m[1mLinking C shared library rosidl_generator_py/interfaces/interfaces_s__rosidl_typesupport_c.cpython-38-x86_64-linux-gnu.so[0m
[8.914s] [ 98%] [32m[1mLinking C shared library rosidl_generator_py/interfaces/interfaces_s__rosidl_typesupport_introspection_c.cpython-38-x86_64-linux-gnu.so[0m
[8.940s] [ 98%] Built target interfaces__rosidl_typesupport_c__pyext
[8.948s] [100%] [32m[1mLinking CXX shared library rosidl_generator_py/interfaces/interfaces_s__rosidl_typesupport_fastrtps_c.cpython-38-x86_64-linux-gnu.so[0m
[8.948s] [100%] Built target interfaces__rosidl_typesupport_introspection_c__pyext
[8.988s] [100%] Built target interfaces__rosidl_typesupport_fastrtps_c__pyext
[8.996s] Invoked command in '/home/prakt3/praktikum_ws/build/interfaces' returned '0': CMAKE_PREFIX_PATH=${CMAKE_PREFIX_PATH}:/opt/ros/galactic /usr/bin/cmake --build /home/prakt3/praktikum_ws/build/interfaces -- -j12 -l12
[9.077s] Invoking command in '/home/prakt3/praktikum_ws/build/interfaces': CMAKE_PREFIX_PATH=${CMAKE_PREFIX_PATH}:/opt/ros/galactic /usr/bin/cmake --install /home/prakt3/praktikum_ws/build/interfaces
[9.085s] -- Install configuration: ""
[9.086s] -- Installing: /home/prakt3/praktikum_ws/install/interfaces/share/ament_index/resource_index/rosidl_interfaces/interfaces
[9.086s] -- Installing: /home/prakt3/praktikum_ws/install/interfaces/include/interfaces
[9.086s] -- Installing: /home/prakt3/praktikum_ws/install/interfaces/include/interfaces/srv
[9.086s] -- Installing: /home/prakt3/praktikum_ws/install/interfaces/include/interfaces/srv/picturetopoints.h
[9.086s] -- Installing: /home/prakt3/praktikum_ws/install/interfaces/include/interfaces/srv/move.h
[9.086s] -- Installing: /home/prakt3/praktikum_ws/install/interfaces/include/interfaces/srv/set_ur_io.h
[9.086s] -- Installing: /home/prakt3/praktikum_ws/install/interfaces/include/interfaces/srv/detail
[9.086s] -- Installing: /home/prakt3/praktikum_ws/install/interfaces/include/interfaces/srv/detail/set_ur_io__functions.c
[9.086s] -- Installing: /home/prakt3/praktikum_ws/install/interfaces/include/interfaces/srv/detail/move__type_support.h
[9.086s] -- Installing: /home/prakt3/praktikum_ws/install/interfaces/include/interfaces/srv/detail/set_ur_io__struct.h
[9.086s] -- Installing: /home/prakt3/praktikum_ws/install/interfaces/include/interfaces/srv/detail/set_ur_io__functions.h
[9.086s] -- Installing: /home/prakt3/praktikum_ws/install/interfaces/include/interfaces/srv/detail/picturetopoints__type_support.h
[9.086s] -- Installing: /home/prakt3/praktikum_ws/install/interfaces/include/interfaces/srv/detail/getpose__functions.h
[9.086s] -- Installing: /home/prakt3/praktikum_ws/install/interfaces/include/interfaces/srv/detail/picturetopoints__struct.h
[9.087s] -- Installing: /home/prakt3/praktikum_ws/install/interfaces/include/interfaces/srv/detail/picturetopoints__functions.c
[9.087s] -- Installing: /home/prakt3/praktikum_ws/install/interfaces/include/interfaces/srv/detail/move__functions.h
[9.087s] -- Installing: /home/prakt3/praktikum_ws/install/interfaces/include/interfaces/srv/detail/getpose__struct.h
[9.087s] -- Installing: /home/prakt3/praktikum_ws/install/interfaces/include/interfaces/srv/detail/picturetopoints__functions.h
[9.087s] -- Installing: /home/prakt3/praktikum_ws/install/interfaces/include/interfaces/srv/detail/getpose__functions.c
[9.087s] -- Installing: /home/prakt3/praktikum_ws/install/interfaces/include/interfaces/srv/detail/getpose__type_support.h
[9.087s] -- Installing: /home/prakt3/praktikum_ws/install/interfaces/include/interfaces/srv/detail/move__struct.h
[9.087s] -- Installing: /home/prakt3/praktikum_ws/install/interfaces/include/interfaces/srv/detail/move__functions.c
[9.087s] -- Installing: /home/prakt3/praktikum_ws/install/interfaces/include/interfaces/srv/detail/set_ur_io__type_support.h
[9.087s] -- Installing: /home/prakt3/praktikum_ws/install/interfaces/include/interfaces/srv/getpose.h
[9.087s] -- Installing: /home/prakt3/praktikum_ws/install/interfaces/include/interfaces/msg
[9.087s] -- Installing: /home/prakt3/praktikum_ws/install/interfaces/include/interfaces/msg/waypoints.h
[9.087s] -- Installing: /home/prakt3/praktikum_ws/install/interfaces/include/interfaces/msg/pointcoords.h
[9.087s] -- Installing: /home/prakt3/praktikum_ws/install/interfaces/include/interfaces/msg/point_orientation3_d.h
[9.087s] -- Installing: /home/prakt3/praktikum_ws/install/interfaces/include/interfaces/msg/point_translation3_d.h
[9.087s] -- Installing: /home/prakt3/praktikum_ws/install/interfaces/include/interfaces/msg/detail
[9.087s] -- Installing: /home/prakt3/praktikum_ws/install/interfaces/include/interfaces/msg/detail/point_translation3_d__functions.h
[9.088s] -- Installing: /home/prakt3/praktikum_ws/install/interfaces/include/interfaces/msg/detail/point_orientation3_d__struct.h
[9.088s] -- Installing: /home/prakt3/praktikum_ws/install/interfaces/include/interfaces/msg/detail/point_orientation3_d__functions.h
[9.088s] -- Installing: /home/prakt3/praktikum_ws/install/interfaces/include/interfaces/msg/detail/pointcoords__functions.c
[9.088s] -- Installing: /home/prakt3/praktikum_ws/install/interfaces/include/interfaces/msg/detail/waypoints__type_support.h
[9.088s] -- Installing: /home/prakt3/praktikum_ws/install/interfaces/include/interfaces/msg/detail/pointcoords__functions.h
[9.088s] -- Installing: /home/prakt3/praktikum_ws/install/interfaces/include/interfaces/msg/detail/waypoints__struct.h
[9.088s] -- Installing: /home/prakt3/praktikum_ws/install/interfaces/include/interfaces/msg/detail/pointcoords__type_support.h
[9.088s] -- Installing: /home/prakt3/praktikum_ws/install/interfaces/include/interfaces/msg/detail/point_translation3_d__functions.c
[9.088s] -- Installing: /home/prakt3/praktikum_ws/install/interfaces/include/interfaces/msg/detail/point_orientation3_d__functions.c
[9.088s] -- Installing: /home/prakt3/praktikum_ws/install/interfaces/include/interfaces/msg/detail/point_translation3_d__struct.h
[9.088s] -- Installing: /home/prakt3/praktikum_ws/install/interfaces/include/interfaces/msg/detail/point_orientation3_d__type_support.h
[9.088s] -- Installing: /home/prakt3/praktikum_ws/install/interfaces/include/interfaces/msg/detail/waypoints__functions.h
[9.088s] -- Installing: /home/prakt3/praktikum_ws/install/interfaces/include/interfaces/msg/detail/point_translation3_d__type_support.h
[9.088s] -- Installing: /home/prakt3/praktikum_ws/install/interfaces/include/interfaces/msg/detail/pointcoords__struct.h
[9.088s] -- Installing: /home/prakt3/praktikum_ws/install/interfaces/include/interfaces/msg/detail/waypoints__functions.c
[9.088s] -- Installing: /home/prakt3/praktikum_ws/install/interfaces/include/interfaces/msg/rosidl_generator_c__visibility_control.h
[9.088s] -- Installing: /home/prakt3/praktikum_ws/install/interfaces/share/interfaces/environment/library_path.sh
[9.089s] -- Installing: /home/prakt3/praktikum_ws/install/interfaces/share/interfaces/environment/library_path.dsv
[9.089s] -- Installing: /home/prakt3/praktikum_ws/install/interfaces/lib/libinterfaces__rosidl_generator_c.so
[9.089s] -- Set runtime path of "/home/prakt3/praktikum_ws/install/interfaces/lib/libinterfaces__rosidl_generator_c.so" to ""
[9.089s] -- Up-to-date: /home/prakt3/praktikum_ws/install/interfaces/include/interfaces
[9.089s] -- Up-to-date: /home/prakt3/praktikum_ws/install/interfaces/include/interfaces/srv
[9.089s] -- Up-to-date: /home/prakt3/praktikum_ws/install/interfaces/include/interfaces/srv/detail
[9.089s] -- Installing: /home/prakt3/praktikum_ws/install/interfaces/include/interfaces/srv/detail/move__rosidl_typesupport_fastrtps_c.h
[9.089s] -- Installing: /home/prakt3/praktikum_ws/install/interfaces/include/interfaces/srv/detail/getpose__rosidl_typesupport_fastrtps_c.h
[9.089s] -- Installing: /home/prakt3/praktikum_ws/install/interfaces/include/interfaces/srv/detail/set_ur_io__rosidl_typesupport_fastrtps_c.h
[9.089s] -- Installing: /home/prakt3/praktikum_ws/install/interfaces/include/interfaces/srv/detail/picturetopoints__rosidl_typesupport_fastrtps_c.h
[9.089s] -- Up-to-date: /home/prakt3/praktikum_ws/install/interfaces/include/interfaces/msg
[9.089s] -- Installing: /home/prakt3/praktikum_ws/install/interfaces/include/interfaces/msg/rosidl_typesupport_fastrtps_c__visibility_control.h
[9.089s] -- Up-to-date: /home/prakt3/praktikum_ws/install/interfaces/include/interfaces/msg/detail
[9.090s] -- Installing: /home/prakt3/praktikum_ws/install/interfaces/include/interfaces/msg/detail/point_translation3_d__rosidl_typesupport_fastrtps_c.h
[9.090s] -- Installing: /home/prakt3/praktikum_ws/install/interfaces/include/interfaces/msg/detail/pointcoords__rosidl_typesupport_fastrtps_c.h
[9.090s] -- Installing: /home/prakt3/praktikum_ws/install/interfaces/include/interfaces/msg/detail/waypoints__rosidl_typesupport_fastrtps_c.h
[9.090s] -- Installing: /home/prakt3/praktikum_ws/install/interfaces/include/interfaces/msg/detail/point_orientation3_d__rosidl_typesupport_fastrtps_c.h
[9.090s] -- Installing: /home/prakt3/praktikum_ws/install/interfaces/lib/libinterfaces__rosidl_typesupport_fastrtps_c.so
[9.090s] -- Set runtime path of "/home/prakt3/praktikum_ws/install/interfaces/lib/libinterfaces__rosidl_typesupport_fastrtps_c.so" to ""
[9.090s] -- Up-to-date: /home/prakt3/praktikum_ws/install/interfaces/include/interfaces
[9.090s] -- Up-to-date: /home/prakt3/praktikum_ws/install/interfaces/include/interfaces/srv
[9.090s] -- Up-to-date: /home/prakt3/praktikum_ws/install/interfaces/include/interfaces/srv/detail
[9.090s] -- Installing: /home/prakt3/praktikum_ws/install/interfaces/include/interfaces/srv/detail/move__rosidl_typesupport_fastrtps_cpp.hpp
[9.090s] -- Installing: /home/prakt3/praktikum_ws/install/interfaces/include/interfaces/srv/detail/set_ur_io__rosidl_typesupport_fastrtps_cpp.hpp
[9.090s] -- Installing: /home/prakt3/praktikum_ws/install/interfaces/include/interfaces/srv/detail/getpose__rosidl_typesupport_fastrtps_cpp.hpp
[9.090s] -- Installing: /home/prakt3/praktikum_ws/install/interfaces/include/interfaces/srv/detail/dds_fastrtps
[9.090s] -- Installing: /home/prakt3/praktikum_ws/install/interfaces/include/interfaces/srv/detail/picturetopoints__rosidl_typesupport_fastrtps_cpp.hpp
[9.091s] -- Up-to-date: /home/prakt3/praktikum_ws/install/interfaces/include/interfaces/msg
[9.091s] -- Installing: /home/prakt3/praktikum_ws/install/interfaces/include/interfaces/msg/rosidl_typesupport_fastrtps_cpp__visibility_control.h
[9.091s] -- Up-to-date: /home/prakt3/praktikum_ws/install/interfaces/include/interfaces/msg/detail
[9.091s] -- Installing: /home/prakt3/praktikum_ws/install/interfaces/include/interfaces/msg/detail/pointcoords__rosidl_typesupport_fastrtps_cpp.hpp
[9.091s] -- Installing: /home/prakt3/praktikum_ws/install/interfaces/include/interfaces/msg/detail/point_orientation3_d__rosidl_typesupport_fastrtps_cpp.hpp
[9.091s] -- Installing: /home/prakt3/praktikum_ws/install/interfaces/include/interfaces/msg/detail/waypoints__rosidl_typesupport_fastrtps_cpp.hpp
[9.091s] -- Installing: /home/prakt3/praktikum_ws/install/interfaces/include/interfaces/msg/detail/point_translation3_d__rosidl_typesupport_fastrtps_cpp.hpp
[9.091s] -- Installing: /home/prakt3/praktikum_ws/install/interfaces/include/interfaces/msg/detail/dds_fastrtps
[9.091s] -- Installing: /home/prakt3/praktikum_ws/install/interfaces/lib/libinterfaces__rosidl_typesupport_fastrtps_cpp.so
[9.091s] -- Set runtime path of "/home/prakt3/praktikum_ws/install/interfaces/lib/libinterfaces__rosidl_typesupport_fastrtps_cpp.so" to ""
[9.091s] -- Up-to-date: /home/prakt3/praktikum_ws/install/interfaces/include/interfaces
[9.091s] -- Up-to-date: /home/prakt3/praktikum_ws/install/interfaces/include/interfaces/srv
[9.091s] -- Up-to-date: /home/prakt3/praktikum_ws/install/interfaces/include/interfaces/srv/detail
[9.091s] -- Installing: /home/prakt3/praktikum_ws/install/interfaces/include/interfaces/srv/detail/move__rosidl_typesupport_introspection_c.h
[9.091s] -- Installing: /home/prakt3/praktikum_ws/install/interfaces/include/interfaces/srv/detail/move__type_support.c
[9.092s] -- Installing: /home/prakt3/praktikum_ws/install/interfaces/include/interfaces/srv/detail/picturetopoints__type_support.c
[9.092s] -- Installing: /home/prakt3/praktikum_ws/install/interfaces/include/interfaces/srv/detail/getpose__type_support.c
[9.092s] -- Installing: /home/prakt3/praktikum_ws/install/interfaces/include/interfaces/srv/detail/set_ur_io__rosidl_typesupport_introspection_c.h
[9.092s] -- Installing: /home/prakt3/praktikum_ws/install/interfaces/include/interfaces/srv/detail/set_ur_io__type_support.c
[9.092s] -- Installing: /home/prakt3/praktikum_ws/install/interfaces/include/interfaces/srv/detail/getpose__rosidl_typesupport_introspection_c.h
[9.092s] -- Installing: /home/prakt3/praktikum_ws/install/interfaces/include/interfaces/srv/detail/picturetopoints__rosidl_typesupport_introspection_c.h
[9.092s] -- Up-to-date: /home/prakt3/praktikum_ws/install/interfaces/include/interfaces/msg
[9.092s] -- Up-to-date: /home/prakt3/praktikum_ws/install/interfaces/include/interfaces/msg/detail
[9.092s] -- Installing: /home/prakt3/praktikum_ws/install/interfaces/include/interfaces/msg/detail/point_orientation3_d__type_support.c
[9.092s] -- Installing: /home/prakt3/praktikum_ws/install/interfaces/include/interfaces/msg/detail/waypoints__type_support.c
[9.092s] -- Installing: /home/prakt3/praktikum_ws/install/interfaces/include/interfaces/msg/detail/waypoints__rosidl_typesupport_introspection_c.h
[9.092s] -- Installing: /home/prakt3/praktikum_ws/install/interfaces/include/interfaces/msg/detail/pointcoords__rosidl_typesupport_introspection_c.h
[9.092s] -- Installing: /home/prakt3/praktikum_ws/install/interfaces/include/interfaces/msg/detail/point_orientation3_d__rosidl_typesupport_introspection_c.h
[9.092s] -- Installing: /home/prakt3/praktikum_ws/install/interfaces/include/interfaces/msg/detail/point_translation3_d__type_support.c
[9.092s] -- Installing: /home/prakt3/praktikum_ws/install/interfaces/include/interfaces/msg/detail/point_translation3_d__rosidl_typesupport_introspection_c.h
[9.092s] -- Installing: /home/prakt3/praktikum_ws/install/interfaces/include/interfaces/msg/detail/pointcoords__type_support.c
[9.093s] -- Installing: /home/prakt3/praktikum_ws/install/interfaces/include/interfaces/msg/rosidl_typesupport_introspection_c__visibility_control.h
[9.093s] -- Installing: /home/prakt3/praktikum_ws/install/interfaces/lib/libinterfaces__rosidl_typesupport_introspection_c.so
[9.093s] -- Set runtime path of "/home/prakt3/praktikum_ws/install/interfaces/lib/libinterfaces__rosidl_typesupport_introspection_c.so" to ""
[9.093s] -- Installing: /home/prakt3/praktikum_ws/install/interfaces/lib/libinterfaces__rosidl_typesupport_c.so
[9.093s] -- Set runtime path of "/home/prakt3/praktikum_ws/install/interfaces/lib/libinterfaces__rosidl_typesupport_c.so" to ""
[9.093s] -- Up-to-date: /home/prakt3/praktikum_ws/install/interfaces/include/interfaces
[9.093s] -- Up-to-date: /home/prakt3/praktikum_ws/install/interfaces/include/interfaces/srv
[9.093s] -- Installing: /home/prakt3/praktikum_ws/install/interfaces/include/interfaces/srv/getpose.hpp
[9.093s] -- Installing: /home/prakt3/praktikum_ws/install/interfaces/include/interfaces/srv/picturetopoints.hpp
[9.093s] -- Up-to-date: /home/prakt3/praktikum_ws/install/interfaces/include/interfaces/srv/detail
[9.093s] -- Installing: /home/prakt3/praktikum_ws/install/interfaces/include/interfaces/srv/detail/set_ur_io__struct.hpp
[9.093s] -- Installing: /home/prakt3/praktikum_ws/install/interfaces/include/interfaces/srv/detail/getpose__builder.hpp
[9.094s] -- Installing: /home/prakt3/praktikum_ws/install/interfaces/include/interfaces/srv/detail/move__struct.hpp
[9.094s] -- Installing: /home/prakt3/praktikum_ws/install/interfaces/include/interfaces/srv/detail/getpose__traits.hpp
[9.094s] -- Installing: /home/prakt3/praktikum_ws/install/interfaces/include/interfaces/srv/detail/picturetopoints__builder.hpp
[9.094s] -- Installing: /home/prakt3/praktikum_ws/install/interfaces/include/interfaces/srv/detail/picturetopoints__struct.hpp
[9.094s] -- Installing: /home/prakt3/praktikum_ws/install/interfaces/include/interfaces/srv/detail/getpose__struct.hpp
[9.094s] -- Installing: /home/prakt3/praktikum_ws/install/interfaces/include/interfaces/srv/detail/move__traits.hpp
[9.094s] -- Installing: /home/prakt3/praktikum_ws/install/interfaces/include/interfaces/srv/detail/picturetopoints__traits.hpp
[9.094s] -- Installing: /home/prakt3/praktikum_ws/install/interfaces/include/interfaces/srv/detail/move__builder.hpp
[9.094s] -- Installing: /home/prakt3/praktikum_ws/install/interfaces/include/interfaces/srv/detail/set_ur_io__traits.hpp
[9.094s] -- Installing: /home/prakt3/praktikum_ws/install/interfaces/include/interfaces/srv/detail/set_ur_io__builder.hpp
[9.094s] -- Installing: /home/prakt3/praktikum_ws/install/interfaces/include/interfaces/srv/set_ur_io.hpp
[9.094s] -- Installing: /home/prakt3/praktikum_ws/install/interfaces/include/interfaces/srv/move.hpp
[9.094s] -- Up-to-date: /home/prakt3/praktikum_ws/install/interfaces/include/interfaces/msg
[9.094s] -- Installing: /home/prakt3/praktikum_ws/install/interfaces/include/interfaces/msg/point_translation3_d.hpp
[9.094s] -- Installing: /home/prakt3/praktikum_ws/install/interfaces/include/interfaces/msg/point_orientation3_d.hpp
[9.095s] -- Up-to-date: /home/prakt3/praktikum_ws/install/interfaces/include/interfaces/msg/detail
[9.095s] -- Installing: /home/prakt3/praktikum_ws/install/interfaces/include/interfaces/msg/detail/waypoints__builder.hpp
[9.095s] -- Installing: /home/prakt3/praktikum_ws/install/interfaces/include/interfaces/msg/detail/point_translation3_d__builder.hpp
[9.095s] -- Installing: /home/prakt3/praktikum_ws/install/interfaces/include/interfaces/msg/detail/point_orientation3_d__traits.hpp
[9.095s] -- Installing: /home/prakt3/praktikum_ws/install/interfaces/include/interfaces/msg/detail/point_translation3_d__struct.hpp
[9.095s] -- Installing: /home/prakt3/praktikum_ws/install/interfaces/include/interfaces/msg/detail/waypoints__traits.hpp
[9.095s] -- Installing: /home/prakt3/praktikum_ws/install/interfaces/include/interfaces/msg/detail/waypoints__struct.hpp
[9.095s] -- Installing: /home/prakt3/praktikum_ws/install/interfaces/include/interfaces/msg/detail/point_orientation3_d__builder.hpp
[9.095s] -- Installing: /home/prakt3/praktikum_ws/install/interfaces/include/interfaces/msg/detail/point_translation3_d__traits.hpp
[9.095s] -- Installing: /home/prakt3/praktikum_ws/install/interfaces/include/interfaces/msg/detail/pointcoords__builder.hpp
[9.095s] -- Installing: /home/prakt3/praktikum_ws/install/interfaces/include/interfaces/msg/detail/point_orientation3_d__struct.hpp
[9.095s] -- Installing: /home/prakt3/praktikum_ws/install/interfaces/include/interfaces/msg/detail/pointcoords__traits.hpp
[9.095s] -- Installing: /home/prakt3/praktikum_ws/install/interfaces/include/interfaces/msg/detail/pointcoords__struct.hpp
[9.095s] -- Installing: /home/prakt3/praktikum_ws/install/interfaces/include/interfaces/msg/waypoints.hpp
[9.095s] -- Installing: /home/prakt3/praktikum_ws/install/interfaces/include/interfaces/msg/pointcoords.hpp
[9.096s] -- Up-to-date: /home/prakt3/praktikum_ws/install/interfaces/include/interfaces
[9.096s] -- Up-to-date: /home/prakt3/praktikum_ws/install/interfaces/include/interfaces/srv
[9.096s] -- Up-to-date: /home/prakt3/praktikum_ws/install/interfaces/include/interfaces/srv/detail
[9.096s] -- Installing: /home/prakt3/praktikum_ws/install/interfaces/include/interfaces/srv/detail/picturetopoints__type_support.cpp
[9.096s] -- Installing: /home/prakt3/praktikum_ws/install/interfaces/include/interfaces/srv/detail/set_ur_io__rosidl_typesupport_introspection_cpp.hpp
[9.096s] -- Installing: /home/prakt3/praktikum_ws/install/interfaces/include/interfaces/srv/detail/getpose__type_support.cpp
[9.096s] -- Installing: /home/prakt3/praktikum_ws/install/interfaces/include/interfaces/srv/detail/picturetopoints__rosidl_typesupport_introspection_cpp.hpp
[9.096s] -- Installing: /home/prakt3/praktikum_ws/install/interfaces/include/interfaces/srv/detail/move__rosidl_typesupport_introspection_cpp.hpp
[9.096s] -- Installing: /home/prakt3/praktikum_ws/install/interfaces/include/interfaces/srv/detail/set_ur_io__type_support.cpp
[9.096s] -- Installing: /home/prakt3/praktikum_ws/install/interfaces/include/interfaces/srv/detail/getpose__rosidl_typesupport_introspection_cpp.hpp
[9.096s] -- Installing: /home/prakt3/praktikum_ws/install/interfaces/include/interfaces/srv/detail/move__type_support.cpp
[9.096s] -- Up-to-date: /home/prakt3/praktikum_ws/install/interfaces/include/interfaces/msg
[9.096s] -- Up-to-date: /home/prakt3/praktikum_ws/install/interfaces/include/interfaces/msg/detail
[9.096s] -- Installing: /home/prakt3/praktikum_ws/install/interfaces/include/interfaces/msg/detail/point_translation3_d__rosidl_typesupport_introspection_cpp.hpp
[9.096s] -- Installing: /home/prakt3/praktikum_ws/install/interfaces/include/interfaces/msg/detail/waypoints__type_support.cpp
[9.096s] -- Installing: /home/prakt3/praktikum_ws/install/interfaces/include/interfaces/msg/detail/point_orientation3_d__rosidl_typesupport_introspection_cpp.hpp
[9.096s] -- Installing: /home/prakt3/praktikum_ws/install/interfaces/include/interfaces/msg/detail/pointcoords__rosidl_typesupport_introspection_cpp.hpp
[9.097s] -- Installing: /home/prakt3/praktikum_ws/install/interfaces/include/interfaces/msg/detail/point_translation3_d__type_support.cpp
[9.097s] -- Installing: /home/prakt3/praktikum_ws/install/interfaces/include/interfaces/msg/detail/waypoints__rosidl_typesupport_introspection_cpp.hpp
[9.097s] -- Installing: /home/prakt3/praktikum_ws/install/interfaces/include/interfaces/msg/detail/point_orientation3_d__type_support.cpp
[9.097s] -- Installing: /home/prakt3/praktikum_ws/install/interfaces/include/interfaces/msg/detail/pointcoords__type_support.cpp
[9.097s] -- Installing: /home/prakt3/praktikum_ws/install/interfaces/lib/libinterfaces__rosidl_typesupport_introspection_cpp.so
[9.097s] -- Set runtime path of "/home/prakt3/praktikum_ws/install/interfaces/lib/libinterfaces__rosidl_typesupport_introspection_cpp.so" to ""
[9.097s] -- Installing: /home/prakt3/praktikum_ws/install/interfaces/lib/libinterfaces__rosidl_typesupport_cpp.so
[9.097s] -- Set runtime path of "/home/prakt3/praktikum_ws/install/interfaces/lib/libinterfaces__rosidl_typesupport_cpp.so" to ""
[9.097s] -- Installing: /home/prakt3/praktikum_ws/install/interfaces/share/interfaces/environment/pythonpath.sh
[9.097s] -- Installing: /home/prakt3/praktikum_ws/install/interfaces/share/interfaces/environment/pythonpath.dsv
[9.097s] -- Installing: /home/prakt3/praktikum_ws/install/interfaces/lib/python3.8/site-packages/interfaces/__init__.py
[9.117s] Compiling '/home/prakt3/praktikum_ws/install/interfaces/lib/python3.8/site-packages/interfaces/__init__.py'...
[9.120s] -- Installing: /home/prakt3/praktikum_ws/install/interfaces/lib/python3.8/site-packages/interfaces/msg
[9.120s] -- Installing: /home/prakt3/praktikum_ws/install/interfaces/lib/python3.8/site-packages/interfaces/msg/_waypoints_s.c
[9.120s] -- Installing: /home/prakt3/praktikum_ws/install/interfaces/lib/python3.8/site-packages/interfaces/msg/_point_orientation3_d_s.c
[9.120s] -- Installing: /home/prakt3/praktikum_ws/install/interfaces/lib/python3.8/site-packages/interfaces/msg/_point_translation3_d_s.c
[9.120s] -- Installing: /home/prakt3/praktikum_ws/install/interfaces/lib/python3.8/site-packages/interfaces/msg/_point_orientation3_d.py
[9.120s] -- Installing: /home/prakt3/praktikum_ws/install/interfaces/lib/python3.8/site-packages/interfaces/msg/_waypoints.py
[9.120s] -- Installing: /home/prakt3/praktikum_ws/install/interfaces/lib/python3.8/site-packages/interfaces/msg/__init__.py
[9.120s] -- Installing: /home/prakt3/praktikum_ws/install/interfaces/lib/python3.8/site-packages/interfaces/msg/_pointcoords_s.c
[9.121s] -- Installing: /home/prakt3/praktikum_ws/install/interfaces/lib/python3.8/site-packages/interfaces/msg/_pointcoords.py
[9.121s] -- Installing: /home/prakt3/praktikum_ws/install/interfaces/lib/python3.8/site-packages/interfaces/msg/_point_translation3_d.py
[9.121s] -- Installing: /home/prakt3/praktikum_ws/install/interfaces/lib/python3.8/site-packages/interfaces/srv
[9.121s] -- Installing: /home/prakt3/praktikum_ws/install/interfaces/lib/python3.8/site-packages/interfaces/srv/_move_s.c
[9.121s] -- Installing: /home/prakt3/praktikum_ws/install/interfaces/lib/python3.8/site-packages/interfaces/srv/_set_ur_io_s.c
[9.121s] -- Installing: /home/prakt3/praktikum_ws/install/interfaces/lib/python3.8/site-packages/interfaces/srv/_picturetopoints.py
[9.121s] -- Installing: /home/prakt3/praktikum_ws/install/interfaces/lib/python3.8/site-packages/interfaces/srv/_set_ur_io.py
[9.122s] -- Installing: /home/prakt3/praktikum_ws/install/interfaces/lib/python3.8/site-packages/interfaces/srv/_picturetopoints_s.c
[9.122s] -- Installing: /home/prakt3/praktikum_ws/install/interfaces/lib/python3.8/site-packages/interfaces/srv/__init__.py
[9.122s] -- Installing: /home/prakt3/praktikum_ws/install/interfaces/lib/python3.8/site-packages/interfaces/srv/_move.py
[9.122s] -- Installing: /home/prakt3/praktikum_ws/install/interfaces/lib/python3.8/site-packages/interfaces/srv/_getpose_s.c
[9.122s] -- Installing: /home/prakt3/praktikum_ws/install/interfaces/lib/python3.8/site-packages/interfaces/srv/_getpose.py
[9.122s] -- Installing: /home/prakt3/praktikum_ws/install/interfaces/lib/python3.8/site-packages/interfaces/interfaces_s__rosidl_typesupport_fastrtps_c.cpython-38-x86_64-linux-gnu.so
[9.122s] -- Set runtime path of "/home/prakt3/praktikum_ws/install/interfaces/lib/python3.8/site-packages/interfaces/interfaces_s__rosidl_typesupport_fastrtps_c.cpython-38-x86_64-linux-gnu.so" to ""
[9.122s] -- Installing: /home/prakt3/praktikum_ws/install/interfaces/lib/python3.8/site-packages/interfaces/interfaces_s__rosidl_typesupport_introspection_c.cpython-38-x86_64-linux-gnu.so
[9.123s] -- Set runtime path of "/home/prakt3/praktikum_ws/install/interfaces/lib/python3.8/site-packages/interfaces/interfaces_s__rosidl_typesupport_introspection_c.cpython-38-x86_64-linux-gnu.so" to ""
[9.123s] -- Installing: /home/prakt3/praktikum_ws/install/interfaces/lib/python3.8/site-packages/interfaces/interfaces_s__rosidl_typesupport_c.cpython-38-x86_64-linux-gnu.so
[9.123s] -- Set runtime path of "/home/prakt3/praktikum_ws/install/interfaces/lib/python3.8/site-packages/interfaces/interfaces_s__rosidl_typesupport_c.cpython-38-x86_64-linux-gnu.so" to ""
[9.123s] -- Installing: /home/prakt3/praktikum_ws/install/interfaces/lib/libinterfaces__python.so
[9.123s] -- Set runtime path of "/home/prakt3/praktikum_ws/install/interfaces/lib/libinterfaces__python.so" to ""
[9.124s] -- Installing: /home/prakt3/praktikum_ws/install/interfaces/share/interfaces/msg/Pointcoords.idl
[9.124s] -- Installing: /home/prakt3/praktikum_ws/install/interfaces/share/interfaces/msg/Waypoints.idl
[9.124s] -- Installing: /home/prakt3/praktikum_ws/install/interfaces/share/interfaces/msg/PointTranslation3D.idl
[9.124s] -- Installing: /home/prakt3/praktikum_ws/install/interfaces/share/interfaces/srv/Move.idl
[9.124s] -- Installing: /home/prakt3/praktikum_ws/install/interfaces/share/interfaces/msg/PointOrientation3D.idl
[9.124s] -- Installing: /home/prakt3/praktikum_ws/install/interfaces/share/interfaces/srv/Picturetopoints.idl
[9.124s] -- Installing: /home/prakt3/praktikum_ws/install/interfaces/share/interfaces/srv/Getpose.idl
[9.124s] -- Installing: /home/prakt3/praktikum_ws/install/interfaces/share/interfaces/srv/SetUrIo.idl
[9.124s] -- Installing: /home/prakt3/praktikum_ws/install/interfaces/share/interfaces/msg/Pointcoords.msg
[9.124s] -- Installing: /home/prakt3/praktikum_ws/install/interfaces/share/interfaces/msg/Waypoints.msg
[9.124s] -- Installing: /home/prakt3/praktikum_ws/install/interfaces/share/interfaces/msg/PointTranslation3D.msg
[9.124s] -- Installing: /home/prakt3/praktikum_ws/install/interfaces/share/interfaces/srv/Move.srv
[9.125s] -- Installing: /home/prakt3/praktikum_ws/install/interfaces/share/interfaces/srv/Move_Request.msg
[9.125s] -- Installing: /home/prakt3/praktikum_ws/install/interfaces/share/interfaces/srv/Move_Response.msg
[9.125s] -- Installing: /home/prakt3/praktikum_ws/install/interfaces/share/interfaces/msg/PointOrientation3D.msg
[9.125s] -- Installing: /home/prakt3/praktikum_ws/install/interfaces/share/interfaces/srv/Picturetopoints.srv
[9.125s] -- Installing: /home/prakt3/praktikum_ws/install/interfaces/share/interfaces/srv/Picturetopoints_Request.msg
[9.125s] -- Installing: /home/prakt3/praktikum_ws/install/interfaces/share/interfaces/srv/Picturetopoints_Response.msg
[9.125s] -- Installing: /home/prakt3/praktikum_ws/install/interfaces/share/interfaces/srv/Getpose.srv
[9.125s] -- Installing: /home/prakt3/praktikum_ws/install/interfaces/share/interfaces/srv/Getpose_Request.msg
[9.125s] -- Installing: /home/prakt3/praktikum_ws/install/interfaces/share/interfaces/srv/Getpose_Response.msg
[9.125s] -- Installing: /home/prakt3/praktikum_ws/install/interfaces/share/interfaces/srv/SetUrIo.srv
[9.125s] -- Installing: /home/prakt3/praktikum_ws/install/interfaces/share/interfaces/srv/SetUrIo_Request.msg
[9.125s] -- Installing: /home/prakt3/praktikum_ws/install/interfaces/share/interfaces/srv/SetUrIo_Response.msg
[9.125s] -- Installing: /home/prakt3/praktikum_ws/install/interfaces/share/ament_index/resource_index/package_run_dependencies/interfaces
[9.126s] -- Installing: /home/prakt3/praktikum_ws/install/interfaces/share/ament_index/resource_index/parent_prefix_path/interfaces
[9.126s] -- Installing: /home/prakt3/praktikum_ws/install/interfaces/share/interfaces/environment/ament_prefix_path.sh
[9.126s] -- Installing: /home/prakt3/praktikum_ws/install/interfaces/share/interfaces/environment/ament_prefix_path.dsv
[9.126s] -- Installing: /home/prakt3/praktikum_ws/install/interfaces/share/interfaces/environment/path.sh
[9.126s] -- Installing: /home/prakt3/praktikum_ws/install/interfaces/share/interfaces/environment/path.dsv
[9.126s] -- Installing: /home/prakt3/praktikum_ws/install/interfaces/share/interfaces/local_setup.bash
[9.126s] -- Installing: /home/prakt3/praktikum_ws/install/interfaces/share/interfaces/local_setup.sh
[9.126s] -- Installing: /home/prakt3/praktikum_ws/install/interfaces/share/interfaces/local_setup.zsh
[9.126s] -- Installing: /home/prakt3/praktikum_ws/install/interfaces/share/interfaces/local_setup.dsv
[9.126s] -- Installing: /home/prakt3/praktikum_ws/install/interfaces/share/interfaces/package.dsv
[9.126s] -- Installing: /home/prakt3/praktikum_ws/install/interfaces/share/ament_index/resource_index/packages/interfaces
[9.127s] -- Installing: /home/prakt3/praktikum_ws/install/interfaces/share/interfaces/cmake/interfaces__rosidl_generator_cExport.cmake
[9.127s] -- Installing: /home/prakt3/praktikum_ws/install/interfaces/share/interfaces/cmake/interfaces__rosidl_generator_cExport-noconfig.cmake
[9.127s] -- Installing: /home/prakt3/praktikum_ws/install/interfaces/share/interfaces/cmake/interfaces__rosidl_typesupport_introspection_cExport.cmake
[9.127s] -- Installing: /home/prakt3/praktikum_ws/install/interfaces/share/interfaces/cmake/interfaces__rosidl_typesupport_introspection_cExport-noconfig.cmake
[9.127s] -- Installing: /home/prakt3/praktikum_ws/install/interfaces/share/interfaces/cmake/interfaces__rosidl_typesupport_cExport.cmake
[9.127s] -- Installing: /home/prakt3/praktikum_ws/install/interfaces/share/interfaces/cmake/interfaces__rosidl_typesupport_cExport-noconfig.cmake
[9.127s] -- Installing: /home/prakt3/praktikum_ws/install/interfaces/share/interfaces/cmake/interfaces__rosidl_generator_cppExport.cmake
[9.127s] -- Installing: /home/prakt3/praktikum_ws/install/interfaces/share/interfaces/cmake/interfaces__rosidl_typesupport_introspection_cppExport.cmake
[9.127s] -- Installing: /home/prakt3/praktikum_ws/install/interfaces/share/interfaces/cmake/interfaces__rosidl_typesupport_introspection_cppExport-noconfig.cmake
[9.127s] -- Installing: /home/prakt3/praktikum_ws/install/interfaces/share/interfaces/cmake/interfaces__rosidl_typesupport_cppExport.cmake
[9.128s] -- Installing: /home/prakt3/praktikum_ws/install/interfaces/share/interfaces/cmake/interfaces__rosidl_typesupport_cppExport-noconfig.cmake
[9.128s] -- Installing: /home/prakt3/praktikum_ws/install/interfaces/share/interfaces/cmake/rosidl_cmake-extras.cmake
[9.128s] -- Installing: /home/prakt3/praktikum_ws/install/interfaces/share/interfaces/cmake/ament_cmake_export_dependencies-extras.cmake
[9.128s] -- Installing: /home/prakt3/praktikum_ws/install/interfaces/share/interfaces/cmake/ament_cmake_export_libraries-extras.cmake
[9.128s] -- Installing: /home/prakt3/praktikum_ws/install/interfaces/share/interfaces/cmake/ament_cmake_export_targets-extras.cmake
[9.128s] -- Installing: /home/prakt3/praktikum_ws/install/interfaces/share/interfaces/cmake/ament_cmake_export_include_directories-extras.cmake
[9.128s] -- Installing: /home/prakt3/praktikum_ws/install/interfaces/share/interfaces/cmake/rosidl_cmake_export_typesupport_libraries-extras.cmake
[9.128s] -- Installing: /home/prakt3/praktikum_ws/install/interfaces/share/interfaces/cmake/rosidl_cmake_export_typesupport_targets-extras.cmake
[9.128s] -- Installing: /home/prakt3/praktikum_ws/install/interfaces/share/interfaces/cmake/interfacesConfig.cmake
[9.128s] -- Installing: /home/prakt3/praktikum_ws/install/interfaces/share/interfaces/cmake/interfacesConfig-version.cmake
[9.128s] -- Installing: /home/prakt3/praktikum_ws/install/interfaces/share/interfaces/package.xml
[9.132s] Invoked command in '/home/prakt3/praktikum_ws/build/interfaces' returned '0': CMAKE_PREFIX_PATH=${CMAKE_PREFIX_PATH}:/opt/ros/galactic /usr/bin/cmake --install /home/prakt3/praktikum_ws/build/interfaces
