[0.058s] Invoking command in '/home/prakt3/praktikum_ws/build/geometric_shapes': CMAKE_PREFIX_PATH=/opt/ros/galactic /usr/bin/cmake --build /home/prakt3/praktikum_ws/build/geometric_shapes -- -j12 -l12
[0.656s] [  6%] Built target gtest_main
[0.656s] [ 12%] Built target gtest
[0.656s] [ 39%] Built target geometric_shapes
[0.656s] [ 45%] Built target test_basics
[0.656s] [ 54%] Built target test_create_mesh
[0.656s] [ 57%] Built target test_bounding_cylinder
[0.656s] [ 63%] Built target test_bounding_box
[0.656s] [ 69%] Built target test_shapes
[0.656s] [ 75%] Built target test_ray_intersection
[0.657s] [ 81%] Built target test_bounding_sphere
[0.657s] [ 87%] Built target test_loaded_meshes
[0.657s] [ 93%] Built target test_body_operations
[0.657s] [100%] Built target test_point_inclusion
[0.670s] Invoked command in '/home/prakt3/praktikum_ws/build/geometric_shapes' returned '0': CMAKE_PREFIX_PATH=/opt/ros/galactic /usr/bin/cmake --build /home/prakt3/praktikum_ws/build/geometric_shapes -- -j12 -l12
[0.729s] Invoking command in '/home/prakt3/praktikum_ws/build/geometric_shapes': CMAKE_PREFIX_PATH=/opt/ros/galactic /usr/bin/cmake --install /home/prakt3/praktikum_ws/build/geometric_shapes
[0.759s] -- Install configuration: "Release"
[0.760s] -- Up-to-date: /home/prakt3/praktikum_ws/install/geometric_shapes/lib/libgeometric_shapes.so.2.1.2
[0.760s] -- Up-to-date: /home/prakt3/praktikum_ws/install/geometric_shapes/lib/libgeometric_shapes.so
[0.760s] -- Up-to-date: /home/prakt3/praktikum_ws/install/geometric_shapes/include
[0.760s] -- Up-to-date: /home/prakt3/praktikum_ws/install/geometric_shapes/include/geometric_shapes
[0.760s] -- Up-to-date: /home/prakt3/praktikum_ws/install/geometric_shapes/include/geometric_shapes/shape_operations.h
[0.760s] -- Up-to-date: /home/prakt3/praktikum_ws/install/geometric_shapes/include/geometric_shapes/check_isometry.h
[0.760s] -- Up-to-date: /home/prakt3/praktikum_ws/install/geometric_shapes/include/geometric_shapes/body_operations.h
[0.760s] -- Up-to-date: /home/prakt3/praktikum_ws/install/geometric_shapes/include/geometric_shapes/shape_extents.h
[0.760s] -- Up-to-date: /home/prakt3/praktikum_ws/install/geometric_shapes/include/geometric_shapes/bodies.h
[0.760s] -- Up-to-date: /home/prakt3/praktikum_ws/install/geometric_shapes/include/geometric_shapes/aabb.h
[0.760s] -- Up-to-date: /home/prakt3/praktikum_ws/install/geometric_shapes/include/geometric_shapes/shapes.h
[0.760s] -- Up-to-date: /home/prakt3/praktikum_ws/install/geometric_shapes/include/geometric_shapes/solid_primitive_dims.h
[0.760s] -- Up-to-date: /home/prakt3/praktikum_ws/install/geometric_shapes/include/geometric_shapes/shape_messages.h
[0.761s] -- Up-to-date: /home/prakt3/praktikum_ws/install/geometric_shapes/include/geometric_shapes/shape_to_marker.h
[0.761s] -- Up-to-date: /home/prakt3/praktikum_ws/install/geometric_shapes/include/geometric_shapes/mesh_operations.h
[0.763s] -- Up-to-date: /home/prakt3/praktikum_ws/install/geometric_shapes/share/geometric_shapes/environment/library_path.sh
[0.763s] -- Up-to-date: /home/prakt3/praktikum_ws/install/geometric_shapes/share/geometric_shapes/environment/library_path.dsv
[0.763s] -- Up-to-date: /home/prakt3/praktikum_ws/install/geometric_shapes/share/ament_index/resource_index/package_run_dependencies/geometric_shapes
[0.763s] -- Up-to-date: /home/prakt3/praktikum_ws/install/geometric_shapes/share/ament_index/resource_index/parent_prefix_path/geometric_shapes
[0.763s] -- Up-to-date: /home/prakt3/praktikum_ws/install/geometric_shapes/share/geometric_shapes/environment/ament_prefix_path.sh
[0.763s] -- Up-to-date: /home/prakt3/praktikum_ws/install/geometric_shapes/share/geometric_shapes/environment/ament_prefix_path.dsv
[0.763s] -- Up-to-date: /home/prakt3/praktikum_ws/install/geometric_shapes/share/geometric_shapes/environment/path.sh
[0.763s] -- Up-to-date: /home/prakt3/praktikum_ws/install/geometric_shapes/share/geometric_shapes/environment/path.dsv
[0.764s] -- Up-to-date: /home/prakt3/praktikum_ws/install/geometric_shapes/share/geometric_shapes/local_setup.bash
[0.764s] -- Up-to-date: /home/prakt3/praktikum_ws/install/geometric_shapes/share/geometric_shapes/local_setup.sh
[0.764s] -- Up-to-date: /home/prakt3/praktikum_ws/install/geometric_shapes/share/geometric_shapes/local_setup.zsh
[0.764s] -- Up-to-date: /home/prakt3/praktikum_ws/install/geometric_shapes/share/geometric_shapes/local_setup.dsv
[0.764s] -- Installing: /home/prakt3/praktikum_ws/install/geometric_shapes/share/geometric_shapes/package.dsv
[0.764s] -- Up-to-date: /home/prakt3/praktikum_ws/install/geometric_shapes/share/ament_index/resource_index/packages/geometric_shapes
[0.764s] -- Up-to-date: /home/prakt3/praktikum_ws/install/geometric_shapes/share/geometric_shapes/cmake/export_geometric_shapesExport.cmake
[0.764s] -- Up-to-date: /home/prakt3/praktikum_ws/install/geometric_shapes/share/geometric_shapes/cmake/export_geometric_shapesExport-release.cmake
[0.764s] -- Up-to-date: /home/prakt3/praktikum_ws/install/geometric_shapes/share/geometric_shapes/cmake/ConfigExtras.cmake
[0.764s] -- Up-to-date: /home/prakt3/praktikum_ws/install/geometric_shapes/share/geometric_shapes/cmake/ament_cmake_export_targets-extras.cmake
[0.764s] -- Up-to-date: /home/prakt3/praktikum_ws/install/geometric_shapes/share/geometric_shapes/cmake/ament_cmake_export_dependencies-extras.cmake
[0.764s] -- Up-to-date: /home/prakt3/praktikum_ws/install/geometric_shapes/share/geometric_shapes/cmake/geometric_shapesConfig.cmake
[0.764s] -- Up-to-date: /home/prakt3/praktikum_ws/install/geometric_shapes/share/geometric_shapes/cmake/geometric_shapesConfig-version.cmake
[0.764s] -- Up-to-date: /home/prakt3/praktikum_ws/install/geometric_shapes/share/geometric_shapes/package.xml
[0.791s] Invoked command in '/home/prakt3/praktikum_ws/build/geometric_shapes' returned '0': CMAKE_PREFIX_PATH=/opt/ros/galactic /usr/bin/cmake --install /home/prakt3/praktikum_ws/build/geometric_shapes
