[0.583s] Invoking command in '/home/prakt3/praktikum_ws/src/robprakt': AMENT_PREFIX_PATH=/home/prakt3/praktikum_ws/install/robprakt_interfaces:${AMENT_PREFIX_PATH} CMAKE_PREFIX_PATH=/home/prakt3/praktikum_ws/install/robprakt_interfaces LD_LIBRARY_PATH=/home/prakt3/praktikum_ws/install/robprakt_interfaces/lib:${LD_LIBRARY_PATH} PYTHONPATH=/home/prakt3/praktikum_ws/build/robprakt/prefix_override:/home/prakt3/praktikum_ws/install/robprakt/lib/python3.8/site-packages:/home/prakt3/praktikum_ws/install/robprakt_interfaces/lib/python3.8/site-packages:${PYTHONPATH} /usr/bin/python3 setup.py egg_info --egg-base ../../build/robprakt build --build-base /home/prakt3/praktikum_ws/build/robprakt/build install --record /home/prakt3/praktikum_ws/build/robprakt/install.log --single-version-externally-managed
[0.714s] running egg_info
[0.715s] writing ../../build/robprakt/robprakt.egg-info/PKG-INFO
[0.715s] writing dependency_links to ../../build/robprakt/robprakt.egg-info/dependency_links.txt
[0.715s] writing entry points to ../../build/robprakt/robprakt.egg-info/entry_points.txt
[0.715s] writing requirements to ../../build/robprakt/robprakt.egg-info/requires.txt
[0.715s] writing top-level names to ../../build/robprakt/robprakt.egg-info/top_level.txt
[0.736s] reading manifest file '../../build/robprakt/robprakt.egg-info/SOURCES.txt'
[0.736s] writing manifest file '../../build/robprakt/robprakt.egg-info/SOURCES.txt'
[0.736s] running build
[0.737s] running build_py
[0.737s] running install
[0.737s] running install_lib
[0.738s] running install_data
[0.738s] running install_egg_info
[0.740s] removing '/home/prakt3/praktikum_ws/install/robprakt/lib/python3.8/site-packages/robprakt-0.0.0-py3.8.egg-info' (and everything under it)
[0.740s] Copying ../../build/robprakt/robprakt.egg-info to /home/prakt3/praktikum_ws/install/robprakt/lib/python3.8/site-packages/robprakt-0.0.0-py3.8.egg-info
[0.740s] running install_scripts
[0.753s] Installing client script to /home/prakt3/praktikum_ws/install/robprakt/lib/robprakt
[0.753s] Installing get_matrices script to /home/prakt3/praktikum_ws/install/robprakt/lib/robprakt
[0.753s] Installing vacuum_control script to /home/prakt3/praktikum_ws/install/robprakt/lib/robprakt
[0.753s] writing list of installed files to '/home/prakt3/praktikum_ws/build/robprakt/install.log'
[0.767s] Invoked command in '/home/prakt3/praktikum_ws/src/robprakt' returned '0': AMENT_PREFIX_PATH=/home/prakt3/praktikum_ws/install/robprakt_interfaces:${AMENT_PREFIX_PATH} CMAKE_PREFIX_PATH=/home/prakt3/praktikum_ws/install/robprakt_interfaces LD_LIBRARY_PATH=/home/prakt3/praktikum_ws/install/robprakt_interfaces/lib:${LD_LIBRARY_PATH} PYTHONPATH=/home/prakt3/praktikum_ws/build/robprakt/prefix_override:/home/prakt3/praktikum_ws/install/robprakt/lib/python3.8/site-packages:/home/prakt3/praktikum_ws/install/robprakt_interfaces/lib/python3.8/site-packages:${PYTHONPATH} /usr/bin/python3 setup.py egg_info --egg-base ../../build/robprakt build --build-base /home/prakt3/praktikum_ws/build/robprakt/build install --record /home/prakt3/praktikum_ws/build/robprakt/install.log --single-version-externally-managed
