[0.013s] Invoking command in '/home/prakt3/praktikum_ws/build/move_it_service': AMENT_PREFIX_PATH=/home/prakt3/praktikum_ws/install/moveit_msgs:/home/prakt3/praktikum_ws/install/interfaces:${AMENT_PREFIX_PATH} CMAKE_PREFIX_PATH=/home/prakt3/praktikum_ws/install/moveit_msgs:/home/prakt3/praktikum_ws/install/interfaces:/home/prakt3/praktikum_ws/install/vrpn:/opt/ros/galactic LD_LIBRARY_PATH=/home/prakt3/praktikum_ws/install/moveit_msgs/lib:/home/prakt3/praktikum_ws/install/interfaces/lib:${LD_LIBRARY_PATH} PYTHONPATH=/home/prakt3/praktikum_ws/install/moveit_msgs/lib/python3.8/site-packages:/home/prakt3/praktikum_ws/install/interfaces/lib/python3.8/site-packages:${PYTHONPATH} /usr/bin/cmake /home/prakt3/praktikum_ws/src/move_it_service -DCMAKE_INSTALL_PREFIX=/home/prakt3/praktikum_ws/install/move_it_service
[0.044s] -- The C compiler identification is GNU 9.4.0
[0.077s] -- The CXX compiler identification is GNU 9.4.0
[0.081s] -- Check for working C compiler: /usr/bin/cc
[0.121s] -- Check for working C compiler: /usr/bin/cc -- works
[0.122s] -- Detecting C compiler ABI info
[0.163s] -- Detecting C compiler ABI info - done
[0.174s] -- Detecting C compile features
[0.175s] -- Detecting C compile features - done
[0.177s] -- Check for working CXX compiler: /usr/bin/c++
[0.223s] -- Check for working CXX compiler: /usr/bin/c++ -- works
[0.224s] -- Detecting CXX compiler ABI info
[0.270s] -- Detecting CXX compiler ABI info - done
[0.277s] -- Detecting CXX compile features
[0.277s] -- Detecting CXX compile features - done
[0.278s] -- Found ament_cmake: 1.1.6 (/opt/ros/galactic/share/ament_cmake/cmake)
[0.293s] -- Found PythonInterp: /usr/bin/python3 (found suitable version "3.8.10", minimum required is "3") 
[0.293s] -- Using PYTHON_EXECUTABLE: /usr/bin/python3
[0.339s] -- Found rclcpp: 9.2.2 (/opt/ros/galactic/share/rclcpp/cmake)
[0.369s] -- Using all available rosidl_typesupport_c: rosidl_typesupport_fastrtps_c;rosidl_typesupport_introspection_c
[0.373s] -- Found rosidl_adapter: 2.2.3 (/opt/ros/galactic/share/rosidl_adapter/cmake)
[0.415s] -- Found OpenSSL: /usr/lib/x86_64-linux-gnu/libcrypto.so (found version "1.1.1f")  
[0.441s] -- Found FastRTPS: /opt/ros/galactic/include  
[0.496s] -- Using all available rosidl_typesupport_cpp: rosidl_typesupport_fastrtps_cpp;rosidl_typesupport_introspection_cpp
[0.533s] -- Found rmw_implementation_cmake: 3.3.1 (/opt/ros/galactic/share/rmw_implementation_cmake/cmake)
[0.534s] -- Found rmw_cyclonedds_cpp: 0.22.6 (/opt/ros/galactic/share/rmw_cyclonedds_cpp/cmake)
[0.546s] -- Using RMW implementation 'rmw_cyclonedds_cpp' as default
[0.547s] -- Looking for pthread.h
[0.587s] -- Looking for pthread.h - found
[0.587s] -- Performing Test CMAKE_HAVE_LIBC_PTHREAD
[0.628s] -- Performing Test CMAKE_HAVE_LIBC_PTHREAD - Failed
[0.628s] -- Looking for pthread_create in pthreads
[0.660s] -- Looking for pthread_create in pthreads - not found
[0.660s] -- Looking for pthread_create in pthread
[0.698s] -- Looking for pthread_create in pthread - found
[0.699s] -- Found Threads: TRUE  
[0.787s] -- Found interfaces: 0.0.0 (/home/prakt3/praktikum_ws/install/interfaces/share/interfaces/cmake)
[0.794s] -- Found moveit_msgs: 2.2.0 (/home/prakt3/praktikum_ws/install/moveit_msgs/share/moveit_msgs/cmake)
[1.566s] -- Found moveit_ros_planning_interface: 2.3.4 (/opt/ros/galactic/share/moveit_ros_planning_interface/cmake)
[1.580s] -- Found Boost: /usr/lib/x86_64-linux-gnu/cmake/Boost-1.71.0/BoostConfig.cmake (found version "1.71.0") found components: date_time filesystem program_options system thread 
[1.620s] -- Found Boost: /usr/lib/x86_64-linux-gnu/cmake/Boost-1.71.0/BoostConfig.cmake (found version "1.71.0") found components: chrono date_time filesystem iostreams program_options regex serialization system thread 
[1.632s] -- Found Boost: /usr/lib/x86_64-linux-gnu/cmake/Boost-1.71.0/BoostConfig.cmake (found version "1.71.0") found components: filesystem 
[1.684s] -- library: /usr/lib/x86_64-linux-gnu/libcurl.so
[1.752s] -- Found Eigen3: TRUE (found version "3.3.7") 
[2.220s] -- Found Boost: /usr/lib/x86_64-linux-gnu/cmake/Boost-1.71.0/BoostConfig.cmake (found version "1.71.0") found components: system filesystem date_time program_options thread chrono 
[2.401s] -- Found Boost: /usr/lib/x86_64-linux-gnu/cmake/Boost-1.71.0/BoostConfig.cmake (found version "1.71.0") found components: thread 
[2.851s] -- Found Boost: /usr/lib/x86_64-linux-gnu/cmake/Boost-1.71.0/BoostConfig.cmake (found version "1.71.0") found components: thread system filesystem regex date_time program_options 
[3.098s] -- Found Boost: /usr/lib/x86_64-linux-gnu/cmake/Boost-1.71.0/BoostConfig.cmake (found version "1.71.0") found components: system filesystem date_time program_options thread 
[3.489s] -- Found ament_lint_auto: 0.10.7 (/opt/ros/galactic/share/ament_lint_auto/cmake)
[3.536s] -- Added test 'copyright' to check source files copyright and LICENSE
[3.536s] -- Added test 'cppcheck' to perform static code analysis on C / C++ code
[3.536s] -- Configured cppcheck include dirs: 
[3.536s] -- Configured cppcheck exclude dirs and/or files: 
[3.537s] -- Added test 'cpplint' to check C / C++ code against the Google style
[3.537s] -- Configured cpplint exclude dirs and/or files: 
[3.537s] -- Added test 'lint_cmake' to check CMake code style
[3.538s] -- Added test 'uncrustify' to check C / C++ code style
[3.538s] -- Configured uncrustify additional arguments: 
[3.538s] -- Added test 'xmllint' to check XML markup files
[3.541s] -- Configuring done
[3.559s] -- Generating done
[3.561s] -- Build files have been written to: /home/prakt3/praktikum_ws/build/move_it_service
[3.568s] Invoked command in '/home/prakt3/praktikum_ws/build/move_it_service' returned '0': AMENT_PREFIX_PATH=/home/prakt3/praktikum_ws/install/moveit_msgs:/home/prakt3/praktikum_ws/install/interfaces:${AMENT_PREFIX_PATH} CMAKE_PREFIX_PATH=/home/prakt3/praktikum_ws/install/moveit_msgs:/home/prakt3/praktikum_ws/install/interfaces:/home/prakt3/praktikum_ws/install/vrpn:/opt/ros/galactic LD_LIBRARY_PATH=/home/prakt3/praktikum_ws/install/moveit_msgs/lib:/home/prakt3/praktikum_ws/install/interfaces/lib:${LD_LIBRARY_PATH} PYTHONPATH=/home/prakt3/praktikum_ws/install/moveit_msgs/lib/python3.8/site-packages:/home/prakt3/praktikum_ws/install/interfaces/lib/python3.8/site-packages:${PYTHONPATH} /usr/bin/cmake /home/prakt3/praktikum_ws/src/move_it_service -DCMAKE_INSTALL_PREFIX=/home/prakt3/praktikum_ws/install/move_it_service
[3.571s] Invoking command in '/home/prakt3/praktikum_ws/build/move_it_service': AMENT_PREFIX_PATH=/home/prakt3/praktikum_ws/install/moveit_msgs:/home/prakt3/praktikum_ws/install/interfaces:${AMENT_PREFIX_PATH} CMAKE_PREFIX_PATH=/home/prakt3/praktikum_ws/install/moveit_msgs:/home/prakt3/praktikum_ws/install/interfaces:/home/prakt3/praktikum_ws/install/vrpn:/opt/ros/galactic LD_LIBRARY_PATH=/home/prakt3/praktikum_ws/install/moveit_msgs/lib:/home/prakt3/praktikum_ws/install/interfaces/lib:${LD_LIBRARY_PATH} PYTHONPATH=/home/prakt3/praktikum_ws/install/moveit_msgs/lib/python3.8/site-packages:/home/prakt3/praktikum_ws/install/interfaces/lib/python3.8/site-packages:${PYTHONPATH} /usr/bin/cmake --build /home/prakt3/praktikum_ws/build/move_it_service -- -j12 -l12
[3.596s] [35m[1mScanning dependencies of target move_server[0m
[3.643s] [ 50%] [32mBuilding CXX object CMakeFiles/move_server.dir/src/move_server.cpp.o[0m
[7.335s] [100%] [32m[1mLinking CXX executable move_server[0m
[7.592s] [100%] Built target move_server
[7.599s] Invoked command in '/home/prakt3/praktikum_ws/build/move_it_service' returned '0': AMENT_PREFIX_PATH=/home/prakt3/praktikum_ws/install/moveit_msgs:/home/prakt3/praktikum_ws/install/interfaces:${AMENT_PREFIX_PATH} CMAKE_PREFIX_PATH=/home/prakt3/praktikum_ws/install/moveit_msgs:/home/prakt3/praktikum_ws/install/interfaces:/home/prakt3/praktikum_ws/install/vrpn:/opt/ros/galactic LD_LIBRARY_PATH=/home/prakt3/praktikum_ws/install/moveit_msgs/lib:/home/prakt3/praktikum_ws/install/interfaces/lib:${LD_LIBRARY_PATH} PYTHONPATH=/home/prakt3/praktikum_ws/install/moveit_msgs/lib/python3.8/site-packages:/home/prakt3/praktikum_ws/install/interfaces/lib/python3.8/site-packages:${PYTHONPATH} /usr/bin/cmake --build /home/prakt3/praktikum_ws/build/move_it_service -- -j12 -l12
[7.613s] Invoking command in '/home/prakt3/praktikum_ws/build/move_it_service': AMENT_PREFIX_PATH=/home/prakt3/praktikum_ws/install/moveit_msgs:/home/prakt3/praktikum_ws/install/interfaces:${AMENT_PREFIX_PATH} CMAKE_PREFIX_PATH=/home/prakt3/praktikum_ws/install/moveit_msgs:/home/prakt3/praktikum_ws/install/interfaces:/home/prakt3/praktikum_ws/install/vrpn:/opt/ros/galactic LD_LIBRARY_PATH=/home/prakt3/praktikum_ws/install/moveit_msgs/lib:/home/prakt3/praktikum_ws/install/interfaces/lib:${LD_LIBRARY_PATH} PYTHONPATH=/home/prakt3/praktikum_ws/install/moveit_msgs/lib/python3.8/site-packages:/home/prakt3/praktikum_ws/install/interfaces/lib/python3.8/site-packages:${PYTHONPATH} /usr/bin/cmake --install /home/prakt3/praktikum_ws/build/move_it_service
[7.620s] -- Install configuration: ""
[7.620s] -- Installing: /home/prakt3/praktikum_ws/install/move_it_service/lib/move_it_service/move_server
[7.620s] -- Set runtime path of "/home/prakt3/praktikum_ws/install/move_it_service/lib/move_it_service/move_server" to ""
[7.620s] -- Installing: /home/prakt3/praktikum_ws/install/move_it_service/share/ament_index/resource_index/package_run_dependencies/move_it_service
[7.620s] -- Installing: /home/prakt3/praktikum_ws/install/move_it_service/share/ament_index/resource_index/parent_prefix_path/move_it_service
[7.620s] -- Installing: /home/prakt3/praktikum_ws/install/move_it_service/share/move_it_service/environment/ament_prefix_path.sh
[7.620s] -- Installing: /home/prakt3/praktikum_ws/install/move_it_service/share/move_it_service/environment/ament_prefix_path.dsv
[7.620s] -- Installing: /home/prakt3/praktikum_ws/install/move_it_service/share/move_it_service/environment/path.sh
[7.620s] -- Installing: /home/prakt3/praktikum_ws/install/move_it_service/share/move_it_service/environment/path.dsv
[7.620s] -- Installing: /home/prakt3/praktikum_ws/install/move_it_service/share/move_it_service/local_setup.bash
[7.620s] -- Installing: /home/prakt3/praktikum_ws/install/move_it_service/share/move_it_service/local_setup.sh
[7.621s] -- Installing: /home/prakt3/praktikum_ws/install/move_it_service/share/move_it_service/local_setup.zsh
[7.621s] -- Installing: /home/prakt3/praktikum_ws/install/move_it_service/share/move_it_service/local_setup.dsv
[7.621s] -- Installing: /home/prakt3/praktikum_ws/install/move_it_service/share/move_it_service/package.dsv
[7.621s] -- Installing: /home/prakt3/praktikum_ws/install/move_it_service/share/ament_index/resource_index/packages/move_it_service
[7.621s] -- Installing: /home/prakt3/praktikum_ws/install/move_it_service/share/move_it_service/cmake/move_it_serviceConfig.cmake
[7.621s] -- Installing: /home/prakt3/praktikum_ws/install/move_it_service/share/move_it_service/cmake/move_it_serviceConfig-version.cmake
[7.621s] -- Installing: /home/prakt3/praktikum_ws/install/move_it_service/share/move_it_service/package.xml
[7.622s] Invoked command in '/home/prakt3/praktikum_ws/build/move_it_service' returned '0': AMENT_PREFIX_PATH=/home/prakt3/praktikum_ws/install/moveit_msgs:/home/prakt3/praktikum_ws/install/interfaces:${AMENT_PREFIX_PATH} CMAKE_PREFIX_PATH=/home/prakt3/praktikum_ws/install/moveit_msgs:/home/prakt3/praktikum_ws/install/interfaces:/home/prakt3/praktikum_ws/install/vrpn:/opt/ros/galactic LD_LIBRARY_PATH=/home/prakt3/praktikum_ws/install/moveit_msgs/lib:/home/prakt3/praktikum_ws/install/interfaces/lib:${LD_LIBRARY_PATH} PYTHONPATH=/home/prakt3/praktikum_ws/install/moveit_msgs/lib/python3.8/site-packages:/home/prakt3/praktikum_ws/install/interfaces/lib/python3.8/site-packages:${PYTHONPATH} /usr/bin/cmake --install /home/prakt3/praktikum_ws/build/move_it_service
