[0.057s] Invoking command in '/home/prakt3/praktikum_ws/build/moveit_resources_panda_description': CMAKE_PREFIX_PATH=${CMAKE_PREFIX_PATH}:/opt/ros/galactic /usr/bin/cmake /home/prakt3/praktikum_ws/src/moveit_resources/panda_description -DCMAKE_INSTALL_PREFIX=/home/prakt3/praktikum_ws/install/moveit_resources_panda_description
[0.714s] -- The C compiler identification is GNU 9.4.0
[0.714s] -- The CXX compiler identification is GNU 9.4.0
[0.714s] -- Check for working C compiler: /usr/bin/cc
[0.714s] -- Check for working C compiler: /usr/bin/cc -- works
[0.714s] -- Detecting C compiler ABI info
[0.714s] -- Detecting C compiler ABI info - done
[0.714s] -- Detecting C compile features
[0.715s] -- Detecting C compile features - done
[0.715s] -- Check for working CXX compiler: /usr/bin/c++
[0.715s] -- Check for working CXX compiler: /usr/bin/c++ -- works
[0.715s] -- Detecting CXX compiler ABI info
[0.715s] -- Detecting CXX compiler ABI info - done
[0.715s] -- Detecting CXX compile features
[0.715s] -- Detecting CXX compile features - done
[0.715s] -- Found ament_cmake: 1.1.6 (/opt/ros/galactic/share/ament_cmake/cmake)
[0.715s] -- Found PythonInterp: /usr/bin/python3 (found suitable version "3.8.10", minimum required is "3") 
[0.715s] -- Using PYTHON_EXECUTABLE: /usr/bin/python3
[0.715s] -- Configuring done
[0.715s] -- Generating done
[0.715s] -- Build files have been written to: /home/prakt3/praktikum_ws/build/moveit_resources_panda_description
[0.721s] Invoked command in '/home/prakt3/praktikum_ws/build/moveit_resources_panda_description' returned '0': CMAKE_PREFIX_PATH=${CMAKE_PREFIX_PATH}:/opt/ros/galactic /usr/bin/cmake /home/prakt3/praktikum_ws/src/moveit_resources/panda_description -DCMAKE_INSTALL_PREFIX=/home/prakt3/praktikum_ws/install/moveit_resources_panda_description
[0.722s] Invoking command in '/home/prakt3/praktikum_ws/build/moveit_resources_panda_description': CMAKE_PREFIX_PATH=${CMAKE_PREFIX_PATH}:/opt/ros/galactic /usr/bin/cmake --build /home/prakt3/praktikum_ws/build/moveit_resources_panda_description -- -j12 -l12
[0.750s] Invoked command in '/home/prakt3/praktikum_ws/build/moveit_resources_panda_description' returned '0': CMAKE_PREFIX_PATH=${CMAKE_PREFIX_PATH}:/opt/ros/galactic /usr/bin/cmake --build /home/prakt3/praktikum_ws/build/moveit_resources_panda_description -- -j12 -l12
[0.780s] Invoking command in '/home/prakt3/praktikum_ws/build/moveit_resources_panda_description': CMAKE_PREFIX_PATH=${CMAKE_PREFIX_PATH}:/opt/ros/galactic /usr/bin/cmake --install /home/prakt3/praktikum_ws/build/moveit_resources_panda_description
[0.791s] -- Install configuration: ""
[0.792s] -- Installing: /home/prakt3/praktikum_ws/install/moveit_resources_panda_description/share/ament_index/resource_index/package_run_dependencies/moveit_resources_panda_description
[0.792s] -- Installing: /home/prakt3/praktikum_ws/install/moveit_resources_panda_description/share/ament_index/resource_index/parent_prefix_path/moveit_resources_panda_description
[0.792s] -- Installing: /home/prakt3/praktikum_ws/install/moveit_resources_panda_description/share/moveit_resources_panda_description/environment/ament_prefix_path.sh
[0.792s] -- Installing: /home/prakt3/praktikum_ws/install/moveit_resources_panda_description/share/moveit_resources_panda_description/environment/ament_prefix_path.dsv
[0.792s] -- Installing: /home/prakt3/praktikum_ws/install/moveit_resources_panda_description/share/moveit_resources_panda_description/environment/path.sh
[0.792s] -- Installing: /home/prakt3/praktikum_ws/install/moveit_resources_panda_description/share/moveit_resources_panda_description/environment/path.dsv
[0.793s] -- Installing: /home/prakt3/praktikum_ws/install/moveit_resources_panda_description/share/moveit_resources_panda_description/local_setup.bash
[0.793s] -- Installing: /home/prakt3/praktikum_ws/install/moveit_resources_panda_description/share/moveit_resources_panda_description/local_setup.sh
[0.793s] -- Installing: /home/prakt3/praktikum_ws/install/moveit_resources_panda_description/share/moveit_resources_panda_description/local_setup.zsh
[0.793s] -- Installing: /home/prakt3/praktikum_ws/install/moveit_resources_panda_description/share/moveit_resources_panda_description/local_setup.dsv
[0.794s] -- Installing: /home/prakt3/praktikum_ws/install/moveit_resources_panda_description/share/moveit_resources_panda_description/package.dsv
[0.794s] -- Installing: /home/prakt3/praktikum_ws/install/moveit_resources_panda_description/share/ament_index/resource_index/packages/moveit_resources_panda_description
[0.794s] -- Installing: /home/prakt3/praktikum_ws/install/moveit_resources_panda_description/share/moveit_resources_panda_description/cmake/moveit_resources_panda_descriptionConfig.cmake
[0.794s] -- Installing: /home/prakt3/praktikum_ws/install/moveit_resources_panda_description/share/moveit_resources_panda_description/cmake/moveit_resources_panda_descriptionConfig-version.cmake
[0.794s] -- Installing: /home/prakt3/praktikum_ws/install/moveit_resources_panda_description/share/moveit_resources_panda_description/package.xml
[0.794s] -- Installing: /home/prakt3/praktikum_ws/install/moveit_resources_panda_description/share/moveit_resources_panda_description/meshes
[0.794s] -- Installing: /home/prakt3/praktikum_ws/install/moveit_resources_panda_description/share/moveit_resources_panda_description/meshes/visual
[0.794s] -- Installing: /home/prakt3/praktikum_ws/install/moveit_resources_panda_description/share/moveit_resources_panda_description/meshes/visual/hand.dae
[0.795s] -- Installing: /home/prakt3/praktikum_ws/install/moveit_resources_panda_description/share/moveit_resources_panda_description/meshes/visual/link1.dae
[0.795s] -- Installing: /home/prakt3/praktikum_ws/install/moveit_resources_panda_description/share/moveit_resources_panda_description/meshes/visual/link4.dae
[0.796s] -- Installing: /home/prakt3/praktikum_ws/install/moveit_resources_panda_description/share/moveit_resources_panda_description/meshes/visual/link7.dae
[0.799s] -- Installing: /home/prakt3/praktikum_ws/install/moveit_resources_panda_description/share/moveit_resources_panda_description/meshes/visual/link5.dae
[0.800s] -- Installing: /home/prakt3/praktikum_ws/install/moveit_resources_panda_description/share/moveit_resources_panda_description/meshes/visual/link2.dae
[0.801s] -- Installing: /home/prakt3/praktikum_ws/install/moveit_resources_panda_description/share/moveit_resources_panda_description/meshes/visual/link3.dae
[0.805s] -- Installing: /home/prakt3/praktikum_ws/install/moveit_resources_panda_description/share/moveit_resources_panda_description/meshes/visual/link0.dae
[0.814s] -- Installing: /home/prakt3/praktikum_ws/install/moveit_resources_panda_description/share/moveit_resources_panda_description/meshes/visual/link6.dae
[0.814s] -- Installing: /home/prakt3/praktikum_ws/install/moveit_resources_panda_description/share/moveit_resources_panda_description/meshes/visual/finger.dae
[0.814s] -- Installing: /home/prakt3/praktikum_ws/install/moveit_resources_panda_description/share/moveit_resources_panda_description/meshes/collision
[0.814s] -- Installing: /home/prakt3/praktikum_ws/install/moveit_resources_panda_description/share/moveit_resources_panda_description/meshes/collision/link4.stl
[0.814s] -- Installing: /home/prakt3/praktikum_ws/install/moveit_resources_panda_description/share/moveit_resources_panda_description/meshes/collision/link6.stl
[0.814s] -- Installing: /home/prakt3/praktikum_ws/install/moveit_resources_panda_description/share/moveit_resources_panda_description/meshes/collision/finger.stl
[0.814s] -- Installing: /home/prakt3/praktikum_ws/install/moveit_resources_panda_description/share/moveit_resources_panda_description/meshes/collision/link2.stl
[0.814s] -- Installing: /home/prakt3/praktikum_ws/install/moveit_resources_panda_description/share/moveit_resources_panda_description/meshes/collision/link5.stl
[0.815s] -- Installing: /home/prakt3/praktikum_ws/install/moveit_resources_panda_description/share/moveit_resources_panda_description/meshes/collision/link7.stl
[0.815s] -- Installing: /home/prakt3/praktikum_ws/install/moveit_resources_panda_description/share/moveit_resources_panda_description/meshes/collision/hand.stl
[0.815s] -- Installing: /home/prakt3/praktikum_ws/install/moveit_resources_panda_description/share/moveit_resources_panda_description/meshes/collision/link1.stl
[0.815s] -- Installing: /home/prakt3/praktikum_ws/install/moveit_resources_panda_description/share/moveit_resources_panda_description/meshes/collision/link0.stl
[0.815s] -- Installing: /home/prakt3/praktikum_ws/install/moveit_resources_panda_description/share/moveit_resources_panda_description/meshes/collision/link3.stl
[0.815s] -- Installing: /home/prakt3/praktikum_ws/install/moveit_resources_panda_description/share/moveit_resources_panda_description/urdf
[0.815s] -- Installing: /home/prakt3/praktikum_ws/install/moveit_resources_panda_description/share/moveit_resources_panda_description/urdf/panda.urdf
[0.837s] Invoked command in '/home/prakt3/praktikum_ws/build/moveit_resources_panda_description' returned '0': CMAKE_PREFIX_PATH=${CMAKE_PREFIX_PATH}:/opt/ros/galactic /usr/bin/cmake --install /home/prakt3/praktikum_ws/build/moveit_resources_panda_description
